[2022-08-02T10:20:43.241Z] Log level: Info
[2022-08-02T10:20:43.241Z] [info] Validating found git in: git
[2022-08-02T10:20:43.303Z] [info] Using git 2.37.1 from git
[2022-08-02T10:20:43.322Z] > git rev-parse --show-toplevel [3ms]
[2022-08-02T10:20:43.329Z] > git rev-parse --git-dir --git-common-dir [1ms]
[2022-08-02T10:20:43.333Z] [info] Open repository: /home/karthik/incore/crypto-accel
[2022-08-02T10:20:43.362Z] > git status -z -uall [6ms]
[2022-08-02T10:20:43.373Z] > git symbolic-ref --short HEAD [2ms]
[2022-08-02T10:20:43.386Z] > git for-each-ref --format=%(refname)%00%(upstream:short)%00%(objectname)%00%(upstream:track)%00%(upstream:remotename)%00%(upstream:remoteref) refs/heads/2-add-rsa-accelerator refs/remotes/2-add-rsa-accelerator [1ms]
[2022-08-02T10:20:43.398Z] > git remote --verbose [1ms]
[2022-08-02T10:20:43.399Z] > git for-each-ref --sort -committerdate --format %(refname) %(objectname) %(*objectname) [7ms]
[2022-08-02T10:20:43.407Z] > git config --get commit.template [1ms]
[2022-08-02T10:20:44.323Z] > git show --textconv :rsa/src/mme.bsv [75ms]
[2022-08-02T10:20:44.323Z] > git check-ignore -v -z --stdin [25ms]
[2022-08-02T10:20:44.324Z] > git ls-files --stage -- /home/karthik/incore/crypto-accel/rsa/src/mme.bsv [60ms]
[2022-08-02T10:20:44.435Z] > git cat-file -s 648c435f104e2604b81f11f95c229a4ffa54e92d [103ms]
[2022-08-02T10:20:45.350Z] > git ls-files --stage -- /home/karthik/incore/crypto-accel/rsa/src/mme.bsv [279ms]
[2022-08-02T10:20:45.388Z] > git cat-file -s 648c435f104e2604b81f11f95c229a4ffa54e92d [10ms]
[2022-08-02T10:20:45.543Z] > git show --textconv :rsa/src/mme.bsv [77ms]
[2022-08-02T10:20:47.012Z] > git fetch [3669ms]
[2022-08-02T10:21:03.143Z] > git status -z -uall [16108ms]
[2022-08-02T10:21:17.381Z] > git symbolic-ref --short HEAD [14217ms]
[2022-08-02T10:21:43.716Z] > git for-each-ref --format=%(refname)%00%(upstream:short)%00%(objectname)%00%(upstream:track)%00%(upstream:remotename)%00%(upstream:remoteref) refs/heads/2-add-rsa-accelerator refs/remotes/2-add-rsa-accelerator [26323ms]
[2022-08-02T10:21:55.881Z] > git remote --verbose [12135ms]
[2022-08-02T10:21:55.883Z] > git for-each-ref --sort -committerdate --format %(refname) %(objectname) %(*objectname) [12152ms]
[2022-08-02T10:22:26.128Z] > git config --get commit.template [30165ms]
[2022-08-02T10:22:31.586Z] > git show --textconv HEAD:rsa/Makefile.inc [1314ms]
[2022-08-02T10:22:31.586Z] > git show --textconv HEAD:rsa/src/mme.bsv [1211ms]
[2022-08-02T10:22:31.586Z] > git show --textconv HEAD:.gitignore [1120ms]
[2022-08-02T10:22:31.586Z] > git ls-files --stage -- /home/karthik/incore/crypto-accel/rsa/src/mme.bsv [26ms]
[2022-08-02T10:22:31.638Z] > git ls-tree -l HEAD -- /home/karthik/incore/crypto-accel/.gitignore [1125ms]
[2022-08-02T10:22:31.640Z] > git ls-tree -l HEAD -- /home/karthik/incore/crypto-accel/rsa/src/mme.bsv [1222ms]
[2022-08-02T10:22:31.641Z] > git ls-tree -l HEAD -- /home/karthik/incore/crypto-accel/rsa/Makefile.inc [1316ms]
[2022-08-02T10:22:31.649Z] > git cat-file -s 648c435f104e2604b81f11f95c229a4ffa54e92d [11ms]
[2022-08-02T10:22:34.172Z] > git show --textconv :rsa/src/mme.bsv [26ms]
[2022-08-02T10:33:14.565Z] > git ls-tree -l HEAD -- /home/karthik/incore/crypto-accel/.gitignore [21ms]
[2022-08-02T10:33:15.777Z] > git ls-tree -l HEAD -- /home/karthik/incore/crypto-accel/.gitignore [3ms]
[2022-08-02T10:33:15.814Z] > git show --textconv HEAD:.gitignore [1ms]
[2022-08-02T10:33:17.704Z] > git fetch [3140ms]
[2022-08-02T10:33:17.739Z] > git status -z -uall [3ms]
[2022-08-02T10:33:17.771Z] > git symbolic-ref --short HEAD [1ms]
[2022-08-02T10:33:17.799Z] > git for-each-ref --format=%(refname)%00%(upstream:short)%00%(objectname)%00%(upstream:track)%00%(upstream:remotename)%00%(upstream:remoteref) refs/heads/2-add-rsa-accelerator refs/remotes/2-add-rsa-accelerator [1ms]
[2022-08-02T10:33:17.855Z] > git for-each-ref --sort -committerdate --format %(refname) %(objectname) %(*objectname) [27ms]
[2022-08-02T10:33:17.855Z] > git remote --verbose [2ms]
[2022-08-02T10:33:17.885Z] > git config --get commit.template [1ms]
[2022-08-02T10:33:18.618Z] > git ls-tree -l HEAD -- /home/karthik/incore/crypto-accel/.gitignore [2ms]
[2022-08-02T10:33:18.650Z] > git show --textconv HEAD:.gitignore [2ms]
[2022-08-02T10:33:21.437Z] > git clean -f -q -- /home/karthik/incore/crypto-accel/rsa/src/Makefile /home/karthik/incore/crypto-accel/rsa/src/mkTb_bsim /home/karthik/incore/crypto-accel/rsa/src/mkTb_bsim.so [17ms]
[2022-08-02T10:33:21.438Z] > git clean -f -q -- /home/karthik/incore/crypto-accel/rsa/Makefile /home/karthik/incore/crypto-accel/rsa/Makefile.inc /home/karthik/incore/crypto-accel/rsa/manager.sh [35ms]
[2022-08-02T10:33:21.438Z] > git clean -f -q -- /home/karthik/incore/crypto-accel/.gitignore [52ms]
[2022-08-02T10:33:21.465Z] > git ls-tree -l HEAD -- /home/karthik/incore/crypto-accel/.gitignore [100ms]
[2022-08-02T10:33:21.466Z] > git status -z -uall [31ms]
[2022-08-02T10:33:21.491Z] > git checkout -q -- /home/karthik/incore/crypto-accel/rsa/src/mme.bsv [25ms]
[2022-08-02T10:33:21.491Z] > git symbolic-ref --short HEAD [1ms]
[2022-08-02T10:33:21.521Z] > git for-each-ref --format=%(refname)%00%(upstream:short)%00%(objectname)%00%(upstream:track)%00%(upstream:remotename)%00%(upstream:remoteref) refs/heads/2-add-rsa-accelerator refs/remotes/2-add-rsa-accelerator [2ms]
[2022-08-02T10:33:21.584Z] > git for-each-ref --sort -committerdate --format %(refname) %(objectname) %(*objectname) [35ms]
[2022-08-02T10:33:21.585Z] > git remote --verbose [8ms]
[2022-08-02T10:33:21.627Z] > git config --get commit.template [3ms]
[2022-08-02T10:33:21.676Z] > git status -z -uall [2ms]
[2022-08-02T10:33:21.735Z] > git symbolic-ref --short HEAD [25ms]
[2022-08-02T10:33:21.770Z] > git for-each-ref --format=%(refname)%00%(upstream:short)%00%(objectname)%00%(upstream:track)%00%(upstream:remotename)%00%(upstream:remoteref) refs/heads/2-add-rsa-accelerator refs/remotes/2-add-rsa-accelerator [1ms]
[2022-08-02T10:33:21.826Z] > git for-each-ref --sort -committerdate --format %(refname) %(objectname) %(*objectname) [30ms]
[2022-08-02T10:33:21.826Z] > git remote --verbose [1ms]
[2022-08-02T10:33:21.900Z] > git config --get commit.template [39ms]
[2022-08-02T10:33:22.532Z] > git check-ignore -v -z --stdin [1ms]
[2022-08-02T10:33:22.706Z] > git ls-tree -l HEAD -- /home/karthik/incore/crypto-accel/.gitignore [1ms]
[2022-08-02T10:33:22.739Z] > git show --textconv HEAD:.gitignore [1ms]
[2022-08-02T10:33:26.904Z] > git ls-tree -l HEAD -- /home/karthik/incore/crypto-accel/.gitignore [28ms]
[2022-08-02T10:33:26.906Z] > git status -z -uall [3ms]
[2022-08-02T10:33:26.930Z] > git symbolic-ref --short HEAD [1ms]
[2022-08-02T10:33:26.953Z] > git for-each-ref --format=%(refname)%00%(upstream:short)%00%(objectname)%00%(upstream:track)%00%(upstream:remotename)%00%(upstream:remoteref) refs/heads/2-add-rsa-accelerator refs/remotes/2-add-rsa-accelerator [2ms]
[2022-08-02T10:33:26.992Z] > git for-each-ref --sort -committerdate --format %(refname) %(objectname) %(*objectname) [19ms]
[2022-08-02T10:33:26.992Z] > git remote --verbose [1ms]
[2022-08-02T10:33:27.014Z] > git config --get commit.template [1ms]
[2022-08-02T10:33:28.252Z] > git clean -f -q -- /home/karthik/incore/crypto-accel/rsa/src/build_bsim/bigadd_updated.bo /home/karthik/incore/crypto-accel/rsa/src/build_bsim/golden_result.ba /home/karthik/incore/crypto-accel/rsa/src/build_bsim/mkTb.ba /home/karthik/incore/crypto-accel/rsa/src/build_bsim/mkTb.cxx /home/karthik/incore/crypto-accel/rsa/src/build_bsim/mkTb.h /home/karthik/incore/crypto-accel/rsa/src/build_bsim/mkTb.o /home/karthik/incore/crypto-accel/rsa/src/build_bsim/mme.bo /home/karthik/incore/crypto-accel/rsa/src/build_bsim/mmm_nomul2.bo /home/karthik/incore/crypto-accel/rsa/src/build_bsim/model_mkTb.cxx /home/karthik/incore/crypto-accel/rsa/src/build_bsim/model_mkTb.h /home/karthik/incore/crypto-accel/rsa/src/build_bsim/model_mkTb.o [16ms]
[2022-08-02T10:33:28.254Z] > git clean -f -q -- /home/karthik/incore/crypto-accel/rsa/build/hw/verilog/mkTb.use /home/karthik/incore/crypto-accel/rsa/build/hw/verilog/mkTb.v /home/karthik/incore/crypto-accel/rsa/build/hw/verilog/mkinst_mme.use /home/karthik/incore/crypto-accel/rsa/build/hw/verilog/mkinst_mme.v /home/karthik/incore/crypto-accel/rsa/build/hw/verilog/vpi_wrapper_golden_result.c /home/karthik/incore/crypto-accel/rsa/build/hw/verilog/vpi_wrapper_golden_result.h [33ms]
[2022-08-02T10:33:28.254Z] > git clean -f -q -- /home/karthik/incore/crypto-accel/rsa/build/hw/intermediate/bigadd_updated.bo /home/karthik/incore/crypto-accel/rsa/build/hw/intermediate/golden_result.ba /home/karthik/incore/crypto-accel/rsa/build/hw/intermediate/mkTb.ba /home/karthik/incore/crypto-accel/rsa/build/hw/intermediate/mkTb.sched /home/karthik/incore/crypto-accel/rsa/build/hw/intermediate/mkinst_mme.ba /home/karthik/incore/crypto-accel/rsa/build/hw/intermediate/mkinst_mme.sched /home/karthik/incore/crypto-accel/rsa/build/hw/intermediate/mme.bo /home/karthik/incore/crypto-accel/rsa/build/hw/intermediate/mmm_nomul2.bo [47ms]
[2022-08-02T10:33:28.255Z] > git clean -f -q -- /home/karthik/incore/crypto-accel/.vscode/configurationCache.log /home/karthik/incore/crypto-accel/.vscode/dryrun.log /home/karthik/incore/crypto-accel/.vscode/targets.log [62ms]
[2022-08-02T10:33:28.255Z] > git ls-tree -l HEAD -- /home/karthik/incore/crypto-accel/.gitignore [87ms]
[2022-08-02T10:33:28.872Z] > git clean -f -q -- /home/karthik/incore/crypto-accel/rsa/src/dump.vcd [621ms]
[2022-08-02T10:33:28.899Z] > git checkout -q [1ms]
[2022-08-02T10:33:28.934Z] > git status -z -uall [1ms]
[2022-08-02T10:33:28.964Z] > git symbolic-ref --short HEAD [2ms]
[2022-08-02T10:33:28.994Z] > git for-each-ref --format=%(refname)%00%(upstream:short)%00%(objectname)%00%(upstream:track)%00%(upstream:remotename)%00%(upstream:remoteref) refs/heads/2-add-rsa-accelerator refs/remotes/2-add-rsa-accelerator [1ms]
[2022-08-02T10:33:29.045Z] > git for-each-ref --sort -committerdate --format %(refname) %(objectname) %(*objectname) [25ms]
[2022-08-02T10:33:29.046Z] > git remote --verbose [1ms]
[2022-08-02T10:33:29.080Z] > git config --get commit.template [3ms]
[2022-08-02T10:33:30.098Z] > git ls-tree -l HEAD -- /home/karthik/incore/crypto-accel/.gitignore [2ms]
[2022-08-02T10:33:30.128Z] > git show --textconv HEAD:.gitignore [2ms]
[2022-08-02T10:33:32.056Z] > git status -z -uall [2ms]
[2022-08-02T10:33:32.081Z] > git symbolic-ref --short HEAD [1ms]
[2022-08-02T10:33:32.108Z] > git for-each-ref --format=%(refname)%00%(upstream:short)%00%(objectname)%00%(upstream:track)%00%(upstream:remotename)%00%(upstream:remoteref) refs/heads/2-add-rsa-accelerator refs/remotes/2-add-rsa-accelerator [2ms]
[2022-08-02T10:33:32.162Z] > git for-each-ref --sort -committerdate --format %(refname) %(objectname) %(*objectname) [29ms]
[2022-08-02T10:33:32.162Z] > git remote --verbose [2ms]
[2022-08-02T10:33:32.205Z] > git config --get commit.template [2ms]
[2022-08-02T10:34:04.220Z] > git status -z -uall [5ms]
[2022-08-02T10:34:04.266Z] > git symbolic-ref --short HEAD [2ms]
[2022-08-02T10:34:04.311Z] > git for-each-ref --format=%(refname)%00%(upstream:short)%00%(objectname)%00%(upstream:track)%00%(upstream:remotename)%00%(upstream:remoteref) refs/heads/2-add-rsa-accelerator refs/remotes/2-add-rsa-accelerator [3ms]
[2022-08-02T10:34:04.371Z] > git for-each-ref --sort -committerdate --format %(refname) %(objectname) %(*objectname) [24ms]
[2022-08-02T10:34:04.372Z] > git remote --verbose [2ms]
[2022-08-02T10:34:04.407Z] > git config --get commit.template [2ms]
[2022-08-02T10:34:10.863Z] > git status -z -uall [3ms]
[2022-08-02T10:34:10.890Z] > git symbolic-ref --short HEAD [1ms]
[2022-08-02T10:34:10.915Z] > git for-each-ref --format=%(refname)%00%(upstream:short)%00%(objectname)%00%(upstream:track)%00%(upstream:remotename)%00%(upstream:remoteref) refs/heads/2-add-rsa-accelerator refs/remotes/2-add-rsa-accelerator [1ms]
[2022-08-02T10:34:10.965Z] > git remote --verbose [2ms]
[2022-08-02T10:34:10.965Z] > git for-each-ref --sort -committerdate --format %(refname) %(objectname) %(*objectname) [24ms]
[2022-08-02T10:34:10.996Z] > git config --get commit.template [1ms]
[2022-08-02T10:34:16.019Z] > git status -z -uall [1ms]
[2022-08-02T10:34:16.053Z] > git symbolic-ref --short HEAD [3ms]
[2022-08-02T10:34:16.091Z] > git for-each-ref --format=%(refname)%00%(upstream:short)%00%(objectname)%00%(upstream:track)%00%(upstream:remotename)%00%(upstream:remoteref) refs/heads/2-add-rsa-accelerator refs/remotes/2-add-rsa-accelerator [1ms]
[2022-08-02T10:34:16.160Z] > git for-each-ref --sort -committerdate --format %(refname) %(objectname) %(*objectname) [39ms]
[2022-08-02T10:34:16.161Z] > git remote --verbose [2ms]
[2022-08-02T10:34:16.198Z] > git config --get commit.template [1ms]
[2022-08-02T10:34:31.069Z] > git rebase main [633ms]
[2022-08-02T10:34:31.070Z] Rebasing (1/11)Rebasing (2/11)Rebasing (3/11)Rebasing (4/11)Rebasing (5/11)Rebasing (6/11)Rebasing (7/11)Rebasing (8/11)Rebasing (9/11)Rebasing (10/11)Rebasing (11/11)                                                                                Successfully rebased and updated refs/heads/2-add-rsa-accelerator.
[2022-08-02T10:34:31.130Z] > git status -z -uall [6ms]
[2022-08-02T10:34:31.177Z] > git symbolic-ref --short HEAD [1ms]
[2022-08-02T10:34:31.208Z] > git for-each-ref --format=%(refname)%00%(upstream:short)%00%(objectname)%00%(upstream:track)%00%(upstream:remotename)%00%(upstream:remoteref) refs/heads/2-add-rsa-accelerator refs/remotes/2-add-rsa-accelerator [3ms]
[2022-08-02T10:34:31.282Z] > git for-each-ref --sort -committerdate --format %(refname) %(objectname) %(*objectname) [44ms]
[2022-08-02T10:34:31.282Z] > git remote --verbose [3ms]
[2022-08-02T10:34:31.325Z] > git config --get commit.template [1ms]
[2022-08-02T10:34:33.282Z] > git status -z -uall [6ms]
[2022-08-02T10:34:33.327Z] > git symbolic-ref --short HEAD [2ms]
[2022-08-02T10:34:33.359Z] > git for-each-ref --format=%(refname)%00%(upstream:short)%00%(objectname)%00%(upstream:track)%00%(upstream:remotename)%00%(upstream:remoteref) refs/heads/2-add-rsa-accelerator refs/remotes/2-add-rsa-accelerator [3ms]
[2022-08-02T10:34:33.433Z] > git for-each-ref --sort -committerdate --format %(refname) %(objectname) %(*objectname) [40ms]
[2022-08-02T10:34:33.433Z] > git remote --verbose [1ms]
[2022-08-02T10:34:33.471Z] > git config --get commit.template [1ms]
[2022-08-02T10:35:07.750Z] > git status -z -uall [1ms]
[2022-08-02T10:35:07.794Z] > git symbolic-ref --short HEAD [1ms]
[2022-08-02T10:35:07.830Z] > git for-each-ref --format=%(refname)%00%(upstream:short)%00%(objectname)%00%(upstream:track)%00%(upstream:remotename)%00%(upstream:remoteref) refs/heads/2-add-rsa-accelerator refs/remotes/2-add-rsa-accelerator [2ms]
[2022-08-02T10:35:07.887Z] > git for-each-ref --sort -committerdate --format %(refname) %(objectname) %(*objectname) [29ms]
[2022-08-02T10:35:07.888Z] > git remote --verbose [3ms]
[2022-08-02T10:35:07.916Z] > git config --get commit.template [1ms]
[2022-08-02T10:35:12.593Z] > git log --oneline --cherry 2-add-rsa-accelerator...2-add-rsa-accelerator@{upstream} -- [1ms]
[2022-08-02T10:35:15.790Z] > git pull --tags -r origin 2-add-rsa-accelerator [3169ms]
[2022-08-02T10:35:15.790Z] From gitlab.com:incoresemi/blocks/crypto-accel
 * branch            2-add-rsa-accelerator -> FETCH_HEAD
[2022-08-02T10:35:15.824Z] > git status -z -uall [2ms]
[2022-08-02T10:35:15.851Z] > git symbolic-ref --short HEAD [2ms]
[2022-08-02T10:35:15.879Z] > git for-each-ref --format=%(refname)%00%(upstream:short)%00%(objectname)%00%(upstream:track)%00%(upstream:remotename)%00%(upstream:remoteref) refs/heads/2-add-rsa-accelerator refs/remotes/2-add-rsa-accelerator [2ms]
[2022-08-02T10:35:15.930Z] > git for-each-ref --sort -committerdate --format %(refname) %(objectname) %(*objectname) [28ms]
[2022-08-02T10:35:15.931Z] > git remote --verbose [1ms]
[2022-08-02T10:35:15.959Z] > git config --get commit.template [1ms]
[2022-08-02T10:35:18.005Z] > git status -z -uall [6ms]
[2022-08-02T10:35:18.047Z] > git symbolic-ref --short HEAD [3ms]
[2022-08-02T10:35:18.080Z] > git for-each-ref --format=%(refname)%00%(upstream:short)%00%(objectname)%00%(upstream:track)%00%(upstream:remotename)%00%(upstream:remoteref) refs/heads/2-add-rsa-accelerator refs/remotes/2-add-rsa-accelerator [4ms]
[2022-08-02T10:35:18.129Z] > git for-each-ref --sort -committerdate --format %(refname) %(objectname) %(*objectname) [24ms]
[2022-08-02T10:35:18.130Z] > git remote --verbose [1ms]
[2022-08-02T10:35:18.158Z] > git config --get commit.template [2ms]
[2022-08-02T10:36:02.152Z] > git status -z -uall [1ms]
[2022-08-02T10:36:02.178Z] > git symbolic-ref --short HEAD [2ms]
[2022-08-02T10:36:02.201Z] > git for-each-ref --format=%(refname)%00%(upstream:short)%00%(objectname)%00%(upstream:track)%00%(upstream:remotename)%00%(upstream:remoteref) refs/heads/2-add-rsa-accelerator refs/remotes/2-add-rsa-accelerator [3ms]
[2022-08-02T10:36:02.253Z] > git remote --verbose [2ms]
[2022-08-02T10:36:02.253Z] > git for-each-ref --sort -committerdate --format %(refname) %(objectname) %(*objectname) [27ms]
[2022-08-02T10:36:02.280Z] > git config --get commit.template [2ms]
[2022-08-02T10:36:07.305Z] > git status -z -uall [2ms]
[2022-08-02T10:36:07.331Z] > git symbolic-ref --short HEAD [1ms]
[2022-08-02T10:36:07.357Z] > git for-each-ref --format=%(refname)%00%(upstream:short)%00%(objectname)%00%(upstream:track)%00%(upstream:remotename)%00%(upstream:remoteref) refs/heads/2-add-rsa-accelerator refs/remotes/2-add-rsa-accelerator [1ms]
[2022-08-02T10:36:07.415Z] > git for-each-ref --sort -committerdate --format %(refname) %(objectname) %(*objectname) [28ms]
[2022-08-02T10:36:07.415Z] > git remote --verbose [1ms]
[2022-08-02T10:36:07.443Z] > git config --get commit.template [1ms]
[2022-08-02T10:36:24.525Z] > git fetch [3129ms]
[2022-08-02T10:36:24.574Z] > git status -z -uall [5ms]
[2022-08-02T10:36:24.608Z] > git symbolic-ref --short HEAD [1ms]
[2022-08-02T10:36:24.631Z] > git for-each-ref --format=%(refname)%00%(upstream:short)%00%(objectname)%00%(upstream:track)%00%(upstream:remotename)%00%(upstream:remoteref) refs/heads/2-add-rsa-accelerator refs/remotes/2-add-rsa-accelerator [2ms]
[2022-08-02T10:36:24.664Z] > git for-each-ref --sort -committerdate --format %(refname) %(objectname) %(*objectname) [16ms]
[2022-08-02T10:36:24.664Z] > git remote --verbose [1ms]
[2022-08-02T10:36:24.683Z] > git config --get commit.template [1ms]
[2022-08-02T10:36:26.471Z] > git status -z -uall [4ms]
[2022-08-02T10:36:26.509Z] > git symbolic-ref --short HEAD [2ms]
[2022-08-02T10:36:26.538Z] > git for-each-ref --format=%(refname)%00%(upstream:short)%00%(objectname)%00%(upstream:track)%00%(upstream:remotename)%00%(upstream:remoteref) refs/heads/2-add-rsa-accelerator refs/remotes/2-add-rsa-accelerator [1ms]
[2022-08-02T10:36:26.589Z] > git for-each-ref --sort -committerdate --format %(refname) %(objectname) %(*objectname) [27ms]
[2022-08-02T10:36:26.590Z] > git remote --verbose [3ms]
[2022-08-02T10:36:26.620Z] > git config --get commit.template [2ms]
[2022-08-02T10:36:31.668Z] > git status -z -uall [8ms]
[2022-08-02T10:36:31.713Z] > git symbolic-ref --short HEAD [3ms]
[2022-08-02T10:36:31.759Z] > git for-each-ref --format=%(refname)%00%(upstream:short)%00%(objectname)%00%(upstream:track)%00%(upstream:remotename)%00%(upstream:remoteref) refs/heads/2-add-rsa-accelerator refs/remotes/2-add-rsa-accelerator [11ms]
[2022-08-02T10:36:31.816Z] > git for-each-ref --sort -committerdate --format %(refname) %(objectname) %(*objectname) [27ms]
[2022-08-02T10:36:31.816Z] > git remote --verbose [1ms]
[2022-08-02T10:36:31.853Z] > git config --get commit.template [2ms]
[2022-08-02T10:37:02.455Z] > git check-ignore -v -z --stdin [1ms]
[2022-08-02T10:37:24.364Z] > git status -z -uall [9ms]
[2022-08-02T10:37:24.401Z] > git symbolic-ref --short HEAD [1ms]
[2022-08-02T10:37:24.423Z] > git for-each-ref --format=%(refname)%00%(upstream:short)%00%(objectname)%00%(upstream:track)%00%(upstream:remotename)%00%(upstream:remoteref) refs/heads/2-add-rsa-accelerator refs/remotes/2-add-rsa-accelerator [1ms]
[2022-08-02T10:37:24.466Z] > git for-each-ref --sort -committerdate --format %(refname) %(objectname) %(*objectname) [21ms]
[2022-08-02T10:37:24.466Z] > git remote --verbose [1ms]
[2022-08-02T10:37:24.490Z] > git config --get commit.template [1ms]
[2022-08-02T10:39:57.594Z] > git fetch [3156ms]
[2022-08-02T10:39:57.634Z] > git status -z -uall [5ms]
[2022-08-02T10:39:57.670Z] > git symbolic-ref --short HEAD [1ms]
[2022-08-02T10:39:57.708Z] > git for-each-ref --format=%(refname)%00%(upstream:short)%00%(objectname)%00%(upstream:track)%00%(upstream:remotename)%00%(upstream:remoteref) refs/heads/2-add-rsa-accelerator refs/remotes/2-add-rsa-accelerator [4ms]
[2022-08-02T10:39:57.777Z] > git for-each-ref --sort -committerdate --format %(refname) %(objectname) %(*objectname) [32ms]
[2022-08-02T10:39:57.777Z] > git remote --verbose [1ms]
[2022-08-02T10:39:57.814Z] > git config --get commit.template [2ms]
[2022-08-02T10:39:58.251Z] > git check-ignore -v -z --stdin [2ms]
[2022-08-02T10:39:59.529Z] > git status -z -uall [9ms]
[2022-08-02T10:39:59.564Z] > git symbolic-ref --short HEAD [1ms]
[2022-08-02T10:39:59.587Z] > git for-each-ref --format=%(refname)%00%(upstream:short)%00%(objectname)%00%(upstream:track)%00%(upstream:remotename)%00%(upstream:remoteref) refs/heads/2-add-rsa-accelerator refs/remotes/2-add-rsa-accelerator [1ms]
[2022-08-02T10:39:59.625Z] > git for-each-ref --sort -committerdate --format %(refname) %(objectname) %(*objectname) [19ms]
[2022-08-02T10:39:59.626Z] > git remote --verbose [2ms]
[2022-08-02T10:39:59.646Z] > git config --get commit.template [1ms]
[2022-08-02T10:40:04.525Z] > git check-ignore -v -z --stdin [1ms]
[2022-08-02T10:40:07.608Z] > git check-ignore -v -z --stdin [3ms]
[2022-08-02T10:40:14.823Z] > git show --textconv :rsa/manager.sh [28ms]
[2022-08-02T10:40:14.824Z] > git ls-files --stage -- /home/karthik/incore/crypto-accel/rsa/manager.sh [2ms]
[2022-08-02T10:40:15.450Z] > git status -z -uall [3ms]
[2022-08-02T10:40:15.471Z] > git symbolic-ref --short HEAD [2ms]
[2022-08-02T10:40:15.491Z] > git for-each-ref --format=%(refname)%00%(upstream:short)%00%(objectname)%00%(upstream:track)%00%(upstream:remotename)%00%(upstream:remoteref) refs/heads/2-add-rsa-accelerator refs/remotes/2-add-rsa-accelerator [1ms]
[2022-08-02T10:40:15.527Z] > git for-each-ref --sort -committerdate --format %(refname) %(objectname) %(*objectname) [17ms]
[2022-08-02T10:40:15.528Z] > git remote --verbose [1ms]
[2022-08-02T10:40:15.557Z] > git config --get commit.template [1ms]
[2022-08-02T10:40:25.237Z] > git status -z -uall [9ms]
[2022-08-02T10:40:25.283Z] > git symbolic-ref --short HEAD [3ms]
[2022-08-02T10:40:25.310Z] > git for-each-ref --format=%(refname)%00%(upstream:short)%00%(objectname)%00%(upstream:track)%00%(upstream:remotename)%00%(upstream:remoteref) refs/heads/2-add-rsa-accelerator refs/remotes/2-add-rsa-accelerator [2ms]
[2022-08-02T10:40:25.350Z] > git for-each-ref --sort -committerdate --format %(refname) %(objectname) %(*objectname) [19ms]
[2022-08-02T10:40:25.351Z] > git remote --verbose [1ms]
[2022-08-02T10:40:25.370Z] > git config --get commit.template [1ms]
[2022-08-02T10:40:39.572Z] > git check-ignore -v -z --stdin [2ms]
[2022-08-02T10:40:50.904Z] > git status -z -uall [6ms]
[2022-08-02T10:40:50.933Z] > git symbolic-ref --short HEAD [1ms]
[2022-08-02T10:40:50.956Z] > git for-each-ref --format=%(refname)%00%(upstream:short)%00%(objectname)%00%(upstream:track)%00%(upstream:remotename)%00%(upstream:remoteref) refs/heads/2-add-rsa-accelerator refs/remotes/2-add-rsa-accelerator [1ms]
[2022-08-02T10:40:50.991Z] > git for-each-ref --sort -committerdate --format %(refname) %(objectname) %(*objectname) [18ms]
[2022-08-02T10:40:50.992Z] > git remote --verbose [1ms]
[2022-08-02T10:40:51.016Z] > git config --get commit.template [1ms]
[2022-08-02T10:40:51.938Z] > git check-ignore -v -z --stdin [3ms]
[2022-08-02T10:41:06.706Z] > git check-ignore -v -z --stdin [1ms]
[2022-08-02T10:41:07.216Z] > git status -z -uall [2ms]
[2022-08-02T10:41:07.232Z] > git symbolic-ref --short HEAD [1ms]
[2022-08-02T10:41:07.249Z] > git for-each-ref --format=%(refname)%00%(upstream:short)%00%(objectname)%00%(upstream:track)%00%(upstream:remotename)%00%(upstream:remoteref) refs/heads/2-add-rsa-accelerator refs/remotes/2-add-rsa-accelerator [2ms]
[2022-08-02T10:41:07.285Z] > git for-each-ref --sort -committerdate --format %(refname) %(objectname) %(*objectname) [17ms]
[2022-08-02T10:41:07.285Z] > git remote --verbose [1ms]
[2022-08-02T10:41:07.303Z] > git config --get commit.template [0ms]
[2022-08-02T10:41:11.932Z] > git check-ignore -v -z --stdin [3ms]
[2022-08-02T10:41:12.440Z] > git status -z -uall [3ms]
[2022-08-02T10:41:12.459Z] > git symbolic-ref --short HEAD [1ms]
[2022-08-02T10:41:12.477Z] > git for-each-ref --format=%(refname)%00%(upstream:short)%00%(objectname)%00%(upstream:track)%00%(upstream:remotename)%00%(upstream:remoteref) refs/heads/2-add-rsa-accelerator refs/remotes/2-add-rsa-accelerator [1ms]
[2022-08-02T10:41:12.512Z] > git for-each-ref --sort -committerdate --format %(refname) %(objectname) %(*objectname) [17ms]
[2022-08-02T10:41:12.512Z] > git remote --verbose [1ms]
[2022-08-02T10:41:12.530Z] > git config --get commit.template [1ms]
[2022-08-02T10:41:17.574Z] > git status -z -uall [5ms]
[2022-08-02T10:41:17.600Z] > git symbolic-ref --short HEAD [1ms]
[2022-08-02T10:41:17.622Z] > git for-each-ref --format=%(refname)%00%(upstream:short)%00%(objectname)%00%(upstream:track)%00%(upstream:remotename)%00%(upstream:remoteref) refs/heads/2-add-rsa-accelerator refs/remotes/2-add-rsa-accelerator [1ms]
[2022-08-02T10:41:17.664Z] > git for-each-ref --sort -committerdate --format %(refname) %(objectname) %(*objectname) [25ms]
[2022-08-02T10:41:17.668Z] > git remote --verbose [6ms]
[2022-08-02T10:41:17.712Z] > git config --get commit.template [2ms]
[2022-08-02T10:41:18.189Z] > git check-ignore -v -z --stdin [1ms]
[2022-08-02T10:41:21.472Z] > git check-ignore -v -z --stdin [3ms]
[2022-08-02T10:41:22.740Z] > git status -z -uall [3ms]
[2022-08-02T10:41:22.758Z] > git symbolic-ref --short HEAD [1ms]
[2022-08-02T10:41:22.777Z] > git for-each-ref --format=%(refname)%00%(upstream:short)%00%(objectname)%00%(upstream:track)%00%(upstream:remotename)%00%(upstream:remoteref) refs/heads/2-add-rsa-accelerator refs/remotes/2-add-rsa-accelerator [1ms]
[2022-08-02T10:41:22.814Z] > git for-each-ref --sort -committerdate --format %(refname) %(objectname) %(*objectname) [19ms]
[2022-08-02T10:41:22.815Z] > git remote --verbose [1ms]
[2022-08-02T10:41:22.842Z] > git config --get commit.template [1ms]
[2022-08-02T10:41:24.556Z] > git check-ignore -v -z --stdin [2ms]
[2022-08-02T10:41:27.894Z] > git status -z -uall [8ms]
[2022-08-02T10:41:27.928Z] > git symbolic-ref --short HEAD [2ms]
[2022-08-02T10:41:27.953Z] > git for-each-ref --format=%(refname)%00%(upstream:short)%00%(objectname)%00%(upstream:track)%00%(upstream:remotename)%00%(upstream:remoteref) refs/heads/2-add-rsa-accelerator refs/remotes/2-add-rsa-accelerator [2ms]
[2022-08-02T10:41:27.993Z] > git for-each-ref --sort -committerdate --format %(refname) %(objectname) %(*objectname) [20ms]
[2022-08-02T10:41:27.993Z] > git remote --verbose [1ms]
[2022-08-02T10:41:28.017Z] > git config --get commit.template [2ms]
[2022-08-02T10:41:35.684Z] > git check-ignore -v -z --stdin [1ms]
[2022-08-02T10:41:36.223Z] > git status -z -uall [6ms]
[2022-08-02T10:41:36.262Z] > git symbolic-ref --short HEAD [3ms]
[2022-08-02T10:41:36.284Z] > git for-each-ref --format=%(refname)%00%(upstream:short)%00%(objectname)%00%(upstream:track)%00%(upstream:remotename)%00%(upstream:remoteref) refs/heads/2-add-rsa-accelerator refs/remotes/2-add-rsa-accelerator [1ms]
[2022-08-02T10:41:36.320Z] > git for-each-ref --sort -committerdate --format %(refname) %(objectname) %(*objectname) [18ms]
[2022-08-02T10:41:36.321Z] > git remote --verbose [1ms]
[2022-08-02T10:41:36.346Z] > git config --get commit.template [1ms]
[2022-08-02T10:41:48.574Z] > git check-ignore -v -z --stdin [1ms]
[2022-08-02T10:41:51.596Z] > git add -A -- /home/karthik/incore/crypto-accel/rsa/rsa_dcbus.bsv /home/karthik/incore/crypto-accel/rsa/rsa_driver/Makefile /home/karthik/incore/crypto-accel/rsa/rsa_driver/RSAdcbus_driver.c /home/karthik/incore/crypto-accel/rsa/rsa_driver/RSAdcbus_main.c /home/karthik/incore/crypto-accel/rsa/rsa_driver/sha_driver.c /home/karthik/incore/crypto-accel/rsa/rsa_driver/sha_driver.h /home/karthik/incore/crypto-accel/rsa/src/bigadd_updated.bsv /home/karthik/incore/crypto-accel/rsa/src/mme.bsv /home/karthik/incore/crypto-accel/rsa/src/mme_include.defines /home/karthik/incore/crypto-accel/rsa/src/mme_old.bsv /home/karthik/incore/crypto-accel/rsa/src/mme_ui.bsv /home/karthik/incore/crypto-accel/rsa/src/mme_ui_backup32addr.bsv /home/karthik/incore/crypto-accel/rsa/src/mmm2.bsv /home/karthik/incore/crypto-accel/rsa/src/mmm_nomul.bsv /home/karthik/incore/crypto-accel/rsa/src/mmm_nomul2.bsv /home/karthik/incore/crypto-accel/rsa/verif/mme.c /home/karthik/incore/crypto-accel/rsa/verif/pyrsa.py /home/karthik/incore/crypto-accel/rsa/hw/rsa_dcbus.bsv /home/karthik/incore/crypto-accel/rsa/hw/src/bigadd_updated.bsv /home/karthik/incore/crypto-accel/rsa/hw/src/mme.bsv /home/karthik/incore/crypto-accel/rsa/hw/src/mme_include.defines /home/karthik/incore/crypto-accel/rsa/hw/src/mme_old.bsv /home/karthik/incore/crypto-accel/rsa/hw/src/mme_ui.bsv /home/karthik/incore/crypto-accel/rsa/hw/src/mme_ui_backup32addr.bsv /home/karthik/incore/crypto-accel/rsa/hw/src/mmm2.bsv /home/karthik/incore/crypto-accel/rsa/hw/src/mmm_nomul.bsv /home/karthik/incore/crypto-accel/rsa/hw/src/mmm_nomul2.bsv /home/karthik/incore/crypto-accel/rsa/hw/verif/mme.c /home/karthik/incore/crypto-accel/rsa/hw/verif/pyrsa.py /home/karthik/incore/crypto-accel/rsa/manager.sh /home/karthik/incore/crypto-accel/rsa/sw/rsa_driver/Makefile /home/karthik/incore/crypto-accel/rsa/sw/rsa_driver/RSAdcbus_driver.c /home/karthik/incore/crypto-accel/rsa/sw/rsa_driver/RSAdcbus_main.c /home/karthik/incore/crypto-accel/rsa/sw/rsa_driver/sha_driver.c /home/karthik/incore/crypto-accel/rsa/sw/rsa_driver/sha_driver.h [4ms]
[2022-08-02T10:41:51.596Z] warning: in the working copy of 'rsa/hw/rsa_dcbus.bsv', CRLF will be replaced by LF the next time Git touches it
[2022-08-02T10:41:51.627Z] > git status -z -uall [3ms]
[2022-08-02T10:41:51.661Z] > git symbolic-ref --short HEAD [6ms]
[2022-08-02T10:41:51.693Z] > git for-each-ref --format=%(refname)%00%(upstream:short)%00%(objectname)%00%(upstream:track)%00%(upstream:remotename)%00%(upstream:remoteref) refs/heads/2-add-rsa-accelerator refs/remotes/2-add-rsa-accelerator [3ms]
[2022-08-02T10:41:51.754Z] > git for-each-ref --sort -committerdate --format %(refname) %(objectname) %(*objectname) [32ms]
[2022-08-02T10:41:51.754Z] > git remote --verbose [1ms]
[2022-08-02T10:41:51.785Z] > git config --get commit.template [1ms]
[2022-08-02T10:41:52.892Z] > git ls-files --stage -- /home/karthik/incore/crypto-accel/rsa/manager.sh [27ms]
[2022-08-02T10:41:52.923Z] > git cat-file -s 7ea86ff3dd6ad938dac2f565d28fc236cf9700f3 [6ms]
[2022-08-02T10:41:52.952Z] > git show --textconv :rsa/manager.sh [2ms]
[2022-08-02T10:42:59.060Z] > git ls-files --stage -- /home/karthik/incore/crypto-accel/rsa/manager.sh [1ms]
[2022-08-02T10:42:59.101Z] > git cat-file -s 7ea86ff3dd6ad938dac2f565d28fc236cf9700f3 [2ms]
[2022-08-02T10:42:59.139Z] > git show --textconv :rsa/manager.sh [1ms]
[2022-08-02T10:42:59.655Z] > git -c user.useConfigOnly=true commit --quiet --allow-empty-message --file - [8ms]
[2022-08-02T10:42:59.692Z] > git status -z -uall [4ms]
[2022-08-02T10:42:59.731Z] > git symbolic-ref --short HEAD [6ms]
[2022-08-02T10:42:59.766Z] > git for-each-ref --format=%(refname)%00%(upstream:short)%00%(objectname)%00%(upstream:track)%00%(upstream:remotename)%00%(upstream:remoteref) refs/heads/2-add-rsa-accelerator refs/remotes/2-add-rsa-accelerator [1ms]
[2022-08-02T10:42:59.820Z] > git for-each-ref --sort -committerdate --format %(refname) %(objectname) %(*objectname) [28ms]
[2022-08-02T10:42:59.821Z] > git remote --verbose [1ms]
[2022-08-02T10:42:59.854Z] > git config --get commit.template [1ms]
[2022-08-02T10:42:59.885Z] > git config --get commit.template [1ms]
[2022-08-02T10:43:01.003Z] > git fetch [3168ms]
[2022-08-02T10:43:01.051Z] > git status -z -uall [6ms]
[2022-08-02T10:43:01.082Z] > git symbolic-ref --short HEAD [1ms]
[2022-08-02T10:43:01.108Z] > git for-each-ref --format=%(refname)%00%(upstream:short)%00%(objectname)%00%(upstream:track)%00%(upstream:remotename)%00%(upstream:remoteref) refs/heads/2-add-rsa-accelerator refs/remotes/2-add-rsa-accelerator [2ms]
[2022-08-02T10:43:01.143Z] > git for-each-ref --sort -committerdate --format %(refname) %(objectname) %(*objectname) [18ms]
[2022-08-02T10:43:01.144Z] > git remote --verbose [1ms]
[2022-08-02T10:43:01.169Z] > git config --get commit.template [1ms]
[2022-08-02T10:43:01.332Z] > git log --oneline --cherry 2-add-rsa-accelerator...2-add-rsa-accelerator@{upstream} -- [5ms]
[2022-08-02T10:43:02.580Z] > git ls-files --stage -- /home/karthik/incore/crypto-accel/rsa/manager.sh [1ms]
[2022-08-02T10:43:02.611Z] > git cat-file -s 7ea86ff3dd6ad938dac2f565d28fc236cf9700f3 [2ms]
[2022-08-02T10:43:02.697Z] > git show --textconv :rsa/manager.sh [2ms]
[2022-08-02T10:43:04.555Z] > git pull --tags origin 2-add-rsa-accelerator [3185ms]
[2022-08-02T10:43:04.555Z] From gitlab.com:incoresemi/blocks/crypto-accel
 * branch            2-add-rsa-accelerator -> FETCH_HEAD
[2022-08-02T10:43:05.759Z] > git ls-files --stage -- /home/karthik/incore/crypto-accel/rsa/manager.sh [3ms]
[2022-08-02T10:43:05.806Z] > git cat-file -s 7ea86ff3dd6ad938dac2f565d28fc236cf9700f3 [2ms]
[2022-08-02T10:43:05.849Z] > git show --textconv :rsa/manager.sh [3ms]
[2022-08-02T10:43:07.873Z] > git push origin 2-add-rsa-accelerator:2-add-rsa-accelerator [3280ms]
[2022-08-02T10:43:07.873Z] remote: 
remote: To create a merge request for 2-add-rsa-accelerator, visit:        
remote:   https://gitlab.com/incoresemi/blocks/crypto-accel/-/merge_requests/new?merge_request%5Bsource_branch%5D=2-add-rsa-accelerator        
remote: 
To gitlab.com:incoresemi/blocks/crypto-accel.git
   2125960..19fb427  2-add-rsa-accelerator -> 2-add-rsa-accelerator
[2022-08-02T10:43:07.925Z] > git status -z -uall [7ms]
[2022-08-02T10:43:07.954Z] > git symbolic-ref --short HEAD [2ms]
[2022-08-02T10:43:07.983Z] > git for-each-ref --format=%(refname)%00%(upstream:short)%00%(objectname)%00%(upstream:track)%00%(upstream:remotename)%00%(upstream:remoteref) refs/heads/2-add-rsa-accelerator refs/remotes/2-add-rsa-accelerator [2ms]
[2022-08-02T10:43:08.037Z] > git for-each-ref --sort -committerdate --format %(refname) %(objectname) %(*objectname) [28ms]
[2022-08-02T10:43:08.037Z] > git remote --verbose [1ms]
[2022-08-02T10:43:08.068Z] > git config --get commit.template [1ms]
[2022-08-02T10:43:12.716Z] > git ls-files --stage -- /home/karthik/incore/crypto-accel/rsa/manager.sh [3ms]
[2022-08-02T10:43:12.745Z] > git cat-file -s 7ea86ff3dd6ad938dac2f565d28fc236cf9700f3 [1ms]
[2022-08-02T10:43:12.777Z] > git show --textconv :rsa/manager.sh [2ms]
[2022-08-02T10:43:59.926Z] > git check-ignore -v -z --stdin [1ms]
[2022-08-02T10:44:00.459Z] > git status -z -uall [4ms]
[2022-08-02T10:44:00.489Z] > git symbolic-ref --short HEAD [1ms]
[2022-08-02T10:44:00.514Z] > git for-each-ref --format=%(refname)%00%(upstream:short)%00%(objectname)%00%(upstream:track)%00%(upstream:remotename)%00%(upstream:remoteref) refs/heads/2-add-rsa-accelerator refs/remotes/2-add-rsa-accelerator [2ms]
[2022-08-02T10:44:00.561Z] > git for-each-ref --sort -committerdate --format %(refname) %(objectname) %(*objectname) [23ms]
[2022-08-02T10:44:00.561Z] > git remote --verbose [1ms]
[2022-08-02T10:44:00.583Z] > git config --get commit.template [1ms]
[2022-08-02T10:46:02.402Z] > git ls-files --stage -- /home/karthik/incore/crypto-accel/rsa/manager.sh [2ms]
[2022-08-02T10:46:02.427Z] > git cat-file -s 7ea86ff3dd6ad938dac2f565d28fc236cf9700f3 [1ms]
[2022-08-02T10:46:02.452Z] > git show --textconv :rsa/manager.sh [1ms]
[2022-08-02T10:46:04.347Z] > git fetch [3144ms]
[2022-08-02T10:46:04.379Z] > git status -z -uall [2ms]
[2022-08-02T10:46:04.397Z] > git symbolic-ref --short HEAD [1ms]
[2022-08-02T10:46:04.415Z] > git for-each-ref --format=%(refname)%00%(upstream:short)%00%(objectname)%00%(upstream:track)%00%(upstream:remotename)%00%(upstream:remoteref) refs/heads/2-add-rsa-accelerator refs/remotes/2-add-rsa-accelerator [2ms]
[2022-08-02T10:46:04.448Z] > git for-each-ref --sort -committerdate --format %(refname) %(objectname) %(*objectname) [17ms]
[2022-08-02T10:46:04.448Z] > git remote --verbose [1ms]
[2022-08-02T10:46:04.467Z] > git config --get commit.template [1ms]
[2022-08-02T10:46:05.268Z] > git ls-files --stage -- /home/karthik/incore/crypto-accel/rsa/manager.sh [1ms]
[2022-08-02T10:46:05.287Z] > git cat-file -s 7ea86ff3dd6ad938dac2f565d28fc236cf9700f3 [2ms]
[2022-08-02T10:46:05.312Z] > git show --textconv :rsa/manager.sh [2ms]
[2022-08-02T11:26:53.024Z] > git ls-files --stage -- /home/karthik/incore/crypto-accel/rsa/manager.sh [3ms]
[2022-08-02T11:26:53.060Z] > git cat-file -s 7ea86ff3dd6ad938dac2f565d28fc236cf9700f3 [2ms]
[2022-08-02T11:26:53.101Z] > git show --textconv :rsa/manager.sh [3ms]
[2022-08-02T11:26:55.025Z] > git fetch [3206ms]
[2022-08-02T11:26:55.075Z] > git status -z -uall [4ms]
[2022-08-02T11:26:55.101Z] > git symbolic-ref --short HEAD [1ms]
[2022-08-02T11:26:55.129Z] > git for-each-ref --format=%(refname)%00%(upstream:short)%00%(objectname)%00%(upstream:track)%00%(upstream:remotename)%00%(upstream:remoteref) refs/heads/2-add-rsa-accelerator refs/remotes/2-add-rsa-accelerator [1ms]
[2022-08-02T11:26:55.166Z] > git for-each-ref --sort -committerdate --format %(refname) %(objectname) %(*objectname) [19ms]
[2022-08-02T11:26:55.166Z] > git remote --verbose [1ms]
[2022-08-02T11:26:55.186Z] > git config --get commit.template [1ms]
[2022-08-02T11:26:55.958Z] > git ls-files --stage -- /home/karthik/incore/crypto-accel/rsa/manager.sh [3ms]
[2022-08-02T11:26:56.003Z] > git cat-file -s 7ea86ff3dd6ad938dac2f565d28fc236cf9700f3 [2ms]
[2022-08-02T11:26:56.031Z] > git show --textconv :rsa/manager.sh [1ms]
[2022-08-02T11:47:23.183Z] > git fetch [3181ms]
[2022-08-02T11:47:23.225Z] > git status -z -uall [3ms]
[2022-08-02T11:47:23.283Z] > git symbolic-ref --short HEAD [6ms]
[2022-08-02T11:47:23.349Z] > git for-each-ref --format=%(refname)%00%(upstream:short)%00%(objectname)%00%(upstream:track)%00%(upstream:remotename)%00%(upstream:remoteref) refs/heads/2-add-rsa-accelerator refs/remotes/2-add-rsa-accelerator [3ms]
[2022-08-02T11:47:23.465Z] > git for-each-ref --sort -committerdate --format %(refname) %(objectname) %(*objectname) [53ms]
[2022-08-02T11:47:23.466Z] > git remote --verbose [3ms]
[2022-08-02T11:47:23.520Z] > git config --get commit.template [2ms]
[2022-08-02T11:47:39.598Z] > git ls-files --stage -- /home/karthik/incore/crypto-accel/rsa/manager.sh [1ms]
[2022-08-02T11:47:39.623Z] > git cat-file -s 7ea86ff3dd6ad938dac2f565d28fc236cf9700f3 [1ms]
[2022-08-02T11:47:39.684Z] > git show --textconv :rsa/manager.sh [2ms]
[2022-08-02T11:47:50.257Z] > git show --textconv :rsa/hw/Makefile [24ms]
[2022-08-02T11:47:50.258Z] > git ls-files --stage -- /home/karthik/incore/crypto-accel/rsa/hw/Makefile [1ms]
[2022-08-02T11:47:50.525Z] > git check-ignore -v -z --stdin [3ms]
[2022-08-02T11:47:51.001Z] > git status -z -uall [2ms]
[2022-08-02T11:47:51.020Z] > git symbolic-ref --short HEAD [1ms]
[2022-08-02T11:47:51.039Z] > git for-each-ref --format=%(refname)%00%(upstream:short)%00%(objectname)%00%(upstream:track)%00%(upstream:remotename)%00%(upstream:remoteref) refs/heads/2-add-rsa-accelerator refs/remotes/2-add-rsa-accelerator [2ms]
[2022-08-02T11:47:51.078Z] > git for-each-ref --sort -committerdate --format %(refname) %(objectname) %(*objectname) [19ms]
[2022-08-02T11:47:51.078Z] > git remote --verbose [1ms]
[2022-08-02T11:47:51.105Z] > git config --get commit.template [1ms]
[2022-08-02T11:47:56.788Z] > git show --textconv :rsa/hw/Makefile.inc [23ms]
[2022-08-02T11:47:56.789Z] > git ls-files --stage -- /home/karthik/incore/crypto-accel/rsa/hw/Makefile.inc [1ms]
[2022-08-02T11:47:57.070Z] > git check-ignore -v -z --stdin [2ms]
[2022-08-02T11:47:57.625Z] > git status -z -uall [6ms]
[2022-08-02T11:47:57.671Z] > git symbolic-ref --short HEAD [3ms]
[2022-08-02T11:47:57.717Z] > git for-each-ref --format=%(refname)%00%(upstream:short)%00%(objectname)%00%(upstream:track)%00%(upstream:remotename)%00%(upstream:remoteref) refs/heads/2-add-rsa-accelerator refs/remotes/2-add-rsa-accelerator [3ms]
[2022-08-02T11:47:57.786Z] > git for-each-ref --sort -committerdate --format %(refname) %(objectname) %(*objectname) [24ms]
[2022-08-02T11:47:57.786Z] > git remote --verbose [1ms]
[2022-08-02T11:47:57.821Z] > git config --get commit.template [1ms]
[2022-08-02T11:48:11.037Z] > git check-ignore -v -z --stdin [1ms]
[2022-08-02T11:48:11.559Z] > git status -z -uall [3ms]
[2022-08-02T11:48:11.586Z] > git symbolic-ref --short HEAD [1ms]
[2022-08-02T11:48:11.611Z] > git for-each-ref --format=%(refname)%00%(upstream:short)%00%(objectname)%00%(upstream:track)%00%(upstream:remotename)%00%(upstream:remoteref) refs/heads/2-add-rsa-accelerator refs/remotes/2-add-rsa-accelerator [2ms]
[2022-08-02T11:48:11.648Z] > git for-each-ref --sort -committerdate --format %(refname) %(objectname) %(*objectname) [19ms]
[2022-08-02T11:48:11.649Z] > git remote --verbose [1ms]
[2022-08-02T11:48:11.678Z] > git config --get commit.template [3ms]
[2022-08-02T11:48:16.793Z] > git show --textconv :rsa/hw/Makefile [47ms]
[2022-08-02T11:48:16.795Z] > git ls-files --stage -- /home/karthik/incore/crypto-accel/rsa/hw/Makefile [6ms]
[2022-08-02T11:48:17.707Z] > git show --textconv :ecc/hw/Makefile [38ms]
[2022-08-02T11:48:17.708Z] > git ls-files --stage -- /home/karthik/incore/crypto-accel/ecc/hw/Makefile [20ms]
[2022-08-02T11:48:17.726Z] > git cat-file -s 5662fcccab4f822caa0911a69170976a49ba11d5 [1ms]
[2022-08-02T11:48:25.248Z] > git show --textconv :rsa/hw/Makefile [30ms]
[2022-08-02T11:48:25.248Z] > git ls-files --stage -- /home/karthik/incore/crypto-accel/rsa/hw/Makefile [1ms]
[2022-08-02T11:48:27.752Z] > git status -z -uall [6ms]
[2022-08-02T11:48:27.782Z] > git symbolic-ref --short HEAD [1ms]
[2022-08-02T11:48:27.813Z] > git for-each-ref --format=%(refname)%00%(upstream:short)%00%(objectname)%00%(upstream:track)%00%(upstream:remotename)%00%(upstream:remoteref) refs/heads/2-add-rsa-accelerator refs/remotes/2-add-rsa-accelerator [3ms]
[2022-08-02T11:48:27.878Z] > git for-each-ref --sort -committerdate --format %(refname) %(objectname) %(*objectname) [31ms]
[2022-08-02T11:48:27.879Z] > git remote --verbose [2ms]
[2022-08-02T11:48:27.921Z] > git config --get commit.template [3ms]
[2022-08-02T11:48:29.958Z] > git show --textconv :ecc/hw/Makefile.inc [53ms]
[2022-08-02T11:48:29.958Z] > git ls-files --stage -- /home/karthik/incore/crypto-accel/ecc/hw/Makefile.inc [21ms]
[2022-08-02T11:48:29.978Z] > git cat-file -s 38f5e30a39fc02b4a17f6ce1c48a093165f78f6a [2ms]
[2022-08-02T11:49:03.897Z] > git show --textconv :rsa/hw/src/mmm2.bsv [15ms]
[2022-08-02T11:49:03.898Z] > git ls-files --stage -- /home/karthik/incore/crypto-accel/rsa/hw/src/mmm2.bsv [1ms]
[2022-08-02T11:49:03.933Z] > git cat-file -s 9644209a3e3f222278794f7db64f90249933bb7f [19ms]
[2022-08-02T11:49:04.764Z] > git show --textconv :rsa/hw/src/mmm_nomul.bsv [43ms]
[2022-08-02T11:49:04.765Z] > git ls-files --stage -- /home/karthik/incore/crypto-accel/rsa/hw/src/mmm_nomul.bsv [24ms]
[2022-08-02T11:49:04.802Z] > git cat-file -s 4d48803a547cddc5eb634b4d62a6a045dc9ee162 [3ms]
[2022-08-02T11:49:06.711Z] > git show --textconv :rsa/hw/src/mmm_nomul2.bsv [63ms]
[2022-08-02T11:49:06.711Z] > git ls-files --stage -- /home/karthik/incore/crypto-accel/rsa/hw/src/mmm_nomul2.bsv [26ms]
[2022-08-02T11:49:06.738Z] > git cat-file -s 8abcb5de61577a0e1558601e700b2ea3a40cff15 [3ms]
[2022-08-02T11:49:36.576Z] > git show --textconv :rsa/hw/source/multiplier.bsv [20ms]
[2022-08-02T11:49:36.576Z] > git ls-files --stage -- /home/karthik/incore/crypto-accel/rsa/hw/source/multiplier.bsv [1ms]
[2022-08-02T11:49:36.875Z] > git check-ignore -v -z --stdin [2ms]
[2022-08-02T11:49:37.370Z] > git status -z -uall [4ms]
[2022-08-02T11:49:37.401Z] > git symbolic-ref --short HEAD [1ms]
[2022-08-02T11:49:37.433Z] > git for-each-ref --format=%(refname)%00%(upstream:short)%00%(objectname)%00%(upstream:track)%00%(upstream:remotename)%00%(upstream:remoteref) refs/heads/2-add-rsa-accelerator refs/remotes/2-add-rsa-accelerator [1ms]
[2022-08-02T11:49:37.503Z] > git for-each-ref --sort -committerdate --format %(refname) %(objectname) %(*objectname) [36ms]
[2022-08-02T11:49:37.504Z] > git remote --verbose [4ms]
[2022-08-02T11:49:37.544Z] > git config --get commit.template [1ms]
[2022-08-02T11:49:41.324Z] > git show --textconv :rsa/hw/src/mmm_nomul2.bsv [43ms]
[2022-08-02T11:49:41.325Z] > git ls-files --stage -- /home/karthik/incore/crypto-accel/rsa/hw/src/mmm_nomul2.bsv [2ms]
[2022-08-02T11:49:41.359Z] > git cat-file -s 8abcb5de61577a0e1558601e700b2ea3a40cff15 [3ms]
[2022-08-02T11:49:44.003Z] > git show --textconv :rsa/hw/source/multiplier.bsv [32ms]
[2022-08-02T11:49:44.004Z] > git ls-files --stage -- /home/karthik/incore/crypto-accel/rsa/hw/source/multiplier.bsv [4ms]
[2022-08-02T11:50:24.778Z] > git ls-files --stage -- /home/karthik/incore/crypto-accel/rsa/hw/src/mmm_nomul2.bsv [16ms]
[2022-08-02T11:50:24.794Z] > git ls-files --stage -- /home/karthik/incore/crypto-accel/rsa/hw/source/multiplier.bsv [16ms]
[2022-08-02T11:50:24.795Z] > git cat-file -s 8abcb5de61577a0e1558601e700b2ea3a40cff15 [1ms]
[2022-08-02T11:50:24.872Z] > git show --textconv :rsa/hw/source/multiplier.bsv [28ms]
[2022-08-02T11:50:24.873Z] > git show --textconv :rsa/hw/src/mmm_nomul2.bsv [2ms]
[2022-08-02T11:50:26.680Z] > git fetch [3122ms]
[2022-08-02T11:50:26.716Z] > git status -z -uall [2ms]
[2022-08-02T11:50:26.735Z] > git symbolic-ref --short HEAD [1ms]
[2022-08-02T11:50:26.754Z] > git for-each-ref --format=%(refname)%00%(upstream:short)%00%(objectname)%00%(upstream:track)%00%(upstream:remotename)%00%(upstream:remoteref) refs/heads/2-add-rsa-accelerator refs/remotes/2-add-rsa-accelerator [1ms]
[2022-08-02T11:50:26.792Z] > git for-each-ref --sort -committerdate --format %(refname) %(objectname) %(*objectname) [20ms]
[2022-08-02T11:50:26.792Z] > git remote --verbose [1ms]
[2022-08-02T11:50:26.812Z] > git config --get commit.template [0ms]
[2022-08-02T11:50:27.645Z] > git ls-files --stage -- /home/karthik/incore/crypto-accel/rsa/hw/src/mmm_nomul2.bsv [35ms]
[2022-08-02T11:50:27.676Z] > git ls-files --stage -- /home/karthik/incore/crypto-accel/rsa/hw/source/multiplier.bsv [32ms]
[2022-08-02T11:50:27.677Z] > git cat-file -s 8abcb5de61577a0e1558601e700b2ea3a40cff15 [2ms]
[2022-08-02T11:50:27.716Z] > git show --textconv :rsa/hw/source/multiplier.bsv [19ms]
[2022-08-02T11:50:27.717Z] > git show --textconv :rsa/hw/src/mmm_nomul2.bsv [2ms]
[2022-08-02T11:53:28.077Z] > git ls-files --stage -- /home/karthik/incore/crypto-accel/rsa/hw/src/mmm_nomul2.bsv [21ms]
[2022-08-02T11:53:28.097Z] > git ls-files --stage -- /home/karthik/incore/crypto-accel/rsa/hw/source/multiplier.bsv [20ms]
[2022-08-02T11:53:28.097Z] > git cat-file -s 8abcb5de61577a0e1558601e700b2ea3a40cff15 [1ms]
[2022-08-02T11:53:28.136Z] > git show --textconv :rsa/hw/source/multiplier.bsv [19ms]
[2022-08-02T11:53:28.137Z] > git show --textconv :rsa/hw/src/mmm_nomul2.bsv [2ms]
[2022-08-02T11:53:30.032Z] > git fetch [3171ms]
[2022-08-02T11:53:30.058Z] > git status -z -uall [3ms]
[2022-08-02T11:53:30.082Z] > git symbolic-ref --short HEAD [1ms]
[2022-08-02T11:53:30.105Z] > git for-each-ref --format=%(refname)%00%(upstream:short)%00%(objectname)%00%(upstream:track)%00%(upstream:remotename)%00%(upstream:remoteref) refs/heads/2-add-rsa-accelerator refs/remotes/2-add-rsa-accelerator [1ms]
[2022-08-02T11:53:30.152Z] > git for-each-ref --sort -committerdate --format %(refname) %(objectname) %(*objectname) [26ms]
[2022-08-02T11:53:30.152Z] > git remote --verbose [3ms]
[2022-08-02T11:53:30.175Z] > git config --get commit.template [1ms]
[2022-08-02T11:53:30.198Z] > git status -z -uall [2ms]
[2022-08-02T11:53:30.219Z] > git symbolic-ref --short HEAD [1ms]
[2022-08-02T11:53:30.239Z] > git for-each-ref --format=%(refname)%00%(upstream:short)%00%(objectname)%00%(upstream:track)%00%(upstream:remotename)%00%(upstream:remoteref) refs/heads/2-add-rsa-accelerator refs/remotes/2-add-rsa-accelerator [2ms]
[2022-08-02T11:53:30.279Z] > git remote --verbose [5ms]
[2022-08-02T11:53:30.279Z] > git for-each-ref --sort -committerdate --format %(refname) %(objectname) %(*objectname) [22ms]
[2022-08-02T11:53:30.305Z] > git config --get commit.template [1ms]
[2022-08-02T11:53:30.956Z] > git ls-files --stage -- /home/karthik/incore/crypto-accel/rsa/hw/src/mmm_nomul2.bsv [19ms]
[2022-08-02T11:53:30.975Z] > git ls-files --stage -- /home/karthik/incore/crypto-accel/rsa/hw/source/multiplier.bsv [20ms]
[2022-08-02T11:53:30.975Z] > git cat-file -s 8abcb5de61577a0e1558601e700b2ea3a40cff15 [1ms]
[2022-08-02T11:53:31.024Z] > git show --textconv :rsa/hw/source/multiplier.bsv [28ms]
[2022-08-02T11:53:31.024Z] > git show --textconv :rsa/hw/src/mmm_nomul2.bsv [2ms]
[2022-08-02T11:54:19.266Z] > git status -z -uall [2ms]
[2022-08-02T11:54:19.286Z] > git symbolic-ref --short HEAD [1ms]
[2022-08-02T11:54:19.306Z] > git for-each-ref --format=%(refname)%00%(upstream:short)%00%(objectname)%00%(upstream:track)%00%(upstream:remotename)%00%(upstream:remoteref) refs/heads/2-add-rsa-accelerator refs/remotes/2-add-rsa-accelerator [2ms]
[2022-08-02T11:54:19.346Z] > git for-each-ref --sort -committerdate --format %(refname) %(objectname) %(*objectname) [21ms]
[2022-08-02T11:54:19.346Z] > git remote --verbose [1ms]
[2022-08-02T11:54:19.370Z] > git config --get commit.template [1ms]
[2022-08-02T11:56:31.442Z] > git ls-files --stage -- /home/karthik/incore/crypto-accel/rsa/hw/source/multiplier.bsv [1ms]
[2022-08-02T11:56:31.443Z] > git ls-files --stage -- /home/karthik/incore/crypto-accel/rsa/hw/src/mmm_nomul2.bsv [21ms]
[2022-08-02T11:56:31.463Z] > git cat-file -s 8abcb5de61577a0e1558601e700b2ea3a40cff15 [2ms]
[2022-08-02T11:56:31.484Z] > git show --textconv :rsa/hw/source/multiplier.bsv [0ms]
[2022-08-02T11:56:31.505Z] > git show --textconv :rsa/hw/src/mmm_nomul2.bsv [2ms]
[2022-08-02T11:56:33.392Z] > git fetch [3168ms]
[2022-08-02T11:56:33.444Z] > git status -z -uall [7ms]
[2022-08-02T11:56:33.482Z] > git symbolic-ref --short HEAD [1ms]
[2022-08-02T11:56:33.505Z] > git for-each-ref --format=%(refname)%00%(upstream:short)%00%(objectname)%00%(upstream:track)%00%(upstream:remotename)%00%(upstream:remoteref) refs/heads/2-add-rsa-accelerator refs/remotes/2-add-rsa-accelerator [1ms]
[2022-08-02T11:56:33.551Z] > git for-each-ref --sort -committerdate --format %(refname) %(objectname) %(*objectname) [27ms]
[2022-08-02T11:56:33.551Z] > git remote --verbose [1ms]
[2022-08-02T11:56:33.580Z] > git config --get commit.template [2ms]
[2022-08-02T11:56:34.332Z] > git ls-files --stage -- /home/karthik/incore/crypto-accel/rsa/hw/source/multiplier.bsv [2ms]
[2022-08-02T11:56:34.332Z] > git ls-files --stage -- /home/karthik/incore/crypto-accel/rsa/hw/src/mmm_nomul2.bsv [33ms]
[2022-08-02T11:56:34.405Z] > git cat-file -s 8abcb5de61577a0e1558601e700b2ea3a40cff15 [41ms]
[2022-08-02T11:56:34.408Z] > git show --textconv :rsa/hw/source/multiplier.bsv [3ms]
[2022-08-02T11:56:34.434Z] > git show --textconv :rsa/hw/src/mmm_nomul2.bsv [2ms]
[2022-08-02T11:59:34.864Z] > git ls-files --stage -- /home/karthik/incore/crypto-accel/rsa/hw/src/mmm_nomul2.bsv [17ms]
[2022-08-02T11:59:34.881Z] > git ls-files --stage -- /home/karthik/incore/crypto-accel/rsa/hw/source/multiplier.bsv [18ms]
[2022-08-02T11:59:34.882Z] > git cat-file -s 8abcb5de61577a0e1558601e700b2ea3a40cff15 [1ms]
[2022-08-02T11:59:34.920Z] > git show --textconv :rsa/hw/source/multiplier.bsv [17ms]
[2022-08-02T11:59:34.921Z] > git show --textconv :rsa/hw/src/mmm_nomul2.bsv [1ms]
[2022-08-02T11:59:36.734Z] > git fetch [3119ms]
[2022-08-02T11:59:36.777Z] > git status -z -uall [3ms]
[2022-08-02T11:59:36.797Z] > git symbolic-ref --short HEAD [1ms]
[2022-08-02T11:59:36.817Z] > git for-each-ref --format=%(refname)%00%(upstream:short)%00%(objectname)%00%(upstream:track)%00%(upstream:remotename)%00%(upstream:remoteref) refs/heads/2-add-rsa-accelerator refs/remotes/2-add-rsa-accelerator [1ms]
[2022-08-02T11:59:36.853Z] > git for-each-ref --sort -committerdate --format %(refname) %(objectname) %(*objectname) [19ms]
[2022-08-02T11:59:36.853Z] > git remote --verbose [1ms]
[2022-08-02T11:59:36.875Z] > git config --get commit.template [2ms]
[2022-08-02T11:59:37.662Z] > git ls-files --stage -- /home/karthik/incore/crypto-accel/rsa/hw/src/mmm_nomul2.bsv [21ms]
[2022-08-02T11:59:37.681Z] > git ls-files --stage -- /home/karthik/incore/crypto-accel/rsa/hw/source/multiplier.bsv [19ms]
[2022-08-02T11:59:37.682Z] > git cat-file -s 8abcb5de61577a0e1558601e700b2ea3a40cff15 [1ms]
[2022-08-02T11:59:37.722Z] > git show --textconv :rsa/hw/source/multiplier.bsv [18ms]
[2022-08-02T11:59:37.724Z] > git show --textconv :rsa/hw/src/mmm_nomul2.bsv [2ms]
[2022-08-02T11:59:49.775Z] > git show --textconv :rsa/hw/src/mme.bsv [85ms]
[2022-08-02T11:59:49.778Z] > git ls-files --stage -- /home/karthik/incore/crypto-accel/rsa/hw/src/mme.bsv [67ms]
[2022-08-02T11:59:49.825Z] > git cat-file -s 648c435f104e2604b81f11f95c229a4ffa54e92d [4ms]
[2022-08-02T12:02:36.102Z] > git status -z -uall [5ms]
[2022-08-02T12:02:36.140Z] > git symbolic-ref --short HEAD [2ms]
[2022-08-02T12:02:36.173Z] > git for-each-ref --format=%(refname)%00%(upstream:short)%00%(objectname)%00%(upstream:track)%00%(upstream:remotename)%00%(upstream:remoteref) refs/heads/2-add-rsa-accelerator refs/remotes/2-add-rsa-accelerator [1ms]
[2022-08-02T12:02:36.229Z] > git for-each-ref --sort -committerdate --format %(refname) %(objectname) %(*objectname) [29ms]
[2022-08-02T12:02:36.229Z] > git remote --verbose [2ms]
[2022-08-02T12:02:36.264Z] > git config --get commit.template [1ms]
[2022-08-02T12:02:38.092Z] > git ls-files --stage -- /home/karthik/incore/crypto-accel/rsa/hw/source/multiplier.bsv [21ms]
[2022-08-02T12:02:38.092Z] > git ls-files --stage -- /home/karthik/incore/crypto-accel/rsa/hw/src/mme.bsv [1ms]
[2022-08-02T12:02:38.113Z] > git cat-file -s 648c435f104e2604b81f11f95c229a4ffa54e92d [1ms]
[2022-08-02T12:02:38.134Z] > git show --textconv :rsa/hw/source/multiplier.bsv [1ms]
[2022-08-02T12:02:38.157Z] > git show --textconv :rsa/hw/src/mme.bsv [2ms]
[2022-08-02T12:02:39.383Z] > git show --textconv :rsa/hw/src/mmm_nomul2.bsv [21ms]
[2022-08-02T12:02:39.383Z] > git ls-files --stage -- /home/karthik/incore/crypto-accel/rsa/hw/src/mmm_nomul2.bsv [1ms]
[2022-08-02T12:02:39.403Z] > git cat-file -s 8abcb5de61577a0e1558601e700b2ea3a40cff15 [1ms]
[2022-08-02T12:02:40.071Z] > git fetch [3178ms]
[2022-08-02T12:02:40.125Z] > git status -z -uall [4ms]
[2022-08-02T12:02:40.157Z] > git symbolic-ref --short HEAD [2ms]
[2022-08-02T12:02:40.188Z] > git for-each-ref --format=%(refname)%00%(upstream:short)%00%(objectname)%00%(upstream:track)%00%(upstream:remotename)%00%(upstream:remoteref) refs/heads/2-add-rsa-accelerator refs/remotes/2-add-rsa-accelerator [2ms]
[2022-08-02T12:02:40.246Z] > git for-each-ref --sort -committerdate --format %(refname) %(objectname) %(*objectname) [27ms]
[2022-08-02T12:02:40.246Z] > git remote --verbose [3ms]
[2022-08-02T12:02:40.274Z] > git config --get commit.template [2ms]
[2022-08-02T12:02:41.032Z] > git ls-files --stage -- /home/karthik/incore/crypto-accel/rsa/hw/source/multiplier.bsv [30ms]
[2022-08-02T12:02:41.033Z] > git ls-files --stage -- /home/karthik/incore/crypto-accel/rsa/hw/src/mmm_nomul2.bsv [1ms]
[2022-08-02T12:02:41.058Z] > git cat-file -s 8abcb5de61577a0e1558601e700b2ea3a40cff15 [1ms]
[2022-08-02T12:02:41.108Z] > git show --textconv :rsa/hw/source/multiplier.bsv [25ms]
[2022-08-02T12:02:41.109Z] > git show --textconv :rsa/hw/src/mmm_nomul2.bsv [2ms]
[2022-08-02T12:04:51.768Z] > git status -z -uall [6ms]
[2022-08-02T12:04:51.807Z] > git symbolic-ref --short HEAD [2ms]
[2022-08-02T12:04:51.846Z] > git for-each-ref --format=%(refname)%00%(upstream:short)%00%(objectname)%00%(upstream:track)%00%(upstream:remotename)%00%(upstream:remoteref) refs/heads/2-add-rsa-accelerator refs/remotes/2-add-rsa-accelerator [2ms]
[2022-08-02T12:04:51.911Z] > git for-each-ref --sort -committerdate --format %(refname) %(objectname) %(*objectname) [25ms]
[2022-08-02T12:04:51.911Z] > git remote --verbose [1ms]
[2022-08-02T12:04:51.935Z] > git config --get commit.template [1ms]
[2022-08-02T12:05:41.537Z] > git ls-files --stage -- /home/karthik/incore/crypto-accel/rsa/hw/source/multiplier.bsv [18ms]
[2022-08-02T12:05:41.537Z] > git ls-files --stage -- /home/karthik/incore/crypto-accel/rsa/hw/src/mmm_nomul2.bsv [1ms]
[2022-08-02T12:05:41.562Z] > git cat-file -s 8abcb5de61577a0e1558601e700b2ea3a40cff15 [1ms]
[2022-08-02T12:05:41.586Z] > git show --textconv :rsa/hw/source/multiplier.bsv [1ms]
[2022-08-02T12:05:41.609Z] > git show --textconv :rsa/hw/src/mmm_nomul2.bsv [2ms]
[2022-08-02T12:05:43.486Z] > git fetch [3171ms]
[2022-08-02T12:05:43.529Z] > git status -z -uall [4ms]
[2022-08-02T12:05:43.560Z] > git symbolic-ref --short HEAD [1ms]
[2022-08-02T12:05:43.583Z] > git for-each-ref --format=%(refname)%00%(upstream:short)%00%(objectname)%00%(upstream:track)%00%(upstream:remotename)%00%(upstream:remoteref) refs/heads/2-add-rsa-accelerator refs/remotes/2-add-rsa-accelerator [1ms]
[2022-08-02T12:05:43.626Z] > git for-each-ref --sort -committerdate --format %(refname) %(objectname) %(*objectname) [20ms]
[2022-08-02T12:05:43.626Z] > git remote --verbose [1ms]
[2022-08-02T12:05:43.648Z] > git config --get commit.template [1ms]
[2022-08-02T12:05:44.446Z] > git ls-files --stage -- /home/karthik/incore/crypto-accel/rsa/hw/source/multiplier.bsv [37ms]
[2022-08-02T12:05:44.447Z] > git ls-files --stage -- /home/karthik/incore/crypto-accel/rsa/hw/src/mmm_nomul2.bsv [1ms]
[2022-08-02T12:05:44.475Z] > git cat-file -s 8abcb5de61577a0e1558601e700b2ea3a40cff15 [1ms]
[2022-08-02T12:05:44.507Z] > git show --textconv :rsa/hw/source/multiplier.bsv [1ms]
[2022-08-02T12:05:44.540Z] > git show --textconv :rsa/hw/src/mmm_nomul2.bsv [2ms]
[2022-08-02T12:06:17.388Z] > git status -z -uall [5ms]
[2022-08-02T12:06:17.424Z] > git symbolic-ref --short HEAD [2ms]
[2022-08-02T12:06:17.453Z] > git for-each-ref --format=%(refname)%00%(upstream:short)%00%(objectname)%00%(upstream:track)%00%(upstream:remotename)%00%(upstream:remoteref) refs/heads/2-add-rsa-accelerator refs/remotes/2-add-rsa-accelerator [2ms]
[2022-08-02T12:06:17.497Z] > git for-each-ref --sort -committerdate --format %(refname) %(objectname) %(*objectname) [21ms]
[2022-08-02T12:06:17.497Z] > git remote --verbose [1ms]
[2022-08-02T12:06:17.519Z] > git config --get commit.template [1ms]
[2022-08-02T12:08:44.938Z] > git ls-files --stage -- /home/karthik/incore/crypto-accel/rsa/hw/source/multiplier.bsv [18ms]
[2022-08-02T12:08:44.939Z] > git ls-files --stage -- /home/karthik/incore/crypto-accel/rsa/hw/src/mmm_nomul2.bsv [1ms]
[2022-08-02T12:08:44.958Z] > git cat-file -s 8abcb5de61577a0e1558601e700b2ea3a40cff15 [1ms]
[2022-08-02T12:08:44.980Z] > git show --textconv :rsa/hw/source/multiplier.bsv [1ms]
[2022-08-02T12:08:45.001Z] > git show --textconv :rsa/hw/src/mmm_nomul2.bsv [1ms]
[2022-08-02T12:08:46.836Z] > git fetch [3150ms]
[2022-08-02T12:08:46.888Z] > git status -z -uall [4ms]
[2022-08-02T12:08:46.922Z] > git symbolic-ref --short HEAD [1ms]
[2022-08-02T12:08:46.951Z] > git for-each-ref --format=%(refname)%00%(upstream:short)%00%(objectname)%00%(upstream:track)%00%(upstream:remotename)%00%(upstream:remoteref) refs/heads/2-add-rsa-accelerator refs/remotes/2-add-rsa-accelerator [1ms]
[2022-08-02T12:08:46.994Z] > git for-each-ref --sort -committerdate --format %(refname) %(objectname) %(*objectname) [21ms]
[2022-08-02T12:08:46.995Z] > git remote --verbose [1ms]
[2022-08-02T12:08:47.018Z] > git config --get commit.template [1ms]
[2022-08-02T12:08:47.782Z] > git ls-files --stage -- /home/karthik/incore/crypto-accel/rsa/hw/source/multiplier.bsv [27ms]
[2022-08-02T12:08:47.783Z] > git ls-files --stage -- /home/karthik/incore/crypto-accel/rsa/hw/src/mmm_nomul2.bsv [2ms]
[2022-08-02T12:08:47.838Z] > git show --textconv :rsa/hw/source/multiplier.bsv [1ms]
[2022-08-02T12:08:47.838Z] > git cat-file -s 8abcb5de61577a0e1558601e700b2ea3a40cff15 [31ms]
[2022-08-02T12:08:47.866Z] > git show --textconv :rsa/hw/src/mmm_nomul2.bsv [1ms]
[2022-08-02T12:09:22.296Z] > git status -z -uall [6ms]
[2022-08-02T12:09:22.326Z] > git symbolic-ref --short HEAD [1ms]
[2022-08-02T12:09:22.349Z] > git for-each-ref --format=%(refname)%00%(upstream:short)%00%(objectname)%00%(upstream:track)%00%(upstream:remotename)%00%(upstream:remoteref) refs/heads/2-add-rsa-accelerator refs/remotes/2-add-rsa-accelerator [2ms]
[2022-08-02T12:09:22.390Z] > git for-each-ref --sort -committerdate --format %(refname) %(objectname) %(*objectname) [21ms]
[2022-08-02T12:09:22.390Z] > git remote --verbose [1ms]
[2022-08-02T12:09:22.413Z] > git config --get commit.template [1ms]
[2022-08-02T12:09:39.716Z] > git status -z -uall [7ms]
[2022-08-02T12:09:39.753Z] > git symbolic-ref --short HEAD [1ms]
[2022-08-02T12:09:39.781Z] > git for-each-ref --format=%(refname)%00%(upstream:short)%00%(objectname)%00%(upstream:track)%00%(upstream:remotename)%00%(upstream:remoteref) refs/heads/2-add-rsa-accelerator refs/remotes/2-add-rsa-accelerator [2ms]
[2022-08-02T12:09:39.824Z] > git for-each-ref --sort -committerdate --format %(refname) %(objectname) %(*objectname) [22ms]
[2022-08-02T12:09:39.824Z] > git remote --verbose [1ms]
[2022-08-02T12:09:39.847Z] > git config --get commit.template [1ms]
[2022-08-02T12:11:48.317Z] > git ls-files --stage -- /home/karthik/incore/crypto-accel/rsa/hw/source/multiplier.bsv [41ms]
[2022-08-02T12:11:48.318Z] > git ls-files --stage -- /home/karthik/incore/crypto-accel/rsa/hw/src/mmm_nomul2.bsv [2ms]
[2022-08-02T12:11:48.355Z] > git cat-file -s 8abcb5de61577a0e1558601e700b2ea3a40cff15 [2ms]
[2022-08-02T12:11:48.423Z] > git show --textconv :rsa/hw/source/multiplier.bsv [35ms]
[2022-08-02T12:11:48.424Z] > git show --textconv :rsa/hw/src/mmm_nomul2.bsv [2ms]
[2022-08-02T12:11:50.219Z] > git fetch [3155ms]
[2022-08-02T12:11:50.243Z] > git status -z -uall [2ms]
[2022-08-02T12:11:50.265Z] > git symbolic-ref --short HEAD [1ms]
[2022-08-02T12:11:50.286Z] > git for-each-ref --format=%(refname)%00%(upstream:short)%00%(objectname)%00%(upstream:track)%00%(upstream:remotename)%00%(upstream:remoteref) refs/heads/2-add-rsa-accelerator refs/remotes/2-add-rsa-accelerator [1ms]
[2022-08-02T12:11:50.327Z] > git for-each-ref --sort -committerdate --format %(refname) %(objectname) %(*objectname) [21ms]
[2022-08-02T12:11:50.327Z] > git remote --verbose [1ms]
[2022-08-02T12:11:50.351Z] > git config --get commit.template [1ms]
[2022-08-02T12:11:56.610Z] > git ls-files --stage -- /home/karthik/incore/crypto-accel/rsa/hw/source/multiplier.bsv [26ms]
[2022-08-02T12:11:56.611Z] > git ls-files --stage -- /home/karthik/incore/crypto-accel/rsa/hw/src/mmm_nomul2.bsv [1ms]
[2022-08-02T12:11:56.647Z] > git cat-file -s 8abcb5de61577a0e1558601e700b2ea3a40cff15 [2ms]
[2022-08-02T12:11:56.718Z] > git show --textconv :rsa/hw/source/multiplier.bsv [34ms]
[2022-08-02T12:11:56.719Z] > git show --textconv :rsa/hw/src/mmm_nomul2.bsv [1ms]
[2022-08-02T12:12:53.742Z] > git status -z -uall [2ms]
[2022-08-02T12:12:53.788Z] > git symbolic-ref --short HEAD [2ms]
[2022-08-02T12:12:53.820Z] > git for-each-ref --format=%(refname)%00%(upstream:short)%00%(objectname)%00%(upstream:track)%00%(upstream:remotename)%00%(upstream:remoteref) refs/heads/2-add-rsa-accelerator refs/remotes/2-add-rsa-accelerator [1ms]
[2022-08-02T12:12:53.885Z] > git for-each-ref --sort -committerdate --format %(refname) %(objectname) %(*objectname) [31ms]
[2022-08-02T12:12:53.885Z] > git remote --verbose [1ms]
[2022-08-02T12:12:53.912Z] > git config --get commit.template [1ms]
