[Info  - 10:50:43.591] Reading sessions from keychain...
[Info  - 10:50:43.617] Getting sessions for user:email...
[Trace  - 10:50:43.660] Token acquired from secret storage.
[Info  - 10:50:43.661] Got stored sessions!
[Trace  - 10:50:43.661] Read the following session from the keychain with the following scopes: user:email
[Trace  - 10:50:43.661] Read the following session from the keychain with the following scopes: read:user
[Info  - 10:50:43.661] Got 2 verified sessions.
[Info  - 10:50:43.661] Got 1 sessions for user:email...
[Info  - 10:50:44.234] Getting sessions for all scopes...
[Info  - 10:50:44.264] Got 2 sessions for ...
[Info  - 10:50:45.550] Getting sessions for read:user...
[Info  - 10:50:45.550] Got 1 sessions for read:user...
[Info  - 10:50:46.498] Getting sessions for all scopes...
[Info  - 10:50:46.500] Got 2 sessions for ...
[Info  - 10:16:55.968] Getting sessions for read:user...
[Info  - 10:16:55.968] Got 1 sessions for read:user...
[Info  - 11:41:56.411] Getting sessions for read:user...
[Info  - 11:41:56.412] Got 1 sessions for read:user...
[Info  - 11:06:56.846] Getting sessions for read:user...
[Info  - 11:06:56.847] Got 1 sessions for read:user...
[Info  - 12:31:57.292] Getting sessions for read:user...
[Info  - 12:31:57.292] Got 1 sessions for read:user...
