[2022-08-03T07:00:20.924Z] Log level: Info
[2022-08-03T07:00:20.925Z] [info] Validating found git in: git
[2022-08-03T07:00:20.955Z] [info] Using git 2.37.1 from git
[2022-08-03T07:00:20.965Z] > git rev-parse --show-toplevel [2ms]
[2022-08-03T07:00:20.975Z] > git rev-parse --git-dir --git-common-dir [1ms]
[2022-08-03T07:00:20.978Z] [info] Open repository: /home/karthik/incore/crypto-accel
[2022-08-03T07:00:20.990Z] > git status -z -uall [3ms]
[2022-08-03T07:00:21.000Z] > git symbolic-ref --short HEAD [2ms]
[2022-08-03T07:00:21.006Z] > git for-each-ref --format=%(refname)%00%(upstream:short)%00%(objectname)%00%(upstream:track)%00%(upstream:remotename)%00%(upstream:remoteref) refs/heads/2-add-rsa-accelerator refs/remotes/2-add-rsa-accelerator [1ms]
[2022-08-03T07:00:21.014Z] > git remote --verbose [1ms]
[2022-08-03T07:00:21.014Z] > git for-each-ref --sort -committerdate --format %(refname) %(objectname) %(*objectname) [4ms]
[2022-08-03T07:00:21.028Z] > git config --get commit.template [1ms]
[2022-08-03T07:00:21.601Z] > git show --textconv :rsa/hw/source/exponent.bsv [173ms]
[2022-08-03T07:00:21.601Z] > git show --textconv :rsa/hw/src/mmm_nomul2.bsv [168ms]
[2022-08-03T07:00:21.619Z] > git ls-files --stage -- /home/karthik/incore/crypto-accel/rsa/hw/src/mmm_nomul2.bsv [165ms]
[2022-08-03T07:00:21.627Z] > git ls-files --stage -- /home/karthik/incore/crypto-accel/rsa/hw/source/exponent.bsv [180ms]
[2022-08-03T07:00:21.630Z] > git cat-file -s 8abcb5de61577a0e1558601e700b2ea3a40cff15 [3ms]
[2022-08-03T07:00:23.033Z] > git check-ignore -v -z --stdin [10ms]
[2022-08-03T07:00:43.398Z] > git ls-files --stage -- /home/karthik/incore/crypto-accel/rsa/hw/src/mmm_nomul2.bsv [10635ms]
[2022-08-03T07:00:43.404Z] > git ls-files --stage -- /home/karthik/incore/crypto-accel/rsa/hw/source/exponent.bsv [10649ms]
[2022-08-03T07:00:43.405Z] > git fetch [22422ms]
