[2022-08-02T15:01:48.144Z] Log level: Info
[2022-08-02T15:01:48.145Z] [info] Validating found git in: git
[2022-08-02T15:01:48.183Z] [info] Using git 2.37.1 from git
[2022-08-02T15:01:48.196Z] > git rev-parse --show-toplevel [2ms]
[2022-08-02T15:01:48.204Z] > git rev-parse --git-dir --git-common-dir [1ms]
[2022-08-02T15:01:48.210Z] [info] Open repository: /home/karthik/incore/crypto-accel
[2022-08-02T15:01:48.233Z] > git status -z -uall [6ms]
[2022-08-02T15:01:48.238Z] > git symbolic-ref --short HEAD [1ms]
[2022-08-02T15:01:48.245Z] > git for-each-ref --format=%(refname)%00%(upstream:short)%00%(objectname)%00%(upstream:track)%00%(upstream:remotename)%00%(upstream:remoteref) refs/heads/2-add-rsa-accelerator refs/remotes/2-add-rsa-accelerator [1ms]
[2022-08-02T15:01:48.256Z] > git remote --verbose [1ms]
[2022-08-02T15:01:48.258Z] > git for-each-ref --sort -committerdate --format %(refname) %(objectname) %(*objectname) [10ms]
[2022-08-02T15:01:48.269Z] > git config --get commit.template [1ms]
[2022-08-02T15:01:48.684Z] > git show --textconv :rsa/hw/source/multiplier.bsv [33ms]
[2022-08-02T15:01:48.685Z] > git show --textconv :rsa/hw/src/mmm_nomul2.bsv [30ms]
[2022-08-02T15:01:48.685Z] > git ls-files --stage -- /home/karthik/incore/crypto-accel/rsa/hw/src/mmm_nomul2.bsv [15ms]
[2022-08-02T15:01:48.697Z] > git ls-files --stage -- /home/karthik/incore/crypto-accel/rsa/hw/source/multiplier.bsv [36ms]
[2022-08-02T15:01:48.699Z] > git cat-file -s 8abcb5de61577a0e1558601e700b2ea3a40cff15 [3ms]
[2022-08-02T15:01:49.126Z] > git check-ignore -v -z --stdin [28ms]
[2022-08-02T15:01:51.412Z] > git fetch [3194ms]
[2022-08-02T15:01:51.425Z] > git status -z -uall [5ms]
[2022-08-02T15:01:51.434Z] > git symbolic-ref --short HEAD [3ms]
[2022-08-02T15:01:51.444Z] > git for-each-ref --format=%(refname)%00%(upstream:short)%00%(objectname)%00%(upstream:track)%00%(upstream:remotename)%00%(upstream:remoteref) refs/heads/2-add-rsa-accelerator refs/remotes/2-add-rsa-accelerator [3ms]
[2022-08-02T15:01:51.474Z] > git remote --verbose [15ms]
[2022-08-02T15:01:51.475Z] > git for-each-ref --sort -committerdate --format %(refname) %(objectname) %(*objectname) [22ms]
[2022-08-02T15:01:51.485Z] > git config --get commit.template [2ms]
