[Info  - 08:41:35.394] Reading sessions from keychain...
[Info  - 08:41:35.407] Getting sessions for user:email...
[Info  - 08:41:35.407] Getting sessions for all scopes...
[Trace  - 08:41:35.407] Token acquired from secret storage.
[Info  - 08:41:35.407] Got stored sessions!
[Trace  - 08:41:35.407] Read the following session from the keychain with the following scopes: user:email
[Trace  - 08:41:35.407] Read the following session from the keychain with the following scopes: read:user
[Info  - 08:41:35.407] Got 2 verified sessions.
[Info  - 08:41:35.407] Got 1 sessions for user:email...
[Info  - 08:41:35.407] Got 2 sessions for ...
[Info  - 08:41:35.409] Getting sessions for read:user,repo,user:email...
[Info  - 08:41:35.409] Got 0 sessions for read:user,repo,user:email...
[Info  - 08:41:40.37] Getting sessions for read:user...
[Info  - 08:41:40.38] Got 1 sessions for read:user...
[Info  - 08:06:42.595] Getting sessions for read:user...
[Info  - 08:06:42.595] Got 1 sessions for read:user...
[Info  - 09:31:43.128] Getting sessions for read:user...
[Info  - 09:31:43.129] Got 1 sessions for read:user...
[Info  - 09:56:43.626] Getting sessions for read:user...
[Info  - 09:56:43.626] Got 1 sessions for read:user...
[Info  - 09:21:44.48] Getting sessions for read:user...
[Info  - 09:21:44.48] Got 1 sessions for read:user...
[Info  - 10:46:44.849] Getting sessions for read:user...
[Info  - 10:46:44.849] Got 1 sessions for read:user...
