[2022-08-02T08:11:39.915Z] Log level: Info
[2022-08-02T08:11:39.915Z] [info] Validating found git in: git
[2022-08-02T08:11:39.979Z] [info] Using git 2.37.1 from git
[2022-08-02T08:11:40.002Z] > git rev-parse --show-toplevel [13ms]
[2022-08-02T08:11:40.018Z] > git rev-parse --git-dir --git-common-dir [5ms]
[2022-08-02T08:11:40.022Z] [info] Open repository: /home/karthik/junk/6.375-rsa
[2022-08-02T08:11:40.101Z] > git status -z -uall [65ms]
[2022-08-02T08:11:40.117Z] > git symbolic-ref --short HEAD [10ms]
[2022-08-02T08:11:40.124Z] > git for-each-ref --format=%(refname)%00%(upstream:short)%00%(objectname)%00%(upstream:track)%00%(upstream:remotename)%00%(upstream:remoteref) refs/heads/master refs/remotes/master [1ms]
[2022-08-02T08:11:40.135Z] > git remote --verbose [1ms]
[2022-08-02T08:11:40.136Z] > git for-each-ref --sort -committerdate --format %(refname) %(objectname) %(*objectname) [7ms]
[2022-08-02T08:11:40.147Z] > git config --get commit.template [4ms]
[2022-08-02T08:11:41.638Z] > git fetch [1609ms]
[2022-08-02T08:11:41.651Z] > git check-ignore -v -z --stdin [65ms]
[2022-08-02T08:11:41.653Z] > git status -z -uall [7ms]
[2022-08-02T08:11:41.814Z] > git symbolic-ref --short HEAD [146ms]
[2022-08-02T08:11:41.827Z] > git for-each-ref --format=%(refname)%00%(upstream:short)%00%(objectname)%00%(upstream:track)%00%(upstream:remotename)%00%(upstream:remoteref) refs/heads/master refs/remotes/master [7ms]
[2022-08-02T08:11:41.863Z] > git remote --verbose [16ms]
[2022-08-02T08:11:41.863Z] > git for-each-ref --sort -committerdate --format %(refname) %(objectname) %(*objectname) [28ms]
[2022-08-02T08:11:41.876Z] > git config --get commit.template [2ms]
[2022-08-02T08:11:43.003Z] > git check-ignore -v -z --stdin [1ms]
[2022-08-02T08:11:43.686Z] > git status -z -uall [4ms]
[2022-08-02T08:11:43.708Z] > git symbolic-ref --short HEAD [3ms]
[2022-08-02T08:11:43.729Z] > git for-each-ref --format=%(refname)%00%(upstream:short)%00%(objectname)%00%(upstream:track)%00%(upstream:remotename)%00%(upstream:remoteref) refs/heads/master refs/remotes/master [3ms]
[2022-08-02T08:11:43.767Z] > git for-each-ref --sort -committerdate --format %(refname) %(objectname) %(*objectname) [19ms]
[2022-08-02T08:11:43.768Z] > git remote --verbose [3ms]
[2022-08-02T08:11:43.788Z] > git config --get commit.template [1ms]
[2022-08-02T08:11:45.377Z] > git check-ignore -v -z --stdin [3ms]
[2022-08-02T08:11:48.210Z] > git show --textconv :bluespec/Makefile [6ms]
[2022-08-02T08:11:48.211Z] > git ls-files --stage -- /home/karthik/junk/6.375-rsa/bluespec/Makefile [1ms]
[2022-08-02T08:11:48.217Z] > git cat-file -s d18514c05e518c1e27ae2c152eb9f8555f911460 [1ms]
[2022-08-02T08:12:02.521Z] > git show --textconv :bluespec/RSA.bsv [7ms]
[2022-08-02T08:12:02.521Z] > git ls-files --stage -- /home/karthik/junk/6.375-rsa/bluespec/RSA.bsv [1ms]
[2022-08-02T08:12:02.529Z] > git cat-file -s 828066868a804cdaad3514c6665a007e56ab7191 [1ms]
[2022-08-02T08:12:34.141Z] > git check-ignore -v -z --stdin [1ms]
[2022-08-02T08:12:35.834Z] > git check-ignore -v -z --stdin [1ms]
[2022-08-02T08:12:37.891Z] > git check-ignore -v -z --stdin [1ms]
[2022-08-02T08:12:43.751Z] > git ls-files --stage -- /home/karthik/junk/6.375-rsa/reports/final_report/RSA.pdf [26ms]
[2022-08-02T08:12:43.765Z] > git show --textconv :reports/final_report/RSA.pdf [57ms]
[2022-08-02T08:12:43.765Z] > git cat-file -s 2727d16c80d26b29da63f28b5b8d5d2e8cb16c46 [2ms]
[2022-08-02T08:12:45.624Z] > git show --textconv :bluespec/RSA.bsv [7ms]
[2022-08-02T08:12:45.625Z] > git ls-files --stage -- /home/karthik/junk/6.375-rsa/bluespec/RSA.bsv [2ms]
[2022-08-02T08:12:45.633Z] > git cat-file -s 828066868a804cdaad3514c6665a007e56ab7191 [1ms]
[2022-08-02T08:14:42.531Z] > git fetch [643ms]
[2022-08-02T08:14:42.543Z] > git status -z -uall [2ms]
[2022-08-02T08:14:42.552Z] > git symbolic-ref --short HEAD [1ms]
[2022-08-02T08:14:42.560Z] > git for-each-ref --format=%(refname)%00%(upstream:short)%00%(objectname)%00%(upstream:track)%00%(upstream:remotename)%00%(upstream:remoteref) refs/heads/master refs/remotes/master [1ms]
[2022-08-02T08:14:42.573Z] > git for-each-ref --sort -committerdate --format %(refname) %(objectname) %(*objectname) [7ms]
[2022-08-02T08:14:42.573Z] > git remote --verbose [1ms]
[2022-08-02T08:14:42.584Z] > git config --get commit.template [1ms]
[2022-08-02T08:17:53.136Z] > git fetch [681ms]
[2022-08-02T08:17:53.164Z] > git status -z -uall [6ms]
[2022-08-02T08:17:53.187Z] > git symbolic-ref --short HEAD [3ms]
[2022-08-02T08:17:53.207Z] > git for-each-ref --format=%(refname)%00%(upstream:short)%00%(objectname)%00%(upstream:track)%00%(upstream:remotename)%00%(upstream:remoteref) refs/heads/master refs/remotes/master [2ms]
[2022-08-02T08:17:53.228Z] > git for-each-ref --sort -committerdate --format %(refname) %(objectname) %(*objectname) [8ms]
[2022-08-02T08:17:53.230Z] > git remote --verbose [3ms]
[2022-08-02T08:17:53.240Z] > git config --get commit.template [1ms]
[2022-08-02T08:19:10.561Z] > git check-ignore -v -z --stdin [1ms]
[2022-08-02T08:19:12.669Z] > git show --textconv :bluespec/scemi_stream/SceMiLayer.bsv [39ms]
[2022-08-02T08:19:12.671Z] > git ls-files --stage -- /home/karthik/junk/6.375-rsa/bluespec/scemi_stream/SceMiLayer.bsv [23ms]
[2022-08-02T08:19:12.694Z] > git cat-file -s 17a0820d9b8e6937e29888733463b06129f6af08 [6ms]
[2022-08-02T08:19:20.998Z] > git check-ignore -v -z --stdin [3ms]
[2022-08-02T08:19:22.484Z] > git show --textconv :bluespec/scemi_stream/sim/gentb.sh [10ms]
[2022-08-02T08:19:22.484Z] > git ls-files --stage -- /home/karthik/junk/6.375-rsa/bluespec/scemi_stream/sim/gentb.sh [1ms]
[2022-08-02T08:19:22.497Z] > git cat-file -s 46d69de3c5da56fec29d1d83a82de53815606e6a [1ms]
[2022-08-02T08:19:27.025Z] > git show --textconv :bluespec/scemi_stream/sim/sim.bspec [6ms]
[2022-08-02T08:19:27.026Z] > git ls-files --stage -- /home/karthik/junk/6.375-rsa/bluespec/scemi_stream/sim/sim.bspec [1ms]
[2022-08-02T08:19:27.032Z] > git cat-file -s adafac5251c62b62c5c6c62ef854e10a40e6d058 [1ms]
[2022-08-02T08:19:33.903Z] > git show --textconv :bluespec/scemi_stream/sim/bsim_dut [46ms]
[2022-08-02T08:19:33.906Z] > git ls-files --stage -- /home/karthik/junk/6.375-rsa/bluespec/scemi_stream/sim/bsim_dut [27ms]
[2022-08-02T08:19:33.920Z] > git cat-file -s 09805d37ba8e6aafe3d9206610cd891b73ef0498 [3ms]
[2022-08-02T08:19:45.263Z] > git show --textconv :bluespec/scemi_stream/sim/project.bld [6ms]
[2022-08-02T08:19:45.263Z] > git ls-files --stage -- /home/karthik/junk/6.375-rsa/bluespec/scemi_stream/sim/project.bld [1ms]
[2022-08-02T08:19:45.269Z] > git cat-file -s b1d85cc1098014401ad53d64e580e351b930ac61 [1ms]
[2022-08-02T08:19:46.315Z] > git show --textconv :bluespec/scemi_stream/sim/in.vmh [7ms]
[2022-08-02T08:19:46.315Z] > git ls-files --stage -- /home/karthik/junk/6.375-rsa/bluespec/scemi_stream/sim/in.vmh [1ms]
[2022-08-02T08:19:46.323Z] > git cat-file -s 90033c7c1bfc90a528cc9dde9878e738ba2550d8 [1ms]
[2022-08-02T08:19:47.799Z] > git show --textconv :bluespec/scemi_stream/sim/scemi.params [13ms]
[2022-08-02T08:19:47.800Z] > git ls-files --stage -- /home/karthik/junk/6.375-rsa/bluespec/scemi_stream/sim/scemi.params [2ms]
[2022-08-02T08:19:47.829Z] > git cat-file -s b496a4a7e60df82b9064e463d0f0fe0a8211e786 [16ms]
[2022-08-02T08:19:50.780Z] > git show --textconv :bluespec/scemi_stream/sim/sim.bspec [40ms]
[2022-08-02T08:19:50.782Z] > git ls-files --stage -- /home/karthik/junk/6.375-rsa/bluespec/scemi_stream/sim/sim.bspec [22ms]
[2022-08-02T08:19:50.796Z] > git cat-file -s adafac5251c62b62c5c6c62ef854e10a40e6d058 [3ms]
[2022-08-02T08:19:51.886Z] > git show --textconv :bluespec/scemi_stream/sim/tb_gen_cxx_includes.log [7ms]
[2022-08-02T08:19:51.886Z] > git ls-files --stage -- /home/karthik/junk/6.375-rsa/bluespec/scemi_stream/sim/tb_gen_cxx_includes.log [1ms]
[2022-08-02T08:19:51.892Z] > git cat-file -s 674b20dba694c586010c764cc73ba367be38818a [0ms]
[2022-08-02T08:19:53.204Z] > git show --textconv :bluespec/scemi_stream/Bridge.bsv [42ms]
[2022-08-02T08:19:53.207Z] > git ls-files --stage -- /home/karthik/junk/6.375-rsa/bluespec/scemi_stream/Bridge.bsv [27ms]
[2022-08-02T08:19:53.224Z] > git cat-file -s a71810095aa72dd9151f9a9b40f2b858850ea597 [4ms]
[2022-08-02T08:19:56.012Z] > git show --textconv :bluespec/scemi_stream/ResetXactor.bsv [7ms]
[2022-08-02T08:19:56.012Z] > git ls-files --stage -- /home/karthik/junk/6.375-rsa/bluespec/scemi_stream/ResetXactor.bsv [1ms]
[2022-08-02T08:19:56.020Z] > git cat-file -s 896ebfbf3ad6bfceecbc8aeedd74d0c9b5b5d805 [1ms]
[2022-08-02T08:20:07.003Z] > git show --textconv :bluespec/scemi_stream/Tb.cpp [29ms]
[2022-08-02T08:20:07.004Z] > git ls-files --stage -- /home/karthik/junk/6.375-rsa/bluespec/scemi_stream/Tb.cpp [19ms]
[2022-08-02T08:20:07.019Z] > git cat-file -s 06d75fe8d6cd53370e192f619e23147d4cbfa5d9 [3ms]
[2022-08-02T08:20:15.398Z] > git check-ignore -v -z --stdin [2ms]
[2022-08-02T08:20:16.568Z] > git show --textconv :bluespec/scemi_stream/fpga/gentb.sh [7ms]
[2022-08-02T08:20:16.569Z] > git ls-files --stage -- /home/karthik/junk/6.375-rsa/bluespec/scemi_stream/fpga/gentb.sh [1ms]
[2022-08-02T08:20:16.577Z] > git cat-file -s cc4d3a29ea56a6030010308f99630f50f74443d1 [1ms]
[2022-08-02T08:20:18.661Z] > git show --textconv :bluespec/scemi_stream/fpga/fpga.bspec [18ms]
[2022-08-02T08:20:18.676Z] > git ls-files --stage -- /home/karthik/junk/6.375-rsa/bluespec/scemi_stream/fpga/fpga.bspec [16ms]
[2022-08-02T08:20:18.687Z] > git cat-file -s 687f9ebe02c8122ff28ee3c53642315d109b55fc [2ms]
[2022-08-02T08:20:19.372Z] > git show --textconv :bluespec/scemi_stream/fpga/bluespec_init.tcl [23ms]
[2022-08-02T08:20:19.400Z] > git ls-files --stage -- /home/karthik/junk/6.375-rsa/bluespec/scemi_stream/fpga/bluespec_init.tcl [29ms]
[2022-08-02T08:20:19.422Z] > git cat-file -s c04f9a7e8dd0f96ea4b040d8287f88cf56b3f0f4 [5ms]
[2022-08-02T08:20:23.569Z] > git show --textconv :bluespec/scemi_stream/sim/gentb.sh [6ms]
[2022-08-02T08:20:23.570Z] > git ls-files --stage -- /home/karthik/junk/6.375-rsa/bluespec/scemi_stream/sim/gentb.sh [1ms]
[2022-08-02T08:20:23.576Z] > git cat-file -s 46d69de3c5da56fec29d1d83a82de53815606e6a [1ms]
[2022-08-02T08:20:28.649Z] > git show --textconv :bluespec/scemi_stream/Tb.cpp [13ms]
[2022-08-02T08:20:28.649Z] > git ls-files --stage -- /home/karthik/junk/6.375-rsa/bluespec/scemi_stream/Tb.cpp [2ms]
[2022-08-02T08:20:28.665Z] > git cat-file -s 06d75fe8d6cd53370e192f619e23147d4cbfa5d9 [5ms]
[2022-08-02T08:20:29.918Z] > git show --textconv :bluespec/scemi_stream/Tb_rsa.cpp [10ms]
[2022-08-02T08:20:29.919Z] > git ls-files --stage -- /home/karthik/junk/6.375-rsa/bluespec/scemi_stream/Tb_rsa.cpp [1ms]
[2022-08-02T08:20:29.925Z] > git cat-file -s dbad187c0b619dab87053cace3a765a83c53c3c3 [1ms]
[2022-08-02T08:20:53.859Z] > git fetch [608ms]
[2022-08-02T08:20:53.884Z] > git status -z -uall [5ms]
[2022-08-02T08:20:53.908Z] > git symbolic-ref --short HEAD [3ms]
[2022-08-02T08:20:53.926Z] > git for-each-ref --format=%(refname)%00%(upstream:short)%00%(objectname)%00%(upstream:track)%00%(upstream:remotename)%00%(upstream:remoteref) refs/heads/master refs/remotes/master [2ms]
[2022-08-02T08:20:53.948Z] > git for-each-ref --sort -committerdate --format %(refname) %(objectname) %(*objectname) [9ms]
[2022-08-02T08:20:53.949Z] > git remote --verbose [1ms]
[2022-08-02T08:20:53.962Z] > git config --get commit.template [1ms]
[2022-08-02T08:23:12.148Z] > git ls-files --stage -- /home/karthik/junk/6.375-rsa/reports/final_report/mkBridge.srp [14ms]
[2022-08-02T08:23:12.165Z] > git cat-file -s 864c1ef08eeb7a1678198cc1da9f22b1176c6fb9 [7ms]
[2022-08-02T08:23:12.167Z] > git show --textconv :reports/final_report/mkBridge.srp [42ms]
[2022-08-02T08:23:15.329Z] > git show --textconv :reports/final_report/mkBridge.twr [17ms]
[2022-08-02T08:23:15.336Z] > git ls-files --stage -- /home/karthik/junk/6.375-rsa/reports/final_report/mkBridge.twr [17ms]
[2022-08-02T08:23:15.348Z] > git cat-file -s ee732aab9cbdb7ba5bbf77a05665443cc9091ca6 [1ms]
[2022-08-02T08:23:22.479Z] > git check-ignore -v -z --stdin [2ms]
[2022-08-02T08:23:28.857Z] > git check-ignore -v -z --stdin [3ms]
[2022-08-02T08:23:54.604Z] > git fetch [631ms]
[2022-08-02T08:23:54.627Z] > git status -z -uall [5ms]
[2022-08-02T08:23:54.648Z] > git symbolic-ref --short HEAD [3ms]
[2022-08-02T08:23:54.669Z] > git for-each-ref --format=%(refname)%00%(upstream:short)%00%(objectname)%00%(upstream:track)%00%(upstream:remotename)%00%(upstream:remoteref) refs/heads/master refs/remotes/master [4ms]
[2022-08-02T08:23:54.703Z] > git for-each-ref --sort -committerdate --format %(refname) %(objectname) %(*objectname) [17ms]
[2022-08-02T08:23:54.704Z] > git remote --verbose [3ms]
[2022-08-02T08:23:54.720Z] > git config --get commit.template [1ms]
[2022-08-02T08:26:55.564Z] > git fetch [833ms]
[2022-08-02T08:26:55.572Z] > git status -z -uall [1ms]
[2022-08-02T08:26:55.578Z] > git symbolic-ref --short HEAD [1ms]
[2022-08-02T08:26:55.584Z] > git for-each-ref --format=%(refname)%00%(upstream:short)%00%(objectname)%00%(upstream:track)%00%(upstream:remotename)%00%(upstream:remoteref) refs/heads/master refs/remotes/master [1ms]
[2022-08-02T08:26:55.594Z] > git for-each-ref --sort -committerdate --format %(refname) %(objectname) %(*objectname) [5ms]
[2022-08-02T08:26:55.594Z] > git remote --verbose [1ms]
[2022-08-02T08:26:55.602Z] > git config --get commit.template [1ms]
[2022-08-02T08:26:56.626Z] > git status -z -uall [1ms]
[2022-08-02T08:26:56.633Z] > git symbolic-ref --short HEAD [1ms]
[2022-08-02T08:26:56.640Z] > git for-each-ref --format=%(refname)%00%(upstream:short)%00%(objectname)%00%(upstream:track)%00%(upstream:remotename)%00%(upstream:remoteref) refs/heads/master refs/remotes/master [1ms]
[2022-08-02T08:26:56.650Z] > git for-each-ref --sort -committerdate --format %(refname) %(objectname) %(*objectname) [5ms]
[2022-08-02T08:26:56.651Z] > git remote --verbose [1ms]
[2022-08-02T08:26:56.659Z] > git config --get commit.template [0ms]
[2022-08-02T08:27:58.522Z] > git show --textconv :bluespec/ModExpt.bsv [7ms]
[2022-08-02T08:27:58.522Z] > git ls-files --stage -- /home/karthik/junk/6.375-rsa/bluespec/ModExpt.bsv [1ms]
[2022-08-02T08:27:58.533Z] > git cat-file -s b22dd87d35cf70ed17f54a75a0c258a618873981 [2ms]
[2022-08-02T08:28:14.125Z] > git show --textconv :bluespec/RSAPipelineTypes.bsv [6ms]
[2022-08-02T08:28:14.125Z] > git ls-files --stage -- /home/karthik/junk/6.375-rsa/bluespec/RSAPipelineTypes.bsv [1ms]
[2022-08-02T08:28:14.132Z] > git cat-file -s 1db85a4f9f2bd66c38cd3601536ac2282baf474c [1ms]
[2022-08-02T08:28:36.884Z] > git show --textconv :bluespec/PipelineAdder.bsv [7ms]
[2022-08-02T08:28:36.884Z] > git ls-files --stage -- /home/karthik/junk/6.375-rsa/bluespec/PipelineAdder.bsv [1ms]
[2022-08-02T08:28:36.894Z] > git cat-file -s d44a060df9488af3765b0def4702fff04fc69aed [1ms]
[2022-08-02T08:28:37.871Z] > git show --textconv :bluespec/RSA.bsv [13ms]
[2022-08-02T08:28:37.873Z] > git ls-files --stage -- /home/karthik/junk/6.375-rsa/bluespec/RSA.bsv [9ms]
[2022-08-02T08:28:37.883Z] > git cat-file -s 828066868a804cdaad3514c6665a007e56ab7191 [2ms]
[2022-08-02T08:28:38.778Z] > git show --textconv :bluespec/RSAPipelineTypes.bsv [12ms]
[2022-08-02T08:28:38.779Z] > git ls-files --stage -- /home/karthik/junk/6.375-rsa/bluespec/RSAPipelineTypes.bsv [8ms]
[2022-08-02T08:28:38.787Z] > git cat-file -s 1db85a4f9f2bd66c38cd3601536ac2282baf474c [2ms]
[2022-08-02T08:30:49.188Z] > git fetch [641ms]
[2022-08-02T08:30:49.196Z] > git status -z -uall [1ms]
[2022-08-02T08:30:49.201Z] > git symbolic-ref --short HEAD [0ms]
[2022-08-02T08:30:49.207Z] > git for-each-ref --format=%(refname)%00%(upstream:short)%00%(objectname)%00%(upstream:track)%00%(upstream:remotename)%00%(upstream:remoteref) refs/heads/master refs/remotes/master [1ms]
[2022-08-02T08:30:49.217Z] > git for-each-ref --sort -committerdate --format %(refname) %(objectname) %(*objectname) [5ms]
[2022-08-02T08:30:49.217Z] > git remote --verbose [1ms]
[2022-08-02T08:30:49.225Z] > git config --get commit.template [1ms]
[2022-08-02T08:30:50.247Z] > git status -z -uall [1ms]
[2022-08-02T08:30:50.254Z] > git symbolic-ref --short HEAD [1ms]
[2022-08-02T08:30:50.266Z] > git for-each-ref --format=%(refname)%00%(upstream:short)%00%(objectname)%00%(upstream:track)%00%(upstream:remotename)%00%(upstream:remoteref) refs/heads/master refs/remotes/master [1ms]
[2022-08-02T08:30:50.289Z] > git for-each-ref --sort -committerdate --format %(refname) %(objectname) %(*objectname) [12ms]
[2022-08-02T08:30:50.290Z] > git remote --verbose [2ms]
[2022-08-02T08:30:50.304Z] > git config --get commit.template [1ms]
[2022-08-02T08:30:50.349Z] > git ls-files --stage -- /home/karthik/junk/6.375-rsa/bluespec/RSAPipelineTypes.bsv [1ms]
[2022-08-02T08:30:50.356Z] > git cat-file -s 1db85a4f9f2bd66c38cd3601536ac2282baf474c [0ms]
[2022-08-02T08:30:50.368Z] > git show --textconv :bluespec/RSAPipelineTypes.bsv [1ms]
[2022-08-02T08:33:57.251Z] > git fetch [611ms]
[2022-08-02T08:33:57.269Z] > git status -z -uall [1ms]
[2022-08-02T08:33:57.278Z] > git symbolic-ref --short HEAD [1ms]
[2022-08-02T08:33:57.291Z] > git for-each-ref --format=%(refname)%00%(upstream:short)%00%(objectname)%00%(upstream:track)%00%(upstream:remotename)%00%(upstream:remoteref) refs/heads/master refs/remotes/master [2ms]
[2022-08-02T08:33:57.313Z] > git for-each-ref --sort -committerdate --format %(refname) %(objectname) %(*objectname) [14ms]
[2022-08-02T08:33:57.314Z] > git remote --verbose [3ms]
[2022-08-02T08:33:57.327Z] > git config --get commit.template [1ms]
[2022-08-02T08:34:13.530Z] > git ls-files --stage -- /home/karthik/junk/6.375-rsa/bluespec/RSAPipelineTypes.bsv [1ms]
[2022-08-02T08:34:13.538Z] > git cat-file -s 1db85a4f9f2bd66c38cd3601536ac2282baf474c [1ms]
[2022-08-02T08:34:13.567Z] > git show --textconv :bluespec/RSAPipelineTypes.bsv [1ms]
[2022-08-02T08:34:19.239Z] > git show --textconv :bluespec/ModExpt.bsv [7ms]
[2022-08-02T08:34:19.240Z] > git ls-files --stage -- /home/karthik/junk/6.375-rsa/bluespec/ModExpt.bsv [1ms]
[2022-08-02T08:34:19.252Z] > git cat-file -s b22dd87d35cf70ed17f54a75a0c258a618873981 [7ms]
[2022-08-02T08:35:10.830Z] > git show --textconv :bluespec/ModMultIlvd.bsv [14ms]
[2022-08-02T08:35:10.831Z] > git ls-files --stage -- /home/karthik/junk/6.375-rsa/bluespec/ModMultIlvd.bsv [2ms]
[2022-08-02T08:35:10.857Z] > git cat-file -s e8b8e90d708acbbc7ca926e7bd48759dec78430f [18ms]
[2022-08-02T08:37:03.775Z] > git ls-files --stage -- /home/karthik/junk/6.375-rsa/bluespec/ModMultIlvd.bsv [3ms]
[2022-08-02T08:37:03.798Z] > git cat-file -s e8b8e90d708acbbc7ca926e7bd48759dec78430f [3ms]
[2022-08-02T08:37:03.821Z] > git show --textconv :bluespec/ModMultIlvd.bsv [2ms]
[2022-08-02T08:37:04.337Z] > git fetch [1747ms]
[2022-08-02T08:37:04.348Z] > git status -z -uall [2ms]
[2022-08-02T08:37:04.354Z] > git symbolic-ref --short HEAD [1ms]
[2022-08-02T08:37:04.360Z] > git for-each-ref --format=%(refname)%00%(upstream:short)%00%(objectname)%00%(upstream:track)%00%(upstream:remotename)%00%(upstream:remoteref) refs/heads/master refs/remotes/master [1ms]
[2022-08-02T08:37:04.371Z] > git for-each-ref --sort -committerdate --format %(refname) %(objectname) %(*objectname) [5ms]
[2022-08-02T08:37:04.371Z] > git remote --verbose [1ms]
[2022-08-02T08:37:04.380Z] > git config --get commit.template [1ms]
[2022-08-02T08:37:05.496Z] > git ls-files --stage -- /home/karthik/junk/6.375-rsa/bluespec/ModMultIlvd.bsv [1ms]
[2022-08-02T08:37:05.510Z] > git cat-file -s e8b8e90d708acbbc7ca926e7bd48759dec78430f [1ms]
[2022-08-02T08:37:05.532Z] > git show --textconv :bluespec/ModMultIlvd.bsv [3ms]
[2022-08-02T08:37:09.899Z] > git show --textconv :bluespec/ModExpt.bsv [6ms]
[2022-08-02T08:37:09.900Z] > git ls-files --stage -- /home/karthik/junk/6.375-rsa/bluespec/ModExpt.bsv [1ms]
[2022-08-02T08:37:09.917Z] > git cat-file -s b22dd87d35cf70ed17f54a75a0c258a618873981 [9ms]
[2022-08-02T08:37:33.875Z] > git show --textconv :bluespec/TB.bsv [8ms]
[2022-08-02T08:37:33.877Z] > git ls-files --stage -- /home/karthik/junk/6.375-rsa/bluespec/TB.bsv [2ms]
[2022-08-02T08:37:34.170Z] > git check-ignore -v -z --stdin [1ms]
[2022-08-02T08:37:34.698Z] > git status -z -uall [2ms]
[2022-08-02T08:37:34.710Z] > git symbolic-ref --short HEAD [1ms]
[2022-08-02T08:37:34.720Z] > git for-each-ref --format=%(refname)%00%(upstream:short)%00%(objectname)%00%(upstream:track)%00%(upstream:remotename)%00%(upstream:remoteref) refs/heads/master refs/remotes/master [1ms]
[2022-08-02T08:37:34.743Z] > git for-each-ref --sort -committerdate --format %(refname) %(objectname) %(*objectname) [14ms]
[2022-08-02T08:37:34.744Z] > git remote --verbose [3ms]
[2022-08-02T08:37:34.754Z] > git config --get commit.template [1ms]
[2022-08-02T08:38:04.572Z] > git show --textconv :bluespec/ModExpt.bsv [6ms]
[2022-08-02T08:38:04.573Z] > git ls-files --stage -- /home/karthik/junk/6.375-rsa/bluespec/ModExpt.bsv [1ms]
[2022-08-02T08:38:04.579Z] > git cat-file -s b22dd87d35cf70ed17f54a75a0c258a618873981 [1ms]
[2022-08-02T08:38:10.083Z] > git show --textconv :bluespec/TB.bsv [8ms]
[2022-08-02T08:38:10.084Z] > git ls-files --stage -- /home/karthik/junk/6.375-rsa/bluespec/TB.bsv [1ms]
[2022-08-02T08:38:11.223Z] > git show --textconv :bluespec/ModExpt.bsv [8ms]
[2022-08-02T08:38:11.223Z] > git ls-files --stage -- /home/karthik/junk/6.375-rsa/bluespec/ModExpt.bsv [1ms]
[2022-08-02T08:38:11.236Z] > git cat-file -s b22dd87d35cf70ed17f54a75a0c258a618873981 [1ms]
[2022-08-02T08:38:12.945Z] > git show --textconv :bluespec/RSA.bsv [8ms]
[2022-08-02T08:38:12.945Z] > git ls-files --stage -- /home/karthik/junk/6.375-rsa/bluespec/RSA.bsv [2ms]
[2022-08-02T08:38:12.956Z] > git cat-file -s 828066868a804cdaad3514c6665a007e56ab7191 [2ms]
[2022-08-02T08:38:15.167Z] > git show --textconv :bluespec/TB.bsv [12ms]
[2022-08-02T08:38:15.167Z] > git ls-files --stage -- /home/karthik/junk/6.375-rsa/bluespec/TB.bsv [2ms]
[2022-08-02T08:38:26.958Z] > git status -z -uall [3ms]
[2022-08-02T08:38:26.974Z] > git symbolic-ref --short HEAD [1ms]
[2022-08-02T08:38:26.983Z] > git for-each-ref --format=%(refname)%00%(upstream:short)%00%(objectname)%00%(upstream:track)%00%(upstream:remotename)%00%(upstream:remoteref) refs/heads/master refs/remotes/master [1ms]
[2022-08-02T08:38:26.996Z] > git for-each-ref --sort -committerdate --format %(refname) %(objectname) %(*objectname) [6ms]
[2022-08-02T08:38:26.996Z] > git remote --verbose [1ms]
[2022-08-02T08:38:27.004Z] > git config --get commit.template [1ms]
[2022-08-02T08:38:28.882Z] > git show --textconv :bluespec/RSA.bsv [11ms]
[2022-08-02T08:38:28.883Z] > git ls-files --stage -- /home/karthik/junk/6.375-rsa/bluespec/RSA.bsv [1ms]
[2022-08-02T08:38:28.894Z] > git cat-file -s 828066868a804cdaad3514c6665a007e56ab7191 [1ms]
[2022-08-02T08:38:30.664Z] > git show --textconv :bluespec/ModExpt.bsv [48ms]
[2022-08-02T08:38:30.666Z] > git ls-files --stage -- /home/karthik/junk/6.375-rsa/bluespec/ModExpt.bsv [27ms]
[2022-08-02T08:38:30.682Z] > git cat-file -s b22dd87d35cf70ed17f54a75a0c258a618873981 [3ms]
[2022-08-02T08:38:38.626Z] > git show --textconv :bluespec/RSA.bsv [17ms]
[2022-08-02T08:38:38.626Z] > git ls-files --stage -- /home/karthik/junk/6.375-rsa/bluespec/RSA.bsv [9ms]
[2022-08-02T08:38:38.637Z] > git cat-file -s 828066868a804cdaad3514c6665a007e56ab7191 [2ms]
[2022-08-02T08:38:50.850Z] > git show --textconv :bluespec/TB.bsv [12ms]
[2022-08-02T08:38:50.851Z] > git ls-files --stage -- /home/karthik/junk/6.375-rsa/bluespec/TB.bsv [2ms]
[2022-08-02T08:38:53.550Z] > git status -z -uall [1ms]
[2022-08-02T08:38:53.558Z] > git symbolic-ref --short HEAD [1ms]
[2022-08-02T08:38:53.566Z] > git for-each-ref --format=%(refname)%00%(upstream:short)%00%(objectname)%00%(upstream:track)%00%(upstream:remotename)%00%(upstream:remoteref) refs/heads/master refs/remotes/master [1ms]
[2022-08-02T08:38:53.579Z] > git for-each-ref --sort -committerdate --format %(refname) %(objectname) %(*objectname) [6ms]
[2022-08-02T08:38:53.579Z] > git remote --verbose [1ms]
[2022-08-02T08:38:53.589Z] > git config --get commit.template [1ms]
[2022-08-02T08:39:14.940Z] > git status -z -uall [3ms]
[2022-08-02T08:39:14.952Z] > git symbolic-ref --short HEAD [1ms]
[2022-08-02T08:39:14.969Z] > git for-each-ref --format=%(refname)%00%(upstream:short)%00%(objectname)%00%(upstream:track)%00%(upstream:remotename)%00%(upstream:remoteref) refs/heads/master refs/remotes/master [2ms]
[2022-08-02T08:39:14.997Z] > git for-each-ref --sort -committerdate --format %(refname) %(objectname) %(*objectname) [18ms]
[2022-08-02T08:39:14.997Z] > git remote --verbose [1ms]
[2022-08-02T08:39:15.011Z] > git config --get commit.template [2ms]
[2022-08-02T08:39:20.353Z] > git status -z -uall [1ms]
[2022-08-02T08:39:20.360Z] > git symbolic-ref --short HEAD [0ms]
[2022-08-02T08:39:20.367Z] > git for-each-ref --format=%(refname)%00%(upstream:short)%00%(objectname)%00%(upstream:track)%00%(upstream:remotename)%00%(upstream:remoteref) refs/heads/master refs/remotes/master [1ms]
[2022-08-02T08:39:20.378Z] > git for-each-ref --sort -committerdate --format %(refname) %(objectname) %(*objectname) [6ms]
[2022-08-02T08:39:20.378Z] > git remote --verbose [1ms]
[2022-08-02T08:39:20.387Z] > git config --get commit.template [1ms]
[2022-08-02T08:39:24.789Z] > git show --textconv :bluespec/RSA.bsv [19ms]
[2022-08-02T08:39:24.791Z] > git ls-files --stage -- /home/karthik/junk/6.375-rsa/bluespec/RSA.bsv [3ms]
[2022-08-02T08:39:24.810Z] > git cat-file -s 828066868a804cdaad3514c6665a007e56ab7191 [2ms]
[2022-08-02T08:39:29.392Z] > git show --textconv :bluespec/TB.bsv [22ms]
[2022-08-02T08:39:29.394Z] > git ls-files --stage -- /home/karthik/junk/6.375-rsa/bluespec/TB.bsv [3ms]
[2022-08-02T08:39:33.052Z] > git show --textconv :bluespec/RSA.bsv [15ms]
[2022-08-02T08:39:33.053Z] > git ls-files --stage -- /home/karthik/junk/6.375-rsa/bluespec/RSA.bsv [1ms]
[2022-08-02T08:39:33.062Z] > git cat-file -s 828066868a804cdaad3514c6665a007e56ab7191 [1ms]
[2022-08-02T08:39:34.283Z] > git show --textconv :bluespec/ModMultIlvd.bsv [14ms]
[2022-08-02T08:39:34.284Z] > git ls-files --stage -- /home/karthik/junk/6.375-rsa/bluespec/ModMultIlvd.bsv [8ms]
[2022-08-02T08:39:34.293Z] > git cat-file -s e8b8e90d708acbbc7ca926e7bd48759dec78430f [2ms]
[2022-08-02T08:39:34.922Z] > git show --textconv :bluespec/ModExpt.bsv [21ms]
[2022-08-02T08:39:34.926Z] > git ls-files --stage -- /home/karthik/junk/6.375-rsa/bluespec/ModExpt.bsv [6ms]
[2022-08-02T08:39:34.940Z] > git cat-file -s b22dd87d35cf70ed17f54a75a0c258a618873981 [1ms]
[2022-08-02T08:39:40.643Z] > git show --textconv :bluespec/TB.bsv [10ms]
[2022-08-02T08:39:40.643Z] > git ls-files --stage -- /home/karthik/junk/6.375-rsa/bluespec/TB.bsv [1ms]
[2022-08-02T08:40:02.588Z] > git status -z -uall [4ms]
[2022-08-02T08:40:02.601Z] > git symbolic-ref --short HEAD [1ms]
[2022-08-02T08:40:02.614Z] > git for-each-ref --format=%(refname)%00%(upstream:short)%00%(objectname)%00%(upstream:track)%00%(upstream:remotename)%00%(upstream:remoteref) refs/heads/master refs/remotes/master [1ms]
[2022-08-02T08:40:02.627Z] > git for-each-ref --sort -committerdate --format %(refname) %(objectname) %(*objectname) [6ms]
[2022-08-02T08:40:02.627Z] > git remote --verbose [1ms]
[2022-08-02T08:40:02.635Z] > git config --get commit.template [0ms]
[2022-08-02T08:40:05.003Z] > git fetch [614ms]
[2022-08-02T08:40:05.019Z] > git status -z -uall [2ms]
[2022-08-02T08:40:05.029Z] > git symbolic-ref --short HEAD [1ms]
[2022-08-02T08:40:05.036Z] > git for-each-ref --format=%(refname)%00%(upstream:short)%00%(objectname)%00%(upstream:track)%00%(upstream:remotename)%00%(upstream:remoteref) refs/heads/master refs/remotes/master [1ms]
[2022-08-02T08:40:05.054Z] > git for-each-ref --sort -committerdate --format %(refname) %(objectname) %(*objectname) [10ms]
[2022-08-02T08:40:05.054Z] > git remote --verbose [2ms]
[2022-08-02T08:40:05.064Z] > git config --get commit.template [1ms]
[2022-08-02T08:40:06.182Z] > git ls-files --stage -- /home/karthik/junk/6.375-rsa/bluespec/TB.bsv [3ms]
[2022-08-02T08:40:06.203Z] > git show --textconv :bluespec/TB.bsv [1ms]
[2022-08-02T08:40:11.498Z] > git status -z -uall [5ms]
[2022-08-02T08:40:11.522Z] > git symbolic-ref --short HEAD [3ms]
[2022-08-02T08:40:11.546Z] > git for-each-ref --format=%(refname)%00%(upstream:short)%00%(objectname)%00%(upstream:track)%00%(upstream:remotename)%00%(upstream:remoteref) refs/heads/master refs/remotes/master [4ms]
[2022-08-02T08:40:11.574Z] > git for-each-ref --sort -committerdate --format %(refname) %(objectname) %(*objectname) [11ms]
[2022-08-02T08:40:11.574Z] > git remote --verbose [1ms]
[2022-08-02T08:40:11.584Z] > git config --get commit.template [1ms]
[2022-08-02T08:40:16.596Z] > git status -z -uall [2ms]
[2022-08-02T08:40:16.605Z] > git symbolic-ref --short HEAD [1ms]
[2022-08-02T08:40:16.614Z] > git for-each-ref --format=%(refname)%00%(upstream:short)%00%(objectname)%00%(upstream:track)%00%(upstream:remotename)%00%(upstream:remoteref) refs/heads/master refs/remotes/master [1ms]
[2022-08-02T08:40:16.628Z] > git for-each-ref --sort -committerdate --format %(refname) %(objectname) %(*objectname) [7ms]
[2022-08-02T08:40:16.629Z] > git remote --verbose [1ms]
[2022-08-02T08:40:16.638Z] > git config --get commit.template [1ms]
[2022-08-02T08:40:53.023Z] > git status -z -uall [6ms]
[2022-08-02T08:40:53.048Z] > git symbolic-ref --short HEAD [3ms]
[2022-08-02T08:40:53.066Z] > git for-each-ref --format=%(refname)%00%(upstream:short)%00%(objectname)%00%(upstream:track)%00%(upstream:remotename)%00%(upstream:remoteref) refs/heads/master refs/remotes/master [1ms]
[2022-08-02T08:40:53.084Z] > git for-each-ref --sort -committerdate --format %(refname) %(objectname) %(*objectname) [8ms]
[2022-08-02T08:40:53.084Z] > git remote --verbose [2ms]
[2022-08-02T08:40:53.093Z] > git config --get commit.template [1ms]
[2022-08-02T08:41:13.136Z] > git status -z -uall [2ms]
[2022-08-02T08:41:13.146Z] > git symbolic-ref --short HEAD [1ms]
[2022-08-02T08:41:13.157Z] > git for-each-ref --format=%(refname)%00%(upstream:short)%00%(objectname)%00%(upstream:track)%00%(upstream:remotename)%00%(upstream:remoteref) refs/heads/master refs/remotes/master [2ms]
[2022-08-02T08:41:13.181Z] > git for-each-ref --sort -committerdate --format %(refname) %(objectname) %(*objectname) [12ms]
[2022-08-02T08:41:13.181Z] > git remote --verbose [2ms]
[2022-08-02T08:41:13.201Z] > git config --get commit.template [1ms]
[2022-08-02T08:41:24.007Z] > git status -z -uall [2ms]
[2022-08-02T08:41:24.019Z] > git symbolic-ref --short HEAD [1ms]
[2022-08-02T08:41:24.027Z] > git for-each-ref --format=%(refname)%00%(upstream:short)%00%(objectname)%00%(upstream:track)%00%(upstream:remotename)%00%(upstream:remoteref) refs/heads/master refs/remotes/master [1ms]
[2022-08-02T08:41:24.041Z] > git for-each-ref --sort -committerdate --format %(refname) %(objectname) %(*objectname) [7ms]
[2022-08-02T08:41:24.041Z] > git remote --verbose [1ms]
[2022-08-02T08:41:24.051Z] > git config --get commit.template [1ms]
[2022-08-02T08:41:31.113Z] > git show --textconv :bluespec/ModExpt.bsv [7ms]
[2022-08-02T08:41:31.113Z] > git ls-files --stage -- /home/karthik/junk/6.375-rsa/bluespec/ModExpt.bsv [1ms]
[2022-08-02T08:41:31.119Z] > git cat-file -s b22dd87d35cf70ed17f54a75a0c258a618873981 [1ms]
[2022-08-02T08:41:36.418Z] > git show --textconv :bluespec/TB.bsv [8ms]
[2022-08-02T08:41:36.419Z] > git ls-files --stage -- /home/karthik/junk/6.375-rsa/bluespec/TB.bsv [2ms]
[2022-08-02T08:41:42.424Z] > git show --textconv :bluespec/ModExpt.bsv [7ms]
[2022-08-02T08:41:42.424Z] > git ls-files --stage -- /home/karthik/junk/6.375-rsa/bluespec/ModExpt.bsv [0ms]
[2022-08-02T08:41:42.431Z] > git cat-file -s b22dd87d35cf70ed17f54a75a0c258a618873981 [1ms]
[2022-08-02T08:41:49.397Z] > git show --textconv :bluespec/TB.bsv [20ms]
[2022-08-02T08:41:49.398Z] > git ls-files --stage -- /home/karthik/junk/6.375-rsa/bluespec/TB.bsv [2ms]
[2022-08-02T08:42:02.673Z] > git show --textconv :bluespec/ModExpt.bsv [8ms]
[2022-08-02T08:42:02.674Z] > git ls-files --stage -- /home/karthik/junk/6.375-rsa/bluespec/ModExpt.bsv [1ms]
[2022-08-02T08:42:02.681Z] > git cat-file -s b22dd87d35cf70ed17f54a75a0c258a618873981 [1ms]
[2022-08-02T08:42:09.396Z] > git show --textconv :bluespec/TB.bsv [26ms]
[2022-08-02T08:42:09.397Z] > git ls-files --stage -- /home/karthik/junk/6.375-rsa/bluespec/TB.bsv [2ms]
[2022-08-02T08:42:15.619Z] > git status -z -uall [4ms]
[2022-08-02T08:42:15.636Z] > git symbolic-ref --short HEAD [1ms]
[2022-08-02T08:42:15.648Z] > git for-each-ref --format=%(refname)%00%(upstream:short)%00%(objectname)%00%(upstream:track)%00%(upstream:remotename)%00%(upstream:remoteref) refs/heads/master refs/remotes/master [1ms]
[2022-08-02T08:42:15.666Z] > git for-each-ref --sort -committerdate --format %(refname) %(objectname) %(*objectname) [9ms]
[2022-08-02T08:42:15.666Z] > git remote --verbose [1ms]
[2022-08-02T08:42:15.677Z] > git config --get commit.template [1ms]
[2022-08-02T08:42:18.051Z] > git show --textconv :bluespec/ModExpt.bsv [7ms]
[2022-08-02T08:42:18.052Z] > git ls-files --stage -- /home/karthik/junk/6.375-rsa/bluespec/ModExpt.bsv [1ms]
[2022-08-02T08:42:18.059Z] > git cat-file -s b22dd87d35cf70ed17f54a75a0c258a618873981 [1ms]
[2022-08-02T08:42:25.136Z] > git show --textconv :bluespec/TB.bsv [20ms]
[2022-08-02T08:42:25.137Z] > git ls-files --stage -- /home/karthik/junk/6.375-rsa/bluespec/TB.bsv [1ms]
[2022-08-02T08:42:32.953Z] > git show --textconv :bluespec/RSAPipelineTypes.bsv [8ms]
[2022-08-02T08:42:32.953Z] > git ls-files --stage -- /home/karthik/junk/6.375-rsa/bluespec/RSAPipelineTypes.bsv [0ms]
[2022-08-02T08:42:32.968Z] > git cat-file -s 1db85a4f9f2bd66c38cd3601536ac2282baf474c [8ms]
[2022-08-02T08:42:41.362Z] > git show --textconv :bluespec/TB.bsv [9ms]
[2022-08-02T08:42:41.363Z] > git ls-files --stage -- /home/karthik/junk/6.375-rsa/bluespec/TB.bsv [2ms]
[2022-08-02T08:43:42.481Z] > git fetch [630ms]
[2022-08-02T08:43:42.508Z] > git status -z -uall [5ms]
[2022-08-02T08:43:42.535Z] > git symbolic-ref --short HEAD [4ms]
[2022-08-02T08:43:42.550Z] > git for-each-ref --format=%(refname)%00%(upstream:short)%00%(objectname)%00%(upstream:track)%00%(upstream:remotename)%00%(upstream:remoteref) refs/heads/master refs/remotes/master [1ms]
[2022-08-02T08:43:42.564Z] > git for-each-ref --sort -committerdate --format %(refname) %(objectname) %(*objectname) [7ms]
[2022-08-02T08:43:42.564Z] > git remote --verbose [1ms]
[2022-08-02T08:43:42.574Z] > git config --get commit.template [1ms]
[2022-08-02T08:43:43.660Z] > git ls-files --stage -- /home/karthik/junk/6.375-rsa/bluespec/TB.bsv [1ms]
[2022-08-02T08:43:43.670Z] > git show --textconv :bluespec/TB.bsv [1ms]
[2022-08-02T08:44:02.411Z] > git status -z -uall [1ms]
[2022-08-02T08:44:02.423Z] > git symbolic-ref --short HEAD [1ms]
[2022-08-02T08:44:02.433Z] > git for-each-ref --format=%(refname)%00%(upstream:short)%00%(objectname)%00%(upstream:track)%00%(upstream:remotename)%00%(upstream:remoteref) refs/heads/master refs/remotes/master [1ms]
[2022-08-02T08:44:02.446Z] > git for-each-ref --sort -committerdate --format %(refname) %(objectname) %(*objectname) [6ms]
[2022-08-02T08:44:02.447Z] > git remote --verbose [1ms]
[2022-08-02T08:44:02.460Z] > git config --get commit.template [1ms]
[2022-08-02T08:44:08.300Z] > git show --textconv :bluespec/RSAPipelineTypes.bsv [26ms]
[2022-08-02T08:44:08.301Z] > git ls-files --stage -- /home/karthik/junk/6.375-rsa/bluespec/RSAPipelineTypes.bsv [2ms]
[2022-08-02T08:44:08.326Z] > git cat-file -s 1db85a4f9f2bd66c38cd3601536ac2282baf474c [2ms]
[2022-08-02T08:44:11.167Z] > git show --textconv :bluespec/ModExpt.bsv [24ms]
[2022-08-02T08:44:11.168Z] > git ls-files --stage -- /home/karthik/junk/6.375-rsa/bluespec/ModExpt.bsv [11ms]
[2022-08-02T08:44:11.180Z] > git cat-file -s b22dd87d35cf70ed17f54a75a0c258a618873981 [2ms]
[2022-08-02T08:44:15.070Z] > git status -z -uall [4ms]
[2022-08-02T08:44:15.084Z] > git symbolic-ref --short HEAD [1ms]
[2022-08-02T08:44:15.094Z] > git for-each-ref --format=%(refname)%00%(upstream:short)%00%(objectname)%00%(upstream:track)%00%(upstream:remotename)%00%(upstream:remoteref) refs/heads/master refs/remotes/master [2ms]
[2022-08-02T08:44:15.126Z] > git for-each-ref --sort -committerdate --format %(refname) %(objectname) %(*objectname) [14ms]
[2022-08-02T08:44:15.126Z] > git remote --verbose [1ms]
[2022-08-02T08:44:15.139Z] > git config --get commit.template [1ms]
[2022-08-02T08:44:16.452Z] > git show --textconv :bluespec/TB.bsv [7ms]
[2022-08-02T08:44:16.452Z] > git ls-files --stage -- /home/karthik/junk/6.375-rsa/bluespec/TB.bsv [0ms]
[2022-08-02T08:44:20.153Z] > git status -z -uall [1ms]
[2022-08-02T08:44:20.163Z] > git symbolic-ref --short HEAD [1ms]
[2022-08-02T08:44:20.174Z] > git for-each-ref --format=%(refname)%00%(upstream:short)%00%(objectname)%00%(upstream:track)%00%(upstream:remotename)%00%(upstream:remoteref) refs/heads/master refs/remotes/master [2ms]
[2022-08-02T08:44:20.188Z] > git for-each-ref --sort -committerdate --format %(refname) %(objectname) %(*objectname) [6ms]
[2022-08-02T08:44:20.188Z] > git remote --verbose [0ms]
[2022-08-02T08:44:20.199Z] > git config --get commit.template [2ms]
[2022-08-02T08:44:48.818Z] > git status -z -uall [5ms]
[2022-08-02T08:44:48.841Z] > git symbolic-ref --short HEAD [2ms]
[2022-08-02T08:44:48.863Z] > git for-each-ref --format=%(refname)%00%(upstream:short)%00%(objectname)%00%(upstream:track)%00%(upstream:remotename)%00%(upstream:remoteref) refs/heads/master refs/remotes/master [3ms]
[2022-08-02T08:44:48.900Z] > git for-each-ref --sort -committerdate --format %(refname) %(objectname) %(*objectname) [19ms]
[2022-08-02T08:44:48.900Z] > git remote --verbose [2ms]
[2022-08-02T08:44:48.919Z] > git config --get commit.template [1ms]
[2022-08-02T08:44:53.934Z] > git status -z -uall [2ms]
[2022-08-02T08:44:53.943Z] > git symbolic-ref --short HEAD [1ms]
[2022-08-02T08:44:53.954Z] > git for-each-ref --format=%(refname)%00%(upstream:short)%00%(objectname)%00%(upstream:track)%00%(upstream:remotename)%00%(upstream:remoteref) refs/heads/master refs/remotes/master [1ms]
[2022-08-02T08:44:53.971Z] > git for-each-ref --sort -committerdate --format %(refname) %(objectname) %(*objectname) [8ms]
[2022-08-02T08:44:53.971Z] > git remote --verbose [1ms]
[2022-08-02T08:44:53.980Z] > git config --get commit.template [0ms]
[2022-08-02T08:45:01.040Z] > git status -z -uall [2ms]
[2022-08-02T08:45:01.051Z] > git symbolic-ref --short HEAD [1ms]
[2022-08-02T08:45:01.062Z] > git for-each-ref --format=%(refname)%00%(upstream:short)%00%(objectname)%00%(upstream:track)%00%(upstream:remotename)%00%(upstream:remoteref) refs/heads/master refs/remotes/master [1ms]
[2022-08-02T08:45:01.081Z] > git for-each-ref --sort -committerdate --format %(refname) %(objectname) %(*objectname) [9ms]
[2022-08-02T08:45:01.081Z] > git remote --verbose [1ms]
[2022-08-02T08:45:01.092Z] > git config --get commit.template [1ms]
[2022-08-02T08:45:03.769Z] > git show --textconv :bluespec/ModExpt.bsv [23ms]
[2022-08-02T08:45:03.770Z] > git ls-files --stage -- /home/karthik/junk/6.375-rsa/bluespec/ModExpt.bsv [3ms]
[2022-08-02T08:45:03.796Z] > git cat-file -s b22dd87d35cf70ed17f54a75a0c258a618873981 [4ms]
[2022-08-02T08:45:09.666Z] > git show --textconv :bluespec/TB.bsv [18ms]
[2022-08-02T08:45:09.666Z] > git ls-files --stage -- /home/karthik/junk/6.375-rsa/bluespec/TB.bsv [1ms]
[2022-08-02T08:45:21.554Z] > git status -z -uall [2ms]
[2022-08-02T08:45:21.564Z] > git symbolic-ref --short HEAD [1ms]
[2022-08-02T08:45:21.581Z] > git for-each-ref --format=%(refname)%00%(upstream:short)%00%(objectname)%00%(upstream:track)%00%(upstream:remotename)%00%(upstream:remoteref) refs/heads/master refs/remotes/master [1ms]
[2022-08-02T08:45:21.605Z] > git for-each-ref --sort -committerdate --format %(refname) %(objectname) %(*objectname) [14ms]
[2022-08-02T08:45:21.605Z] > git remote --verbose [1ms]
[2022-08-02T08:45:21.617Z] > git config --get commit.template [1ms]
[2022-08-02T08:45:22.007Z] > git show --textconv :bluespec/ModExpt.bsv [9ms]
[2022-08-02T08:45:22.007Z] > git ls-files --stage -- /home/karthik/junk/6.375-rsa/bluespec/ModExpt.bsv [1ms]
[2022-08-02T08:45:22.015Z] > git cat-file -s b22dd87d35cf70ed17f54a75a0c258a618873981 [1ms]
[2022-08-02T08:45:23.678Z] > git show --textconv :bluespec/TB.bsv [25ms]
[2022-08-02T08:45:23.680Z] > git ls-files --stage -- /home/karthik/junk/6.375-rsa/bluespec/TB.bsv [3ms]
[2022-08-02T08:45:25.825Z] > git show --textconv :bluespec/Makefile [16ms]
[2022-08-02T08:45:25.826Z] > git ls-files --stage -- /home/karthik/junk/6.375-rsa/bluespec/Makefile [9ms]
[2022-08-02T08:45:25.838Z] > git cat-file -s d18514c05e518c1e27ae2c152eb9f8555f911460 [3ms]
[2022-08-02T08:45:26.643Z] > git status -z -uall [5ms]
[2022-08-02T08:45:26.666Z] > git symbolic-ref --short HEAD [3ms]
[2022-08-02T08:45:26.688Z] > git for-each-ref --format=%(refname)%00%(upstream:short)%00%(objectname)%00%(upstream:track)%00%(upstream:remotename)%00%(upstream:remoteref) refs/heads/master refs/remotes/master [3ms]
[2022-08-02T08:45:26.712Z] > git for-each-ref --sort -committerdate --format %(refname) %(objectname) %(*objectname) [10ms]
[2022-08-02T08:45:26.712Z] > git remote --verbose [1ms]
[2022-08-02T08:45:26.723Z] > git config --get commit.template [1ms]
[2022-08-02T08:45:31.751Z] > git status -z -uall [5ms]
[2022-08-02T08:45:31.769Z] > git symbolic-ref --short HEAD [1ms]
[2022-08-02T08:45:31.776Z] > git for-each-ref --format=%(refname)%00%(upstream:short)%00%(objectname)%00%(upstream:track)%00%(upstream:remotename)%00%(upstream:remoteref) refs/heads/master refs/remotes/master [1ms]
[2022-08-02T08:45:31.789Z] > git for-each-ref --sort -committerdate --format %(refname) %(objectname) %(*objectname) [6ms]
[2022-08-02T08:45:31.789Z] > git remote --verbose [0ms]
[2022-08-02T08:45:31.797Z] > git config --get commit.template [1ms]
[2022-08-02T08:45:43.076Z] > git status -z -uall [2ms]
[2022-08-02T08:45:43.105Z] > git symbolic-ref --short HEAD [14ms]
[2022-08-02T08:45:43.120Z] > git for-each-ref --format=%(refname)%00%(upstream:short)%00%(objectname)%00%(upstream:track)%00%(upstream:remotename)%00%(upstream:remoteref) refs/heads/master refs/remotes/master [1ms]
[2022-08-02T08:45:43.149Z] > git remote --verbose [1ms]
[2022-08-02T08:45:43.150Z] > git for-each-ref --sort -committerdate --format %(refname) %(objectname) %(*objectname) [20ms]
[2022-08-02T08:45:43.161Z] > git config --get commit.template [1ms]
[2022-08-02T08:46:04.413Z] > git status -z -uall [20ms]
[2022-08-02T08:46:04.426Z] > git symbolic-ref --short HEAD [3ms]
[2022-08-02T08:46:04.440Z] > git for-each-ref --format=%(refname)%00%(upstream:short)%00%(objectname)%00%(upstream:track)%00%(upstream:remotename)%00%(upstream:remoteref) refs/heads/master refs/remotes/master [2ms]
[2022-08-02T08:46:04.466Z] > git for-each-ref --sort -committerdate --format %(refname) %(objectname) %(*objectname) [16ms]
[2022-08-02T08:46:04.466Z] > git remote --verbose [1ms]
[2022-08-02T08:46:04.480Z] > git config --get commit.template [1ms]
[2022-08-02T08:46:10.219Z] > git show --textconv :bluespec/TB.bsv [15ms]
[2022-08-02T08:46:10.220Z] > git ls-files --stage -- /home/karthik/junk/6.375-rsa/bluespec/TB.bsv [2ms]
[2022-08-02T08:46:13.417Z] > git status -z -uall [4ms]
[2022-08-02T08:46:13.442Z] > git symbolic-ref --short HEAD [2ms]
[2022-08-02T08:46:13.464Z] > git for-each-ref --format=%(refname)%00%(upstream:short)%00%(objectname)%00%(upstream:track)%00%(upstream:remotename)%00%(upstream:remoteref) refs/heads/master refs/remotes/master [2ms]
[2022-08-02T08:46:13.494Z] > git for-each-ref --sort -committerdate --format %(refname) %(objectname) %(*objectname) [18ms]
[2022-08-02T08:46:13.495Z] > git remote --verbose [1ms]
[2022-08-02T08:46:13.507Z] > git config --get commit.template [1ms]
[2022-08-02T08:46:18.521Z] > git status -z -uall [2ms]
[2022-08-02T08:46:18.544Z] > git symbolic-ref --short HEAD [2ms]
[2022-08-02T08:46:18.567Z] > git for-each-ref --format=%(refname)%00%(upstream:short)%00%(objectname)%00%(upstream:track)%00%(upstream:remotename)%00%(upstream:remoteref) refs/heads/master refs/remotes/master [1ms]
[2022-08-02T08:46:18.597Z] > git for-each-ref --sort -committerdate --format %(refname) %(objectname) %(*objectname) [20ms]
[2022-08-02T08:46:18.597Z] > git remote --verbose [1ms]
[2022-08-02T08:46:18.618Z] > git config --get commit.template [1ms]
[2022-08-02T08:46:23.644Z] > git status -z -uall [5ms]
[2022-08-02T08:46:23.664Z] > git symbolic-ref --short HEAD [1ms]
[2022-08-02T08:46:23.680Z] > git for-each-ref --format=%(refname)%00%(upstream:short)%00%(objectname)%00%(upstream:track)%00%(upstream:remotename)%00%(upstream:remoteref) refs/heads/master refs/remotes/master [2ms]
[2022-08-02T08:46:23.708Z] > git for-each-ref --sort -committerdate --format %(refname) %(objectname) %(*objectname) [13ms]
[2022-08-02T08:46:23.708Z] > git remote --verbose [1ms]
[2022-08-02T08:46:23.726Z] > git config --get commit.template [1ms]
[2022-08-02T08:46:43.222Z] > git fetch [630ms]
[2022-08-02T08:46:43.230Z] > git status -z -uall [1ms]
[2022-08-02T08:46:43.237Z] > git symbolic-ref --short HEAD [0ms]
[2022-08-02T08:46:43.245Z] > git for-each-ref --format=%(refname)%00%(upstream:short)%00%(objectname)%00%(upstream:track)%00%(upstream:remotename)%00%(upstream:remoteref) refs/heads/master refs/remotes/master [1ms]
[2022-08-02T08:46:43.256Z] > git for-each-ref --sort -committerdate --format %(refname) %(objectname) %(*objectname) [6ms]
[2022-08-02T08:46:43.256Z] > git remote --verbose [0ms]
[2022-08-02T08:46:43.265Z] > git config --get commit.template [1ms]
[2022-08-02T08:46:44.285Z] > git status -z -uall [2ms]
[2022-08-02T08:46:44.295Z] > git symbolic-ref --short HEAD [1ms]
[2022-08-02T08:46:44.304Z] > git for-each-ref --format=%(refname)%00%(upstream:short)%00%(objectname)%00%(upstream:track)%00%(upstream:remotename)%00%(upstream:remoteref) refs/heads/master refs/remotes/master [2ms]
[2022-08-02T08:46:44.318Z] > git for-each-ref --sort -committerdate --format %(refname) %(objectname) %(*objectname) [8ms]
[2022-08-02T08:46:44.319Z] > git remote --verbose [1ms]
[2022-08-02T08:46:44.329Z] > git config --get commit.template [1ms]
[2022-08-02T08:46:44.435Z] > git ls-files --stage -- /home/karthik/junk/6.375-rsa/bluespec/TB.bsv [1ms]
[2022-08-02T08:46:44.448Z] > git show --textconv :bluespec/TB.bsv [2ms]
[2022-08-02T08:49:01.361Z] > git status -z -uall [2ms]
[2022-08-02T08:49:01.373Z] > git symbolic-ref --short HEAD [1ms]
[2022-08-02T08:49:01.382Z] > git for-each-ref --format=%(refname)%00%(upstream:short)%00%(objectname)%00%(upstream:track)%00%(upstream:remotename)%00%(upstream:remoteref) refs/heads/master refs/remotes/master [1ms]
[2022-08-02T08:49:01.397Z] > git for-each-ref --sort -committerdate --format %(refname) %(objectname) %(*objectname) [8ms]
[2022-08-02T08:49:01.398Z] > git remote --verbose [1ms]
[2022-08-02T08:49:01.409Z] > git config --get commit.template [1ms]
[2022-08-02T08:49:12.868Z] > git status -z -uall [5ms]
[2022-08-02T08:49:12.889Z] > git symbolic-ref --short HEAD [2ms]
[2022-08-02T08:49:12.910Z] > git for-each-ref --format=%(refname)%00%(upstream:short)%00%(objectname)%00%(upstream:track)%00%(upstream:remotename)%00%(upstream:remoteref) refs/heads/master refs/remotes/master [3ms]
[2022-08-02T08:49:12.945Z] > git for-each-ref --sort -committerdate --format %(refname) %(objectname) %(*objectname) [18ms]
[2022-08-02T08:49:12.946Z] > git remote --verbose [3ms]
[2022-08-02T08:49:12.967Z] > git config --get commit.template [1ms]
[2022-08-02T08:49:42.219Z] > git status -z -uall [2ms]
[2022-08-02T08:49:42.228Z] > git symbolic-ref --short HEAD [1ms]
[2022-08-02T08:49:42.243Z] > git for-each-ref --format=%(refname)%00%(upstream:short)%00%(objectname)%00%(upstream:track)%00%(upstream:remotename)%00%(upstream:remoteref) refs/heads/master refs/remotes/master [3ms]
[2022-08-02T08:49:42.263Z] > git for-each-ref --sort -committerdate --format %(refname) %(objectname) %(*objectname) [8ms]
[2022-08-02T08:49:42.263Z] > git remote --verbose [1ms]
[2022-08-02T08:49:42.279Z] > git config --get commit.template [1ms]
[2022-08-02T08:49:43.961Z] > git fetch [672ms]
[2022-08-02T08:49:43.990Z] > git status -z -uall [6ms]
[2022-08-02T08:49:44.013Z] > git symbolic-ref --short HEAD [2ms]
[2022-08-02T08:49:44.028Z] > git for-each-ref --format=%(refname)%00%(upstream:short)%00%(objectname)%00%(upstream:track)%00%(upstream:remotename)%00%(upstream:remoteref) refs/heads/master refs/remotes/master [2ms]
[2022-08-02T08:49:44.057Z] > git for-each-ref --sort -committerdate --format %(refname) %(objectname) %(*objectname) [20ms]
[2022-08-02T08:49:44.057Z] > git remote --verbose [3ms]
[2022-08-02T08:49:44.076Z] > git config --get commit.template [1ms]
[2022-08-02T08:49:45.175Z] > git ls-files --stage -- /home/karthik/junk/6.375-rsa/bluespec/TB.bsv [1ms]
[2022-08-02T08:49:45.187Z] > git show --textconv :bluespec/TB.bsv [1ms]
[2022-08-02T08:50:00.115Z] > git status -z -uall [4ms]
[2022-08-02T08:50:00.133Z] > git symbolic-ref --short HEAD [2ms]
[2022-08-02T08:50:00.151Z] > git for-each-ref --format=%(refname)%00%(upstream:short)%00%(objectname)%00%(upstream:track)%00%(upstream:remotename)%00%(upstream:remoteref) refs/heads/master refs/remotes/master [2ms]
[2022-08-02T08:50:00.179Z] > git for-each-ref --sort -committerdate --format %(refname) %(objectname) %(*objectname) [14ms]
[2022-08-02T08:50:00.180Z] > git remote --verbose [2ms]
[2022-08-02T08:50:00.200Z] > git config --get commit.template [1ms]
[2022-08-02T08:50:10.252Z] > git status -z -uall [2ms]
[2022-08-02T08:50:10.262Z] > git symbolic-ref --short HEAD [1ms]
[2022-08-02T08:50:10.272Z] > git for-each-ref --format=%(refname)%00%(upstream:short)%00%(objectname)%00%(upstream:track)%00%(upstream:remotename)%00%(upstream:remoteref) refs/heads/master refs/remotes/master [2ms]
[2022-08-02T08:50:10.291Z] > git for-each-ref --sort -committerdate --format %(refname) %(objectname) %(*objectname) [11ms]
[2022-08-02T08:50:10.291Z] > git remote --verbose [1ms]
[2022-08-02T08:50:10.302Z] > git config --get commit.template [1ms]
[2022-08-02T08:50:41.067Z] > git status -z -uall [3ms]
[2022-08-02T08:50:41.080Z] > git symbolic-ref --short HEAD [2ms]
[2022-08-02T08:50:41.089Z] > git for-each-ref --format=%(refname)%00%(upstream:short)%00%(objectname)%00%(upstream:track)%00%(upstream:remotename)%00%(upstream:remoteref) refs/heads/master refs/remotes/master [1ms]
[2022-08-02T08:50:41.106Z] > git for-each-ref --sort -committerdate --format %(refname) %(objectname) %(*objectname) [9ms]
[2022-08-02T08:50:41.106Z] > git remote --verbose [0ms]
[2022-08-02T08:50:41.117Z] > git config --get commit.template [1ms]
[2022-08-02T08:50:46.131Z] > git status -z -uall [2ms]
[2022-08-02T08:50:46.139Z] > git symbolic-ref --short HEAD [1ms]
[2022-08-02T08:50:46.147Z] > git for-each-ref --format=%(refname)%00%(upstream:short)%00%(objectname)%00%(upstream:track)%00%(upstream:remotename)%00%(upstream:remoteref) refs/heads/master refs/remotes/master [1ms]
[2022-08-02T08:50:46.162Z] > git for-each-ref --sort -committerdate --format %(refname) %(objectname) %(*objectname) [8ms]
[2022-08-02T08:50:46.162Z] > git remote --verbose [1ms]
[2022-08-02T08:50:46.172Z] > git config --get commit.template [1ms]
[2022-08-02T08:50:51.183Z] > git status -z -uall [2ms]
[2022-08-02T08:50:51.192Z] > git symbolic-ref --short HEAD [1ms]
[2022-08-02T08:50:51.200Z] > git for-each-ref --format=%(refname)%00%(upstream:short)%00%(objectname)%00%(upstream:track)%00%(upstream:remotename)%00%(upstream:remoteref) refs/heads/master refs/remotes/master [1ms]
[2022-08-02T08:50:51.215Z] > git for-each-ref --sort -committerdate --format %(refname) %(objectname) %(*objectname) [8ms]
[2022-08-02T08:50:51.215Z] > git remote --verbose [1ms]
[2022-08-02T08:50:51.226Z] > git config --get commit.template [1ms]
[2022-08-02T08:53:25.198Z] > git fetch [626ms]
[2022-08-02T08:53:25.207Z] > git status -z -uall [1ms]
[2022-08-02T08:53:25.215Z] > git symbolic-ref --short HEAD [1ms]
[2022-08-02T08:53:25.223Z] > git for-each-ref --format=%(refname)%00%(upstream:short)%00%(objectname)%00%(upstream:track)%00%(upstream:remotename)%00%(upstream:remoteref) refs/heads/master refs/remotes/master [1ms]
[2022-08-02T08:53:25.237Z] > git for-each-ref --sort -committerdate --format %(refname) %(objectname) %(*objectname) [7ms]
[2022-08-02T08:53:25.237Z] > git remote --verbose [0ms]
[2022-08-02T08:53:25.247Z] > git config --get commit.template [1ms]
[2022-08-02T08:53:26.269Z] > git status -z -uall [2ms]
[2022-08-02T08:53:26.278Z] > git symbolic-ref --short HEAD [1ms]
[2022-08-02T08:53:26.286Z] > git for-each-ref --format=%(refname)%00%(upstream:short)%00%(objectname)%00%(upstream:track)%00%(upstream:remotename)%00%(upstream:remoteref) refs/heads/master refs/remotes/master [1ms]
[2022-08-02T08:53:26.300Z] > git for-each-ref --sort -committerdate --format %(refname) %(objectname) %(*objectname) [7ms]
[2022-08-02T08:53:26.300Z] > git remote --verbose [1ms]
[2022-08-02T08:53:26.312Z] > git config --get commit.template [1ms]
[2022-08-02T08:53:26.372Z] > git ls-files --stage -- /home/karthik/junk/6.375-rsa/bluespec/TB.bsv [2ms]
[2022-08-02T08:53:26.398Z] > git show --textconv :bluespec/TB.bsv [3ms]
[2022-08-02T08:53:40.643Z] > git status -z -uall [1ms]
[2022-08-02T08:53:40.650Z] > git symbolic-ref --short HEAD [0ms]
[2022-08-02T08:53:40.658Z] > git for-each-ref --format=%(refname)%00%(upstream:short)%00%(objectname)%00%(upstream:track)%00%(upstream:remotename)%00%(upstream:remoteref) refs/heads/master refs/remotes/master [1ms]
[2022-08-02T08:53:40.669Z] > git for-each-ref --sort -committerdate --format %(refname) %(objectname) %(*objectname) [6ms]
[2022-08-02T08:53:40.669Z] > git remote --verbose [0ms]
[2022-08-02T08:53:40.677Z] > git config --get commit.template [1ms]
[2022-08-02T08:54:31.617Z] > git status -z -uall [3ms]
[2022-08-02T08:54:31.636Z] > git symbolic-ref --short HEAD [4ms]
[2022-08-02T08:54:31.658Z] > git for-each-ref --format=%(refname)%00%(upstream:short)%00%(objectname)%00%(upstream:track)%00%(upstream:remotename)%00%(upstream:remoteref) refs/heads/master refs/remotes/master [2ms]
[2022-08-02T08:54:31.691Z] > git for-each-ref --sort -committerdate --format %(refname) %(objectname) %(*objectname) [17ms]
[2022-08-02T08:54:31.692Z] > git remote --verbose [2ms]
[2022-08-02T08:54:31.712Z] > git config --get commit.template [2ms]
[2022-08-02T08:54:46.985Z] > git status -z -uall [4ms]
[2022-08-02T08:54:46.999Z] > git symbolic-ref --short HEAD [1ms]
[2022-08-02T08:54:47.011Z] > git for-each-ref --format=%(refname)%00%(upstream:short)%00%(objectname)%00%(upstream:track)%00%(upstream:remotename)%00%(upstream:remoteref) refs/heads/master refs/remotes/master [1ms]
[2022-08-02T08:54:47.034Z] > git for-each-ref --sort -committerdate --format %(refname) %(objectname) %(*objectname) [11ms]
[2022-08-02T08:54:47.035Z] > git remote --verbose [2ms]
[2022-08-02T08:54:47.048Z] > git config --get commit.template [1ms]
[2022-08-02T08:54:52.061Z] > git status -z -uall [2ms]
[2022-08-02T08:54:52.071Z] > git symbolic-ref --short HEAD [1ms]
[2022-08-02T08:54:52.080Z] > git for-each-ref --format=%(refname)%00%(upstream:short)%00%(objectname)%00%(upstream:track)%00%(upstream:remotename)%00%(upstream:remoteref) refs/heads/master refs/remotes/master [1ms]
[2022-08-02T08:54:52.094Z] > git for-each-ref --sort -committerdate --format %(refname) %(objectname) %(*objectname) [7ms]
[2022-08-02T08:54:52.095Z] > git remote --verbose [1ms]
[2022-08-02T08:54:52.104Z] > git config --get commit.template [1ms]
[2022-08-02T08:55:10.226Z] > git status -z -uall [3ms]
[2022-08-02T08:55:10.243Z] > git symbolic-ref --short HEAD [3ms]
[2022-08-02T08:55:10.257Z] > git for-each-ref --format=%(refname)%00%(upstream:short)%00%(objectname)%00%(upstream:track)%00%(upstream:remotename)%00%(upstream:remoteref) refs/heads/master refs/remotes/master [2ms]
[2022-08-02T08:55:10.283Z] > git for-each-ref --sort -committerdate --format %(refname) %(objectname) %(*objectname) [16ms]
[2022-08-02T08:55:10.284Z] > git remote --verbose [2ms]
[2022-08-02T08:55:10.306Z] > git config --get commit.template [2ms]
[2022-08-02T08:55:15.329Z] > git status -z -uall [2ms]
[2022-08-02T08:55:15.337Z] > git symbolic-ref --short HEAD [1ms]
[2022-08-02T08:55:15.344Z] > git for-each-ref --format=%(refname)%00%(upstream:short)%00%(objectname)%00%(upstream:track)%00%(upstream:remotename)%00%(upstream:remoteref) refs/heads/master refs/remotes/master [1ms]
[2022-08-02T08:55:15.356Z] > git for-each-ref --sort -committerdate --format %(refname) %(objectname) %(*objectname) [6ms]
[2022-08-02T08:55:15.356Z] > git remote --verbose [1ms]
[2022-08-02T08:55:15.365Z] > git config --get commit.template [1ms]
[2022-08-02T08:55:20.384Z] > git status -z -uall [1ms]
[2022-08-02T08:55:20.392Z] > git symbolic-ref --short HEAD [1ms]
[2022-08-02T08:55:20.399Z] > git for-each-ref --format=%(refname)%00%(upstream:short)%00%(objectname)%00%(upstream:track)%00%(upstream:remotename)%00%(upstream:remoteref) refs/heads/master refs/remotes/master [1ms]
[2022-08-02T08:55:20.410Z] > git for-each-ref --sort -committerdate --format %(refname) %(objectname) %(*objectname) [5ms]
[2022-08-02T08:55:20.411Z] > git remote --verbose [1ms]
[2022-08-02T08:55:20.421Z] > git config --get commit.template [1ms]
[2022-08-02T08:55:25.960Z] > git status -z -uall [5ms]
[2022-08-02T08:55:25.991Z] > git symbolic-ref --short HEAD [4ms]
[2022-08-02T08:55:26.025Z] > git for-each-ref --format=%(refname)%00%(upstream:short)%00%(objectname)%00%(upstream:track)%00%(upstream:remotename)%00%(upstream:remoteref) refs/heads/master refs/remotes/master [4ms]
[2022-08-02T08:55:26.070Z] > git for-each-ref --sort -committerdate --format %(refname) %(objectname) %(*objectname) [20ms]
[2022-08-02T08:55:26.070Z] > git remote --verbose [1ms]
[2022-08-02T08:55:26.086Z] > git config --get commit.template [2ms]
[2022-08-02T08:56:25.889Z] > git fetch [629ms]
[2022-08-02T08:56:25.908Z] > git status -z -uall [2ms]
[2022-08-02T08:56:25.914Z] > git symbolic-ref --short HEAD [0ms]
[2022-08-02T08:56:25.921Z] > git for-each-ref --format=%(refname)%00%(upstream:short)%00%(objectname)%00%(upstream:track)%00%(upstream:remotename)%00%(upstream:remoteref) refs/heads/master refs/remotes/master [1ms]
[2022-08-02T08:56:25.934Z] > git for-each-ref --sort -committerdate --format %(refname) %(objectname) %(*objectname) [7ms]
[2022-08-02T08:56:25.934Z] > git remote --verbose [1ms]
[2022-08-02T08:56:25.943Z] > git config --get commit.template [1ms]
[2022-08-02T08:56:27.103Z] > git ls-files --stage -- /home/karthik/junk/6.375-rsa/bluespec/TB.bsv [1ms]
[2022-08-02T08:56:27.113Z] > git show --textconv :bluespec/TB.bsv [0ms]
[2022-08-02T08:59:26.604Z] > git fetch [649ms]
[2022-08-02T08:59:26.616Z] > git status -z -uall [1ms]
[2022-08-02T08:59:26.623Z] > git symbolic-ref --short HEAD [1ms]
[2022-08-02T08:59:26.630Z] > git for-each-ref --format=%(refname)%00%(upstream:short)%00%(objectname)%00%(upstream:track)%00%(upstream:remotename)%00%(upstream:remoteref) refs/heads/master refs/remotes/master [1ms]
[2022-08-02T08:59:26.641Z] > git for-each-ref --sort -committerdate --format %(refname) %(objectname) %(*objectname) [6ms]
[2022-08-02T08:59:26.642Z] > git remote --verbose [1ms]
[2022-08-02T08:59:26.651Z] > git config --get commit.template [1ms]
[2022-08-02T08:59:27.766Z] > git ls-files --stage -- /home/karthik/junk/6.375-rsa/bluespec/TB.bsv [1ms]
[2022-08-02T08:59:27.778Z] > git show --textconv :bluespec/TB.bsv [1ms]
[2022-08-02T09:02:27.606Z] > git fetch [937ms]
[2022-08-02T09:02:27.633Z] > git status -z -uall [5ms]
[2022-08-02T09:02:27.657Z] > git symbolic-ref --short HEAD [3ms]
[2022-08-02T09:02:27.681Z] > git for-each-ref --format=%(refname)%00%(upstream:short)%00%(objectname)%00%(upstream:track)%00%(upstream:remotename)%00%(upstream:remoteref) refs/heads/master refs/remotes/master [4ms]
[2022-08-02T09:02:27.722Z] > git for-each-ref --sort -committerdate --format %(refname) %(objectname) %(*objectname) [21ms]
[2022-08-02T09:02:27.723Z] > git remote --verbose [3ms]
[2022-08-02T09:02:27.750Z] > git config --get commit.template [3ms]
[2022-08-02T09:02:28.785Z] > git ls-files --stage -- /home/karthik/junk/6.375-rsa/bluespec/TB.bsv [2ms]
[2022-08-02T09:02:28.816Z] > git show --textconv :bluespec/TB.bsv [3ms]
[2022-08-02T09:05:28.416Z] > git fetch [646ms]
[2022-08-02T09:05:28.428Z] > git status -z -uall [1ms]
[2022-08-02T09:05:28.437Z] > git symbolic-ref --short HEAD [1ms]
[2022-08-02T09:05:28.446Z] > git for-each-ref --format=%(refname)%00%(upstream:short)%00%(objectname)%00%(upstream:track)%00%(upstream:remotename)%00%(upstream:remoteref) refs/heads/master refs/remotes/master [1ms]
[2022-08-02T09:05:28.461Z] > git for-each-ref --sort -committerdate --format %(refname) %(objectname) %(*objectname) [8ms]
[2022-08-02T09:05:28.462Z] > git remote --verbose [2ms]
[2022-08-02T09:05:28.472Z] > git config --get commit.template [1ms]
[2022-08-02T09:05:29.578Z] > git ls-files --stage -- /home/karthik/junk/6.375-rsa/bluespec/TB.bsv [1ms]
[2022-08-02T09:05:29.591Z] > git show --textconv :bluespec/TB.bsv [1ms]
[2022-08-02T09:08:29.369Z] > git fetch [884ms]
[2022-08-02T09:08:29.396Z] > git status -z -uall [5ms]
[2022-08-02T09:08:29.420Z] > git symbolic-ref --short HEAD [3ms]
[2022-08-02T09:08:29.446Z] > git for-each-ref --format=%(refname)%00%(upstream:short)%00%(objectname)%00%(upstream:track)%00%(upstream:remotename)%00%(upstream:remoteref) refs/heads/master refs/remotes/master [4ms]
[2022-08-02T09:08:29.484Z] > git for-each-ref --sort -committerdate --format %(refname) %(objectname) %(*objectname) [17ms]
[2022-08-02T09:08:29.484Z] > git remote --verbose [1ms]
[2022-08-02T09:08:29.500Z] > git config --get commit.template [2ms]
[2022-08-02T09:08:30.536Z] > git ls-files --stage -- /home/karthik/junk/6.375-rsa/bluespec/TB.bsv [1ms]
[2022-08-02T09:08:30.550Z] > git show --textconv :bluespec/TB.bsv [1ms]
[2022-08-02T09:11:30.139Z] > git fetch [619ms]
[2022-08-02T09:11:30.166Z] > git status -z -uall [5ms]
[2022-08-02T09:11:30.192Z] > git symbolic-ref --short HEAD [3ms]
[2022-08-02T09:11:30.209Z] > git for-each-ref --format=%(refname)%00%(upstream:short)%00%(objectname)%00%(upstream:track)%00%(upstream:remotename)%00%(upstream:remoteref) refs/heads/master refs/remotes/master [2ms]
[2022-08-02T09:11:30.228Z] > git for-each-ref --sort -committerdate --format %(refname) %(objectname) %(*objectname) [10ms]
[2022-08-02T09:11:30.228Z] > git remote --verbose [1ms]
[2022-08-02T09:11:30.239Z] > git config --get commit.template [1ms]
[2022-08-02T09:11:31.314Z] > git ls-files --stage -- /home/karthik/junk/6.375-rsa/bluespec/TB.bsv [1ms]
[2022-08-02T09:11:31.327Z] > git show --textconv :bluespec/TB.bsv [1ms]
[2022-08-02T09:14:30.888Z] > git fetch [630ms]
[2022-08-02T09:14:30.896Z] > git status -z -uall [1ms]
[2022-08-02T09:14:30.903Z] > git symbolic-ref --short HEAD [1ms]
[2022-08-02T09:14:30.910Z] > git for-each-ref --format=%(refname)%00%(upstream:short)%00%(objectname)%00%(upstream:track)%00%(upstream:remotename)%00%(upstream:remoteref) refs/heads/master refs/remotes/master [1ms]
[2022-08-02T09:14:30.920Z] > git for-each-ref --sort -committerdate --format %(refname) %(objectname) %(*objectname) [5ms]
[2022-08-02T09:14:30.920Z] > git remote --verbose [0ms]
[2022-08-02T09:14:30.928Z] > git config --get commit.template [1ms]
[2022-08-02T09:14:31.951Z] > git status -z -uall [1ms]
[2022-08-02T09:14:31.959Z] > git symbolic-ref --short HEAD [1ms]
[2022-08-02T09:14:31.970Z] > git for-each-ref --format=%(refname)%00%(upstream:short)%00%(objectname)%00%(upstream:track)%00%(upstream:remotename)%00%(upstream:remoteref) refs/heads/master refs/remotes/master [2ms]
[2022-08-02T09:14:31.985Z] > git for-each-ref --sort -committerdate --format %(refname) %(objectname) %(*objectname) [7ms]
[2022-08-02T09:14:31.985Z] > git remote --verbose [1ms]
[2022-08-02T09:14:31.994Z] > git config --get commit.template [1ms]
[2022-08-02T09:14:32.072Z] > git ls-files --stage -- /home/karthik/junk/6.375-rsa/bluespec/TB.bsv [3ms]
[2022-08-02T09:14:32.125Z] > git show --textconv :bluespec/TB.bsv [27ms]
[2022-08-02T09:15:47.634Z] > git show --textconv :bluespec/Makefile [19ms]
[2022-08-02T09:15:47.635Z] > git ls-files --stage -- /home/karthik/junk/6.375-rsa/bluespec/Makefile [2ms]
[2022-08-02T09:15:47.648Z] > git cat-file -s d18514c05e518c1e27ae2c152eb9f8555f911460 [1ms]
[2022-08-02T09:16:04.778Z] > git status -z -uall [4ms]
[2022-08-02T09:16:04.812Z] > git symbolic-ref --short HEAD [18ms]
[2022-08-02T09:16:04.831Z] > git for-each-ref --format=%(refname)%00%(upstream:short)%00%(objectname)%00%(upstream:track)%00%(upstream:remotename)%00%(upstream:remoteref) refs/heads/master refs/remotes/master [5ms]
[2022-08-02T09:16:04.864Z] > git remote --verbose [2ms]
[2022-08-02T09:16:04.864Z] > git for-each-ref --sort -committerdate --format %(refname) %(objectname) %(*objectname) [20ms]
[2022-08-02T09:16:04.881Z] > git config --get commit.template [1ms]
[2022-08-02T09:16:15.347Z] > git show --textconv :bluespec/TB.bsv [13ms]
[2022-08-02T09:16:15.348Z] > git ls-files --stage -- /home/karthik/junk/6.375-rsa/bluespec/TB.bsv [1ms]
[2022-08-02T09:16:24.390Z] > git check-ignore -v -z --stdin [1ms]
[2022-08-02T09:16:24.435Z] > git status -z -uall [1ms]
[2022-08-02T09:16:24.443Z] > git symbolic-ref --short HEAD [1ms]
[2022-08-02T09:16:24.455Z] > git for-each-ref --format=%(refname)%00%(upstream:short)%00%(objectname)%00%(upstream:track)%00%(upstream:remotename)%00%(upstream:remoteref) refs/heads/master refs/remotes/master [2ms]
[2022-08-02T09:16:24.470Z] > git for-each-ref --sort -committerdate --format %(refname) %(objectname) %(*objectname) [6ms]
[2022-08-02T09:16:24.471Z] > git remote --verbose [1ms]
[2022-08-02T09:16:24.483Z] > git config --get commit.template [1ms]
[2022-08-02T09:16:49.890Z] > git show --textconv :bluespec/ModExpt.bsv [28ms]
[2022-08-02T09:16:49.891Z] > git ls-files --stage -- /home/karthik/junk/6.375-rsa/bluespec/ModExpt.bsv [4ms]
[2022-08-02T09:16:49.905Z] > git cat-file -s b22dd87d35cf70ed17f54a75a0c258a618873981 [2ms]
[2022-08-02T09:16:54.177Z] > git show --textconv :bluespec/ModMultIlvd.bsv [12ms]
[2022-08-02T09:16:54.180Z] > git ls-files --stage -- /home/karthik/junk/6.375-rsa/bluespec/ModMultIlvd.bsv [4ms]
[2022-08-02T09:16:54.195Z] > git cat-file -s e8b8e90d708acbbc7ca926e7bd48759dec78430f [1ms]
[2022-08-02T09:16:58.997Z] > git show --textconv :bluespec/PipelineAdder.bsv [45ms]
[2022-08-02T09:16:58.999Z] > git ls-files --stage -- /home/karthik/junk/6.375-rsa/bluespec/PipelineAdder.bsv [26ms]
[2022-08-02T09:16:59.025Z] > git cat-file -s d44a060df9488af3765b0def4702fff04fc69aed [3ms]
[2022-08-02T09:17:20.862Z] > git status -z -uall [4ms]
[2022-08-02T09:17:20.883Z] > git symbolic-ref --short HEAD [4ms]
[2022-08-02T09:17:20.902Z] > git for-each-ref --format=%(refname)%00%(upstream:short)%00%(objectname)%00%(upstream:track)%00%(upstream:remotename)%00%(upstream:remoteref) refs/heads/master refs/remotes/master [3ms]
[2022-08-02T09:17:20.936Z] > git for-each-ref --sort -committerdate --format %(refname) %(objectname) %(*objectname) [18ms]
[2022-08-02T09:17:20.937Z] > git remote --verbose [2ms]
[2022-08-02T09:17:20.957Z] > git config --get commit.template [1ms]
[2022-08-02T09:17:25.968Z] > git status -z -uall [2ms]
[2022-08-02T09:17:25.976Z] > git symbolic-ref --short HEAD [1ms]
[2022-08-02T09:17:25.984Z] > git for-each-ref --format=%(refname)%00%(upstream:short)%00%(objectname)%00%(upstream:track)%00%(upstream:remotename)%00%(upstream:remoteref) refs/heads/master refs/remotes/master [2ms]
[2022-08-02T09:17:25.997Z] > git for-each-ref --sort -committerdate --format %(refname) %(objectname) %(*objectname) [6ms]
[2022-08-02T09:17:25.997Z] > git remote --verbose [0ms]
[2022-08-02T09:17:26.006Z] > git config --get commit.template [1ms]
[2022-08-02T09:17:31.540Z] > git fetch [604ms]
[2022-08-02T09:17:31.551Z] > git status -z -uall [2ms]
[2022-08-02T09:17:31.560Z] > git symbolic-ref --short HEAD [1ms]
[2022-08-02T09:17:31.568Z] > git for-each-ref --format=%(refname)%00%(upstream:short)%00%(objectname)%00%(upstream:track)%00%(upstream:remotename)%00%(upstream:remoteref) refs/heads/master refs/remotes/master [1ms]
[2022-08-02T09:17:31.586Z] > git for-each-ref --sort -committerdate --format %(refname) %(objectname) %(*objectname) [9ms]
[2022-08-02T09:17:31.586Z] > git remote --verbose [2ms]
[2022-08-02T09:17:31.597Z] > git config --get commit.template [1ms]
[2022-08-02T09:17:32.735Z] > git ls-files --stage -- /home/karthik/junk/6.375-rsa/bluespec/PipelineAdder.bsv [1ms]
[2022-08-02T09:17:32.744Z] > git cat-file -s d44a060df9488af3765b0def4702fff04fc69aed [1ms]
[2022-08-02T09:17:32.757Z] > git show --textconv :bluespec/PipelineAdder.bsv [2ms]
[2022-08-02T09:17:39.884Z] > git status -z -uall [1ms]
[2022-08-02T09:17:39.892Z] > git symbolic-ref --short HEAD [1ms]
[2022-08-02T09:17:39.899Z] > git for-each-ref --format=%(refname)%00%(upstream:short)%00%(objectname)%00%(upstream:track)%00%(upstream:remotename)%00%(upstream:remoteref) refs/heads/master refs/remotes/master [1ms]
[2022-08-02T09:17:39.910Z] > git for-each-ref --sort -committerdate --format %(refname) %(objectname) %(*objectname) [6ms]
[2022-08-02T09:17:39.910Z] > git remote --verbose [0ms]
[2022-08-02T09:17:39.919Z] > git config --get commit.template [1ms]
[2022-08-02T09:18:02.399Z] > git show --textconv :bluespec/Memory.bsv [42ms]
[2022-08-02T09:18:02.399Z] > git ls-files --stage -- /home/karthik/junk/6.375-rsa/bluespec/Memory.bsv [17ms]
[2022-08-02T09:18:02.413Z] > git cat-file -s 4a42ad5c7061e4115788b955e29fcf1c706e684a [3ms]
[2022-08-02T09:18:05.467Z] > git show --textconv :bluespec/TB [15ms]
[2022-08-02T09:18:05.468Z] > git ls-files --stage -- /home/karthik/junk/6.375-rsa/bluespec/TB [1ms]
[2022-08-02T09:18:07.076Z] > git show --textconv :bluespec/TB.bsv [17ms]
[2022-08-02T09:18:07.077Z] > git ls-files --stage -- /home/karthik/junk/6.375-rsa/bluespec/TB.bsv [2ms]
[2022-08-02T09:18:08.195Z] > git show --textconv :bluespec/TB [13ms]
[2022-08-02T09:18:08.196Z] > git ls-files --stage -- /home/karthik/junk/6.375-rsa/bluespec/TB [1ms]
[2022-08-02T09:18:11.783Z] > git show --textconv :bluespec/TB.bsv [16ms]
[2022-08-02T09:18:11.784Z] > git ls-files --stage -- /home/karthik/junk/6.375-rsa/bluespec/TB.bsv [1ms]
[2022-08-02T09:18:21.690Z] > git show --textconv :bluespec/PipelineAdder.bsv [13ms]
[2022-08-02T09:18:21.691Z] > git ls-files --stage -- /home/karthik/junk/6.375-rsa/bluespec/PipelineAdder.bsv [2ms]
[2022-08-02T09:18:21.707Z] > git cat-file -s d44a060df9488af3765b0def4702fff04fc69aed [1ms]
[2022-08-02T09:18:22.591Z] > git show --textconv :bluespec/ModExpt.bsv [22ms]
[2022-08-02T09:18:22.592Z] > git ls-files --stage -- /home/karthik/junk/6.375-rsa/bluespec/ModExpt.bsv [4ms]
[2022-08-02T09:18:22.612Z] > git cat-file -s b22dd87d35cf70ed17f54a75a0c258a618873981 [3ms]
[2022-08-02T09:18:25.098Z] > git show --textconv :bluespec/ModMultIlvd.bsv [44ms]
[2022-08-02T09:18:25.098Z] > git ls-files --stage -- /home/karthik/junk/6.375-rsa/bluespec/ModMultIlvd.bsv [19ms]
[2022-08-02T09:18:25.118Z] > git cat-file -s e8b8e90d708acbbc7ca926e7bd48759dec78430f [4ms]
[2022-08-02T09:18:30.178Z] > git show --textconv :bluespec/PipelineAdder.bsv [15ms]
[2022-08-02T09:18:30.178Z] > git ls-files --stage -- /home/karthik/junk/6.375-rsa/bluespec/PipelineAdder.bsv [1ms]
[2022-08-02T09:18:30.192Z] > git cat-file -s d44a060df9488af3765b0def4702fff04fc69aed [1ms]
[2022-08-02T09:18:36.522Z] > git status -z -uall [2ms]
[2022-08-02T09:18:36.544Z] > git symbolic-ref --short HEAD [2ms]
[2022-08-02T09:18:36.564Z] > git for-each-ref --format=%(refname)%00%(upstream:short)%00%(objectname)%00%(upstream:track)%00%(upstream:remotename)%00%(upstream:remoteref) refs/heads/master refs/remotes/master [2ms]
[2022-08-02T09:18:36.592Z] > git for-each-ref --sort -committerdate --format %(refname) %(objectname) %(*objectname) [17ms]
[2022-08-02T09:18:36.592Z] > git remote --verbose [1ms]
[2022-08-02T09:18:36.609Z] > git config --get commit.template [1ms]
[2022-08-02T09:18:41.622Z] > git status -z -uall [1ms]
[2022-08-02T09:18:41.630Z] > git symbolic-ref --short HEAD [0ms]
[2022-08-02T09:18:41.640Z] > git for-each-ref --format=%(refname)%00%(upstream:short)%00%(objectname)%00%(upstream:track)%00%(upstream:remotename)%00%(upstream:remoteref) refs/heads/master refs/remotes/master [1ms]
[2022-08-02T09:18:41.655Z] > git for-each-ref --sort -committerdate --format %(refname) %(objectname) %(*objectname) [7ms]
[2022-08-02T09:18:41.655Z] > git remote --verbose [1ms]
[2022-08-02T09:18:41.666Z] > git config --get commit.template [1ms]
[2022-08-02T09:18:46.681Z] > git status -z -uall [2ms]
[2022-08-02T09:18:46.696Z] > git symbolic-ref --short HEAD [1ms]
[2022-08-02T09:18:46.708Z] > git for-each-ref --format=%(refname)%00%(upstream:short)%00%(objectname)%00%(upstream:track)%00%(upstream:remotename)%00%(upstream:remoteref) refs/heads/master refs/remotes/master [2ms]
[2022-08-02T09:18:46.739Z] > git for-each-ref --sort -committerdate --format %(refname) %(objectname) %(*objectname) [13ms]
[2022-08-02T09:18:46.739Z] > git remote --verbose [1ms]
[2022-08-02T09:18:46.754Z] > git config --get commit.template [2ms]
[2022-08-02T09:19:37.050Z] > git status -z -uall [2ms]
[2022-08-02T09:19:37.065Z] > git symbolic-ref --short HEAD [1ms]
[2022-08-02T09:19:37.083Z] > git for-each-ref --format=%(refname)%00%(upstream:short)%00%(objectname)%00%(upstream:track)%00%(upstream:remotename)%00%(upstream:remoteref) refs/heads/master refs/remotes/master [1ms]
[2022-08-02T09:19:37.116Z] > git for-each-ref --sort -committerdate --format %(refname) %(objectname) %(*objectname) [20ms]
[2022-08-02T09:19:37.116Z] > git remote --verbose [1ms]
[2022-08-02T09:19:37.135Z] > git config --get commit.template [1ms]
[2022-08-02T09:19:47.733Z] > git show --textconv :bluespec/TB.bsv [16ms]
[2022-08-02T09:19:47.734Z] > git ls-files --stage -- /home/karthik/junk/6.375-rsa/bluespec/TB.bsv [2ms]
[2022-08-02T09:19:51.483Z] > git status -z -uall [2ms]
[2022-08-02T09:19:51.494Z] > git symbolic-ref --short HEAD [1ms]
[2022-08-02T09:19:51.516Z] > git for-each-ref --format=%(refname)%00%(upstream:short)%00%(objectname)%00%(upstream:track)%00%(upstream:remotename)%00%(upstream:remoteref) refs/heads/master refs/remotes/master [2ms]
[2022-08-02T09:19:51.549Z] > git for-each-ref --sort -committerdate --format %(refname) %(objectname) %(*objectname) [20ms]
[2022-08-02T09:19:51.549Z] > git remote --verbose [3ms]
[2022-08-02T09:19:51.569Z] > git config --get commit.template [3ms]
[2022-08-02T09:19:57.309Z] > git status -z -uall [3ms]
[2022-08-02T09:19:57.325Z] > git symbolic-ref --short HEAD [1ms]
[2022-08-02T09:19:57.340Z] > git for-each-ref --format=%(refname)%00%(upstream:short)%00%(objectname)%00%(upstream:track)%00%(upstream:remotename)%00%(upstream:remoteref) refs/heads/master refs/remotes/master [1ms]
[2022-08-02T09:19:57.372Z] > git for-each-ref --sort -committerdate --format %(refname) %(objectname) %(*objectname) [17ms]
[2022-08-02T09:19:57.373Z] > git remote --verbose [2ms]
[2022-08-02T09:19:57.387Z] > git config --get commit.template [1ms]
[2022-08-02T09:20:16.373Z] > git status -z -uall [3ms]
[2022-08-02T09:20:16.382Z] > git symbolic-ref --short HEAD [1ms]
[2022-08-02T09:20:16.390Z] > git for-each-ref --format=%(refname)%00%(upstream:short)%00%(objectname)%00%(upstream:track)%00%(upstream:remotename)%00%(upstream:remoteref) refs/heads/master refs/remotes/master [1ms]
[2022-08-02T09:20:16.410Z] > git for-each-ref --sort -committerdate --format %(refname) %(objectname) %(*objectname) [10ms]
[2022-08-02T09:20:16.411Z] > git remote --verbose [2ms]
[2022-08-02T09:20:16.431Z] > git config --get commit.template [2ms]
[2022-08-02T09:20:23.261Z] > git show --textconv :bluespec/ModExpt.bsv [15ms]
[2022-08-02T09:20:23.262Z] > git ls-files --stage -- /home/karthik/junk/6.375-rsa/bluespec/ModExpt.bsv [1ms]
[2022-08-02T09:20:23.281Z] > git cat-file -s b22dd87d35cf70ed17f54a75a0c258a618873981 [2ms]
[2022-08-02T09:20:32.302Z] > git fetch [681ms]
[2022-08-02T09:20:32.316Z] > git status -z -uall [2ms]
[2022-08-02T09:20:32.333Z] > git symbolic-ref --short HEAD [1ms]
[2022-08-02T09:20:32.347Z] > git for-each-ref --format=%(refname)%00%(upstream:short)%00%(objectname)%00%(upstream:track)%00%(upstream:remotename)%00%(upstream:remoteref) refs/heads/master refs/remotes/master [2ms]
[2022-08-02T09:20:32.375Z] > git for-each-ref --sort -committerdate --format %(refname) %(objectname) %(*objectname) [11ms]
[2022-08-02T09:20:32.376Z] > git remote --verbose [2ms]
[2022-08-02T09:20:32.392Z] > git config --get commit.template [1ms]
[2022-08-02T09:20:33.490Z] > git ls-files --stage -- /home/karthik/junk/6.375-rsa/bluespec/ModExpt.bsv [1ms]
[2022-08-02T09:20:33.497Z] > git cat-file -s b22dd87d35cf70ed17f54a75a0c258a618873981 [1ms]
[2022-08-02T09:20:33.509Z] > git show --textconv :bluespec/ModExpt.bsv [2ms]
[2022-08-02T09:20:34.397Z] > git show --textconv :bluespec/ModMultIlvd.bsv [8ms]
[2022-08-02T09:20:34.397Z] > git ls-files --stage -- /home/karthik/junk/6.375-rsa/bluespec/ModMultIlvd.bsv [1ms]
[2022-08-02T09:20:34.405Z] > git cat-file -s e8b8e90d708acbbc7ca926e7bd48759dec78430f [1ms]
[2022-08-02T09:21:06.365Z] > git show --textconv :bluespec/CLAdder.bsv [30ms]
[2022-08-02T09:21:06.366Z] > git ls-files --stage -- /home/karthik/junk/6.375-rsa/bluespec/CLAdder.bsv [18ms]
[2022-08-02T09:21:06.377Z] > git cat-file -s 9bac59c97aea603abfddc02d71f14bf410ba66de [2ms]
[2022-08-02T09:21:43.767Z] > git show --textconv :bluespec/ModMultIlvd.bsv [40ms]
[2022-08-02T09:21:43.768Z] > git ls-files --stage -- /home/karthik/junk/6.375-rsa/bluespec/ModMultIlvd.bsv [21ms]
[2022-08-02T09:21:43.783Z] > git cat-file -s e8b8e90d708acbbc7ca926e7bd48759dec78430f [3ms]
[2022-08-02T09:21:45.693Z] > git show --textconv :bluespec/TB [21ms]
[2022-08-02T09:21:45.695Z] > git ls-files --stage -- /home/karthik/junk/6.375-rsa/bluespec/TB [4ms]
[2022-08-02T09:21:46.393Z] > git show --textconv :bluespec/TB.bsv [25ms]
[2022-08-02T09:21:46.395Z] > git ls-files --stage -- /home/karthik/junk/6.375-rsa/bluespec/TB.bsv [4ms]
[2022-08-02T09:21:51.166Z] > git status -z -uall [4ms]
[2022-08-02T09:21:51.179Z] > git symbolic-ref --short HEAD [1ms]
[2022-08-02T09:21:51.198Z] > git for-each-ref --format=%(refname)%00%(upstream:short)%00%(objectname)%00%(upstream:track)%00%(upstream:remotename)%00%(upstream:remoteref) refs/heads/master refs/remotes/master [2ms]
[2022-08-02T09:21:51.219Z] > git for-each-ref --sort -committerdate --format %(refname) %(objectname) %(*objectname) [12ms]
[2022-08-02T09:21:51.219Z] > git remote --verbose [1ms]
[2022-08-02T09:21:51.233Z] > git config --get commit.template [2ms]
[2022-08-02T09:22:05.980Z] > git show --textconv :bluespec/Makefile [21ms]
[2022-08-02T09:22:05.981Z] > git ls-files --stage -- /home/karthik/junk/6.375-rsa/bluespec/Makefile [2ms]
[2022-08-02T09:22:06.004Z] > git cat-file -s d18514c05e518c1e27ae2c152eb9f8555f911460 [3ms]
[2022-08-02T09:22:17.664Z] > git status -z -uall [2ms]
[2022-08-02T09:22:17.672Z] > git symbolic-ref --short HEAD [0ms]
[2022-08-02T09:22:17.680Z] > git for-each-ref --format=%(refname)%00%(upstream:short)%00%(objectname)%00%(upstream:track)%00%(upstream:remotename)%00%(upstream:remoteref) refs/heads/master refs/remotes/master [1ms]
[2022-08-02T09:22:17.696Z] > git for-each-ref --sort -committerdate --format %(refname) %(objectname) %(*objectname) [9ms]
[2022-08-02T09:22:17.696Z] > git remote --verbose [2ms]
[2022-08-02T09:22:17.707Z] > git config --get commit.template [1ms]
[2022-08-02T09:22:31.523Z] > git show --textconv :bluespec/TB.bsv [16ms]
[2022-08-02T09:22:31.524Z] > git ls-files --stage -- /home/karthik/junk/6.375-rsa/bluespec/TB.bsv [1ms]
[2022-08-02T09:22:37.760Z] > git status -z -uall [2ms]
[2022-08-02T09:22:37.770Z] > git symbolic-ref --short HEAD [1ms]
[2022-08-02T09:22:37.779Z] > git for-each-ref --format=%(refname)%00%(upstream:short)%00%(objectname)%00%(upstream:track)%00%(upstream:remotename)%00%(upstream:remoteref) refs/heads/master refs/remotes/master [2ms]
[2022-08-02T09:22:37.795Z] > git for-each-ref --sort -committerdate --format %(refname) %(objectname) %(*objectname) [8ms]
[2022-08-02T09:22:37.797Z] > git remote --verbose [2ms]
[2022-08-02T09:22:37.808Z] > git config --get commit.template [1ms]
[2022-08-02T09:23:33.068Z] > git fetch [652ms]
[2022-08-02T09:23:33.081Z] > git status -z -uall [2ms]
[2022-08-02T09:23:33.090Z] > git symbolic-ref --short HEAD [0ms]
[2022-08-02T09:23:33.099Z] > git for-each-ref --format=%(refname)%00%(upstream:short)%00%(objectname)%00%(upstream:track)%00%(upstream:remotename)%00%(upstream:remoteref) refs/heads/master refs/remotes/master [1ms]
[2022-08-02T09:23:33.115Z] > git for-each-ref --sort -committerdate --format %(refname) %(objectname) %(*objectname) [9ms]
[2022-08-02T09:23:33.115Z] > git remote --verbose [1ms]
[2022-08-02T09:23:33.124Z] > git config --get commit.template [1ms]
[2022-08-02T09:23:34.240Z] > git ls-files --stage -- /home/karthik/junk/6.375-rsa/bluespec/TB.bsv [1ms]
[2022-08-02T09:23:34.251Z] > git show --textconv :bluespec/TB.bsv [1ms]
[2022-08-02T09:31:54.945Z] > git fetch [705ms]
[2022-08-02T09:31:54.970Z] > git status -z -uall [4ms]
[2022-08-02T09:31:54.994Z] > git symbolic-ref --short HEAD [3ms]
[2022-08-02T09:31:55.016Z] > git for-each-ref --format=%(refname)%00%(upstream:short)%00%(objectname)%00%(upstream:track)%00%(upstream:remotename)%00%(upstream:remoteref) refs/heads/master refs/remotes/master [3ms]
[2022-08-02T09:31:55.044Z] > git for-each-ref --sort -committerdate --format %(refname) %(objectname) %(*objectname) [13ms]
[2022-08-02T09:31:55.044Z] > git remote --verbose [1ms]
[2022-08-02T09:31:55.058Z] > git config --get commit.template [1ms]
[2022-08-02T09:43:43.093Z] > git fetch [604ms]
[2022-08-02T09:43:43.106Z] > git status -z -uall [2ms]
[2022-08-02T09:43:43.116Z] > git symbolic-ref --short HEAD [1ms]
[2022-08-02T09:43:43.126Z] > git for-each-ref --format=%(refname)%00%(upstream:short)%00%(objectname)%00%(upstream:track)%00%(upstream:remotename)%00%(upstream:remoteref) refs/heads/master refs/remotes/master [1ms]
[2022-08-02T09:43:43.147Z] > git for-each-ref --sort -committerdate --format %(refname) %(objectname) %(*objectname) [11ms]
[2022-08-02T09:43:43.147Z] > git remote --verbose [1ms]
[2022-08-02T09:43:43.160Z] > git config --get commit.template [1ms]
[2022-08-02T09:57:51.839Z] > git fetch [591ms]
[2022-08-02T09:57:51.860Z] > git status -z -uall [2ms]
[2022-08-02T09:57:51.881Z] > git symbolic-ref --short HEAD [5ms]
[2022-08-02T09:57:51.902Z] > git for-each-ref --format=%(refname)%00%(upstream:short)%00%(objectname)%00%(upstream:track)%00%(upstream:remotename)%00%(upstream:remoteref) refs/heads/master refs/remotes/master [3ms]
[2022-08-02T09:57:51.941Z] > git remote --verbose [1ms]
[2022-08-02T09:57:51.941Z] > git for-each-ref --sort -committerdate --format %(refname) %(objectname) %(*objectname) [22ms]
[2022-08-02T09:57:51.958Z] > git config --get commit.template [1ms]
[2022-08-02T10:11:26.062Z] > git fetch [659ms]
[2022-08-02T10:11:26.074Z] > git status -z -uall [1ms]
[2022-08-02T10:11:26.084Z] > git symbolic-ref --short HEAD [1ms]
[2022-08-02T10:11:26.092Z] > git for-each-ref --format=%(refname)%00%(upstream:short)%00%(objectname)%00%(upstream:track)%00%(upstream:remotename)%00%(upstream:remoteref) refs/heads/master refs/remotes/master [1ms]
[2022-08-02T10:11:26.105Z] > git for-each-ref --sort -committerdate --format %(refname) %(objectname) %(*objectname) [6ms]
[2022-08-02T10:11:26.105Z] > git remote --verbose [0ms]
[2022-08-02T10:11:26.116Z] > git config --get commit.template [2ms]
[2022-08-02T10:11:28.662Z] > git show --textconv :bluespec/ModExpt.bsv [12ms]
[2022-08-02T10:11:28.662Z] > git ls-files --stage -- /home/karthik/junk/6.375-rsa/bluespec/ModExpt.bsv [1ms]
[2022-08-02T10:11:28.673Z] > git cat-file -s b22dd87d35cf70ed17f54a75a0c258a618873981 [1ms]
[2022-08-02T10:20:29.484Z] > git fetch [618ms]
[2022-08-02T10:20:29.496Z] > git status -z -uall [2ms]
[2022-08-02T10:20:29.507Z] > git symbolic-ref --short HEAD [1ms]
[2022-08-02T10:20:29.516Z] > git for-each-ref --format=%(refname)%00%(upstream:short)%00%(objectname)%00%(upstream:track)%00%(upstream:remotename)%00%(upstream:remoteref) refs/heads/master refs/remotes/master [1ms]
[2022-08-02T10:20:29.559Z] > git for-each-ref --sort -committerdate --format %(refname) %(objectname) %(*objectname) [22ms]
[2022-08-02T10:20:29.560Z] > git remote --verbose [4ms]
[2022-08-02T10:20:29.579Z] > git config --get commit.template [1ms]
[2022-08-02T10:20:30.677Z] > git ls-files --stage -- /home/karthik/junk/6.375-rsa/bluespec/ModExpt.bsv [1ms]
[2022-08-02T10:20:30.688Z] > git cat-file -s b22dd87d35cf70ed17f54a75a0c258a618873981 [1ms]
[2022-08-02T10:20:30.704Z] > git show --textconv :bluespec/ModExpt.bsv [2ms]
