[2022-07-29T06:15:35.101Z] Log level: Info
[2022-07-29T06:15:35.102Z] [info] Validating found git in: git
[2022-07-29T06:15:35.149Z] [info] Using git 2.37.1 from git
[2022-07-29T06:15:35.165Z] > git rev-parse --show-toplevel [2ms]
[2022-07-29T06:15:35.176Z] > git rev-parse --git-dir --git-common-dir [0ms]
[2022-07-29T06:15:35.179Z] [info] Open repository: /home/karthik/incore/crypto-accel
[2022-07-29T06:15:35.202Z] > git status -z -uall [4ms]
[2022-07-29T06:15:35.211Z] > git symbolic-ref --short HEAD [4ms]
[2022-07-29T06:15:35.228Z] > git for-each-ref --format=%(refname)%00%(upstream:short)%00%(objectname)%00%(upstream:track)%00%(upstream:remotename)%00%(upstream:remoteref) refs/heads/2-add-rsa-accelerator refs/remotes/2-add-rsa-accelerator [1ms]
[2022-07-29T06:15:35.242Z] > git for-each-ref --sort -committerdate --format %(refname) %(objectname) %(*objectname) [10ms]
[2022-07-29T06:15:35.243Z] > git remote --verbose [6ms]
[2022-07-29T06:15:35.255Z] > git config --get commit.template [1ms]
[2022-07-29T06:15:35.956Z] > git check-ignore -v -z --stdin [27ms]
[2022-07-29T06:15:35.984Z] > git show --textconv :rsa/src/mme_ui.bsv [10ms]
[2022-07-29T06:15:36.064Z] > git ls-files --stage -- /home/karthik/incore/crypto-accel/rsa/src/mme_ui.bsv [84ms]
[2022-07-29T06:15:36.078Z] > git cat-file -s cf331fbfac069be07256b0bc93a1e1d2fefd9a19 [3ms]
[2022-07-29T06:15:57.389Z] > git fetch [22200ms]
[2022-07-29T06:16:10.283Z] > git status -z -uall [12882ms]
[2022-07-29T06:16:23.755Z] > git symbolic-ref --short HEAD [13450ms]
[2022-07-29T06:16:39.669Z] > git for-each-ref --format=%(refname)%00%(upstream:short)%00%(objectname)%00%(upstream:track)%00%(upstream:remotename)%00%(upstream:remoteref) refs/heads/2-add-rsa-accelerator refs/remotes/2-add-rsa-accelerator [15900ms]
[2022-07-29T06:16:52.404Z] > git remote --verbose [12702ms]
[2022-07-29T06:16:52.405Z] > git for-each-ref --sort -committerdate --format %(refname) %(objectname) %(*objectname) [12717ms]
[2022-07-29T06:16:59.852Z] > git config --get commit.template [12ms]
[2022-07-29T06:17:00.289Z] > git check-ignore -v -z --stdin [23ms]
[2022-07-29T06:17:01.555Z] > git show --textconv :rsa/src/mme.bsv [21ms]
[2022-07-29T06:17:01.555Z] > git ls-files --stage -- /home/karthik/incore/crypto-accel/rsa/src/mme.bsv [4ms]
[2022-07-29T06:17:01.574Z] > git cat-file -s 648c435f104e2604b81f11f95c229a4ffa54e92d [2ms]
[2022-07-29T06:17:11.393Z] > git show --textconv :rsa/src/Makefile.inc [46ms]
[2022-07-29T06:17:11.394Z] > git ls-files --stage -- /home/karthik/incore/crypto-accel/rsa/src/Makefile.inc [2ms]
[2022-07-29T06:17:18.052Z] > git status -z -uall [2ms]
[2022-07-29T06:17:18.092Z] > git symbolic-ref --short HEAD [10ms]
[2022-07-29T06:17:18.111Z] > git for-each-ref --format=%(refname)%00%(upstream:short)%00%(objectname)%00%(upstream:track)%00%(upstream:remotename)%00%(upstream:remoteref) refs/heads/2-add-rsa-accelerator refs/remotes/2-add-rsa-accelerator [1ms]
[2022-07-29T06:17:18.145Z] > git remote --verbose [1ms]
[2022-07-29T06:17:18.145Z] > git for-each-ref --sort -committerdate --format %(refname) %(objectname) %(*objectname) [17ms]
[2022-07-29T06:17:18.169Z] > git config --get commit.template [1ms]
[2022-07-29T06:17:23.213Z] > git status -z -uall [3ms]
[2022-07-29T06:17:23.246Z] > git symbolic-ref --short HEAD [2ms]
[2022-07-29T06:17:23.271Z] > git for-each-ref --format=%(refname)%00%(upstream:short)%00%(objectname)%00%(upstream:track)%00%(upstream:remotename)%00%(upstream:remoteref) refs/heads/2-add-rsa-accelerator refs/remotes/2-add-rsa-accelerator [1ms]
[2022-07-29T06:17:23.319Z] > git for-each-ref --sort -committerdate --format %(refname) %(objectname) %(*objectname) [20ms]
[2022-07-29T06:17:23.319Z] > git remote --verbose [1ms]
[2022-07-29T06:17:23.338Z] > git config --get commit.template [1ms]
[2022-07-29T06:17:48.097Z] > git status -z -uall [1ms]
[2022-07-29T06:17:48.110Z] > git symbolic-ref --short HEAD [1ms]
[2022-07-29T06:17:48.124Z] > git for-each-ref --format=%(refname)%00%(upstream:short)%00%(objectname)%00%(upstream:track)%00%(upstream:remotename)%00%(upstream:remoteref) refs/heads/2-add-rsa-accelerator refs/remotes/2-add-rsa-accelerator [1ms]
[2022-07-29T06:17:48.148Z] > git for-each-ref --sort -committerdate --format %(refname) %(objectname) %(*objectname) [12ms]
[2022-07-29T06:17:48.148Z] > git remote --verbose [1ms]
[2022-07-29T06:17:48.163Z] > git config --get commit.template [1ms]
[2022-07-29T06:17:53.195Z] > git status -z -uall [3ms]
[2022-07-29T06:17:53.224Z] > git symbolic-ref --short HEAD [2ms]
[2022-07-29T06:17:53.253Z] > git for-each-ref --format=%(refname)%00%(upstream:short)%00%(objectname)%00%(upstream:track)%00%(upstream:remotename)%00%(upstream:remoteref) refs/heads/2-add-rsa-accelerator refs/remotes/2-add-rsa-accelerator [2ms]
[2022-07-29T06:17:53.303Z] > git for-each-ref --sort -committerdate --format %(refname) %(objectname) %(*objectname) [22ms]
[2022-07-29T06:17:53.304Z] > git remote --verbose [3ms]
[2022-07-29T06:17:53.322Z] > git config --get commit.template [1ms]
[2022-07-29T06:18:04.643Z] > git status -z -uall [1ms]
[2022-07-29T06:18:04.658Z] > git symbolic-ref --short HEAD [1ms]
[2022-07-29T06:18:04.675Z] > git for-each-ref --format=%(refname)%00%(upstream:short)%00%(objectname)%00%(upstream:track)%00%(upstream:remotename)%00%(upstream:remoteref) refs/heads/2-add-rsa-accelerator refs/remotes/2-add-rsa-accelerator [1ms]
[2022-07-29T06:18:04.721Z] > git for-each-ref --sort -committerdate --format %(refname) %(objectname) %(*objectname) [26ms]
[2022-07-29T06:18:04.722Z] > git remote --verbose [3ms]
[2022-07-29T06:18:04.749Z] > git config --get commit.template [1ms]
[2022-07-29T06:18:15.708Z] > git check-ignore -v -z --stdin [1ms]
[2022-07-29T06:18:21.024Z] > git check-ignore -v -z --stdin [2ms]
[2022-07-29T06:18:21.502Z] > git status -z -uall [1ms]
[2022-07-29T06:18:21.518Z] > git symbolic-ref --short HEAD [1ms]
[2022-07-29T06:18:21.533Z] > git for-each-ref --format=%(refname)%00%(upstream:short)%00%(objectname)%00%(upstream:track)%00%(upstream:remotename)%00%(upstream:remoteref) refs/heads/2-add-rsa-accelerator refs/remotes/2-add-rsa-accelerator [1ms]
[2022-07-29T06:18:21.571Z] > git for-each-ref --sort -committerdate --format %(refname) %(objectname) %(*objectname) [17ms]
[2022-07-29T06:18:21.571Z] > git remote --verbose [1ms]
[2022-07-29T06:18:21.594Z] > git config --get commit.template [0ms]
[2022-07-29T06:18:22.156Z] > git show --textconv :rsa/Makefile.inc [16ms]
[2022-07-29T06:18:22.157Z] > git ls-files --stage -- /home/karthik/incore/crypto-accel/rsa/Makefile.inc [1ms]
[2022-07-29T06:18:22.493Z] > git check-ignore -v -z --stdin [4ms]
[2022-07-29T06:18:26.609Z] > git status -z -uall [0ms]
[2022-07-29T06:18:26.622Z] > git symbolic-ref --short HEAD [1ms]
[2022-07-29T06:18:26.635Z] > git for-each-ref --format=%(refname)%00%(upstream:short)%00%(objectname)%00%(upstream:track)%00%(upstream:remotename)%00%(upstream:remoteref) refs/heads/2-add-rsa-accelerator refs/remotes/2-add-rsa-accelerator [1ms]
[2022-07-29T06:18:26.658Z] > git remote --verbose [1ms]
[2022-07-29T06:18:26.658Z] > git for-each-ref --sort -committerdate --format %(refname) %(objectname) %(*objectname) [12ms]
[2022-07-29T06:18:26.673Z] > git config --get commit.template [1ms]
[2022-07-29T06:18:39.871Z] > git status -z -uall [4ms]
[2022-07-29T06:18:39.902Z] > git symbolic-ref --short HEAD [2ms]
[2022-07-29T06:18:39.923Z] > git for-each-ref --format=%(refname)%00%(upstream:short)%00%(objectname)%00%(upstream:track)%00%(upstream:remotename)%00%(upstream:remoteref) refs/heads/2-add-rsa-accelerator refs/remotes/2-add-rsa-accelerator [2ms]
[2022-07-29T06:18:39.988Z] > git show --textconv :rsa/Makefile [16ms]
[2022-07-29T06:18:39.989Z] > git for-each-ref --sort -committerdate --format %(refname) %(objectname) %(*objectname) [48ms]
[2022-07-29T06:18:39.989Z] > git ls-files --stage -- /home/karthik/incore/crypto-accel/rsa/Makefile [1ms]
[2022-07-29T06:18:39.990Z] > git remote --verbose [35ms]
[2022-07-29T06:18:40.013Z] > git config --get commit.template [1ms]
[2022-07-29T06:18:58.453Z] > git status -z -uall [2ms]
[2022-07-29T06:18:58.474Z] > git symbolic-ref --short HEAD [1ms]
[2022-07-29T06:18:58.495Z] > git for-each-ref --format=%(refname)%00%(upstream:short)%00%(objectname)%00%(upstream:track)%00%(upstream:remotename)%00%(upstream:remoteref) refs/heads/2-add-rsa-accelerator refs/remotes/2-add-rsa-accelerator [2ms]
[2022-07-29T06:18:58.549Z] > git for-each-ref --sort -committerdate --format %(refname) %(objectname) %(*objectname) [27ms]
[2022-07-29T06:18:58.550Z] > git remote --verbose [2ms]
[2022-07-29T06:18:58.572Z] > git config --get commit.template [1ms]
[2022-07-29T06:19:01.062Z] > git check-ignore -v -z --stdin [0ms]
[2022-07-29T06:19:03.615Z] > git status -z -uall [4ms]
[2022-07-29T06:19:03.653Z] > git symbolic-ref --short HEAD [2ms]
[2022-07-29T06:19:03.682Z] > git for-each-ref --format=%(refname)%00%(upstream:short)%00%(objectname)%00%(upstream:track)%00%(upstream:remotename)%00%(upstream:remoteref) refs/heads/2-add-rsa-accelerator refs/remotes/2-add-rsa-accelerator [2ms]
[2022-07-29T06:19:03.724Z] > git for-each-ref --sort -committerdate --format %(refname) %(objectname) %(*objectname) [23ms]
[2022-07-29T06:19:03.725Z] > git remote --verbose [2ms]
[2022-07-29T06:19:03.744Z] > git config --get commit.template [1ms]
[2022-07-29T06:19:30.641Z] > git show --textconv :rsa/manager.sh [19ms]
[2022-07-29T06:19:30.643Z] > git ls-files --stage -- /home/karthik/incore/crypto-accel/rsa/manager.sh [2ms]
[2022-07-29T06:19:30.799Z] > git check-ignore -v -z --stdin [2ms]
[2022-07-29T06:19:31.362Z] > git status -z -uall [4ms]
[2022-07-29T06:19:31.401Z] > git symbolic-ref --short HEAD [3ms]
[2022-07-29T06:19:31.440Z] > git for-each-ref --format=%(refname)%00%(upstream:short)%00%(objectname)%00%(upstream:track)%00%(upstream:remotename)%00%(upstream:remoteref) refs/heads/2-add-rsa-accelerator refs/remotes/2-add-rsa-accelerator [3ms]
[2022-07-29T06:19:31.494Z] > git for-each-ref --sort -committerdate --format %(refname) %(objectname) %(*objectname) [28ms]
[2022-07-29T06:19:31.494Z] > git remote --verbose [2ms]
[2022-07-29T06:19:31.528Z] > git config --get commit.template [3ms]
[2022-07-29T06:19:36.576Z] > git status -z -uall [5ms]
[2022-07-29T06:19:36.612Z] > git symbolic-ref --short HEAD [2ms]
[2022-07-29T06:19:36.637Z] > git for-each-ref --format=%(refname)%00%(upstream:short)%00%(objectname)%00%(upstream:track)%00%(upstream:remotename)%00%(upstream:remoteref) refs/heads/2-add-rsa-accelerator refs/remotes/2-add-rsa-accelerator [1ms]
[2022-07-29T06:19:36.678Z] > git for-each-ref --sort -committerdate --format %(refname) %(objectname) %(*objectname) [20ms]
[2022-07-29T06:19:36.679Z] > git remote --verbose [2ms]
[2022-07-29T06:19:36.704Z] > git config --get commit.template [2ms]
[2022-07-29T06:19:45.068Z] > git status -z -uall [6ms]
[2022-07-29T06:19:45.096Z] > git symbolic-ref --short HEAD [1ms]
[2022-07-29T06:19:45.114Z] > git for-each-ref --format=%(refname)%00%(upstream:short)%00%(objectname)%00%(upstream:track)%00%(upstream:remotename)%00%(upstream:remoteref) refs/heads/2-add-rsa-accelerator refs/remotes/2-add-rsa-accelerator [1ms]
[2022-07-29T06:19:45.140Z] > git for-each-ref --sort -committerdate --format %(refname) %(objectname) %(*objectname) [13ms]
[2022-07-29T06:19:45.140Z] > git remote --verbose [1ms]
[2022-07-29T06:19:45.156Z] > git config --get commit.template [1ms]
[2022-07-29T06:19:51.856Z] > git status -z -uall [2ms]
[2022-07-29T06:19:51.886Z] > git symbolic-ref --short HEAD [3ms]
[2022-07-29T06:19:51.930Z] > git for-each-ref --format=%(refname)%00%(upstream:short)%00%(objectname)%00%(upstream:track)%00%(upstream:remotename)%00%(upstream:remoteref) refs/heads/2-add-rsa-accelerator refs/remotes/2-add-rsa-accelerator [24ms]
[2022-07-29T06:19:51.960Z] > git check-ignore -v -z --stdin [31ms]
[2022-07-29T06:19:51.960Z] > git for-each-ref --sort -committerdate --format %(refname) %(objectname) %(*objectname) [15ms]
[2022-07-29T06:19:51.961Z] > git remote --verbose [2ms]
[2022-07-29T06:19:51.976Z] > git config --get commit.template [0ms]
[2022-07-29T06:19:53.584Z] > git check-ignore -v -z --stdin [3ms]
[2022-07-29T06:19:57.020Z] > git status -z -uall [4ms]
[2022-07-29T06:19:57.063Z] > git symbolic-ref --short HEAD [3ms]
[2022-07-29T06:19:57.099Z] > git for-each-ref --format=%(refname)%00%(upstream:short)%00%(objectname)%00%(upstream:track)%00%(upstream:remotename)%00%(upstream:remoteref) refs/heads/2-add-rsa-accelerator refs/remotes/2-add-rsa-accelerator [1ms]
[2022-07-29T06:19:57.148Z] > git for-each-ref --sort -committerdate --format %(refname) %(objectname) %(*objectname) [23ms]
[2022-07-29T06:19:57.149Z] > git remote --verbose [2ms]
[2022-07-29T06:19:57.175Z] > git config --get commit.template [1ms]
[2022-07-29T06:20:01.051Z] > git ls-files --stage -- /home/karthik/incore/crypto-accel/rsa/manager.sh [1ms]
[2022-07-29T06:20:01.069Z] > git show --textconv :rsa/manager.sh [1ms]
[2022-07-29T06:20:02.594Z] > git show --textconv :.gitignore [14ms]
[2022-07-29T06:20:02.594Z] > git ls-files --stage -- /home/karthik/incore/crypto-accel/.gitignore [1ms]
[2022-07-29T06:20:02.917Z] > git check-ignore -v -z --stdin [2ms]
[2022-07-29T06:20:03.161Z] > git fetch [3290ms]
[2022-07-29T06:20:03.176Z] > git status -z -uall [1ms]
[2022-07-29T06:20:03.199Z] > git symbolic-ref --short HEAD [1ms]
[2022-07-29T06:20:03.225Z] > git for-each-ref --format=%(refname)%00%(upstream:short)%00%(objectname)%00%(upstream:track)%00%(upstream:remotename)%00%(upstream:remoteref) refs/heads/2-add-rsa-accelerator refs/remotes/2-add-rsa-accelerator [1ms]
[2022-07-29T06:20:03.285Z] > git for-each-ref --sort -committerdate --format %(refname) %(objectname) %(*objectname) [29ms]
[2022-07-29T06:20:03.286Z] > git remote --verbose [1ms]
[2022-07-29T06:20:03.311Z] > git config --get commit.template [0ms]
[2022-07-29T06:20:04.085Z] > git ls-files --stage -- /home/karthik/incore/crypto-accel/.gitignore [1ms]
[2022-07-29T06:20:04.127Z] > git show --textconv :.gitignore [3ms]
[2022-07-29T06:20:44.536Z] > git check-ignore -v -z --stdin [1ms]
[2022-07-29T06:20:44.779Z] > git show --textconv :rsa/Makefile.inc [13ms]
[2022-07-29T06:20:44.780Z] > git ls-files --stage -- /home/karthik/incore/crypto-accel/rsa/Makefile.inc [1ms]
[2022-07-29T06:20:44.929Z] > git status -z -uall [2ms]
[2022-07-29T06:20:44.944Z] > git symbolic-ref --short HEAD [0ms]
[2022-07-29T06:20:44.959Z] > git for-each-ref --format=%(refname)%00%(upstream:short)%00%(objectname)%00%(upstream:track)%00%(upstream:remotename)%00%(upstream:remoteref) refs/heads/2-add-rsa-accelerator refs/remotes/2-add-rsa-accelerator [1ms]
[2022-07-29T06:20:44.984Z] > git for-each-ref --sort -committerdate --format %(refname) %(objectname) %(*objectname) [13ms]
[2022-07-29T06:20:44.984Z] > git remote --verbose [1ms]
[2022-07-29T06:20:45.001Z] > git config --get commit.template [1ms]
[2022-07-29T06:20:46.091Z] > git show --textconv :rsa/manager.sh [16ms]
[2022-07-29T06:20:46.092Z] > git ls-files --stage -- /home/karthik/incore/crypto-accel/rsa/manager.sh [1ms]
[2022-07-29T06:20:47.205Z] > git show --textconv :rsa/Makefile [24ms]
[2022-07-29T06:20:47.205Z] > git ls-files --stage -- /home/karthik/incore/crypto-accel/rsa/Makefile [1ms]
[2022-07-29T06:20:50.022Z] > git status -z -uall [3ms]
[2022-07-29T06:20:50.047Z] > git symbolic-ref --short HEAD [0ms]
[2022-07-29T06:20:50.072Z] > git for-each-ref --format=%(refname)%00%(upstream:short)%00%(objectname)%00%(upstream:track)%00%(upstream:remotename)%00%(upstream:remoteref) refs/heads/2-add-rsa-accelerator refs/remotes/2-add-rsa-accelerator [7ms]
[2022-07-29T06:20:50.107Z] > git for-each-ref --sort -committerdate --format %(refname) %(objectname) %(*objectname) [16ms]
[2022-07-29T06:20:50.107Z] > git remote --verbose [1ms]
[2022-07-29T06:20:50.127Z] > git config --get commit.template [0ms]
[2022-07-29T06:20:51.733Z] > git checkout -q main [136ms]
[2022-07-29T06:20:51.843Z] > git status -z -uall [87ms]
[2022-07-29T06:20:51.856Z] > git symbolic-ref --short HEAD [0ms]
[2022-07-29T06:20:51.879Z] > git for-each-ref --format=%(refname)%00%(upstream:short)%00%(objectname)%00%(upstream:track)%00%(upstream:remotename)%00%(upstream:remoteref) refs/heads/main refs/remotes/main [6ms]
[2022-07-29T06:20:51.910Z] > git for-each-ref --sort -committerdate --format %(refname) %(objectname) %(*objectname) [17ms]
[2022-07-29T06:20:51.911Z] > git remote --verbose [1ms]
[2022-07-29T06:20:51.932Z] > git config --get commit.template [0ms]
[2022-07-29T06:20:52.714Z] > git check-ignore -v -z --stdin [2ms]
[2022-07-29T06:20:52.935Z] > git ls-files --stage -- /home/karthik/incore/crypto-accel/rsa/Makefile [1ms]
[2022-07-29T06:20:52.970Z] > git show --textconv :rsa/Makefile [1ms]
[2022-07-29T06:20:59.777Z] > git log --oneline --cherry main...main@{upstream} -- [41ms]
[2022-07-29T06:21:01.010Z] > git ls-files --stage -- /home/karthik/incore/crypto-accel/rsa/Makefile [3ms]
[2022-07-29T06:21:01.053Z] > git show --textconv :rsa/Makefile [2ms]
[2022-07-29T06:21:03.159Z] > git pull --tags origin main [3356ms]
[2022-07-29T06:21:03.159Z] From gitlab.com:incoresemi/blocks/crypto-accel
 * branch            main       -> FETCH_HEAD
error: The following untracked working tree files would be overwritten by merge:
	.gitignore
Please move or remove them before you merge.
Aborting
[2022-07-29T06:21:04.620Z] > git ls-files --stage -- /home/karthik/incore/crypto-accel/rsa/Makefile [1ms]
[2022-07-29T06:21:04.643Z] > git show --textconv :rsa/Makefile [1ms]
[2022-07-29T06:21:08.507Z] > git checkout -q 2-add-rsa-accelerator [119ms]
[2022-07-29T06:21:08.536Z] > git status -z -uall [3ms]
[2022-07-29T06:21:08.562Z] > git symbolic-ref --short HEAD [1ms]
[2022-07-29T06:21:08.582Z] > git for-each-ref --format=%(refname)%00%(upstream:short)%00%(objectname)%00%(upstream:track)%00%(upstream:remotename)%00%(upstream:remoteref) refs/heads/2-add-rsa-accelerator refs/remotes/2-add-rsa-accelerator [3ms]
[2022-07-29T06:21:08.615Z] > git for-each-ref --sort -committerdate --format %(refname) %(objectname) %(*objectname) [16ms]
[2022-07-29T06:21:08.615Z] > git remote --verbose [1ms]
[2022-07-29T06:21:08.636Z] > git config --get commit.template [1ms]
[2022-07-29T06:21:09.722Z] > git ls-files --stage -- /home/karthik/incore/crypto-accel/rsa/Makefile [2ms]
[2022-07-29T06:21:09.758Z] > git show --textconv :rsa/Makefile [2ms]
[2022-07-29T06:21:11.796Z] > git check-ignore -v -z --stdin [3ms]
[2022-07-29T06:21:13.054Z] > git show --textconv HEAD:.gitignore [16ms]
[2022-07-29T06:21:13.055Z] > git ls-tree -l HEAD -- /home/karthik/incore/crypto-accel/.gitignore [3ms]
[2022-07-29T06:21:21.086Z] > git ls-tree -l HEAD -- /home/karthik/incore/crypto-accel/.gitignore [2ms]
[2022-07-29T06:22:52.759Z] > git ls-tree -l HEAD -- /home/karthik/incore/crypto-accel/.gitignore [3ms]
[2022-07-29T06:23:31.118Z] > git ls-tree -l HEAD -- /home/karthik/incore/crypto-accel/.gitignore [17ms]
[2022-07-29T06:23:32.304Z] > git ls-tree -l HEAD -- /home/karthik/incore/crypto-accel/.gitignore [2ms]
[2022-07-29T06:23:32.324Z] > git show --textconv HEAD:.gitignore [1ms]
[2022-07-29T06:23:34.385Z] > git fetch [3268ms]
[2022-07-29T06:23:34.431Z] > git status -z -uall [7ms]
[2022-07-29T06:23:34.472Z] > git symbolic-ref --short HEAD [2ms]
[2022-07-29T06:23:34.495Z] > git for-each-ref --format=%(refname)%00%(upstream:short)%00%(objectname)%00%(upstream:track)%00%(upstream:remotename)%00%(upstream:remoteref) refs/heads/2-add-rsa-accelerator refs/remotes/2-add-rsa-accelerator [2ms]
[2022-07-29T06:23:34.526Z] > git for-each-ref --sort -committerdate --format %(refname) %(objectname) %(*objectname) [15ms]
[2022-07-29T06:23:34.526Z] > git remote --verbose [1ms]
[2022-07-29T06:23:34.542Z] > git config --get commit.template [0ms]
[2022-07-29T06:23:35.643Z] > git ls-tree -l HEAD -- /home/karthik/incore/crypto-accel/.gitignore [2ms]
[2022-07-29T06:23:35.731Z] > git ls-tree -l HEAD -- /home/karthik/incore/crypto-accel/.gitignore [26ms]
[2022-07-29T06:23:35.731Z] > git show --textconv HEAD:.gitignore [1ms]
[2022-07-29T06:23:35.758Z] > git show --textconv HEAD:.gitignore [1ms]
[2022-07-29T06:23:36.702Z] > git status -z -uall [2ms]
[2022-07-29T06:23:36.728Z] > git symbolic-ref --short HEAD [1ms]
[2022-07-29T06:23:36.752Z] > git for-each-ref --format=%(refname)%00%(upstream:short)%00%(objectname)%00%(upstream:track)%00%(upstream:remotename)%00%(upstream:remoteref) refs/heads/2-add-rsa-accelerator refs/remotes/2-add-rsa-accelerator [1ms]
[2022-07-29T06:23:36.795Z] > git for-each-ref --sort -committerdate --format %(refname) %(objectname) %(*objectname) [22ms]
[2022-07-29T06:23:36.796Z] > git remote --verbose [3ms]
[2022-07-29T06:23:36.820Z] > git config --get commit.template [1ms]
[2022-07-29T06:23:38.668Z] > git check-ignore -v -z --stdin [3ms]
[2022-07-29T06:23:41.847Z] > git status -z -uall [4ms]
[2022-07-29T06:23:41.867Z] > git symbolic-ref --short HEAD [1ms]
[2022-07-29T06:23:41.889Z] > git for-each-ref --format=%(refname)%00%(upstream:short)%00%(objectname)%00%(upstream:track)%00%(upstream:remotename)%00%(upstream:remoteref) refs/heads/2-add-rsa-accelerator refs/remotes/2-add-rsa-accelerator [1ms]
[2022-07-29T06:23:41.939Z] > git remote --verbose [1ms]
[2022-07-29T06:23:41.939Z] > git for-each-ref --sort -committerdate --format %(refname) %(objectname) %(*objectname) [25ms]
[2022-07-29T06:23:41.966Z] > git config --get commit.template [1ms]
[2022-07-29T06:23:50.872Z] > git check-ignore -v -z --stdin [1ms]
[2022-07-29T06:23:51.274Z] > git status -z -uall [2ms]
[2022-07-29T06:23:51.291Z] > git symbolic-ref --short HEAD [1ms]
[2022-07-29T06:23:51.317Z] > git for-each-ref --format=%(refname)%00%(upstream:short)%00%(objectname)%00%(upstream:track)%00%(upstream:remotename)%00%(upstream:remoteref) refs/heads/2-add-rsa-accelerator refs/remotes/2-add-rsa-accelerator [1ms]
[2022-07-29T06:23:51.373Z] > git for-each-ref --sort -committerdate --format %(refname) %(objectname) %(*objectname) [27ms]
[2022-07-29T06:23:51.374Z] > git remote --verbose [1ms]
[2022-07-29T06:23:51.408Z] > git config --get commit.template [1ms]
[2022-07-29T06:23:51.779Z] > git show --textconv HEAD:rsa/Makefile [21ms]
[2022-07-29T06:23:51.780Z] > git ls-tree -l HEAD -- /home/karthik/incore/crypto-accel/rsa/Makefile [3ms]
[2022-07-29T06:23:52.320Z] > git check-ignore -v -z --stdin [3ms]
[2022-07-29T06:23:56.161Z] > git check-ignore -v -z --stdin [2ms]
[2022-07-29T06:24:12.428Z] > git show --textconv :rsa/Makefile.inc [38ms]
[2022-07-29T06:24:12.429Z] > git ls-files --stage -- /home/karthik/incore/crypto-accel/rsa/Makefile.inc [4ms]
[2022-07-29T06:24:13.098Z] > git show --textconv :.gitignore [41ms]
[2022-07-29T06:24:13.099Z] > git ls-files --stage -- /home/karthik/incore/crypto-accel/.gitignore [3ms]
[2022-07-29T06:24:13.964Z] > git show --textconv :rsa/manager.sh [31ms]
[2022-07-29T06:24:13.966Z] > git ls-files --stage -- /home/karthik/incore/crypto-accel/rsa/manager.sh [3ms]
[2022-07-29T06:24:21.865Z] > git show --textconv HEAD:rsa/Makefile.inc [15ms]
[2022-07-29T06:24:21.866Z] > git ls-tree -l HEAD -- /home/karthik/incore/crypto-accel/rsa/Makefile.inc [2ms]
[2022-07-29T06:24:22.922Z] > git show --textconv HEAD:rsa/manager.sh [17ms]
[2022-07-29T06:24:22.922Z] > git ls-tree -l HEAD -- /home/karthik/incore/crypto-accel/rsa/manager.sh [1ms]
[2022-07-29T07:05:38.389Z] > git ls-tree -l HEAD -- /home/karthik/incore/crypto-accel/rsa/manager.sh [22ms]
[2022-07-29T07:05:39.622Z] > git ls-tree -l HEAD -- /home/karthik/incore/crypto-accel/rsa/manager.sh [1ms]
[2022-07-29T07:05:39.683Z] > git show --textconv HEAD:rsa/manager.sh [2ms]
[2022-07-29T07:05:41.484Z] > git show --textconv :.gitignore [21ms]
[2022-07-29T07:05:41.485Z] > git ls-files --stage -- /home/karthik/incore/crypto-accel/.gitignore [2ms]
[2022-07-29T07:05:41.640Z] > git fetch [3252ms]
[2022-07-29T07:05:41.662Z] > git status -z -uall [2ms]
[2022-07-29T07:05:41.683Z] > git symbolic-ref --short HEAD [2ms]
[2022-07-29T07:05:41.704Z] > git for-each-ref --format=%(refname)%00%(upstream:short)%00%(objectname)%00%(upstream:track)%00%(upstream:remotename)%00%(upstream:remoteref) refs/heads/2-add-rsa-accelerator refs/remotes/2-add-rsa-accelerator [1ms]
[2022-07-29T07:05:41.744Z] > git for-each-ref --sort -committerdate --format %(refname) %(objectname) %(*objectname) [20ms]
[2022-07-29T07:05:41.744Z] > git remote --verbose [1ms]
[2022-07-29T07:05:41.772Z] > git config --get commit.template [2ms]
[2022-07-29T07:05:42.592Z] > git ls-tree -l HEAD -- /home/karthik/incore/crypto-accel/rsa/manager.sh [28ms]
[2022-07-29T07:05:42.593Z] > git ls-files --stage -- /home/karthik/incore/crypto-accel/.gitignore [3ms]
[2022-07-29T07:05:42.645Z] > git show --textconv HEAD:rsa/manager.sh [25ms]
[2022-07-29T07:05:42.646Z] > git show --textconv :.gitignore [2ms]
[2022-07-29T07:05:43.574Z] > git status -z -uall [4ms]
[2022-07-29T07:05:43.611Z] > git symbolic-ref --short HEAD [2ms]
[2022-07-29T07:05:43.636Z] > git for-each-ref --format=%(refname)%00%(upstream:short)%00%(objectname)%00%(upstream:track)%00%(upstream:remotename)%00%(upstream:remoteref) refs/heads/2-add-rsa-accelerator refs/remotes/2-add-rsa-accelerator [1ms]
[2022-07-29T07:05:43.705Z] > git for-each-ref --sort -committerdate --format %(refname) %(objectname) %(*objectname) [40ms]
[2022-07-29T07:05:43.706Z] > git remote --verbose [1ms]
[2022-07-29T07:05:43.743Z] > git config --get commit.template [1ms]
[2022-07-29T07:05:45.023Z] > git show --textconv :rsa/Makefile.inc [21ms]
[2022-07-29T07:05:45.024Z] > git ls-files --stage -- /home/karthik/incore/crypto-accel/rsa/Makefile.inc [1ms]
