[Info  - 06:45:35.460] Reading sessions from keychain...
[Info  - 06:45:35.519] Getting sessions for user:email...
[Info  - 06:45:35.950] Getting sessions for all scopes...
[Info  - 06:45:36.734] Getting sessions for read:user...
[Info  - 06:45:37.738] Getting sessions for all scopes...
[Trace  - 06:46:57.625] Token acquired from secret storage.
[Info  - 06:46:57.637] Got stored sessions!
[Trace  - 06:46:57.637] Read the following session from the keychain with the following scopes: user:email
[Trace  - 06:46:57.637] Read the following session from the keychain with the following scopes: read:user
[Info  - 06:46:59.695] Got 2 verified sessions.
[Info  - 06:46:59.708] Got 1 sessions for user:email...
[Info  - 06:46:59.709] Got 2 sessions for ...
[Info  - 06:46:59.709] Got 1 sessions for read:user...
[Info  - 06:46:59.709] Got 2 sessions for ...
[Info  - 06:12:02.9] Getting sessions for read:user...
[Info  - 06:12:02.9] Got 1 sessions for read:user...
[Info  - 07:37:02.602] Getting sessions for read:user...
[Info  - 07:37:02.602] Got 1 sessions for read:user...
[Info  - 07:02:03.103] Getting sessions for read:user...
[Info  - 07:02:03.103] Got 1 sessions for read:user...
[Info  - 07:27:03.553] Getting sessions for read:user...
[Info  - 07:27:03.553] Got 1 sessions for read:user...
[Info  - 08:52:04.6] Getting sessions for read:user...
[Info  - 08:52:04.6] Got 1 sessions for read:user...
[Info  - 08:17:04.500] Getting sessions for read:user...
[Info  - 08:17:04.500] Got 1 sessions for read:user...
[Info  - 09:42:04.994] Getting sessions for read:user...
[Info  - 09:42:04.994] Got 1 sessions for read:user...
[Info  - 09:07:05.466] Getting sessions for read:user...
[Info  - 09:07:05.466] Got 1 sessions for read:user...
[Info  - 10:32:05.976] Getting sessions for read:user...
[Info  - 10:32:05.976] Got 1 sessions for read:user...
[Info  - 10:57:06.467] Getting sessions for read:user...
[Info  - 10:57:06.467] Got 1 sessions for read:user...
[Info  - 10:22:06.940] Getting sessions for read:user...
[Info  - 10:22:06.941] Got 1 sessions for read:user...
