[Info  - 04:10:46.246] Reading sessions from keychain...
[Info  - 04:10:46.282] Getting sessions for user:email...
[Trace  - 04:10:46.283] Token acquired from secret storage.
[Info  - 04:10:46.283] Got stored sessions!
[Trace  - 04:10:46.283] Read the following session from the keychain with the following scopes: user:email
[Trace  - 04:10:46.283] Read the following session from the keychain with the following scopes: read:user
[Info  - 04:10:46.283] Got 2 verified sessions.
[Info  - 04:10:46.283] Got 1 sessions for user:email...
[Info  - 04:10:46.461] Getting sessions for all scopes...
[Info  - 04:10:46.463] Got 2 sessions for ...
[Info  - 04:10:47.102] Getting sessions for all scopes...
[Info  - 04:10:47.103] Got 2 sessions for ...
[Info  - 04:10:47.140] Getting sessions for read:user...
[Info  - 04:10:47.140] Got 1 sessions for read:user...
[Info  - 05:37:15.477] Getting sessions for read:user...
[Info  - 05:37:15.477] Got 1 sessions for read:user...
[Info  - 05:02:15.971] Getting sessions for read:user...
[Info  - 05:02:15.971] Got 1 sessions for read:user...
[Info  - 05:27:16.386] Getting sessions for read:user...
[Info  - 05:27:16.387] Got 1 sessions for read:user...
[Info  - 06:52:16.899] Getting sessions for read:user...
[Info  - 06:52:16.899] Got 1 sessions for read:user...
[Info  - 06:17:17.434] Getting sessions for read:user...
[Info  - 06:17:17.434] Got 1 sessions for read:user...
[Info  - 07:42:17.959] Getting sessions for read:user...
[Info  - 07:42:17.959] Got 1 sessions for read:user...
[Info  - 07:07:18.395] Getting sessions for read:user...
[Info  - 07:07:18.396] Got 1 sessions for read:user...
[Info  - 08:32:18.871] Getting sessions for read:user...
[Info  - 08:32:18.871] Got 1 sessions for read:user...
[Info  - 08:57:19.390] Getting sessions for read:user...
[Info  - 08:57:19.390] Got 1 sessions for read:user...
[Info  - 08:22:19.791] Getting sessions for read:user...
[Info  - 08:22:19.792] Got 1 sessions for read:user...
[Info  - 09:47:20.377] Getting sessions for read:user...
[Info  - 09:47:20.377] Got 1 sessions for read:user...
[Info  - 09:12:20.819] Getting sessions for read:user...
[Info  - 09:12:20.819] Got 1 sessions for read:user...
[Info  - 10:37:21.254] Getting sessions for read:user...
[Info  - 10:37:21.255] Got 1 sessions for read:user...
[Info  - 10:02:21.683] Getting sessions for read:user...
[Info  - 10:02:21.683] Got 1 sessions for read:user...
[Info  - 10:27:22.97] Getting sessions for read:user...
[Info  - 10:27:22.97] Got 1 sessions for read:user...
[Info  - 11:52:22.574] Getting sessions for read:user...
[Info  - 11:52:22.574] Got 1 sessions for read:user...
[Info  - 11:17:23.102] Getting sessions for read:user...
[Info  - 11:17:23.103] Got 1 sessions for read:user...
[Info  - 12:42:23.511] Getting sessions for read:user...
[Info  - 12:42:23.511] Got 1 sessions for read:user...
