[2022-08-02T04:15:13.505Z] Log level: Info
[2022-08-02T04:15:13.506Z] [info] Validating found git in: git
[2022-08-02T04:15:13.540Z] [info] Using git 2.37.1 from git
[2022-08-02T04:15:13.553Z] > git rev-parse --show-toplevel [4ms]
[2022-08-02T04:15:13.558Z] > git rev-parse --git-dir --git-common-dir [1ms]
[2022-08-02T04:15:13.560Z] [info] Open repository: /home/karthik/incore/crypto-accel
[2022-08-02T04:15:13.579Z] > git status -z -uall [7ms]
[2022-08-02T04:15:13.584Z] > git symbolic-ref --short HEAD [1ms]
[2022-08-02T04:15:13.588Z] > git for-each-ref --format=%(refname)%00%(upstream:short)%00%(objectname)%00%(upstream:track)%00%(upstream:remotename)%00%(upstream:remoteref) refs/heads/2-add-rsa-accelerator refs/remotes/2-add-rsa-accelerator [1ms]
[2022-08-02T04:15:13.594Z] > git remote --verbose [1ms]
[2022-08-02T04:15:13.596Z] > git for-each-ref --sort -committerdate --format %(refname) %(objectname) %(*objectname) [5ms]
[2022-08-02T04:15:13.604Z] > git config --get commit.template [1ms]
[2022-08-02T04:15:14.305Z] > git check-ignore -v -z --stdin [43ms]
[2022-08-02T04:15:14.308Z] > git show --textconv :rsa/Makefile.inc [11ms]
[2022-08-02T04:15:14.374Z] > git ls-files --stage -- /home/karthik/incore/crypto-accel/rsa/Makefile.inc [74ms]
[2022-08-02T04:15:35.397Z] > git fetch [21832ms]
[2022-08-02T04:15:42.154Z] > git status -z -uall [6750ms]
[2022-08-02T04:15:53.105Z] > git symbolic-ref --short HEAD [10942ms]
[2022-08-02T04:16:04.040Z] > git for-each-ref --format=%(refname)%00%(upstream:short)%00%(objectname)%00%(upstream:track)%00%(upstream:remotename)%00%(upstream:remoteref) refs/heads/2-add-rsa-accelerator refs/remotes/2-add-rsa-accelerator [10923ms]
[2022-08-02T04:16:21.987Z] > git remote --verbose [17913ms]
[2022-08-02T04:16:21.988Z] > git for-each-ref --sort -committerdate --format %(refname) %(objectname) %(*objectname) [17935ms]
[2022-08-02T04:16:38.608Z] > git config --get commit.template [16604ms]
[2022-08-02T04:16:39.122Z] > git check-ignore -v -z --stdin [0ms]
[2022-08-02T04:16:40.534Z] > git show --textconv :rsa/src/mme.bsv [38ms]
[2022-08-02T04:16:40.534Z] > git ls-files --stage -- /home/karthik/incore/crypto-accel/rsa/src/mme.bsv [21ms]
[2022-08-02T04:16:40.553Z] > git cat-file -s 648c435f104e2604b81f11f95c229a4ffa54e92d [2ms]
[2022-08-02T04:58:33.409Z] > git ls-files --stage -- /home/karthik/incore/crypto-accel/rsa/src/mme.bsv [1ms]
[2022-08-02T04:58:33.443Z] > git cat-file -s 648c435f104e2604b81f11f95c229a4ffa54e92d [1ms]
[2022-08-02T04:58:33.504Z] > git show --textconv :rsa/src/mme.bsv [1ms]
[2022-08-02T04:58:35.525Z] > git fetch [3331ms]
[2022-08-02T04:58:35.542Z] > git status -z -uall [1ms]
[2022-08-02T04:58:35.565Z] > git symbolic-ref --short HEAD [0ms]
[2022-08-02T04:58:35.582Z] > git for-each-ref --format=%(refname)%00%(upstream:short)%00%(objectname)%00%(upstream:track)%00%(upstream:remotename)%00%(upstream:remoteref) refs/heads/2-add-rsa-accelerator refs/remotes/2-add-rsa-accelerator [1ms]
[2022-08-02T04:58:35.612Z] > git for-each-ref --sort -committerdate --format %(refname) %(objectname) %(*objectname) [15ms]
[2022-08-02T04:58:35.612Z] > git remote --verbose [1ms]
[2022-08-02T04:58:35.629Z] > git config --get commit.template [0ms]
[2022-08-02T04:58:36.433Z] > git ls-files --stage -- /home/karthik/incore/crypto-accel/rsa/src/mme.bsv [1ms]
[2022-08-02T04:58:36.450Z] > git cat-file -s 648c435f104e2604b81f11f95c229a4ffa54e92d [1ms]
[2022-08-02T04:58:36.469Z] > git show --textconv :rsa/src/mme.bsv [1ms]
[2022-08-02T05:04:24.150Z] > git fetch [3150ms]
[2022-08-02T05:04:24.164Z] > git status -z -uall [1ms]
[2022-08-02T05:04:24.180Z] > git symbolic-ref --short HEAD [1ms]
[2022-08-02T05:04:24.196Z] > git for-each-ref --format=%(refname)%00%(upstream:short)%00%(objectname)%00%(upstream:track)%00%(upstream:remotename)%00%(upstream:remoteref) refs/heads/2-add-rsa-accelerator refs/remotes/2-add-rsa-accelerator [1ms]
[2022-08-02T05:04:24.222Z] > git for-each-ref --sort -committerdate --format %(refname) %(objectname) %(*objectname) [13ms]
[2022-08-02T05:04:24.223Z] > git remote --verbose [1ms]
[2022-08-02T05:04:24.239Z] > git config --get commit.template [1ms]
[2022-08-02T05:05:07.957Z] > git ls-files --stage -- /home/karthik/incore/crypto-accel/rsa/src/mme.bsv [3ms]
[2022-08-02T05:05:07.976Z] > git cat-file -s 648c435f104e2604b81f11f95c229a4ffa54e92d [1ms]
[2022-08-02T05:05:08.021Z] > git show --textconv :rsa/src/mme.bsv [2ms]
[2022-08-02T05:12:28.924Z] > git ls-files --stage -- /home/karthik/incore/crypto-accel/rsa/src/mme.bsv [1ms]
[2022-08-02T05:12:28.952Z] > git cat-file -s 648c435f104e2604b81f11f95c229a4ffa54e92d [1ms]
[2022-08-02T05:12:28.990Z] > git show --textconv :rsa/src/mme.bsv [2ms]
[2022-08-02T05:12:30.274Z] > git fetch [3120ms]
[2022-08-02T05:12:30.305Z] > git status -z -uall [1ms]
[2022-08-02T05:12:30.319Z] > git symbolic-ref --short HEAD [1ms]
[2022-08-02T05:12:30.333Z] > git for-each-ref --format=%(refname)%00%(upstream:short)%00%(objectname)%00%(upstream:track)%00%(upstream:remotename)%00%(upstream:remoteref) refs/heads/2-add-rsa-accelerator refs/remotes/2-add-rsa-accelerator [1ms]
[2022-08-02T05:12:30.359Z] > git for-each-ref --sort -committerdate --format %(refname) %(objectname) %(*objectname) [13ms]
[2022-08-02T05:12:30.360Z] > git remote --verbose [1ms]
[2022-08-02T05:12:30.375Z] > git config --get commit.template [1ms]
[2022-08-02T05:12:31.176Z] > git ls-files --stage -- /home/karthik/incore/crypto-accel/rsa/src/mme.bsv [0ms]
[2022-08-02T05:12:31.190Z] > git cat-file -s 648c435f104e2604b81f11f95c229a4ffa54e92d [1ms]
[2022-08-02T05:12:31.207Z] > git show --textconv :rsa/src/mme.bsv [1ms]
[2022-08-02T05:23:49.513Z] > git fetch [3138ms]
[2022-08-02T05:23:49.548Z] > git status -z -uall [3ms]
[2022-08-02T05:23:49.573Z] > git symbolic-ref --short HEAD [1ms]
[2022-08-02T05:23:49.596Z] > git for-each-ref --format=%(refname)%00%(upstream:short)%00%(objectname)%00%(upstream:track)%00%(upstream:remotename)%00%(upstream:remoteref) refs/heads/2-add-rsa-accelerator refs/remotes/2-add-rsa-accelerator [3ms]
[2022-08-02T05:23:49.629Z] > git for-each-ref --sort -committerdate --format %(refname) %(objectname) %(*objectname) [17ms]
[2022-08-02T05:23:49.629Z] > git remote --verbose [2ms]
[2022-08-02T05:23:49.656Z] > git config --get commit.template [1ms]
[2022-08-02T06:47:20.749Z] > git ls-files --stage -- /home/karthik/incore/crypto-accel/rsa/src/mme.bsv [2ms]
[2022-08-02T06:47:20.781Z] > git cat-file -s 648c435f104e2604b81f11f95c229a4ffa54e92d [4ms]
[2022-08-02T06:47:20.816Z] > git show --textconv :rsa/src/mme.bsv [1ms]
[2022-08-02T06:47:21.932Z] > git ls-files --stage -- /home/karthik/incore/crypto-accel/rsa/src/mme.bsv [2ms]
[2022-08-02T06:47:21.974Z] > git cat-file -s 648c435f104e2604b81f11f95c229a4ffa54e92d [2ms]
[2022-08-02T06:47:22.003Z] > git show --textconv :rsa/src/mme.bsv [2ms]
[2022-08-02T06:47:23.830Z] > git fetch [3114ms]
[2022-08-02T06:47:23.852Z] > git status -z -uall [2ms]
[2022-08-02T06:47:23.871Z] > git symbolic-ref --short HEAD [1ms]
[2022-08-02T06:47:23.888Z] > git for-each-ref --format=%(refname)%00%(upstream:short)%00%(objectname)%00%(upstream:track)%00%(upstream:remotename)%00%(upstream:remoteref) refs/heads/2-add-rsa-accelerator refs/remotes/2-add-rsa-accelerator [1ms]
[2022-08-02T06:47:23.920Z] > git for-each-ref --sort -committerdate --format %(refname) %(objectname) %(*objectname) [15ms]
[2022-08-02T06:47:23.920Z] > git remote --verbose [1ms]
[2022-08-02T06:47:23.938Z] > git config --get commit.template [0ms]
[2022-08-02T06:53:00.064Z] > git ls-files --stage -- /home/karthik/incore/crypto-accel/rsa/src/mme.bsv [1ms]
[2022-08-02T06:53:00.093Z] > git cat-file -s 648c435f104e2604b81f11f95c229a4ffa54e92d [1ms]
[2022-08-02T06:53:00.121Z] > git show --textconv :rsa/src/mme.bsv [2ms]
[2022-08-02T06:53:03.155Z] > git fetch [3160ms]
[2022-08-02T06:53:03.170Z] > git status -z -uall [1ms]
[2022-08-02T06:53:03.185Z] > git symbolic-ref --short HEAD [1ms]
[2022-08-02T06:53:03.199Z] > git for-each-ref --format=%(refname)%00%(upstream:short)%00%(objectname)%00%(upstream:track)%00%(upstream:remotename)%00%(upstream:remoteref) refs/heads/2-add-rsa-accelerator refs/remotes/2-add-rsa-accelerator [1ms]
[2022-08-02T06:53:03.227Z] > git for-each-ref --sort -committerdate --format %(refname) %(objectname) %(*objectname) [14ms]
[2022-08-02T06:53:03.228Z] > git remote --verbose [1ms]
[2022-08-02T06:53:03.243Z] > git config --get commit.template [0ms]
[2022-08-02T06:55:58.774Z] > git ls-files --stage -- /home/karthik/incore/crypto-accel/rsa/src/mme.bsv [1ms]
[2022-08-02T06:55:58.792Z] > git cat-file -s 648c435f104e2604b81f11f95c229a4ffa54e92d [0ms]
[2022-08-02T06:55:58.825Z] > git show --textconv :rsa/src/mme.bsv [3ms]
[2022-08-02T06:56:04.443Z] > git ls-files --stage -- /home/karthik/incore/crypto-accel/rsa/src/mme.bsv [1ms]
[2022-08-02T06:56:04.459Z] > git cat-file -s 648c435f104e2604b81f11f95c229a4ffa54e92d [1ms]
[2022-08-02T06:56:04.479Z] > git show --textconv :rsa/src/mme.bsv [1ms]
[2022-08-02T06:56:06.402Z] > git fetch [3140ms]
[2022-08-02T06:56:06.420Z] > git status -z -uall [1ms]
[2022-08-02T06:56:06.435Z] > git symbolic-ref --short HEAD [1ms]
[2022-08-02T06:56:06.449Z] > git for-each-ref --format=%(refname)%00%(upstream:short)%00%(objectname)%00%(upstream:track)%00%(upstream:remotename)%00%(upstream:remoteref) refs/heads/2-add-rsa-accelerator refs/remotes/2-add-rsa-accelerator [1ms]
[2022-08-02T06:56:06.476Z] > git for-each-ref --sort -committerdate --format %(refname) %(objectname) %(*objectname) [14ms]
[2022-08-02T06:56:06.477Z] > git remote --verbose [1ms]
[2022-08-02T06:56:06.493Z] > git config --get commit.template [0ms]
[2022-08-02T06:56:07.333Z] > git ls-files --stage -- /home/karthik/incore/crypto-accel/rsa/src/mme.bsv [3ms]
[2022-08-02T06:56:07.376Z] > git cat-file -s 648c435f104e2604b81f11f95c229a4ffa54e92d [3ms]
[2022-08-02T06:56:07.424Z] > git show --textconv :rsa/src/mme.bsv [2ms]
[2022-08-02T06:56:53.165Z] > git status -z -uall [37ms]
[2022-08-02T06:56:53.192Z] > git symbolic-ref --short HEAD [2ms]
[2022-08-02T06:56:53.221Z] > git for-each-ref --format=%(refname)%00%(upstream:short)%00%(objectname)%00%(upstream:track)%00%(upstream:remotename)%00%(upstream:remoteref) refs/heads/2-add-rsa-accelerator refs/remotes/2-add-rsa-accelerator [2ms]
[2022-08-02T06:56:53.273Z] > git remote --verbose [1ms]
[2022-08-02T06:56:53.273Z] > git for-each-ref --sort -committerdate --format %(refname) %(objectname) %(*objectname) [26ms]
[2022-08-02T06:56:53.301Z] > git config --get commit.template [1ms]
[2022-08-02T06:56:53.732Z] > git show --textconv :rsa/Makefile [21ms]
[2022-08-02T06:56:53.733Z] > git ls-files --stage -- /home/karthik/incore/crypto-accel/rsa/Makefile [2ms]
[2022-08-02T06:56:55.155Z] > git show --textconv :rsa/Makefile.inc [15ms]
[2022-08-02T06:56:55.155Z] > git ls-files --stage -- /home/karthik/incore/crypto-accel/rsa/Makefile.inc [1ms]
[2022-08-02T06:57:02.795Z] > git status -z -uall [3ms]
[2022-08-02T06:57:02.819Z] > git symbolic-ref --short HEAD [1ms]
[2022-08-02T06:57:02.845Z] > git for-each-ref --format=%(refname)%00%(upstream:short)%00%(objectname)%00%(upstream:track)%00%(upstream:remotename)%00%(upstream:remoteref) refs/heads/2-add-rsa-accelerator refs/remotes/2-add-rsa-accelerator [1ms]
[2022-08-02T06:57:02.900Z] > git for-each-ref --sort -committerdate --format %(refname) %(objectname) %(*objectname) [26ms]
[2022-08-02T06:57:02.900Z] > git remote --verbose [2ms]
[2022-08-02T06:57:02.926Z] > git config --get commit.template [1ms]
[2022-08-02T06:57:07.936Z] > git show --textconv :rsa/src/mme.bsv [34ms]
[2022-08-02T06:57:07.939Z] > git ls-files --stage -- /home/karthik/incore/crypto-accel/rsa/src/mme.bsv [5ms]
[2022-08-02T06:57:07.973Z] > git cat-file -s 648c435f104e2604b81f11f95c229a4ffa54e92d [3ms]
[2022-08-02T06:57:09.989Z] > git show --textconv :rsa/Makefile.inc [30ms]
[2022-08-02T06:57:09.989Z] > git ls-files --stage -- /home/karthik/incore/crypto-accel/rsa/Makefile.inc [1ms]
[2022-08-02T06:57:12.677Z] > git status -z -uall [3ms]
[2022-08-02T06:57:12.704Z] > git symbolic-ref --short HEAD [1ms]
[2022-08-02T06:57:12.729Z] > git for-each-ref --format=%(refname)%00%(upstream:short)%00%(objectname)%00%(upstream:track)%00%(upstream:remotename)%00%(upstream:remoteref) refs/heads/2-add-rsa-accelerator refs/remotes/2-add-rsa-accelerator [2ms]
[2022-08-02T06:57:12.776Z] > git for-each-ref --sort -committerdate --format %(refname) %(objectname) %(*objectname) [23ms]
[2022-08-02T06:57:12.776Z] > git remote --verbose [1ms]
[2022-08-02T06:57:12.806Z] > git config --get commit.template [1ms]
[2022-08-02T06:57:26.507Z] > git show --textconv :rsa/src/mme.bsv [26ms]
[2022-08-02T06:57:26.508Z] > git ls-files --stage -- /home/karthik/incore/crypto-accel/rsa/src/mme.bsv [1ms]
[2022-08-02T06:57:26.545Z] > git cat-file -s 648c435f104e2604b81f11f95c229a4ffa54e92d [5ms]
[2022-08-02T06:58:51.738Z] > git status -z -uall [29ms]
[2022-08-02T06:58:51.769Z] > git symbolic-ref --short HEAD [2ms]
[2022-08-02T06:58:51.798Z] > git for-each-ref --format=%(refname)%00%(upstream:short)%00%(objectname)%00%(upstream:track)%00%(upstream:remotename)%00%(upstream:remoteref) refs/heads/2-add-rsa-accelerator refs/remotes/2-add-rsa-accelerator [2ms]
[2022-08-02T06:58:51.846Z] > git for-each-ref --sort -committerdate --format %(refname) %(objectname) %(*objectname) [23ms]
[2022-08-02T06:58:51.848Z] > git remote --verbose [3ms]
[2022-08-02T06:58:51.876Z] > git config --get commit.template [0ms]
[2022-08-02T06:59:07.727Z] > git ls-files --stage -- /home/karthik/incore/crypto-accel/rsa/src/mme.bsv [1ms]
[2022-08-02T06:59:07.748Z] > git cat-file -s 648c435f104e2604b81f11f95c229a4ffa54e92d [1ms]
[2022-08-02T06:59:07.769Z] > git show --textconv :rsa/src/mme.bsv [1ms]
[2022-08-02T06:59:09.613Z] > git fetch [3092ms]
[2022-08-02T06:59:09.645Z] > git status -z -uall [2ms]
[2022-08-02T06:59:09.679Z] > git symbolic-ref --short HEAD [1ms]
[2022-08-02T06:59:09.701Z] > git for-each-ref --format=%(refname)%00%(upstream:short)%00%(objectname)%00%(upstream:track)%00%(upstream:remotename)%00%(upstream:remoteref) refs/heads/2-add-rsa-accelerator refs/remotes/2-add-rsa-accelerator [1ms]
[2022-08-02T06:59:09.738Z] > git for-each-ref --sort -committerdate --format %(refname) %(objectname) %(*objectname) [18ms]
[2022-08-02T06:59:09.738Z] > git remote --verbose [1ms]
[2022-08-02T06:59:09.759Z] > git config --get commit.template [1ms]
[2022-08-02T06:59:10.520Z] > git ls-files --stage -- /home/karthik/incore/crypto-accel/rsa/src/mme.bsv [1ms]
[2022-08-02T06:59:10.536Z] > git cat-file -s 648c435f104e2604b81f11f95c229a4ffa54e92d [1ms]
[2022-08-02T06:59:10.559Z] > git show --textconv :rsa/src/mme.bsv [1ms]
[2022-08-02T06:59:44.819Z] > git status -z -uall [3ms]
[2022-08-02T06:59:44.866Z] > git symbolic-ref --short HEAD [24ms]
[2022-08-02T06:59:44.885Z] > git for-each-ref --format=%(refname)%00%(upstream:short)%00%(objectname)%00%(upstream:track)%00%(upstream:remotename)%00%(upstream:remoteref) refs/heads/2-add-rsa-accelerator refs/remotes/2-add-rsa-accelerator [2ms]
[2022-08-02T06:59:44.920Z] > git remote --verbose [1ms]
[2022-08-02T06:59:44.921Z] > git for-each-ref --sort -committerdate --format %(refname) %(objectname) %(*objectname) [19ms]
[2022-08-02T06:59:44.940Z] > git config --get commit.template [0ms]
[2022-08-02T07:00:00.136Z] > git status -z -uall [67ms]
[2022-08-02T07:00:00.156Z] > git symbolic-ref --short HEAD [1ms]
[2022-08-02T07:00:00.172Z] > git for-each-ref --format=%(refname)%00%(upstream:short)%00%(objectname)%00%(upstream:track)%00%(upstream:remotename)%00%(upstream:remoteref) refs/heads/2-add-rsa-accelerator refs/remotes/2-add-rsa-accelerator [1ms]
[2022-08-02T07:00:00.216Z] > git remote --verbose [2ms]
[2022-08-02T07:00:00.216Z] > git for-each-ref --sort -committerdate --format %(refname) %(objectname) %(*objectname) [27ms]
[2022-08-02T07:00:00.244Z] > git config --get commit.template [1ms]
[2022-08-02T07:00:07.996Z] > git status -z -uall [3ms]
[2022-08-02T07:00:08.060Z] > git symbolic-ref --short HEAD [31ms]
[2022-08-02T07:00:08.091Z] > git for-each-ref --format=%(refname)%00%(upstream:short)%00%(objectname)%00%(upstream:track)%00%(upstream:remotename)%00%(upstream:remoteref) refs/heads/2-add-rsa-accelerator refs/remotes/2-add-rsa-accelerator [2ms]
[2022-08-02T07:00:08.127Z] > git remote --verbose [1ms]
[2022-08-02T07:00:08.128Z] > git for-each-ref --sort -committerdate --format %(refname) %(objectname) %(*objectname) [18ms]
[2022-08-02T07:00:08.145Z] > git config --get commit.template [1ms]
[2022-08-02T07:00:53.201Z] > git status -z -uall [28ms]
[2022-08-02T07:00:53.230Z] > git symbolic-ref --short HEAD [1ms]
[2022-08-02T07:00:53.255Z] > git for-each-ref --format=%(refname)%00%(upstream:short)%00%(objectname)%00%(upstream:track)%00%(upstream:remotename)%00%(upstream:remoteref) refs/heads/2-add-rsa-accelerator refs/remotes/2-add-rsa-accelerator [2ms]
[2022-08-02T07:00:53.296Z] > git remote --verbose [2ms]
[2022-08-02T07:00:53.296Z] > git for-each-ref --sort -committerdate --format %(refname) %(objectname) %(*objectname) [19ms]
[2022-08-02T07:00:53.315Z] > git config --get commit.template [1ms]
[2022-08-02T07:00:58.355Z] > git status -z -uall [4ms]
[2022-08-02T07:00:58.395Z] > git symbolic-ref --short HEAD [1ms]
[2022-08-02T07:00:58.429Z] > git for-each-ref --format=%(refname)%00%(upstream:short)%00%(objectname)%00%(upstream:track)%00%(upstream:remotename)%00%(upstream:remoteref) refs/heads/2-add-rsa-accelerator refs/remotes/2-add-rsa-accelerator [2ms]
[2022-08-02T07:00:58.536Z] > git remote --verbose [39ms]
[2022-08-02T07:00:58.536Z] > git for-each-ref --sort -committerdate --format %(refname) %(objectname) %(*objectname) [73ms]
[2022-08-02T07:00:58.573Z] > git check-ignore -v -z --stdin [38ms]
[2022-08-02T07:00:58.577Z] > git config --get commit.template [5ms]
[2022-08-02T07:00:59.412Z] > git check-ignore -v -z --stdin [2ms]
[2022-08-02T07:02:31.765Z] > git ls-files --stage -- /home/karthik/incore/crypto-accel/rsa/src/mme.bsv [1ms]
[2022-08-02T07:02:31.789Z] > git cat-file -s 648c435f104e2604b81f11f95c229a4ffa54e92d [1ms]
[2022-08-02T07:02:31.812Z] > git show --textconv :rsa/src/mme.bsv [1ms]
[2022-08-02T07:02:33.734Z] > git fetch [3160ms]
[2022-08-02T07:02:33.763Z] > git status -z -uall [1ms]
[2022-08-02T07:02:33.804Z] > git symbolic-ref --short HEAD [1ms]
[2022-08-02T07:02:33.841Z] > git for-each-ref --format=%(refname)%00%(upstream:short)%00%(objectname)%00%(upstream:track)%00%(upstream:remotename)%00%(upstream:remoteref) refs/heads/2-add-rsa-accelerator refs/remotes/2-add-rsa-accelerator [1ms]
[2022-08-02T07:02:33.892Z] > git for-each-ref --sort -committerdate --format %(refname) %(objectname) %(*objectname) [17ms]
[2022-08-02T07:02:33.892Z] > git remote --verbose [1ms]
[2022-08-02T07:02:33.911Z] > git config --get commit.template [1ms]
[2022-08-02T07:02:34.646Z] > git ls-files --stage -- /home/karthik/incore/crypto-accel/rsa/src/mme.bsv [2ms]
[2022-08-02T07:02:34.675Z] > git cat-file -s 648c435f104e2604b81f11f95c229a4ffa54e92d [1ms]
[2022-08-02T07:02:34.708Z] > git show --textconv :rsa/src/mme.bsv [2ms]
[2022-08-02T07:05:35.130Z] > git ls-files --stage -- /home/karthik/incore/crypto-accel/rsa/src/mme.bsv [1ms]
[2022-08-02T07:05:35.149Z] > git cat-file -s 648c435f104e2604b81f11f95c229a4ffa54e92d [1ms]
[2022-08-02T07:05:35.172Z] > git show --textconv :rsa/src/mme.bsv [1ms]
[2022-08-02T07:05:37.097Z] > git fetch [3148ms]
[2022-08-02T07:05:37.117Z] > git status -z -uall [2ms]
[2022-08-02T07:05:37.136Z] > git symbolic-ref --short HEAD [1ms]
[2022-08-02T07:05:37.158Z] > git for-each-ref --format=%(refname)%00%(upstream:short)%00%(objectname)%00%(upstream:track)%00%(upstream:remotename)%00%(upstream:remoteref) refs/heads/2-add-rsa-accelerator refs/remotes/2-add-rsa-accelerator [2ms]
[2022-08-02T07:05:37.197Z] > git for-each-ref --sort -committerdate --format %(refname) %(objectname) %(*objectname) [20ms]
[2022-08-02T07:05:37.197Z] > git remote --verbose [1ms]
[2022-08-02T07:05:37.218Z] > git config --get commit.template [1ms]
[2022-08-02T07:05:38.025Z] > git ls-files --stage -- /home/karthik/incore/crypto-accel/rsa/src/mme.bsv [1ms]
[2022-08-02T07:05:38.064Z] > git cat-file -s 648c435f104e2604b81f11f95c229a4ffa54e92d [2ms]
[2022-08-02T07:05:38.091Z] > git show --textconv :rsa/src/mme.bsv [2ms]
[2022-08-02T07:06:52.642Z] > git status -z -uall [4ms]
[2022-08-02T07:06:52.673Z] > git symbolic-ref --short HEAD [2ms]
[2022-08-02T07:06:52.699Z] > git for-each-ref --format=%(refname)%00%(upstream:short)%00%(objectname)%00%(upstream:track)%00%(upstream:remotename)%00%(upstream:remoteref) refs/heads/2-add-rsa-accelerator refs/remotes/2-add-rsa-accelerator [2ms]
[2022-08-02T07:06:52.748Z] > git for-each-ref --sort -committerdate --format %(refname) %(objectname) %(*objectname) [25ms]
[2022-08-02T07:06:52.749Z] > git remote --verbose [2ms]
[2022-08-02T07:06:52.772Z] > git config --get commit.template [1ms]
[2022-08-02T07:06:57.796Z] > git status -z -uall [1ms]
[2022-08-02T07:06:57.821Z] > git symbolic-ref --short HEAD [1ms]
[2022-08-02T07:06:57.846Z] > git for-each-ref --format=%(refname)%00%(upstream:short)%00%(objectname)%00%(upstream:track)%00%(upstream:remotename)%00%(upstream:remoteref) refs/heads/2-add-rsa-accelerator refs/remotes/2-add-rsa-accelerator [1ms]
[2022-08-02T07:06:57.900Z] > git for-each-ref --sort -committerdate --format %(refname) %(objectname) %(*objectname) [25ms]
[2022-08-02T07:06:57.900Z] > git remote --verbose [1ms]
[2022-08-02T07:06:57.926Z] > git config --get commit.template [1ms]
[2022-08-02T07:07:13.670Z] > git status -z -uall [25ms]
[2022-08-02T07:07:13.694Z] > git symbolic-ref --short HEAD [3ms]
[2022-08-02T07:07:13.717Z] > git for-each-ref --format=%(refname)%00%(upstream:short)%00%(objectname)%00%(upstream:track)%00%(upstream:remotename)%00%(upstream:remoteref) refs/heads/2-add-rsa-accelerator refs/remotes/2-add-rsa-accelerator [4ms]
[2022-08-02T07:07:13.757Z] > git for-each-ref --sort -committerdate --format %(refname) %(objectname) %(*objectname) [20ms]
[2022-08-02T07:07:13.758Z] > git remote --verbose [1ms]
[2022-08-02T07:07:13.782Z] > git config --get commit.template [1ms]
[2022-08-02T07:08:50.090Z] > git ls-files --stage -- /home/karthik/incore/crypto-accel/rsa/src/mme.bsv [1ms]
[2022-08-02T07:08:50.108Z] > git cat-file -s 648c435f104e2604b81f11f95c229a4ffa54e92d [1ms]
[2022-08-02T07:08:50.129Z] > git show --textconv :rsa/src/mme.bsv [1ms]
[2022-08-02T07:08:52.087Z] > git fetch [3185ms]
[2022-08-02T07:08:52.138Z] > git status -z -uall [3ms]
[2022-08-02T07:08:52.161Z] > git symbolic-ref --short HEAD [1ms]
[2022-08-02T07:08:52.178Z] > git for-each-ref --format=%(refname)%00%(upstream:short)%00%(objectname)%00%(upstream:track)%00%(upstream:remotename)%00%(upstream:remoteref) refs/heads/2-add-rsa-accelerator refs/remotes/2-add-rsa-accelerator [1ms]
[2022-08-02T07:08:52.212Z] > git for-each-ref --sort -committerdate --format %(refname) %(objectname) %(*objectname) [17ms]
[2022-08-02T07:08:52.213Z] > git remote --verbose [1ms]
[2022-08-02T07:08:52.231Z] > git config --get commit.template [0ms]
[2022-08-02T07:08:53.004Z] > git ls-files --stage -- /home/karthik/incore/crypto-accel/rsa/src/mme.bsv [1ms]
[2022-08-02T07:08:53.020Z] > git cat-file -s 648c435f104e2604b81f11f95c229a4ffa54e92d [1ms]
[2022-08-02T07:08:53.041Z] > git show --textconv :rsa/src/mme.bsv [1ms]
[2022-08-02T07:12:05.565Z] > git ls-files --stage -- /home/karthik/incore/crypto-accel/rsa/src/mme.bsv [1ms]
[2022-08-02T07:12:05.585Z] > git cat-file -s 648c435f104e2604b81f11f95c229a4ffa54e92d [1ms]
[2022-08-02T07:12:05.608Z] > git show --textconv :rsa/src/mme.bsv [1ms]
[2022-08-02T07:12:07.574Z] > git fetch [3194ms]
[2022-08-02T07:12:07.599Z] > git status -z -uall [2ms]
[2022-08-02T07:12:07.623Z] > git symbolic-ref --short HEAD [1ms]
[2022-08-02T07:12:07.639Z] > git for-each-ref --format=%(refname)%00%(upstream:short)%00%(objectname)%00%(upstream:track)%00%(upstream:remotename)%00%(upstream:remoteref) refs/heads/2-add-rsa-accelerator refs/remotes/2-add-rsa-accelerator [1ms]
[2022-08-02T07:12:07.676Z] > git remote --verbose [9ms]
[2022-08-02T07:12:07.676Z] > git for-each-ref --sort -committerdate --format %(refname) %(objectname) %(*objectname) [22ms]
[2022-08-02T07:12:07.693Z] > git config --get commit.template [1ms]
[2022-08-02T07:12:08.523Z] > git ls-files --stage -- /home/karthik/incore/crypto-accel/rsa/src/mme.bsv [1ms]
[2022-08-02T07:12:08.550Z] > git cat-file -s 648c435f104e2604b81f11f95c229a4ffa54e92d [1ms]
[2022-08-02T07:12:08.583Z] > git show --textconv :rsa/src/mme.bsv [2ms]
[2022-08-02T07:13:03.038Z] > git status -z -uall [1ms]
[2022-08-02T07:13:03.076Z] > git symbolic-ref --short HEAD [20ms]
[2022-08-02T07:13:03.112Z] > git for-each-ref --format=%(refname)%00%(upstream:short)%00%(objectname)%00%(upstream:track)%00%(upstream:remotename)%00%(upstream:remoteref) refs/heads/2-add-rsa-accelerator refs/remotes/2-add-rsa-accelerator [17ms]
[2022-08-02T07:13:03.142Z] > git for-each-ref --sort -committerdate --format %(refname) %(objectname) %(*objectname) [15ms]
[2022-08-02T07:13:03.143Z] > git remote --verbose [2ms]
[2022-08-02T07:13:03.160Z] > git config --get commit.template [0ms]
[2022-08-02T07:13:12.777Z] > git status -z -uall [4ms]
[2022-08-02T07:13:12.827Z] > git symbolic-ref --short HEAD [29ms]
[2022-08-02T07:13:12.878Z] > git for-each-ref --format=%(refname)%00%(upstream:short)%00%(objectname)%00%(upstream:track)%00%(upstream:remotename)%00%(upstream:remoteref) refs/heads/2-add-rsa-accelerator refs/remotes/2-add-rsa-accelerator [25ms]
[2022-08-02T07:13:12.931Z] > git for-each-ref --sort -committerdate --format %(refname) %(objectname) %(*objectname) [25ms]
[2022-08-02T07:13:12.933Z] > git remote --verbose [3ms]
[2022-08-02T07:13:12.962Z] > git config --get commit.template [1ms]
[2022-08-02T07:14:56.664Z] > git status -z -uall [42ms]
[2022-08-02T07:14:56.720Z] > git symbolic-ref --short HEAD [29ms]
[2022-08-02T07:14:56.744Z] > git for-each-ref --format=%(refname)%00%(upstream:short)%00%(objectname)%00%(upstream:track)%00%(upstream:remotename)%00%(upstream:remoteref) refs/heads/2-add-rsa-accelerator refs/remotes/2-add-rsa-accelerator [2ms]
[2022-08-02T07:14:56.791Z] > git for-each-ref --sort -committerdate --format %(refname) %(objectname) %(*objectname) [25ms]
[2022-08-02T07:14:56.791Z] > git remote --verbose [2ms]
[2022-08-02T07:14:56.818Z] > git config --get commit.template [0ms]
[2022-08-02T07:15:08.945Z] > git ls-files --stage -- /home/karthik/incore/crypto-accel/rsa/src/mme.bsv [0ms]
[2022-08-02T07:15:08.961Z] > git cat-file -s 648c435f104e2604b81f11f95c229a4ffa54e92d [1ms]
[2022-08-02T07:15:08.981Z] > git show --textconv :rsa/src/mme.bsv [1ms]
[2022-08-02T07:15:10.911Z] > git fetch [3194ms]
[2022-08-02T07:15:10.932Z] > git status -z -uall [1ms]
[2022-08-02T07:15:10.949Z] > git symbolic-ref --short HEAD [1ms]
[2022-08-02T07:15:10.966Z] > git for-each-ref --format=%(refname)%00%(upstream:short)%00%(objectname)%00%(upstream:track)%00%(upstream:remotename)%00%(upstream:remoteref) refs/heads/2-add-rsa-accelerator refs/remotes/2-add-rsa-accelerator [1ms]
[2022-08-02T07:15:10.998Z] > git for-each-ref --sort -committerdate --format %(refname) %(objectname) %(*objectname) [16ms]
[2022-08-02T07:15:10.998Z] > git remote --verbose [1ms]
[2022-08-02T07:15:11.016Z] > git config --get commit.template [0ms]
[2022-08-02T07:15:11.829Z] > git ls-files --stage -- /home/karthik/incore/crypto-accel/rsa/src/mme.bsv [0ms]
[2022-08-02T07:15:11.847Z] > git cat-file -s 648c435f104e2604b81f11f95c229a4ffa54e92d [1ms]
[2022-08-02T07:15:11.868Z] > git show --textconv :rsa/src/mme.bsv [2ms]
[2022-08-02T07:15:37.066Z] > git status -z -uall [2ms]
[2022-08-02T07:15:37.106Z] > git symbolic-ref --short HEAD [21ms]
[2022-08-02T07:15:37.144Z] > git for-each-ref --format=%(refname)%00%(upstream:short)%00%(objectname)%00%(upstream:track)%00%(upstream:remotename)%00%(upstream:remoteref) refs/heads/2-add-rsa-accelerator refs/remotes/2-add-rsa-accelerator [19ms]
[2022-08-02T07:15:37.177Z] > git for-each-ref --sort -committerdate --format %(refname) %(objectname) %(*objectname) [17ms]
[2022-08-02T07:15:37.178Z] > git remote --verbose [2ms]
[2022-08-02T07:15:37.196Z] > git config --get commit.template [1ms]
[2022-08-02T07:15:45.043Z] > git status -z -uall [29ms]
[2022-08-02T07:15:45.095Z] > git symbolic-ref --short HEAD [28ms]
[2022-08-02T07:15:45.120Z] > git for-each-ref --format=%(refname)%00%(upstream:short)%00%(objectname)%00%(upstream:track)%00%(upstream:remotename)%00%(upstream:remoteref) refs/heads/2-add-rsa-accelerator refs/remotes/2-add-rsa-accelerator [2ms]
[2022-08-02T07:15:45.174Z] > git for-each-ref --sort -committerdate --format %(refname) %(objectname) %(*objectname) [25ms]
[2022-08-02T07:15:45.175Z] > git remote --verbose [2ms]
[2022-08-02T07:15:45.199Z] > git config --get commit.template [0ms]
[2022-08-02T07:16:09.218Z] > git status -z -uall [37ms]
[2022-08-02T07:16:09.305Z] > git symbolic-ref --short HEAD [49ms]
[2022-08-02T07:16:09.346Z] > git for-each-ref --format=%(refname)%00%(upstream:short)%00%(objectname)%00%(upstream:track)%00%(upstream:remotename)%00%(upstream:remoteref) refs/heads/2-add-rsa-accelerator refs/remotes/2-add-rsa-accelerator [1ms]
[2022-08-02T07:16:09.419Z] > git remote --verbose [2ms]
[2022-08-02T07:16:09.419Z] > git for-each-ref --sort -committerdate --format %(refname) %(objectname) %(*objectname) [35ms]
[2022-08-02T07:16:09.443Z] > git config --get commit.template [1ms]
[2022-08-02T07:16:21.827Z] > git status -z -uall [1ms]
[2022-08-02T07:16:21.845Z] > git symbolic-ref --short HEAD [2ms]
[2022-08-02T07:16:21.878Z] > git for-each-ref --format=%(refname)%00%(upstream:short)%00%(objectname)%00%(upstream:track)%00%(upstream:remotename)%00%(upstream:remoteref) refs/heads/2-add-rsa-accelerator refs/remotes/2-add-rsa-accelerator [17ms]
[2022-08-02T07:16:21.909Z] > git for-each-ref --sort -committerdate --format %(refname) %(objectname) %(*objectname) [16ms]
[2022-08-02T07:16:21.925Z] > git remote --verbose [17ms]
[2022-08-02T07:16:21.944Z] > git config --get commit.template [2ms]
[2022-08-02T07:16:28.826Z] > git status -z -uall [2ms]
[2022-08-02T07:16:28.881Z] > git symbolic-ref --short HEAD [25ms]
[2022-08-02T07:16:28.936Z] > git for-each-ref --format=%(refname)%00%(upstream:short)%00%(objectname)%00%(upstream:track)%00%(upstream:remotename)%00%(upstream:remoteref) refs/heads/2-add-rsa-accelerator refs/remotes/2-add-rsa-accelerator [25ms]
[2022-08-02T07:16:28.975Z] > git for-each-ref --sort -committerdate --format %(refname) %(objectname) %(*objectname) [19ms]
[2022-08-02T07:16:28.976Z] > git remote --verbose [2ms]
[2022-08-02T07:16:28.994Z] > git config --get commit.template [1ms]
[2022-08-02T07:18:12.249Z] > git ls-files --stage -- /home/karthik/incore/crypto-accel/rsa/src/mme.bsv [1ms]
[2022-08-02T07:18:12.265Z] > git cat-file -s 648c435f104e2604b81f11f95c229a4ffa54e92d [1ms]
[2022-08-02T07:18:12.289Z] > git show --textconv :rsa/src/mme.bsv [2ms]
[2022-08-02T07:18:14.298Z] > git fetch [3234ms]
[2022-08-02T07:18:14.326Z] > git status -z -uall [2ms]
[2022-08-02T07:18:14.350Z] > git symbolic-ref --short HEAD [2ms]
[2022-08-02T07:18:14.370Z] > git for-each-ref --format=%(refname)%00%(upstream:short)%00%(objectname)%00%(upstream:track)%00%(upstream:remotename)%00%(upstream:remoteref) refs/heads/2-add-rsa-accelerator refs/remotes/2-add-rsa-accelerator [1ms]
[2022-08-02T07:18:14.402Z] > git for-each-ref --sort -committerdate --format %(refname) %(objectname) %(*objectname) [16ms]
[2022-08-02T07:18:14.403Z] > git remote --verbose [1ms]
[2022-08-02T07:18:14.422Z] > git config --get commit.template [1ms]
[2022-08-02T07:18:15.217Z] > git ls-files --stage -- /home/karthik/incore/crypto-accel/rsa/src/mme.bsv [1ms]
[2022-08-02T07:18:15.237Z] > git cat-file -s 648c435f104e2604b81f11f95c229a4ffa54e92d [1ms]
[2022-08-02T07:18:15.260Z] > git show --textconv :rsa/src/mme.bsv [2ms]
[2022-08-02T07:18:15.930Z] > git status -z -uall [2ms]
[2022-08-02T07:18:15.976Z] > git symbolic-ref --short HEAD [22ms]
[2022-08-02T07:18:16.010Z] > git for-each-ref --format=%(refname)%00%(upstream:short)%00%(objectname)%00%(upstream:track)%00%(upstream:remotename)%00%(upstream:remoteref) refs/heads/2-add-rsa-accelerator refs/remotes/2-add-rsa-accelerator [18ms]
[2022-08-02T07:18:16.047Z] > git for-each-ref --sort -committerdate --format %(refname) %(objectname) %(*objectname) [20ms]
[2022-08-02T07:18:16.048Z] > git remote --verbose [2ms]
[2022-08-02T07:18:16.067Z] > git config --get commit.template [1ms]
[2022-08-02T07:18:21.085Z] > git status -z -uall [2ms]
[2022-08-02T07:18:21.102Z] > git symbolic-ref --short HEAD [1ms]
[2022-08-02T07:18:21.119Z] > git for-each-ref --format=%(refname)%00%(upstream:short)%00%(objectname)%00%(upstream:track)%00%(upstream:remotename)%00%(upstream:remoteref) refs/heads/2-add-rsa-accelerator refs/remotes/2-add-rsa-accelerator [1ms]
[2022-08-02T07:18:21.154Z] > git for-each-ref --sort -committerdate --format %(refname) %(objectname) %(*objectname) [19ms]
[2022-08-02T07:18:21.154Z] > git remote --verbose [1ms]
[2022-08-02T07:18:21.175Z] > git config --get commit.template [1ms]
[2022-08-02T07:18:25.417Z] > git check-ignore -v -z --stdin [1ms]
[2022-08-02T07:18:26.196Z] > git status -z -uall [2ms]
[2022-08-02T07:18:26.212Z] > git symbolic-ref --short HEAD [1ms]
[2022-08-02T07:18:26.228Z] > git for-each-ref --format=%(refname)%00%(upstream:short)%00%(objectname)%00%(upstream:track)%00%(upstream:remotename)%00%(upstream:remoteref) refs/heads/2-add-rsa-accelerator refs/remotes/2-add-rsa-accelerator [1ms]
[2022-08-02T07:18:26.258Z] > git for-each-ref --sort -committerdate --format %(refname) %(objectname) %(*objectname) [16ms]
[2022-08-02T07:18:26.259Z] > git remote --verbose [1ms]
[2022-08-02T07:18:26.277Z] > git config --get commit.template [1ms]
[2022-08-02T07:19:36.264Z] > git status -z -uall [3ms]
[2022-08-02T07:19:36.298Z] > git symbolic-ref --short HEAD [1ms]
[2022-08-02T07:19:36.321Z] > git for-each-ref --format=%(refname)%00%(upstream:short)%00%(objectname)%00%(upstream:track)%00%(upstream:remotename)%00%(upstream:remoteref) refs/heads/2-add-rsa-accelerator refs/remotes/2-add-rsa-accelerator [1ms]
[2022-08-02T07:19:36.364Z] > git for-each-ref --sort -committerdate --format %(refname) %(objectname) %(*objectname) [22ms]
[2022-08-02T07:19:36.364Z] > git remote --verbose [1ms]
[2022-08-02T07:19:36.386Z] > git config --get commit.template [1ms]
[2022-08-02T07:19:48.446Z] > git show --textconv :rsa/Makefile [38ms]
[2022-08-02T07:19:48.447Z] > git ls-files --stage -- /home/karthik/incore/crypto-accel/rsa/Makefile [2ms]
[2022-08-02T07:23:31.090Z] > git ls-files --stage -- /home/karthik/incore/crypto-accel/rsa/Makefile [2ms]
[2022-08-02T07:23:31.130Z] > git show --textconv :rsa/Makefile [1ms]
[2022-08-02T07:23:33.017Z] > git fetch [3133ms]
[2022-08-02T07:23:33.060Z] > git status -z -uall [2ms]
[2022-08-02T07:23:33.079Z] > git symbolic-ref --short HEAD [1ms]
[2022-08-02T07:23:33.097Z] > git for-each-ref --format=%(refname)%00%(upstream:short)%00%(objectname)%00%(upstream:track)%00%(upstream:remotename)%00%(upstream:remoteref) refs/heads/2-add-rsa-accelerator refs/remotes/2-add-rsa-accelerator [1ms]
[2022-08-02T07:23:33.131Z] > git for-each-ref --sort -committerdate --format %(refname) %(objectname) %(*objectname) [17ms]
[2022-08-02T07:23:33.132Z] > git remote --verbose [1ms]
[2022-08-02T07:23:33.155Z] > git config --get commit.template [1ms]
[2022-08-02T07:24:05.439Z] > git ls-files --stage -- /home/karthik/incore/crypto-accel/rsa/Makefile [1ms]
[2022-08-02T07:24:05.495Z] > git show --textconv :rsa/Makefile [1ms]
[2022-08-02T07:30:21.660Z] > git fetch [3170ms]
[2022-08-02T07:30:21.681Z] > git status -z -uall [1ms]
[2022-08-02T07:30:21.699Z] > git symbolic-ref --short HEAD [1ms]
[2022-08-02T07:30:21.717Z] > git for-each-ref --format=%(refname)%00%(upstream:short)%00%(objectname)%00%(upstream:track)%00%(upstream:remotename)%00%(upstream:remoteref) refs/heads/2-add-rsa-accelerator refs/remotes/2-add-rsa-accelerator [1ms]
[2022-08-02T07:30:21.749Z] > git for-each-ref --sort -committerdate --format %(refname) %(objectname) %(*objectname) [17ms]
[2022-08-02T07:30:21.750Z] > git remote --verbose [1ms]
[2022-08-02T07:30:21.767Z] > git config --get commit.template [1ms]
[2022-08-02T07:30:54.767Z] > git ls-files --stage -- /home/karthik/incore/crypto-accel/rsa/Makefile [1ms]
[2022-08-02T07:30:54.817Z] > git show --textconv :rsa/Makefile [1ms]
[2022-08-02T07:33:23.026Z] > git ls-files --stage -- /home/karthik/incore/crypto-accel/rsa/Makefile [1ms]
[2022-08-02T07:33:23.049Z] > git show --textconv :rsa/Makefile [1ms]
[2022-08-02T07:33:24.951Z] > git fetch [3162ms]
[2022-08-02T07:33:24.985Z] > git status -z -uall [2ms]
[2022-08-02T07:33:25.018Z] > git symbolic-ref --short HEAD [3ms]
[2022-08-02T07:33:25.054Z] > git for-each-ref --format=%(refname)%00%(upstream:short)%00%(objectname)%00%(upstream:track)%00%(upstream:remotename)%00%(upstream:remoteref) refs/heads/2-add-rsa-accelerator refs/remotes/2-add-rsa-accelerator [2ms]
[2022-08-02T07:33:25.094Z] > git for-each-ref --sort -committerdate --format %(refname) %(objectname) %(*objectname) [18ms]
[2022-08-02T07:33:25.094Z] > git remote --verbose [1ms]
[2022-08-02T07:33:25.112Z] > git config --get commit.template [1ms]
[2022-08-02T07:33:25.863Z] > git ls-files --stage -- /home/karthik/incore/crypto-accel/rsa/Makefile [1ms]
[2022-08-02T07:33:25.883Z] > git show --textconv :rsa/Makefile [1ms]
[2022-08-02T07:33:52.087Z] > git show --textconv :rsa/Makefile.inc [17ms]
[2022-08-02T07:33:52.088Z] > git ls-files --stage -- /home/karthik/incore/crypto-accel/rsa/Makefile.inc [1ms]
[2022-08-02T07:36:26.357Z] > git ls-files --stage -- /home/karthik/incore/crypto-accel/rsa/Makefile.inc [1ms]
[2022-08-02T07:36:26.376Z] > git show --textconv :rsa/Makefile.inc [1ms]
[2022-08-02T07:36:28.361Z] > git fetch [3204ms]
[2022-08-02T07:36:28.392Z] > git status -z -uall [2ms]
[2022-08-02T07:36:28.418Z] > git symbolic-ref --short HEAD [1ms]
[2022-08-02T07:36:28.449Z] > git for-each-ref --format=%(refname)%00%(upstream:short)%00%(objectname)%00%(upstream:track)%00%(upstream:remotename)%00%(upstream:remoteref) refs/heads/2-add-rsa-accelerator refs/remotes/2-add-rsa-accelerator [2ms]
[2022-08-02T07:36:28.509Z] > git for-each-ref --sort -committerdate --format %(refname) %(objectname) %(*objectname) [32ms]
[2022-08-02T07:36:28.509Z] > git remote --verbose [3ms]
[2022-08-02T07:36:28.539Z] > git config --get commit.template [1ms]
[2022-08-02T07:36:29.277Z] > git ls-files --stage -- /home/karthik/incore/crypto-accel/rsa/Makefile.inc [1ms]
[2022-08-02T07:36:29.304Z] > git show --textconv :rsa/Makefile.inc [2ms]
[2022-08-02T07:41:56.842Z] > git fetch [3175ms]
[2022-08-02T07:41:56.879Z] > git status -z -uall [2ms]
[2022-08-02T07:41:56.911Z] > git symbolic-ref --short HEAD [2ms]
[2022-08-02T07:41:56.945Z] > git for-each-ref --format=%(refname)%00%(upstream:short)%00%(objectname)%00%(upstream:track)%00%(upstream:remotename)%00%(upstream:remoteref) refs/heads/2-add-rsa-accelerator refs/remotes/2-add-rsa-accelerator [1ms]
[2022-08-02T07:41:57.019Z] > git for-each-ref --sort -committerdate --format %(refname) %(objectname) %(*objectname) [34ms]
[2022-08-02T07:41:57.020Z] > git remote --verbose [2ms]
[2022-08-02T07:41:57.052Z] > git config --get commit.template [2ms]
[2022-08-02T07:46:02.684Z] > git ls-files --stage -- /home/karthik/incore/crypto-accel/rsa/Makefile.inc [1ms]
[2022-08-02T07:46:02.721Z] > git show --textconv :rsa/Makefile.inc [2ms]
[2022-08-02T07:46:03.809Z] > git ls-files --stage -- /home/karthik/incore/crypto-accel/rsa/Makefile.inc [2ms]
[2022-08-02T07:46:03.838Z] > git show --textconv :rsa/Makefile.inc [1ms]
[2022-08-02T07:46:05.946Z] > git fetch [3330ms]
[2022-08-02T07:46:05.976Z] > git status -z -uall [2ms]
[2022-08-02T07:46:06.016Z] > git symbolic-ref --short HEAD [4ms]
[2022-08-02T07:46:06.043Z] > git for-each-ref --format=%(refname)%00%(upstream:short)%00%(objectname)%00%(upstream:track)%00%(upstream:remotename)%00%(upstream:remoteref) refs/heads/2-add-rsa-accelerator refs/remotes/2-add-rsa-accelerator [2ms]
[2022-08-02T07:46:06.107Z] > git for-each-ref --sort -committerdate --format %(refname) %(objectname) %(*objectname) [28ms]
[2022-08-02T07:46:06.107Z] > git remote --verbose [2ms]
[2022-08-02T07:46:06.138Z] > git config --get commit.template [2ms]
[2022-08-02T07:46:06.861Z] > git ls-files --stage -- /home/karthik/incore/crypto-accel/rsa/Makefile.inc [1ms]
[2022-08-02T07:46:06.911Z] > git show --textconv :rsa/Makefile.inc [1ms]
[2022-08-02T07:47:36.842Z] > git show --textconv :rsa/src/mme.bsv [36ms]
[2022-08-02T07:47:36.842Z] > git ls-files --stage -- /home/karthik/incore/crypto-accel/rsa/src/mme.bsv [2ms]
[2022-08-02T07:47:36.871Z] > git cat-file -s 648c435f104e2604b81f11f95c229a4ffa54e92d [2ms]
[2022-08-02T07:47:50.001Z] > git show --textconv HEAD:rsa/src/mme.bsv [15ms]
[2022-08-02T07:47:50.002Z] > git ls-tree -l HEAD -- /home/karthik/incore/crypto-accel/rsa/src/mme.bsv [2ms]
[2022-08-02T07:47:59.605Z] > git ls-tree -l HEAD -- /home/karthik/incore/crypto-accel/rsa/src/mme.bsv [28ms]
[2022-08-02T07:47:59.606Z] > git checkout -q -- /home/karthik/incore/crypto-accel/rsa/src/mme.bsv [2ms]
[2022-08-02T07:47:59.633Z] > git status -z -uall [2ms]
[2022-08-02T07:47:59.664Z] > git symbolic-ref --short HEAD [3ms]
[2022-08-02T07:47:59.690Z] > git for-each-ref --format=%(refname)%00%(upstream:short)%00%(objectname)%00%(upstream:track)%00%(upstream:remotename)%00%(upstream:remoteref) refs/heads/2-add-rsa-accelerator refs/remotes/2-add-rsa-accelerator [1ms]
[2022-08-02T07:47:59.738Z] > git for-each-ref --sort -committerdate --format %(refname) %(objectname) %(*objectname) [24ms]
[2022-08-02T07:47:59.738Z] > git remote --verbose [1ms]
[2022-08-02T07:47:59.768Z] > git config --get commit.template [1ms]
[2022-08-02T07:48:00.811Z] > git ls-tree -l HEAD -- /home/karthik/incore/crypto-accel/rsa/src/mme.bsv [3ms]
[2022-08-02T07:48:00.849Z] > git show --textconv HEAD:rsa/src/mme.bsv [1ms]
[2022-08-02T07:48:01.790Z] > git status -z -uall [2ms]
[2022-08-02T07:48:01.814Z] > git symbolic-ref --short HEAD [1ms]
[2022-08-02T07:48:01.840Z] > git for-each-ref --format=%(refname)%00%(upstream:short)%00%(objectname)%00%(upstream:track)%00%(upstream:remotename)%00%(upstream:remoteref) refs/heads/2-add-rsa-accelerator refs/remotes/2-add-rsa-accelerator [2ms]
[2022-08-02T07:48:01.919Z] > git for-each-ref --sort -committerdate --format %(refname) %(objectname) %(*objectname) [39ms]
[2022-08-02T07:48:01.919Z] > git remote --verbose [1ms]
[2022-08-02T07:48:01.945Z] > git config --get commit.template [1ms]
[2022-08-02T07:48:02.604Z] > git show --textconv :rsa/src/mme.bsv [45ms]
[2022-08-02T07:48:02.605Z] > git ls-files --stage -- /home/karthik/incore/crypto-accel/rsa/src/mme.bsv [25ms]
[2022-08-02T07:48:02.636Z] > git cat-file -s 648c435f104e2604b81f11f95c229a4ffa54e92d [2ms]
[2022-08-02T07:48:06.580Z] > git show --textconv :rsa/Makefile.inc [29ms]
[2022-08-02T07:48:06.581Z] > git ls-files --stage -- /home/karthik/incore/crypto-accel/rsa/Makefile.inc [2ms]
[2022-08-02T07:48:11.280Z] > git show --textconv :rsa/src/mme.bsv [54ms]
[2022-08-02T07:48:11.283Z] > git ls-files --stage -- /home/karthik/incore/crypto-accel/rsa/src/mme.bsv [31ms]
[2022-08-02T07:48:11.313Z] > git cat-file -s 648c435f104e2604b81f11f95c229a4ffa54e92d [4ms]
[2022-08-02T07:48:14.924Z] > git status -z -uall [27ms]
[2022-08-02T07:48:14.944Z] > git symbolic-ref --short HEAD [2ms]
[2022-08-02T07:48:14.960Z] > git for-each-ref --format=%(refname)%00%(upstream:short)%00%(objectname)%00%(upstream:track)%00%(upstream:remotename)%00%(upstream:remoteref) refs/heads/2-add-rsa-accelerator refs/remotes/2-add-rsa-accelerator [1ms]
[2022-08-02T07:48:14.994Z] > git for-each-ref --sort -committerdate --format %(refname) %(objectname) %(*objectname) [17ms]
[2022-08-02T07:48:14.995Z] > git remote --verbose [2ms]
[2022-08-02T07:48:15.016Z] > git config --get commit.template [1ms]
[2022-08-02T07:48:21.780Z] > git status -z -uall [3ms]
[2022-08-02T07:48:21.814Z] > git symbolic-ref --short HEAD [17ms]
[2022-08-02T07:48:21.831Z] > git for-each-ref --format=%(refname)%00%(upstream:short)%00%(objectname)%00%(upstream:track)%00%(upstream:remotename)%00%(upstream:remoteref) refs/heads/2-add-rsa-accelerator refs/remotes/2-add-rsa-accelerator [2ms]
[2022-08-02T07:48:21.864Z] > git remote --verbose [1ms]
[2022-08-02T07:48:21.864Z] > git for-each-ref --sort -committerdate --format %(refname) %(objectname) %(*objectname) [18ms]
[2022-08-02T07:48:21.883Z] > git config --get commit.template [0ms]
[2022-08-02T07:48:31.165Z] > git status -z -uall [39ms]
[2022-08-02T07:48:31.193Z] > git symbolic-ref --short HEAD [2ms]
[2022-08-02T07:48:31.218Z] > git for-each-ref --format=%(refname)%00%(upstream:short)%00%(objectname)%00%(upstream:track)%00%(upstream:remotename)%00%(upstream:remoteref) refs/heads/2-add-rsa-accelerator refs/remotes/2-add-rsa-accelerator [2ms]
[2022-08-02T07:48:31.270Z] > git for-each-ref --sort -committerdate --format %(refname) %(objectname) %(*objectname) [27ms]
[2022-08-02T07:48:31.270Z] > git remote --verbose [1ms]
[2022-08-02T07:48:31.296Z] > git config --get commit.template [2ms]
[2022-08-02T07:48:37.988Z] > git status -z -uall [56ms]
[2022-08-02T07:48:38.023Z] > git symbolic-ref --short HEAD [3ms]
[2022-08-02T07:48:38.066Z] > git for-each-ref --format=%(refname)%00%(upstream:short)%00%(objectname)%00%(upstream:track)%00%(upstream:remotename)%00%(upstream:remoteref) refs/heads/2-add-rsa-accelerator refs/remotes/2-add-rsa-accelerator [2ms]
[2022-08-02T07:48:38.137Z] > git for-each-ref --sort -committerdate --format %(refname) %(objectname) %(*objectname) [32ms]
[2022-08-02T07:48:38.137Z] > git remote --verbose [1ms]
[2022-08-02T07:48:38.162Z] > git config --get commit.template [1ms]
[2022-08-02T07:48:43.194Z] > git status -z -uall [1ms]
[2022-08-02T07:48:43.211Z] > git symbolic-ref --short HEAD [1ms]
[2022-08-02T07:48:43.236Z] > git for-each-ref --format=%(refname)%00%(upstream:short)%00%(objectname)%00%(upstream:track)%00%(upstream:remotename)%00%(upstream:remoteref) refs/heads/2-add-rsa-accelerator refs/remotes/2-add-rsa-accelerator [1ms]
[2022-08-02T07:48:43.292Z] > git for-each-ref --sort -committerdate --format %(refname) %(objectname) %(*objectname) [30ms]
[2022-08-02T07:48:43.294Z] > git remote --verbose [3ms]
[2022-08-02T07:48:43.325Z] > git config --get commit.template [1ms]
[2022-08-02T07:49:16.969Z] > git ls-files --stage -- /home/karthik/incore/crypto-accel/rsa/src/mme.bsv [1ms]
[2022-08-02T07:49:17.001Z] > git cat-file -s 648c435f104e2604b81f11f95c229a4ffa54e92d [2ms]
[2022-08-02T07:49:17.039Z] > git show --textconv :rsa/src/mme.bsv [2ms]
[2022-08-02T07:49:18.954Z] > git fetch [3171ms]
[2022-08-02T07:49:18.979Z] > git status -z -uall [2ms]
[2022-08-02T07:49:18.999Z] > git symbolic-ref --short HEAD [1ms]
[2022-08-02T07:49:19.018Z] > git for-each-ref --format=%(refname)%00%(upstream:short)%00%(objectname)%00%(upstream:track)%00%(upstream:remotename)%00%(upstream:remoteref) refs/heads/2-add-rsa-accelerator refs/remotes/2-add-rsa-accelerator [1ms]
[2022-08-02T07:49:19.052Z] > git for-each-ref --sort -committerdate --format %(refname) %(objectname) %(*objectname) [19ms]
[2022-08-02T07:49:19.052Z] > git remote --verbose [1ms]
[2022-08-02T07:49:19.076Z] > git config --get commit.template [1ms]
[2022-08-02T07:49:19.519Z] > git show --textconv :rsa/Makefile [37ms]
[2022-08-02T07:49:19.523Z] > git ls-files --stage -- /home/karthik/incore/crypto-accel/rsa/Makefile [4ms]
[2022-08-02T07:49:19.888Z] > git ls-files --stage -- /home/karthik/incore/crypto-accel/rsa/Makefile [3ms]
[2022-08-02T07:49:19.932Z] > git show --textconv :rsa/Makefile [3ms]
[2022-08-02T07:49:20.863Z] > git status -z -uall [2ms]
[2022-08-02T07:49:20.879Z] > git symbolic-ref --short HEAD [1ms]
[2022-08-02T07:49:20.904Z] > git for-each-ref --format=%(refname)%00%(upstream:short)%00%(objectname)%00%(upstream:track)%00%(upstream:remotename)%00%(upstream:remoteref) refs/heads/2-add-rsa-accelerator refs/remotes/2-add-rsa-accelerator [2ms]
[2022-08-02T07:49:20.960Z] > git for-each-ref --sort -committerdate --format %(refname) %(objectname) %(*objectname) [34ms]
[2022-08-02T07:49:20.961Z] > git remote --verbose [2ms]
[2022-08-02T07:49:20.991Z] > git config --get commit.template [1ms]
[2022-08-02T07:49:37.402Z] > git show --textconv :rsa/manager.sh [29ms]
[2022-08-02T07:49:37.403Z] > git ls-files --stage -- /home/karthik/incore/crypto-accel/rsa/manager.sh [2ms]
[2022-08-02T07:49:37.894Z] > git show --textconv :rsa/Makefile.inc [38ms]
[2022-08-02T07:49:37.894Z] > git ls-files --stage -- /home/karthik/incore/crypto-accel/rsa/Makefile.inc [1ms]
[2022-08-02T07:52:28.346Z] > git ls-files --stage -- /home/karthik/incore/crypto-accel/rsa/Makefile.inc [1ms]
[2022-08-02T07:52:28.374Z] > git show --textconv :rsa/Makefile.inc [2ms]
[2022-08-02T07:52:30.015Z] > git show --textconv :rsa/src/mme.bsv [20ms]
[2022-08-02T07:52:30.015Z] > git ls-files --stage -- /home/karthik/incore/crypto-accel/rsa/src/mme.bsv [2ms]
[2022-08-02T07:52:30.034Z] > git cat-file -s 648c435f104e2604b81f11f95c229a4ffa54e92d [1ms]
[2022-08-02T07:52:30.381Z] > git fetch [3240ms]
[2022-08-02T07:52:30.510Z] > git status -z -uall [1ms]
[2022-08-02T07:52:30.526Z] > git symbolic-ref --short HEAD [1ms]
[2022-08-02T07:52:30.546Z] > git for-each-ref --format=%(refname)%00%(upstream:short)%00%(objectname)%00%(upstream:track)%00%(upstream:remotename)%00%(upstream:remoteref) refs/heads/2-add-rsa-accelerator refs/remotes/2-add-rsa-accelerator [3ms]
[2022-08-02T07:52:30.610Z] > git for-each-ref --sort -committerdate --format %(refname) %(objectname) %(*objectname) [28ms]
[2022-08-02T07:52:30.611Z] > git remote --verbose [3ms]
[2022-08-02T07:52:30.631Z] > git config --get commit.template [1ms]
[2022-08-02T07:52:31.192Z] > git ls-files --stage -- /home/karthik/incore/crypto-accel/rsa/src/mme.bsv [1ms]
[2022-08-02T07:52:31.208Z] > git cat-file -s 648c435f104e2604b81f11f95c229a4ffa54e92d [1ms]
[2022-08-02T07:52:31.227Z] > git show --textconv :rsa/src/mme.bsv [1ms]
[2022-08-02T07:52:32.194Z] > git status -z -uall [2ms]
[2022-08-02T07:52:32.211Z] > git symbolic-ref --short HEAD [2ms]
[2022-08-02T07:52:32.226Z] > git for-each-ref --format=%(refname)%00%(upstream:short)%00%(objectname)%00%(upstream:track)%00%(upstream:remotename)%00%(upstream:remoteref) refs/heads/2-add-rsa-accelerator refs/remotes/2-add-rsa-accelerator [1ms]
[2022-08-02T07:52:32.257Z] > git for-each-ref --sort -committerdate --format %(refname) %(objectname) %(*objectname) [16ms]
[2022-08-02T07:52:32.257Z] > git remote --verbose [1ms]
[2022-08-02T07:52:32.275Z] > git config --get commit.template [2ms]
[2022-08-02T07:56:43.098Z] > git fetch [3202ms]
[2022-08-02T07:56:43.126Z] > git status -z -uall [5ms]
[2022-08-02T07:56:43.150Z] > git symbolic-ref --short HEAD [1ms]
[2022-08-02T07:56:43.186Z] > git for-each-ref --format=%(refname)%00%(upstream:short)%00%(objectname)%00%(upstream:track)%00%(upstream:remotename)%00%(upstream:remoteref) refs/heads/2-add-rsa-accelerator refs/remotes/2-add-rsa-accelerator [2ms]
[2022-08-02T07:56:43.255Z] > git for-each-ref --sort -committerdate --format %(refname) %(objectname) %(*objectname) [37ms]
[2022-08-02T07:56:43.256Z] > git remote --verbose [2ms]
[2022-08-02T07:56:43.293Z] > git config --get commit.template [2ms]
[2022-08-02T08:04:55.539Z] > git ls-files --stage -- /home/karthik/incore/crypto-accel/rsa/src/mme.bsv [1ms]
[2022-08-02T08:04:55.564Z] > git cat-file -s 648c435f104e2604b81f11f95c229a4ffa54e92d [2ms]
[2022-08-02T08:04:55.612Z] > git show --textconv :rsa/src/mme.bsv [5ms]
[2022-08-02T08:04:56.702Z] > git ls-files --stage -- /home/karthik/incore/crypto-accel/rsa/src/mme.bsv [3ms]
[2022-08-02T08:04:56.722Z] > git cat-file -s 648c435f104e2604b81f11f95c229a4ffa54e92d [1ms]
[2022-08-02T08:04:56.751Z] > git show --textconv :rsa/src/mme.bsv [3ms]
[2022-08-02T08:04:58.628Z] > git fetch [3131ms]
[2022-08-02T08:04:58.678Z] > git status -z -uall [5ms]
[2022-08-02T08:04:58.723Z] > git symbolic-ref --short HEAD [2ms]
[2022-08-02T08:04:58.750Z] > git for-each-ref --format=%(refname)%00%(upstream:short)%00%(objectname)%00%(upstream:track)%00%(upstream:remotename)%00%(upstream:remoteref) refs/heads/2-add-rsa-accelerator refs/remotes/2-add-rsa-accelerator [2ms]
[2022-08-02T08:04:58.790Z] > git for-each-ref --sort -committerdate --format %(refname) %(objectname) %(*objectname) [20ms]
[2022-08-02T08:04:58.790Z] > git remote --verbose [1ms]
[2022-08-02T08:04:58.810Z] > git config --get commit.template [1ms]
[2022-08-02T08:04:59.559Z] > git ls-files --stage -- /home/karthik/incore/crypto-accel/rsa/src/mme.bsv [3ms]
[2022-08-02T08:04:59.599Z] > git cat-file -s 648c435f104e2604b81f11f95c229a4ffa54e92d [2ms]
[2022-08-02T08:04:59.632Z] > git show --textconv :rsa/src/mme.bsv [2ms]
[2022-08-02T08:05:00.562Z] > git status -z -uall [3ms]
[2022-08-02T08:05:00.590Z] > git symbolic-ref --short HEAD [1ms]
[2022-08-02T08:05:00.617Z] > git for-each-ref --format=%(refname)%00%(upstream:short)%00%(objectname)%00%(upstream:track)%00%(upstream:remotename)%00%(upstream:remoteref) refs/heads/2-add-rsa-accelerator refs/remotes/2-add-rsa-accelerator [1ms]
[2022-08-02T08:05:00.666Z] > git for-each-ref --sort -committerdate --format %(refname) %(objectname) %(*objectname) [25ms]
[2022-08-02T08:05:00.667Z] > git remote --verbose [1ms]
[2022-08-02T08:05:00.691Z] > git config --get commit.template [1ms]
[2022-08-02T08:05:04.513Z] > git show --textconv :rsa/src/Makefile [15ms]
[2022-08-02T08:05:04.514Z] > git ls-files --stage -- /home/karthik/incore/crypto-accel/rsa/src/Makefile [1ms]
[2022-08-02T08:05:04.838Z] > git check-ignore -v -z --stdin [3ms]
[2022-08-02T08:05:20.505Z] > git status -z -uall [2ms]
[2022-08-02T08:05:20.526Z] > git symbolic-ref --short HEAD [1ms]
[2022-08-02T08:05:20.555Z] > git for-each-ref --format=%(refname)%00%(upstream:short)%00%(objectname)%00%(upstream:track)%00%(upstream:remotename)%00%(upstream:remoteref) refs/heads/2-add-rsa-accelerator refs/remotes/2-add-rsa-accelerator [3ms]
[2022-08-02T08:05:20.617Z] > git for-each-ref --sort -committerdate --format %(refname) %(objectname) %(*objectname) [30ms]
[2022-08-02T08:05:20.617Z] > git remote --verbose [1ms]
[2022-08-02T08:05:20.648Z] > git config --get commit.template [1ms]
[2022-08-02T08:05:33.053Z] > git status -z -uall [3ms]
[2022-08-02T08:05:33.096Z] > git symbolic-ref --short HEAD [3ms]
[2022-08-02T08:05:33.135Z] > git for-each-ref --format=%(refname)%00%(upstream:short)%00%(objectname)%00%(upstream:track)%00%(upstream:remotename)%00%(upstream:remoteref) refs/heads/2-add-rsa-accelerator refs/remotes/2-add-rsa-accelerator [3ms]
[2022-08-02T08:05:33.189Z] > git for-each-ref --sort -committerdate --format %(refname) %(objectname) %(*objectname) [26ms]
[2022-08-02T08:05:33.189Z] > git remote --verbose [1ms]
[2022-08-02T08:05:33.217Z] > git config --get commit.template [2ms]
[2022-08-02T08:05:41.484Z] > git check-ignore -v -z --stdin [1ms]
[2022-08-02T08:05:43.624Z] > git status -z -uall [1ms]
[2022-08-02T08:05:43.653Z] > git symbolic-ref --short HEAD [3ms]
[2022-08-02T08:05:43.679Z] > git for-each-ref --format=%(refname)%00%(upstream:short)%00%(objectname)%00%(upstream:track)%00%(upstream:remotename)%00%(upstream:remoteref) refs/heads/2-add-rsa-accelerator refs/remotes/2-add-rsa-accelerator [1ms]
[2022-08-02T08:05:43.738Z] > git for-each-ref --sort -committerdate --format %(refname) %(objectname) %(*objectname) [31ms]
[2022-08-02T08:05:43.738Z] > git remote --verbose [1ms]
[2022-08-02T08:05:43.781Z] > git config --get commit.template [3ms]
[2022-08-02T08:05:46.441Z] > git check-ignore -v -z --stdin [1ms]
[2022-08-02T08:05:46.975Z] > git check-ignore -v -z --stdin [1ms]
[2022-08-02T08:06:02.657Z] > git status -z -uall [2ms]
[2022-08-02T08:06:02.682Z] > git symbolic-ref --short HEAD [1ms]
[2022-08-02T08:06:02.706Z] > git for-each-ref --format=%(refname)%00%(upstream:short)%00%(objectname)%00%(upstream:track)%00%(upstream:remotename)%00%(upstream:remoteref) refs/heads/2-add-rsa-accelerator refs/remotes/2-add-rsa-accelerator [3ms]
[2022-08-02T08:06:02.761Z] > git for-each-ref --sort -committerdate --format %(refname) %(objectname) %(*objectname) [28ms]
[2022-08-02T08:06:02.761Z] > git remote --verbose [1ms]
[2022-08-02T08:06:02.787Z] > git config --get commit.template [1ms]
[2022-08-02T08:06:07.816Z] > git status -z -uall [1ms]
[2022-08-02T08:06:07.840Z] > git symbolic-ref --short HEAD [0ms]
[2022-08-02T08:06:07.867Z] > git for-each-ref --format=%(refname)%00%(upstream:short)%00%(objectname)%00%(upstream:track)%00%(upstream:remotename)%00%(upstream:remoteref) refs/heads/2-add-rsa-accelerator refs/remotes/2-add-rsa-accelerator [2ms]
[2022-08-02T08:06:07.913Z] > git for-each-ref --sort -committerdate --format %(refname) %(objectname) %(*objectname) [21ms]
[2022-08-02T08:06:07.914Z] > git remote --verbose [2ms]
[2022-08-02T08:06:07.937Z] > git config --get commit.template [1ms]
[2022-08-02T08:06:09.447Z] > git show --textconv :rsa/src/mme.bsv [25ms]
[2022-08-02T08:06:09.448Z] > git ls-files --stage -- /home/karthik/incore/crypto-accel/rsa/src/mme.bsv [2ms]
[2022-08-02T08:06:09.480Z] > git cat-file -s 648c435f104e2604b81f11f95c229a4ffa54e92d [3ms]
[2022-08-02T08:06:15.431Z] > git status -z -uall [1ms]
[2022-08-02T08:06:15.448Z] > git symbolic-ref --short HEAD [1ms]
[2022-08-02T08:06:15.465Z] > git for-each-ref --format=%(refname)%00%(upstream:short)%00%(objectname)%00%(upstream:track)%00%(upstream:remotename)%00%(upstream:remoteref) refs/heads/2-add-rsa-accelerator refs/remotes/2-add-rsa-accelerator [1ms]
[2022-08-02T08:06:15.497Z] > git for-each-ref --sort -committerdate --format %(refname) %(objectname) %(*objectname) [16ms]
[2022-08-02T08:06:15.497Z] > git remote --verbose [0ms]
[2022-08-02T08:06:15.515Z] > git config --get commit.template [1ms]
[2022-08-02T08:06:32.010Z] > git status -z -uall [2ms]
[2022-08-02T08:06:32.043Z] > git symbolic-ref --short HEAD [2ms]
[2022-08-02T08:06:32.068Z] > git for-each-ref --format=%(refname)%00%(upstream:short)%00%(objectname)%00%(upstream:track)%00%(upstream:remotename)%00%(upstream:remoteref) refs/heads/2-add-rsa-accelerator refs/remotes/2-add-rsa-accelerator [2ms]
[2022-08-02T08:06:32.123Z] > git for-each-ref --sort -committerdate --format %(refname) %(objectname) %(*objectname) [30ms]
[2022-08-02T08:06:32.123Z] > git remote --verbose [1ms]
[2022-08-02T08:06:32.148Z] > git config --get commit.template [1ms]
[2022-08-02T08:06:48.988Z] > git status -z -uall [1ms]
[2022-08-02T08:06:49.003Z] > git symbolic-ref --short HEAD [1ms]
[2022-08-02T08:06:49.018Z] > git for-each-ref --format=%(refname)%00%(upstream:short)%00%(objectname)%00%(upstream:track)%00%(upstream:remotename)%00%(upstream:remoteref) refs/heads/2-add-rsa-accelerator refs/remotes/2-add-rsa-accelerator [1ms]
[2022-08-02T08:06:49.048Z] > git for-each-ref --sort -committerdate --format %(refname) %(objectname) %(*objectname) [16ms]
[2022-08-02T08:06:49.048Z] > git remote --verbose [1ms]
[2022-08-02T08:06:49.064Z] > git config --get commit.template [0ms]
[2022-08-02T08:07:04.794Z] > git status -z -uall [2ms]
[2022-08-02T08:07:04.811Z] > git symbolic-ref --short HEAD [1ms]
[2022-08-02T08:07:04.829Z] > git for-each-ref --format=%(refname)%00%(upstream:short)%00%(objectname)%00%(upstream:track)%00%(upstream:remotename)%00%(upstream:remoteref) refs/heads/2-add-rsa-accelerator refs/remotes/2-add-rsa-accelerator [1ms]
[2022-08-02T08:07:04.862Z] > git for-each-ref --sort -committerdate --format %(refname) %(objectname) %(*objectname) [18ms]
[2022-08-02T08:07:04.862Z] > git remote --verbose [1ms]
[2022-08-02T08:07:04.880Z] > git config --get commit.template [1ms]
[2022-08-02T08:07:23.031Z] > git status -z -uall [3ms]
[2022-08-02T08:07:23.049Z] > git symbolic-ref --short HEAD [1ms]
[2022-08-02T08:07:23.064Z] > git for-each-ref --format=%(refname)%00%(upstream:short)%00%(objectname)%00%(upstream:track)%00%(upstream:remotename)%00%(upstream:remoteref) refs/heads/2-add-rsa-accelerator refs/remotes/2-add-rsa-accelerator [1ms]
[2022-08-02T08:07:23.094Z] > git for-each-ref --sort -committerdate --format %(refname) %(objectname) %(*objectname) [15ms]
[2022-08-02T08:07:23.094Z] > git remote --verbose [0ms]
[2022-08-02T08:07:23.112Z] > git config --get commit.template [1ms]
[2022-08-02T08:07:39.915Z] > git status -z -uall [33ms]
[2022-08-02T08:07:39.939Z] > git symbolic-ref --short HEAD [1ms]
[2022-08-02T08:07:39.968Z] > git for-each-ref --format=%(refname)%00%(upstream:short)%00%(objectname)%00%(upstream:track)%00%(upstream:remotename)%00%(upstream:remoteref) refs/heads/2-add-rsa-accelerator refs/remotes/2-add-rsa-accelerator [12ms]
[2022-08-02T08:07:40.000Z] > git remote --verbose [1ms]
[2022-08-02T08:07:40.009Z] > git for-each-ref --sort -committerdate --format %(refname) %(objectname) %(*objectname) [25ms]
[2022-08-02T08:07:40.047Z] > git config --get commit.template [1ms]
[2022-08-02T08:07:55.593Z] > git status -z -uall [1ms]
[2022-08-02T08:07:55.607Z] > git symbolic-ref --short HEAD [0ms]
[2022-08-02T08:07:55.622Z] > git for-each-ref --format=%(refname)%00%(upstream:short)%00%(objectname)%00%(upstream:track)%00%(upstream:remotename)%00%(upstream:remoteref) refs/heads/2-add-rsa-accelerator refs/remotes/2-add-rsa-accelerator [1ms]
[2022-08-02T08:07:55.650Z] > git for-each-ref --sort -committerdate --format %(refname) %(objectname) %(*objectname) [15ms]
[2022-08-02T08:07:55.650Z] > git remote --verbose [1ms]
[2022-08-02T08:07:55.667Z] > git config --get commit.template [1ms]
[2022-08-02T08:08:02.465Z] > git fetch [3636ms]
[2022-08-02T08:08:02.480Z] > git status -z -uall [1ms]
[2022-08-02T08:08:02.495Z] > git symbolic-ref --short HEAD [1ms]
[2022-08-02T08:08:02.510Z] > git for-each-ref --format=%(refname)%00%(upstream:short)%00%(objectname)%00%(upstream:track)%00%(upstream:remotename)%00%(upstream:remoteref) refs/heads/2-add-rsa-accelerator refs/remotes/2-add-rsa-accelerator [1ms]
[2022-08-02T08:08:02.537Z] > git for-each-ref --sort -committerdate --format %(refname) %(objectname) %(*objectname) [13ms]
[2022-08-02T08:08:02.538Z] > git remote --verbose [1ms]
[2022-08-02T08:08:02.558Z] > git config --get commit.template [1ms]
[2022-08-02T08:08:11.396Z] > git status -z -uall [1ms]
[2022-08-02T08:08:11.414Z] > git symbolic-ref --short HEAD [0ms]
[2022-08-02T08:08:11.431Z] > git for-each-ref --format=%(refname)%00%(upstream:short)%00%(objectname)%00%(upstream:track)%00%(upstream:remotename)%00%(upstream:remoteref) refs/heads/2-add-rsa-accelerator refs/remotes/2-add-rsa-accelerator [1ms]
[2022-08-02T08:08:11.463Z] > git for-each-ref --sort -committerdate --format %(refname) %(objectname) %(*objectname) [16ms]
[2022-08-02T08:08:11.463Z] > git remote --verbose [1ms]
[2022-08-02T08:08:11.480Z] > git config --get commit.template [1ms]
[2022-08-02T08:08:11.520Z] > git ls-files --stage -- /home/karthik/incore/crypto-accel/rsa/src/mme.bsv [1ms]
[2022-08-02T08:08:11.535Z] > git cat-file -s 648c435f104e2604b81f11f95c229a4ffa54e92d [0ms]
[2022-08-02T08:08:11.558Z] > git show --textconv :rsa/src/mme.bsv [1ms]
[2022-08-02T08:08:16.498Z] > git status -z -uall [1ms]
[2022-08-02T08:08:16.513Z] > git symbolic-ref --short HEAD [0ms]
[2022-08-02T08:08:16.529Z] > git for-each-ref --format=%(refname)%00%(upstream:short)%00%(objectname)%00%(upstream:track)%00%(upstream:remotename)%00%(upstream:remoteref) refs/heads/2-add-rsa-accelerator refs/remotes/2-add-rsa-accelerator [1ms]
[2022-08-02T08:08:16.563Z] > git for-each-ref --sort -committerdate --format %(refname) %(objectname) %(*objectname) [17ms]
[2022-08-02T08:08:16.563Z] > git remote --verbose [0ms]
[2022-08-02T08:08:16.579Z] > git config --get commit.template [0ms]
[2022-08-02T08:08:26.956Z] > git status -z -uall [1ms]
[2022-08-02T08:08:26.971Z] > git symbolic-ref --short HEAD [0ms]
[2022-08-02T08:08:26.988Z] > git for-each-ref --format=%(refname)%00%(upstream:short)%00%(objectname)%00%(upstream:track)%00%(upstream:remotename)%00%(upstream:remoteref) refs/heads/2-add-rsa-accelerator refs/remotes/2-add-rsa-accelerator [1ms]
[2022-08-02T08:08:27.018Z] > git for-each-ref --sort -committerdate --format %(refname) %(objectname) %(*objectname) [16ms]
[2022-08-02T08:08:27.018Z] > git remote --verbose [1ms]
[2022-08-02T08:08:27.035Z] > git config --get commit.template [1ms]
[2022-08-02T08:08:44.377Z] > git status -z -uall [3ms]
[2022-08-02T08:08:44.393Z] > git symbolic-ref --short HEAD [1ms]
[2022-08-02T08:08:44.410Z] > git for-each-ref --format=%(refname)%00%(upstream:short)%00%(objectname)%00%(upstream:track)%00%(upstream:remotename)%00%(upstream:remoteref) refs/heads/2-add-rsa-accelerator refs/remotes/2-add-rsa-accelerator [1ms]
[2022-08-02T08:08:44.441Z] > git for-each-ref --sort -committerdate --format %(refname) %(objectname) %(*objectname) [15ms]
[2022-08-02T08:08:44.441Z] > git remote --verbose [1ms]
[2022-08-02T08:08:44.460Z] > git config --get commit.template [1ms]
[2022-08-02T08:11:03.812Z] > git ls-files --stage -- /home/karthik/incore/crypto-accel/rsa/src/mme.bsv [1ms]
[2022-08-02T08:11:03.828Z] > git cat-file -s 648c435f104e2604b81f11f95c229a4ffa54e92d [1ms]
[2022-08-02T08:11:03.849Z] > git show --textconv :rsa/src/mme.bsv [1ms]
[2022-08-02T08:11:05.762Z] > git fetch [3184ms]
[2022-08-02T08:11:05.810Z] > git status -z -uall [4ms]
[2022-08-02T08:11:05.856Z] > git symbolic-ref --short HEAD [2ms]
[2022-08-02T08:11:05.879Z] > git for-each-ref --format=%(refname)%00%(upstream:short)%00%(objectname)%00%(upstream:track)%00%(upstream:remotename)%00%(upstream:remoteref) refs/heads/2-add-rsa-accelerator refs/remotes/2-add-rsa-accelerator [1ms]
[2022-08-02T08:11:05.910Z] > git for-each-ref --sort -committerdate --format %(refname) %(objectname) %(*objectname) [14ms]
[2022-08-02T08:11:05.911Z] > git remote --verbose [1ms]
[2022-08-02T08:11:05.928Z] > git config --get commit.template [1ms]
[2022-08-02T08:11:06.687Z] > git ls-files --stage -- /home/karthik/incore/crypto-accel/rsa/src/mme.bsv [2ms]
[2022-08-02T08:11:06.716Z] > git cat-file -s 648c435f104e2604b81f11f95c229a4ffa54e92d [1ms]
[2022-08-02T08:11:06.742Z] > git show --textconv :rsa/src/mme.bsv [2ms]
[2022-08-02T08:11:07.679Z] > git status -z -uall [1ms]
[2022-08-02T08:11:07.697Z] > git symbolic-ref --short HEAD [1ms]
[2022-08-02T08:11:07.714Z] > git for-each-ref --format=%(refname)%00%(upstream:short)%00%(objectname)%00%(upstream:track)%00%(upstream:remotename)%00%(upstream:remoteref) refs/heads/2-add-rsa-accelerator refs/remotes/2-add-rsa-accelerator [1ms]
[2022-08-02T08:11:07.744Z] > git for-each-ref --sort -committerdate --format %(refname) %(objectname) %(*objectname) [15ms]
[2022-08-02T08:11:07.745Z] > git remote --verbose [1ms]
[2022-08-02T08:11:07.761Z] > git config --get commit.template [1ms]
