[Info  - 04:45:13.805] Reading sessions from keychain...
[Info  - 04:45:13.859] Getting sessions for user:email...
[Info  - 04:45:14.397] Getting sessions for all scopes...
[Info  - 04:45:15.215] Getting sessions for read:user...
[Info  - 04:45:15.564] Getting sessions for all scopes...
[Trace  - 04:46:38.198] Token acquired from secret storage.
[Info  - 04:46:38.205] Got stored sessions!
[Trace  - 04:46:38.205] Read the following session from the keychain with the following scopes: user:email
[Trace  - 04:46:38.205] Read the following session from the keychain with the following scopes: read:user
[Info  - 04:46:38.553] Got 2 verified sessions.
[Info  - 04:46:38.553] Got 1 sessions for user:email...
[Info  - 04:46:38.553] Got 2 sessions for ...
[Info  - 04:46:38.553] Got 1 sessions for read:user...
[Info  - 04:46:38.553] Got 2 sessions for ...
[Info  - 04:11:41.66] Getting sessions for read:user...
[Info  - 04:11:41.66] Got 1 sessions for read:user...
[Info  - 05:36:41.586] Getting sessions for read:user...
[Info  - 05:36:41.586] Got 1 sessions for read:user...
[Info  - 05:01:42.70] Getting sessions for read:user...
[Info  - 05:01:42.71] Got 1 sessions for read:user...
[Info  - 05:26:42.534] Getting sessions for read:user...
[Info  - 05:26:42.534] Got 1 sessions for read:user...
[Info  - 06:51:43.1] Getting sessions for read:user...
[Info  - 06:51:43.2] Got 1 sessions for read:user...
[Info  - 06:16:43.434] Getting sessions for read:user...
[Info  - 06:16:43.435] Got 1 sessions for read:user...
[Info  - 07:41:43.973] Getting sessions for read:user...
[Info  - 07:41:43.973] Got 1 sessions for read:user...
[Info  - 07:06:44.462] Getting sessions for read:user...
[Info  - 07:06:44.462] Got 1 sessions for read:user...
[Info  - 08:31:49.942] Getting sessions for read:user...
[Info  - 08:31:49.942] Got 1 sessions for read:user...
