[2022-07-29 11:45:33.895] [settingssync] [info] Using settings sync service https://vscode-sync.trafficmanager.net/
[2022-07-29 11:45:33.895] [settingssync] [info] Auto Sync is enabled.
[2022-07-29 11:45:33.895] [settingssync] [info] Auto Sync: Suspended until auth token is available.
[2022-07-29 11:47:01.747] [settingssync] [info] Auto Sync: Started
[2022-07-29 11:47:01.751] [settingssync] [info] Auto Sync: Triggered by Interval
[2022-07-29 11:48:36.512] [settingssync] [info] Request failed https://vscode-sync.trafficmanager.net/v1/resource/machines/latest
[2022-07-29 11:48:36.513] [settingssync] [error] RequestFailed (UserDataSyncError) syncResource:unknown operationId:unknown: Connection refused for the request 'https://vscode-sync.trafficmanager.net/v1/resource/machines/latest'.
    at h.request (vscode-file://vscode-app/opt/visual-studio-code/resources/app/out/vs/code/electron-browser/sharedProcess/sharedProcessMain.js:76:196227)
    at async h.read (vscode-file://vscode-app/opt/visual-studio-code/resources/app/out/vs/code/electron-browser/sharedProcess/sharedProcessMain.js:76:192655)
    at async et.readMachinesData (vscode-file://vscode-app/opt/visual-studio-code/resources/app/out/vs/code/electron-browser/sharedProcess/sharedProcessMain.js:76:146194)
    at async et.getMachines (vscode-file://vscode-app/opt/visual-studio-code/resources/app/out/vs/code/electron-browser/sharedProcess/sharedProcessMain.js:76:144803)
    at async r.doSync (vscode-file://vscode-app/opt/visual-studio-code/resources/app/out/vs/code/electron-browser/sharedProcess/sharedProcessMain.js:76:158551)
[2022-07-29 11:48:36.513] [settingssync] [error] RequestFailed (UserDataSyncError) syncResource:unknown operationId:unknown: Connection refused for the request 'https://vscode-sync.trafficmanager.net/v1/resource/machines/latest'.
    at h.request (vscode-file://vscode-app/opt/visual-studio-code/resources/app/out/vs/code/electron-browser/sharedProcess/sharedProcessMain.js:76:196227)
    at async h.read (vscode-file://vscode-app/opt/visual-studio-code/resources/app/out/vs/code/electron-browser/sharedProcess/sharedProcessMain.js:76:192655)
    at async et.readMachinesData (vscode-file://vscode-app/opt/visual-studio-code/resources/app/out/vs/code/electron-browser/sharedProcess/sharedProcessMain.js:76:146194)
    at async et.getMachines (vscode-file://vscode-app/opt/visual-studio-code/resources/app/out/vs/code/electron-browser/sharedProcess/sharedProcessMain.js:76:144803)
    at async r.doSync (vscode-file://vscode-app/opt/visual-studio-code/resources/app/out/vs/code/electron-browser/sharedProcess/sharedProcessMain.js:76:158551)
[2022-07-29 11:48:59.404] [settingssync] [info] Auto Sync: Triggered by Activity
[2022-07-29 11:48:59.783] [settingssync] [info] Settings: No changes found during synchronizing settings.
[2022-07-29 11:48:59.791] [settingssync] [info] Keybindings: No changes found during synchronizing keybindings.
[2022-07-29 11:48:59.796] [settingssync] [info] Snippets: No changes found during synchronizing snippets.
[2022-07-29 11:48:59.798] [settingssync] [info] Tasks: No changes found during synchronizing tasks.
[2022-07-29 11:49:00.195] [settingssync] [info] GlobalState: Updated remote ui state
[2022-07-29 11:49:00.200] [settingssync] [info] GlobalState: Updated last synchronized ui state
[2022-07-29 11:49:00.320] [settingssync] [info] Extensions: No changes found during synchronizing extensions.
[2022-07-29 11:49:00.322] [settingssync] [info] Sync done. Took 603ms
[2022-07-29 11:49:26.498] [settingssync] [info] Auto Sync: Triggered by Activity
[2022-07-29 11:49:26.691] [settingssync] [info] Settings: No changes found during synchronizing settings.
[2022-07-29 11:49:26.730] [settingssync] [info] Keybindings: No changes found during synchronizing keybindings.
[2022-07-29 11:49:26.735] [settingssync] [info] Snippets: No changes found during synchronizing snippets.
[2022-07-29 11:49:26.738] [settingssync] [info] Tasks: No changes found during synchronizing tasks.
[2022-07-29 11:49:26.742] [settingssync] [info] GlobalState: No changes found during synchronizing ui state.
[2022-07-29 11:49:26.886] [settingssync] [info] Extensions: No changes found during synchronizing extensions.
[2022-07-29 11:49:26.892] [settingssync] [info] Sync done. Took 232ms
[2022-07-29 11:50:33.482] [settingssync] [info] Auto Sync: Triggered by Activity
[2022-07-29 11:50:33.682] [settingssync] [info] Settings: No changes found during synchronizing settings.
[2022-07-29 11:50:33.703] [settingssync] [info] Keybindings: No changes found during synchronizing keybindings.
[2022-07-29 11:50:33.714] [settingssync] [info] Snippets: No changes found during synchronizing snippets.
[2022-07-29 11:50:33.716] [settingssync] [info] Tasks: No changes found during synchronizing tasks.
[2022-07-29 11:50:33.720] [settingssync] [info] GlobalState: No changes found during synchronizing ui state.
[2022-07-29 11:50:33.795] [settingssync] [info] Extensions: No changes found during synchronizing extensions.
[2022-07-29 11:50:33.797] [settingssync] [info] Sync done. Took 140ms
[2022-07-29 11:50:45.829] [settingssync] [info] Auto Sync: Triggered by Activity
[2022-07-29 11:50:45.972] [settingssync] [info] Settings: No changes found during synchronizing settings.
[2022-07-29 11:50:45.977] [settingssync] [info] Keybindings: No changes found during synchronizing keybindings.
[2022-07-29 11:50:45.980] [settingssync] [info] Snippets: No changes found during synchronizing snippets.
[2022-07-29 11:50:45.983] [settingssync] [info] Tasks: No changes found during synchronizing tasks.
[2022-07-29 11:50:45.989] [settingssync] [info] GlobalState: No changes found during synchronizing ui state.
[2022-07-29 11:50:46.095] [settingssync] [info] Extensions: No changes found during synchronizing extensions.
[2022-07-29 11:50:46.097] [settingssync] [info] Sync done. Took 135ms
[2022-07-29 11:51:07.594] [settingssync] [info] Auto Sync: Triggered by Activity
[2022-07-29 11:51:08.537] [settingssync] [info] Settings: No changes found during synchronizing settings.
[2022-07-29 11:51:08.541] [settingssync] [info] Keybindings: No changes found during synchronizing keybindings.
[2022-07-29 11:51:08.546] [settingssync] [info] Snippets: No changes found during synchronizing snippets.
[2022-07-29 11:51:08.551] [settingssync] [info] Tasks: No changes found during synchronizing tasks.
[2022-07-29 11:51:08.555] [settingssync] [info] GlobalState: No changes found during synchronizing ui state.
[2022-07-29 11:51:08.639] [settingssync] [info] Extensions: No changes found during synchronizing extensions.
[2022-07-29 11:51:08.645] [settingssync] [info] Sync done. Took 115ms
[2022-07-29 11:51:24.046] [settingssync] [info] Auto Sync: Triggered by Activity
[2022-07-29 11:51:24.234] [settingssync] [info] Settings: No changes found during synchronizing settings.
[2022-07-29 11:51:24.239] [settingssync] [info] Keybindings: No changes found during synchronizing keybindings.
[2022-07-29 11:51:24.243] [settingssync] [info] Snippets: No changes found during synchronizing snippets.
[2022-07-29 11:51:24.245] [settingssync] [info] Tasks: No changes found during synchronizing tasks.
[2022-07-29 11:51:24.249] [settingssync] [info] GlobalState: No changes found during synchronizing ui state.
[2022-07-29 11:51:24.311] [settingssync] [info] Extensions: No changes found during synchronizing extensions.
[2022-07-29 11:51:24.312] [settingssync] [info] Sync done. Took 124ms
[2022-07-29 11:52:55.722] [settingssync] [info] Auto Sync: Triggered by Activity
[2022-07-29 11:52:55.921] [settingssync] [info] Settings: No changes found during synchronizing settings.
[2022-07-29 11:52:55.934] [settingssync] [info] Keybindings: No changes found during synchronizing keybindings.
[2022-07-29 11:52:55.946] [settingssync] [info] Snippets: No changes found during synchronizing snippets.
[2022-07-29 11:52:55.955] [settingssync] [info] Tasks: No changes found during synchronizing tasks.
[2022-07-29 11:52:55.971] [settingssync] [info] GlobalState: No changes found during synchronizing ui state.
[2022-07-29 11:52:56.068] [settingssync] [info] Extensions: No changes found during synchronizing extensions.
[2022-07-29 11:52:56.068] [settingssync] [info] Sync done. Took 168ms
[2022-07-29 11:53:34.065] [settingssync] [info] Auto Sync: Triggered by Activity
[2022-07-29 11:53:34.250] [settingssync] [info] Settings: No changes found during synchronizing settings.
[2022-07-29 11:53:34.262] [settingssync] [info] Keybindings: No changes found during synchronizing keybindings.
[2022-07-29 11:53:34.269] [settingssync] [info] Snippets: No changes found during synchronizing snippets.
[2022-07-29 11:53:34.272] [settingssync] [info] Tasks: No changes found during synchronizing tasks.
[2022-07-29 11:53:34.276] [settingssync] [info] GlobalState: No changes found during synchronizing ui state.
[2022-07-29 11:53:34.354] [settingssync] [info] Extensions: No changes found during synchronizing extensions.
[2022-07-29 11:53:34.355] [settingssync] [info] Sync done. Took 142ms
[2022-07-29 11:58:34.371] [settingssync] [info] Auto Sync: Triggered by Interval
[2022-07-29 11:58:34.798] [settingssync] [info] Settings: No changes found during synchronizing settings.
[2022-07-29 11:58:34.813] [settingssync] [info] Keybindings: No changes found during synchronizing keybindings.
[2022-07-29 11:58:34.822] [settingssync] [info] Snippets: No changes found during synchronizing snippets.
[2022-07-29 11:58:34.828] [settingssync] [info] Tasks: No changes found during synchronizing tasks.
[2022-07-29 11:58:34.835] [settingssync] [info] GlobalState: No changes found during synchronizing ui state.
[2022-07-29 11:58:34.984] [settingssync] [info] Extensions: No changes found during synchronizing extensions.
[2022-07-29 11:58:34.987] [settingssync] [info] Sync done. Took 219ms
[2022-07-29 12:03:34.990] [settingssync] [info] Auto Sync: Triggered by Interval
[2022-07-29 12:03:35.357] [settingssync] [info] Settings: No changes found during synchronizing settings.
[2022-07-29 12:03:35.361] [settingssync] [info] Keybindings: No changes found during synchronizing keybindings.
[2022-07-29 12:03:35.364] [settingssync] [info] Snippets: No changes found during synchronizing snippets.
[2022-07-29 12:03:35.366] [settingssync] [info] Tasks: No changes found during synchronizing tasks.
[2022-07-29 12:03:35.370] [settingssync] [info] GlobalState: No changes found during synchronizing ui state.
[2022-07-29 12:03:35.439] [settingssync] [info] Extensions: No changes found during synchronizing extensions.
[2022-07-29 12:03:35.442] [settingssync] [info] Sync done. Took 107ms
[2022-07-29 12:08:35.444] [settingssync] [info] Auto Sync: Triggered by Interval
[2022-07-29 12:08:35.836] [settingssync] [info] Settings: No changes found during synchronizing settings.
[2022-07-29 12:08:35.849] [settingssync] [info] Keybindings: No changes found during synchronizing keybindings.
[2022-07-29 12:08:35.859] [settingssync] [info] Snippets: No changes found during synchronizing snippets.
[2022-07-29 12:08:35.864] [settingssync] [info] Tasks: No changes found during synchronizing tasks.
[2022-07-29 12:08:35.870] [settingssync] [info] GlobalState: No changes found during synchronizing ui state.
[2022-07-29 12:08:35.949] [settingssync] [info] Extensions: No changes found during synchronizing extensions.
[2022-07-29 12:08:35.950] [settingssync] [info] Sync done. Took 142ms
[2022-07-29 12:13:35.954] [settingssync] [info] Auto Sync: Triggered by Interval
[2022-07-29 12:13:36.295] [settingssync] [info] Settings: No changes found during synchronizing settings.
[2022-07-29 12:13:36.301] [settingssync] [info] Keybindings: No changes found during synchronizing keybindings.
[2022-07-29 12:13:36.304] [settingssync] [info] Snippets: No changes found during synchronizing snippets.
[2022-07-29 12:13:36.307] [settingssync] [info] Tasks: No changes found during synchronizing tasks.
[2022-07-29 12:13:36.315] [settingssync] [info] GlobalState: No changes found during synchronizing ui state.
[2022-07-29 12:13:36.400] [settingssync] [info] Extensions: No changes found during synchronizing extensions.
[2022-07-29 12:13:36.401] [settingssync] [info] Sync done. Took 119ms
[2022-07-29 12:18:36.403] [settingssync] [info] Auto Sync: Triggered by Interval
[2022-07-29 12:20:20.265] [settingssync] [info] Settings: No changes found during synchronizing settings.
[2022-07-29 12:20:20.273] [settingssync] [info] Keybindings: No changes found during synchronizing keybindings.
[2022-07-29 12:20:20.278] [settingssync] [info] Snippets: No changes found during synchronizing snippets.
[2022-07-29 12:20:20.281] [settingssync] [info] Tasks: No changes found during synchronizing tasks.
[2022-07-29 12:20:20.285] [settingssync] [info] GlobalState: No changes found during synchronizing ui state.
[2022-07-29 12:20:20.365] [settingssync] [info] Extensions: No changes found during synchronizing extensions.
[2022-07-29 12:20:20.366] [settingssync] [info] Sync done. Took 130ms
[2022-07-29 12:25:20.369] [settingssync] [info] Auto Sync: Triggered by Interval
[2022-07-29 12:25:42.434] [settingssync] [info] Settings: No changes found during synchronizing settings.
[2022-07-29 12:25:42.443] [settingssync] [info] Keybindings: No changes found during synchronizing keybindings.
[2022-07-29 12:25:42.446] [settingssync] [info] Snippets: No changes found during synchronizing snippets.
[2022-07-29 12:25:42.448] [settingssync] [info] Tasks: No changes found during synchronizing tasks.
[2022-07-29 12:25:42.452] [settingssync] [info] GlobalState: No changes found during synchronizing ui state.
[2022-07-29 12:25:42.546] [settingssync] [info] Extensions: No changes found during synchronizing extensions.
[2022-07-29 12:25:42.547] [settingssync] [info] Sync done. Took 140ms
[2022-07-29 12:30:42.550] [settingssync] [info] Auto Sync: Triggered by Interval
[2022-07-29 12:30:42.908] [settingssync] [info] Settings: No changes found during synchronizing settings.
[2022-07-29 12:30:42.920] [settingssync] [info] Keybindings: No changes found during synchronizing keybindings.
[2022-07-29 12:30:42.932] [settingssync] [info] Snippets: No changes found during synchronizing snippets.
[2022-07-29 12:30:42.941] [settingssync] [info] Tasks: No changes found during synchronizing tasks.
[2022-07-29 12:30:42.953] [settingssync] [info] GlobalState: No changes found during synchronizing ui state.
[2022-07-29 12:30:43.027] [settingssync] [info] Extensions: No changes found during synchronizing extensions.
[2022-07-29 12:30:43.028] [settingssync] [info] Sync done. Took 148ms
[2022-07-29 12:35:41.298] [settingssync] [info] Auto Sync: Triggered by Activity
[2022-07-29 12:35:42.057] [settingssync] [info] Settings: No changes found during synchronizing settings.
[2022-07-29 12:35:42.061] [settingssync] [info] Keybindings: No changes found during synchronizing keybindings.
[2022-07-29 12:35:42.066] [settingssync] [info] Snippets: No changes found during synchronizing snippets.
[2022-07-29 12:35:42.068] [settingssync] [info] Tasks: No changes found during synchronizing tasks.
[2022-07-29 12:35:42.073] [settingssync] [info] GlobalState: No changes found during synchronizing ui state.
[2022-07-29 12:35:42.146] [settingssync] [info] Extensions: No changes found during synchronizing extensions.
[2022-07-29 12:35:42.147] [settingssync] [info] Sync done. Took 97ms
[2022-07-29 12:40:42.152] [settingssync] [info] Auto Sync: Triggered by Interval
[2022-07-29 12:40:42.589] [settingssync] [info] Settings: No changes found during synchronizing settings.
[2022-07-29 12:40:42.597] [settingssync] [info] Keybindings: No changes found during synchronizing keybindings.
[2022-07-29 12:40:42.606] [settingssync] [info] Snippets: No changes found during synchronizing snippets.
[2022-07-29 12:40:42.617] [settingssync] [info] Tasks: No changes found during synchronizing tasks.
[2022-07-29 12:40:42.624] [settingssync] [info] GlobalState: No changes found during synchronizing ui state.
[2022-07-29 12:40:42.782] [settingssync] [info] Extensions: No changes found during synchronizing extensions.
[2022-07-29 12:40:42.789] [settingssync] [info] Sync done. Took 214ms
[2022-07-29 12:45:42.791] [settingssync] [info] Auto Sync: Triggered by Interval
[2022-07-29 12:45:43.156] [settingssync] [info] Settings: No changes found during synchronizing settings.
[2022-07-29 12:45:43.163] [settingssync] [info] Keybindings: No changes found during synchronizing keybindings.
[2022-07-29 12:45:43.167] [settingssync] [info] Snippets: No changes found during synchronizing snippets.
[2022-07-29 12:45:43.170] [settingssync] [info] Tasks: No changes found during synchronizing tasks.
[2022-07-29 12:45:43.176] [settingssync] [info] GlobalState: No changes found during synchronizing ui state.
[2022-07-29 12:45:43.272] [settingssync] [info] Extensions: No changes found during synchronizing extensions.
[2022-07-29 12:45:43.274] [settingssync] [info] Sync done. Took 134ms
[2022-07-29 12:50:43.276] [settingssync] [info] Auto Sync: Triggered by Interval
[2022-07-29 12:52:11.182] [settingssync] [info] Request failed https://vscode-sync.trafficmanager.net/v1/manifest
[2022-07-29 12:52:11.183] [settingssync] [error] RequestFailed (UserDataSyncError) syncResource:unknown operationId:unknown: Connection refused for the request 'https://vscode-sync.trafficmanager.net/v1/manifest'.
    at h.request (vscode-file://vscode-app/opt/visual-studio-code/resources/app/out/vs/code/electron-browser/sharedProcess/sharedProcessMain.js:76:196227)
    at async h.manifest (vscode-file://vscode-app/opt/visual-studio-code/resources/app/out/vs/code/electron-browser/sharedProcess/sharedProcessMain.js:76:193944)
    at async r.createSyncTask (vscode-file://vscode-app/opt/visual-studio-code/resources/app/out/vs/code/electron-browser/sharedProcess/sharedProcessMain.js:76:161186)
    at async r.doSync (vscode-file://vscode-app/opt/visual-studio-code/resources/app/out/vs/code/electron-browser/sharedProcess/sharedProcessMain.js:76:157679)
[2022-07-29 12:52:11.184] [settingssync] [error] RequestFailed (UserDataSyncError) syncResource:unknown operationId:unknown: Connection refused for the request 'https://vscode-sync.trafficmanager.net/v1/manifest'.
    at h.request (vscode-file://vscode-app/opt/visual-studio-code/resources/app/out/vs/code/electron-browser/sharedProcess/sharedProcessMain.js:76:196227)
    at async h.manifest (vscode-file://vscode-app/opt/visual-studio-code/resources/app/out/vs/code/electron-browser/sharedProcess/sharedProcessMain.js:76:193944)
    at async r.createSyncTask (vscode-file://vscode-app/opt/visual-studio-code/resources/app/out/vs/code/electron-browser/sharedProcess/sharedProcessMain.js:76:161186)
    at async r.doSync (vscode-file://vscode-app/opt/visual-studio-code/resources/app/out/vs/code/electron-browser/sharedProcess/sharedProcessMain.js:76:157679)
[2022-07-29 12:57:11.183] [settingssync] [info] Auto Sync: Triggered by Interval
[2022-07-29 12:57:11.531] [settingssync] [info] Settings: No changes found during synchronizing settings.
[2022-07-29 12:57:11.535] [settingssync] [info] Keybindings: No changes found during synchronizing keybindings.
[2022-07-29 12:57:11.538] [settingssync] [info] Snippets: No changes found during synchronizing snippets.
[2022-07-29 12:57:11.540] [settingssync] [info] Tasks: No changes found during synchronizing tasks.
[2022-07-29 12:57:11.544] [settingssync] [info] GlobalState: No changes found during synchronizing ui state.
[2022-07-29 12:57:11.618] [settingssync] [info] Extensions: No changes found during synchronizing extensions.
[2022-07-29 12:57:11.619] [settingssync] [info] Sync done. Took 104ms
[2022-07-29 13:02:11.622] [settingssync] [info] Auto Sync: Triggered by Interval
[2022-07-29 13:02:12.100] [settingssync] [info] Settings: No changes found during synchronizing settings.
[2022-07-29 13:02:12.116] [settingssync] [info] Keybindings: No changes found during synchronizing keybindings.
[2022-07-29 13:02:12.121] [settingssync] [info] Snippets: No changes found during synchronizing snippets.
[2022-07-29 13:02:12.124] [settingssync] [info] Tasks: No changes found during synchronizing tasks.
[2022-07-29 13:02:12.129] [settingssync] [info] GlobalState: No changes found during synchronizing ui state.
[2022-07-29 13:02:12.202] [settingssync] [info] Extensions: No changes found during synchronizing extensions.
[2022-07-29 13:02:12.203] [settingssync] [info] Sync done. Took 124ms
[2022-07-29 13:07:12.206] [settingssync] [info] Auto Sync: Triggered by Interval
[2022-07-29 13:07:12.539] [settingssync] [info] Settings: No changes found during synchronizing settings.
[2022-07-29 13:07:12.542] [settingssync] [info] Keybindings: No changes found during synchronizing keybindings.
[2022-07-29 13:07:12.546] [settingssync] [info] Snippets: No changes found during synchronizing snippets.
[2022-07-29 13:07:12.548] [settingssync] [info] Tasks: No changes found during synchronizing tasks.
[2022-07-29 13:07:12.553] [settingssync] [info] GlobalState: No changes found during synchronizing ui state.
[2022-07-29 13:07:12.639] [settingssync] [info] Extensions: No changes found during synchronizing extensions.
[2022-07-29 13:07:12.641] [settingssync] [info] Sync done. Took 113ms
[2022-07-29 13:12:12.643] [settingssync] [info] Auto Sync: Triggered by Interval
[2022-07-29 13:12:13.066] [settingssync] [info] Settings: No changes found during synchronizing settings.
[2022-07-29 13:12:13.072] [settingssync] [info] Keybindings: No changes found during synchronizing keybindings.
[2022-07-29 13:12:13.077] [settingssync] [info] Snippets: No changes found during synchronizing snippets.
[2022-07-29 13:12:13.081] [settingssync] [info] Tasks: No changes found during synchronizing tasks.
[2022-07-29 13:12:13.086] [settingssync] [info] GlobalState: No changes found during synchronizing ui state.
[2022-07-29 13:12:13.173] [settingssync] [info] Extensions: No changes found during synchronizing extensions.
[2022-07-29 13:12:13.174] [settingssync] [info] Sync done. Took 114ms
[2022-07-29 13:17:13.175] [settingssync] [info] Auto Sync: Triggered by Interval
[2022-07-29 13:17:13.516] [settingssync] [info] Settings: No changes found during synchronizing settings.
[2022-07-29 13:17:13.530] [settingssync] [info] Keybindings: No changes found during synchronizing keybindings.
[2022-07-29 13:17:13.543] [settingssync] [info] Snippets: No changes found during synchronizing snippets.
[2022-07-29 13:17:13.551] [settingssync] [info] Tasks: No changes found during synchronizing tasks.
[2022-07-29 13:17:13.562] [settingssync] [info] GlobalState: No changes found during synchronizing ui state.
[2022-07-29 13:17:13.684] [settingssync] [info] Extensions: No changes found during synchronizing extensions.
[2022-07-29 13:17:13.685] [settingssync] [info] Sync done. Took 191ms
[2022-07-29 13:22:13.690] [settingssync] [info] Auto Sync: Triggered by Interval
[2022-07-29 13:22:14.098] [settingssync] [info] Settings: No changes found during synchronizing settings.
[2022-07-29 13:22:14.106] [settingssync] [info] Keybindings: No changes found during synchronizing keybindings.
[2022-07-29 13:22:14.110] [settingssync] [info] Snippets: No changes found during synchronizing snippets.
[2022-07-29 13:22:14.113] [settingssync] [info] Tasks: No changes found during synchronizing tasks.
[2022-07-29 13:22:14.122] [settingssync] [info] GlobalState: No changes found during synchronizing ui state.
[2022-07-29 13:22:14.238] [settingssync] [info] Extensions: No changes found during synchronizing extensions.
[2022-07-29 13:22:14.239] [settingssync] [info] Sync done. Took 170ms
[2022-07-29 13:27:14.242] [settingssync] [info] Auto Sync: Triggered by Interval
[2022-07-29 13:27:14.602] [settingssync] [info] Settings: No changes found during synchronizing settings.
[2022-07-29 13:27:14.618] [settingssync] [info] Keybindings: No changes found during synchronizing keybindings.
[2022-07-29 13:27:14.636] [settingssync] [info] Snippets: No changes found during synchronizing snippets.
[2022-07-29 13:27:14.645] [settingssync] [info] Tasks: No changes found during synchronizing tasks.
[2022-07-29 13:27:14.657] [settingssync] [info] GlobalState: No changes found during synchronizing ui state.
[2022-07-29 13:27:14.790] [settingssync] [info] Extensions: No changes found during synchronizing extensions.
[2022-07-29 13:27:14.792] [settingssync] [info] Sync done. Took 220ms
[2022-07-29 13:32:14.794] [settingssync] [info] Auto Sync: Triggered by Interval
[2022-07-29 13:32:15.143] [settingssync] [info] Settings: No changes found during synchronizing settings.
[2022-07-29 13:32:15.149] [settingssync] [info] Keybindings: No changes found during synchronizing keybindings.
[2022-07-29 13:32:15.152] [settingssync] [info] Snippets: No changes found during synchronizing snippets.
[2022-07-29 13:32:15.154] [settingssync] [info] Tasks: No changes found during synchronizing tasks.
[2022-07-29 13:32:15.158] [settingssync] [info] GlobalState: No changes found during synchronizing ui state.
[2022-07-29 13:32:15.243] [settingssync] [info] Extensions: No changes found during synchronizing extensions.
[2022-07-29 13:32:15.244] [settingssync] [info] Sync done. Took 124ms
[2022-07-29 13:37:15.247] [settingssync] [info] Auto Sync: Triggered by Interval
[2022-07-29 13:37:24.014] [settingssync] [info] Request failed https://vscode-sync.trafficmanager.net/v1/manifest
[2022-07-29 13:37:24.015] [settingssync] [error] RequestFailed (UserDataSyncError) syncResource:unknown operationId:unknown: Connection refused for the request 'https://vscode-sync.trafficmanager.net/v1/manifest'.
    at h.request (vscode-file://vscode-app/opt/visual-studio-code/resources/app/out/vs/code/electron-browser/sharedProcess/sharedProcessMain.js:76:196227)
    at async h.manifest (vscode-file://vscode-app/opt/visual-studio-code/resources/app/out/vs/code/electron-browser/sharedProcess/sharedProcessMain.js:76:193944)
    at async r.createSyncTask (vscode-file://vscode-app/opt/visual-studio-code/resources/app/out/vs/code/electron-browser/sharedProcess/sharedProcessMain.js:76:161186)
    at async r.doSync (vscode-file://vscode-app/opt/visual-studio-code/resources/app/out/vs/code/electron-browser/sharedProcess/sharedProcessMain.js:76:157679)
[2022-07-29 13:37:24.015] [settingssync] [error] RequestFailed (UserDataSyncError) syncResource:unknown operationId:unknown: Connection refused for the request 'https://vscode-sync.trafficmanager.net/v1/manifest'.
    at h.request (vscode-file://vscode-app/opt/visual-studio-code/resources/app/out/vs/code/electron-browser/sharedProcess/sharedProcessMain.js:76:196227)
    at async h.manifest (vscode-file://vscode-app/opt/visual-studio-code/resources/app/out/vs/code/electron-browser/sharedProcess/sharedProcessMain.js:76:193944)
    at async r.createSyncTask (vscode-file://vscode-app/opt/visual-studio-code/resources/app/out/vs/code/electron-browser/sharedProcess/sharedProcessMain.js:76:161186)
    at async r.doSync (vscode-file://vscode-app/opt/visual-studio-code/resources/app/out/vs/code/electron-browser/sharedProcess/sharedProcessMain.js:76:157679)
[2022-07-29 13:42:24.015] [settingssync] [info] Auto Sync: Triggered by Interval
[2022-07-29 13:46:24.333] [settingssync] [info] Request failed https://vscode-sync.trafficmanager.net/v1/manifest
[2022-07-29 13:46:24.334] [settingssync] [error] RequestFailed (UserDataSyncError) syncResource:unknown operationId:unknown: Connection refused for the request 'https://vscode-sync.trafficmanager.net/v1/manifest'.
    at h.request (vscode-file://vscode-app/opt/visual-studio-code/resources/app/out/vs/code/electron-browser/sharedProcess/sharedProcessMain.js:76:196227)
    at async h.manifest (vscode-file://vscode-app/opt/visual-studio-code/resources/app/out/vs/code/electron-browser/sharedProcess/sharedProcessMain.js:76:193944)
    at async r.createSyncTask (vscode-file://vscode-app/opt/visual-studio-code/resources/app/out/vs/code/electron-browser/sharedProcess/sharedProcessMain.js:76:161186)
    at async r.doSync (vscode-file://vscode-app/opt/visual-studio-code/resources/app/out/vs/code/electron-browser/sharedProcess/sharedProcessMain.js:76:157679)
[2022-07-29 13:46:24.334] [settingssync] [error] RequestFailed (UserDataSyncError) syncResource:unknown operationId:unknown: Connection refused for the request 'https://vscode-sync.trafficmanager.net/v1/manifest'.
    at h.request (vscode-file://vscode-app/opt/visual-studio-code/resources/app/out/vs/code/electron-browser/sharedProcess/sharedProcessMain.js:76:196227)
    at async h.manifest (vscode-file://vscode-app/opt/visual-studio-code/resources/app/out/vs/code/electron-browser/sharedProcess/sharedProcessMain.js:76:193944)
    at async r.createSyncTask (vscode-file://vscode-app/opt/visual-studio-code/resources/app/out/vs/code/electron-browser/sharedProcess/sharedProcessMain.js:76:161186)
    at async r.doSync (vscode-file://vscode-app/opt/visual-studio-code/resources/app/out/vs/code/electron-browser/sharedProcess/sharedProcessMain.js:76:157679)
[2022-07-29 13:51:24.335] [settingssync] [info] Auto Sync: Triggered by Interval
[2022-07-29 13:51:24.704] [settingssync] [info] Settings: No changes found during synchronizing settings.
[2022-07-29 13:51:24.711] [settingssync] [info] Keybindings: No changes found during synchronizing keybindings.
[2022-07-29 13:51:24.715] [settingssync] [info] Snippets: No changes found during synchronizing snippets.
[2022-07-29 13:51:24.718] [settingssync] [info] Tasks: No changes found during synchronizing tasks.
[2022-07-29 13:51:24.723] [settingssync] [info] GlobalState: No changes found during synchronizing ui state.
[2022-07-29 13:51:24.806] [settingssync] [info] Extensions: No changes found during synchronizing extensions.
[2022-07-29 13:51:24.808] [settingssync] [info] Sync done. Took 144ms
[2022-07-29 13:56:24.810] [settingssync] [info] Auto Sync: Triggered by Interval
[2022-07-29 13:56:25.157] [settingssync] [info] Settings: No changes found during synchronizing settings.
[2022-07-29 13:56:25.168] [settingssync] [info] Keybindings: No changes found during synchronizing keybindings.
[2022-07-29 13:56:25.177] [settingssync] [info] Snippets: No changes found during synchronizing snippets.
[2022-07-29 13:56:25.180] [settingssync] [info] Tasks: No changes found during synchronizing tasks.
[2022-07-29 13:56:25.191] [settingssync] [info] GlobalState: No changes found during synchronizing ui state.
[2022-07-29 13:56:25.372] [settingssync] [info] Extensions: No changes found during synchronizing extensions.
[2022-07-29 13:56:25.374] [settingssync] [info] Sync done. Took 229ms
[2022-07-29 14:01:25.377] [settingssync] [info] Auto Sync: Triggered by Interval
[2022-07-29 14:01:25.698] [settingssync] [info] Settings: No changes found during synchronizing settings.
[2022-07-29 14:01:25.704] [settingssync] [info] Keybindings: No changes found during synchronizing keybindings.
[2022-07-29 14:01:25.708] [settingssync] [info] Snippets: No changes found during synchronizing snippets.
[2022-07-29 14:01:25.711] [settingssync] [info] Tasks: No changes found during synchronizing tasks.
[2022-07-29 14:01:25.717] [settingssync] [info] GlobalState: No changes found during synchronizing ui state.
[2022-07-29 14:01:25.807] [settingssync] [info] Extensions: No changes found during synchronizing extensions.
[2022-07-29 14:01:25.809] [settingssync] [info] Sync done. Took 117ms
[2022-07-29 14:06:25.812] [settingssync] [info] Auto Sync: Triggered by Interval
[2022-07-29 14:06:26.325] [settingssync] [info] Settings: No changes found during synchronizing settings.
[2022-07-29 14:06:26.337] [settingssync] [info] Keybindings: No changes found during synchronizing keybindings.
[2022-07-29 14:06:26.350] [settingssync] [info] Snippets: No changes found during synchronizing snippets.
[2022-07-29 14:06:26.358] [settingssync] [info] Tasks: No changes found during synchronizing tasks.
[2022-07-29 14:06:26.374] [settingssync] [info] GlobalState: No changes found during synchronizing ui state.
[2022-07-29 14:06:26.469] [settingssync] [info] Extensions: No changes found during synchronizing extensions.
[2022-07-29 14:06:26.470] [settingssync] [info] Sync done. Took 170ms
[2022-07-29 14:11:26.473] [settingssync] [info] Auto Sync: Triggered by Interval
[2022-07-29 14:11:26.822] [settingssync] [info] Settings: No changes found during synchronizing settings.
[2022-07-29 14:11:26.834] [settingssync] [info] Keybindings: No changes found during synchronizing keybindings.
[2022-07-29 14:11:26.844] [settingssync] [info] Snippets: No changes found during synchronizing snippets.
[2022-07-29 14:11:26.849] [settingssync] [info] Tasks: No changes found during synchronizing tasks.
[2022-07-29 14:11:26.854] [settingssync] [info] GlobalState: No changes found during synchronizing ui state.
[2022-07-29 14:11:26.943] [settingssync] [info] Extensions: No changes found during synchronizing extensions.
[2022-07-29 14:11:26.945] [settingssync] [info] Sync done. Took 145ms
[2022-07-29 14:16:26.947] [settingssync] [info] Auto Sync: Triggered by Interval
[2022-07-29 14:17:16.515] [settingssync] [info] Settings: No changes found during synchronizing settings.
[2022-07-29 14:17:16.525] [settingssync] [info] Keybindings: No changes found during synchronizing keybindings.
[2022-07-29 14:17:16.532] [settingssync] [info] Snippets: No changes found during synchronizing snippets.
[2022-07-29 14:17:16.539] [settingssync] [info] Tasks: No changes found during synchronizing tasks.
[2022-07-29 14:17:16.543] [settingssync] [info] GlobalState: No changes found during synchronizing ui state.
[2022-07-29 14:17:16.631] [settingssync] [info] Extensions: No changes found during synchronizing extensions.
[2022-07-29 14:17:16.633] [settingssync] [info] Sync done. Took 144ms
[2022-07-29 14:22:16.636] [settingssync] [info] Auto Sync: Triggered by Interval
[2022-07-29 14:23:24.082] [settingssync] [info] Request failed https://vscode-sync.trafficmanager.net/v1/manifest
[2022-07-29 14:23:24.083] [settingssync] [error] RequestFailed (UserDataSyncError) syncResource:unknown operationId:unknown: Connection refused for the request 'https://vscode-sync.trafficmanager.net/v1/manifest'.
    at h.request (vscode-file://vscode-app/opt/visual-studio-code/resources/app/out/vs/code/electron-browser/sharedProcess/sharedProcessMain.js:76:196227)
    at async h.manifest (vscode-file://vscode-app/opt/visual-studio-code/resources/app/out/vs/code/electron-browser/sharedProcess/sharedProcessMain.js:76:193944)
    at async r.createSyncTask (vscode-file://vscode-app/opt/visual-studio-code/resources/app/out/vs/code/electron-browser/sharedProcess/sharedProcessMain.js:76:161186)
    at async r.doSync (vscode-file://vscode-app/opt/visual-studio-code/resources/app/out/vs/code/electron-browser/sharedProcess/sharedProcessMain.js:76:157679)
[2022-07-29 14:23:24.083] [settingssync] [error] RequestFailed (UserDataSyncError) syncResource:unknown operationId:unknown: Connection refused for the request 'https://vscode-sync.trafficmanager.net/v1/manifest'.
    at h.request (vscode-file://vscode-app/opt/visual-studio-code/resources/app/out/vs/code/electron-browser/sharedProcess/sharedProcessMain.js:76:196227)
    at async h.manifest (vscode-file://vscode-app/opt/visual-studio-code/resources/app/out/vs/code/electron-browser/sharedProcess/sharedProcessMain.js:76:193944)
    at async r.createSyncTask (vscode-file://vscode-app/opt/visual-studio-code/resources/app/out/vs/code/electron-browser/sharedProcess/sharedProcessMain.js:76:161186)
    at async r.doSync (vscode-file://vscode-app/opt/visual-studio-code/resources/app/out/vs/code/electron-browser/sharedProcess/sharedProcessMain.js:76:157679)
[2022-07-29 14:28:24.084] [settingssync] [info] Auto Sync: Triggered by Interval
[2022-07-29 14:28:24.442] [settingssync] [info] Settings: No changes found during synchronizing settings.
[2022-07-29 14:28:24.448] [settingssync] [info] Keybindings: No changes found during synchronizing keybindings.
[2022-07-29 14:28:24.452] [settingssync] [info] Snippets: No changes found during synchronizing snippets.
[2022-07-29 14:28:24.456] [settingssync] [info] Tasks: No changes found during synchronizing tasks.
[2022-07-29 14:28:24.460] [settingssync] [info] GlobalState: No changes found during synchronizing ui state.
[2022-07-29 14:28:24.559] [settingssync] [info] Extensions: No changes found during synchronizing extensions.
[2022-07-29 14:28:24.560] [settingssync] [info] Sync done. Took 141ms
[2022-07-29 14:33:24.563] [settingssync] [info] Auto Sync: Triggered by Interval
[2022-07-29 14:33:24.905] [settingssync] [info] Settings: No changes found during synchronizing settings.
[2022-07-29 14:33:24.918] [settingssync] [info] Keybindings: No changes found during synchronizing keybindings.
[2022-07-29 14:33:24.930] [settingssync] [info] Snippets: No changes found during synchronizing snippets.
[2022-07-29 14:33:24.939] [settingssync] [info] Tasks: No changes found during synchronizing tasks.
[2022-07-29 14:33:24.956] [settingssync] [info] GlobalState: No changes found during synchronizing ui state.
[2022-07-29 14:33:25.045] [settingssync] [info] Extensions: No changes found during synchronizing extensions.
[2022-07-29 14:33:25.047] [settingssync] [info] Sync done. Took 165ms
[2022-07-29 14:38:25.049] [settingssync] [info] Auto Sync: Triggered by Interval
[2022-07-29 14:38:25.414] [settingssync] [info] Settings: No changes found during synchronizing settings.
[2022-07-29 14:38:25.426] [settingssync] [info] Keybindings: No changes found during synchronizing keybindings.
[2022-07-29 14:38:25.432] [settingssync] [info] Snippets: No changes found during synchronizing snippets.
[2022-07-29 14:38:25.435] [settingssync] [info] Tasks: No changes found during synchronizing tasks.
[2022-07-29 14:38:25.440] [settingssync] [info] GlobalState: No changes found during synchronizing ui state.
[2022-07-29 14:38:25.516] [settingssync] [info] Extensions: No changes found during synchronizing extensions.
[2022-07-29 14:38:25.517] [settingssync] [info] Sync done. Took 129ms
[2022-07-29 14:43:25.521] [settingssync] [info] Auto Sync: Triggered by Interval
[2022-07-29 14:43:27.232] [settingssync] [info] Settings: No changes found during synchronizing settings.
[2022-07-29 14:43:27.236] [settingssync] [info] Keybindings: No changes found during synchronizing keybindings.
[2022-07-29 14:43:27.239] [settingssync] [info] Snippets: No changes found during synchronizing snippets.
[2022-07-29 14:43:27.246] [settingssync] [info] Tasks: No changes found during synchronizing tasks.
[2022-07-29 14:43:27.253] [settingssync] [info] GlobalState: No changes found during synchronizing ui state.
[2022-07-29 14:43:27.354] [settingssync] [info] Extensions: No changes found during synchronizing extensions.
[2022-07-29 14:43:27.357] [settingssync] [info] Sync done. Took 133ms
[2022-07-29 14:48:27.361] [settingssync] [info] Auto Sync: Triggered by Interval
[2022-07-29 14:48:27.779] [settingssync] [info] Settings: No changes found during synchronizing settings.
[2022-07-29 14:48:27.789] [settingssync] [info] Keybindings: No changes found during synchronizing keybindings.
[2022-07-29 14:48:27.795] [settingssync] [info] Snippets: No changes found during synchronizing snippets.
[2022-07-29 14:48:27.797] [settingssync] [info] Tasks: No changes found during synchronizing tasks.
[2022-07-29 14:48:27.801] [settingssync] [info] GlobalState: No changes found during synchronizing ui state.
[2022-07-29 14:48:27.875] [settingssync] [info] Extensions: No changes found during synchronizing extensions.
[2022-07-29 14:48:27.876] [settingssync] [info] Sync done. Took 121ms
[2022-07-29 14:53:27.878] [settingssync] [info] Auto Sync: Triggered by Interval
[2022-07-29 14:57:28.197] [settingssync] [info] Request failed https://vscode-sync.trafficmanager.net/v1/manifest
[2022-07-29 14:57:28.197] [settingssync] [error] RequestFailed (UserDataSyncError) syncResource:unknown operationId:unknown: Connection refused for the request 'https://vscode-sync.trafficmanager.net/v1/manifest'.
    at h.request (vscode-file://vscode-app/opt/visual-studio-code/resources/app/out/vs/code/electron-browser/sharedProcess/sharedProcessMain.js:76:196227)
    at async h.manifest (vscode-file://vscode-app/opt/visual-studio-code/resources/app/out/vs/code/electron-browser/sharedProcess/sharedProcessMain.js:76:193944)
    at async r.createSyncTask (vscode-file://vscode-app/opt/visual-studio-code/resources/app/out/vs/code/electron-browser/sharedProcess/sharedProcessMain.js:76:161186)
    at async r.doSync (vscode-file://vscode-app/opt/visual-studio-code/resources/app/out/vs/code/electron-browser/sharedProcess/sharedProcessMain.js:76:157679)
[2022-07-29 14:57:28.197] [settingssync] [error] RequestFailed (UserDataSyncError) syncResource:unknown operationId:unknown: Connection refused for the request 'https://vscode-sync.trafficmanager.net/v1/manifest'.
    at h.request (vscode-file://vscode-app/opt/visual-studio-code/resources/app/out/vs/code/electron-browser/sharedProcess/sharedProcessMain.js:76:196227)
    at async h.manifest (vscode-file://vscode-app/opt/visual-studio-code/resources/app/out/vs/code/electron-browser/sharedProcess/sharedProcessMain.js:76:193944)
    at async r.createSyncTask (vscode-file://vscode-app/opt/visual-studio-code/resources/app/out/vs/code/electron-browser/sharedProcess/sharedProcessMain.js:76:161186)
    at async r.doSync (vscode-file://vscode-app/opt/visual-studio-code/resources/app/out/vs/code/electron-browser/sharedProcess/sharedProcessMain.js:76:157679)
[2022-07-29 15:02:28.199] [settingssync] [info] Auto Sync: Triggered by Interval
[2022-07-29 15:02:28.556] [settingssync] [info] Settings: No changes found during synchronizing settings.
[2022-07-29 15:02:28.566] [settingssync] [info] Keybindings: No changes found during synchronizing keybindings.
[2022-07-29 15:02:28.572] [settingssync] [info] Snippets: No changes found during synchronizing snippets.
[2022-07-29 15:02:28.575] [settingssync] [info] Tasks: No changes found during synchronizing tasks.
[2022-07-29 15:02:28.580] [settingssync] [info] GlobalState: No changes found during synchronizing ui state.
[2022-07-29 15:02:28.649] [settingssync] [info] Extensions: No changes found during synchronizing extensions.
[2022-07-29 15:02:28.650] [settingssync] [info] Sync done. Took 120ms
[2022-07-29 15:07:28.652] [settingssync] [info] Auto Sync: Triggered by Interval
[2022-07-29 15:07:44.652] [settingssync] [info] Request failed https://vscode-sync.trafficmanager.net/v1/manifest
[2022-07-29 15:07:44.652] [settingssync] [error] RequestFailed (UserDataSyncError) syncResource:unknown operationId:unknown: Connection refused for the request 'https://vscode-sync.trafficmanager.net/v1/manifest'.
    at h.request (vscode-file://vscode-app/opt/visual-studio-code/resources/app/out/vs/code/electron-browser/sharedProcess/sharedProcessMain.js:76:196227)
    at async h.manifest (vscode-file://vscode-app/opt/visual-studio-code/resources/app/out/vs/code/electron-browser/sharedProcess/sharedProcessMain.js:76:193944)
    at async r.createSyncTask (vscode-file://vscode-app/opt/visual-studio-code/resources/app/out/vs/code/electron-browser/sharedProcess/sharedProcessMain.js:76:161186)
    at async r.doSync (vscode-file://vscode-app/opt/visual-studio-code/resources/app/out/vs/code/electron-browser/sharedProcess/sharedProcessMain.js:76:157679)
[2022-07-29 15:07:44.652] [settingssync] [error] RequestFailed (UserDataSyncError) syncResource:unknown operationId:unknown: Connection refused for the request 'https://vscode-sync.trafficmanager.net/v1/manifest'.
    at h.request (vscode-file://vscode-app/opt/visual-studio-code/resources/app/out/vs/code/electron-browser/sharedProcess/sharedProcessMain.js:76:196227)
    at async h.manifest (vscode-file://vscode-app/opt/visual-studio-code/resources/app/out/vs/code/electron-browser/sharedProcess/sharedProcessMain.js:76:193944)
    at async r.createSyncTask (vscode-file://vscode-app/opt/visual-studio-code/resources/app/out/vs/code/electron-browser/sharedProcess/sharedProcessMain.js:76:161186)
    at async r.doSync (vscode-file://vscode-app/opt/visual-studio-code/resources/app/out/vs/code/electron-browser/sharedProcess/sharedProcessMain.js:76:157679)
[2022-07-29 15:12:44.654] [settingssync] [info] Auto Sync: Triggered by Interval
[2022-07-29 15:12:44.925] [settingssync] [info] Settings: No changes found during synchronizing settings.
[2022-07-29 15:12:44.941] [settingssync] [info] Keybindings: No changes found during synchronizing keybindings.
[2022-07-29 15:12:44.944] [settingssync] [info] Snippets: No changes found during synchronizing snippets.
[2022-07-29 15:12:44.947] [settingssync] [info] Tasks: No changes found during synchronizing tasks.
[2022-07-29 15:12:44.952] [settingssync] [info] GlobalState: No changes found during synchronizing ui state.
[2022-07-29 15:12:45.039] [settingssync] [info] Extensions: No changes found during synchronizing extensions.
[2022-07-29 15:12:45.041] [settingssync] [info] Sync done. Took 144ms
[2022-07-29 15:17:45.044] [settingssync] [info] Auto Sync: Triggered by Interval
[2022-07-29 15:17:45.303] [settingssync] [info] Settings: No changes found during synchronizing settings.
[2022-07-29 15:17:45.310] [settingssync] [info] Keybindings: No changes found during synchronizing keybindings.
[2022-07-29 15:17:45.316] [settingssync] [info] Snippets: No changes found during synchronizing snippets.
[2022-07-29 15:17:45.318] [settingssync] [info] Tasks: No changes found during synchronizing tasks.
[2022-07-29 15:17:45.322] [settingssync] [info] GlobalState: No changes found during synchronizing ui state.
[2022-07-29 15:17:45.400] [settingssync] [info] Extensions: No changes found during synchronizing extensions.
[2022-07-29 15:17:45.401] [settingssync] [info] Sync done. Took 125ms
[2022-07-29 15:22:45.404] [settingssync] [info] Auto Sync: Triggered by Interval
[2022-07-29 15:22:45.682] [settingssync] [info] Settings: No changes found during synchronizing settings.
[2022-07-29 15:22:45.691] [settingssync] [info] Keybindings: No changes found during synchronizing keybindings.
[2022-07-29 15:22:45.695] [settingssync] [info] Snippets: No changes found during synchronizing snippets.
[2022-07-29 15:22:45.697] [settingssync] [info] Tasks: No changes found during synchronizing tasks.
[2022-07-29 15:22:45.702] [settingssync] [info] GlobalState: No changes found during synchronizing ui state.
[2022-07-29 15:22:45.784] [settingssync] [info] Extensions: No changes found during synchronizing extensions.
[2022-07-29 15:22:45.786] [settingssync] [info] Sync done. Took 123ms
[2022-07-29 15:27:45.789] [settingssync] [info] Auto Sync: Triggered by Interval
[2022-07-29 15:27:46.625] [settingssync] [info] Settings: No changes found during synchronizing settings.
[2022-07-29 15:27:46.634] [settingssync] [info] Keybindings: No changes found during synchronizing keybindings.
[2022-07-29 15:27:46.640] [settingssync] [info] Snippets: No changes found during synchronizing snippets.
[2022-07-29 15:27:46.643] [settingssync] [info] Tasks: No changes found during synchronizing tasks.
[2022-07-29 15:27:46.646] [settingssync] [info] GlobalState: No changes found during synchronizing ui state.
[2022-07-29 15:27:46.720] [settingssync] [info] Extensions: No changes found during synchronizing extensions.
[2022-07-29 15:27:46.721] [settingssync] [info] Sync done. Took 119ms
[2022-07-29 15:32:46.724] [settingssync] [info] Auto Sync: Triggered by Interval
[2022-07-29 15:32:46.971] [settingssync] [info] Settings: No changes found during synchronizing settings.
[2022-07-29 15:32:46.974] [settingssync] [info] Keybindings: No changes found during synchronizing keybindings.
[2022-07-29 15:32:46.977] [settingssync] [info] Snippets: No changes found during synchronizing snippets.
[2022-07-29 15:32:46.979] [settingssync] [info] Tasks: No changes found during synchronizing tasks.
[2022-07-29 15:32:46.983] [settingssync] [info] GlobalState: No changes found during synchronizing ui state.
[2022-07-29 15:32:47.073] [settingssync] [info] Extensions: No changes found during synchronizing extensions.
[2022-07-29 15:32:47.075] [settingssync] [info] Sync done. Took 115ms
[2022-07-29 15:37:47.076] [settingssync] [info] Auto Sync: Triggered by Interval
[2022-07-29 15:37:47.336] [settingssync] [info] Settings: No changes found during synchronizing settings.
[2022-07-29 15:37:47.341] [settingssync] [info] Keybindings: No changes found during synchronizing keybindings.
[2022-07-29 15:37:47.349] [settingssync] [info] Snippets: No changes found during synchronizing snippets.
[2022-07-29 15:37:47.358] [settingssync] [info] Tasks: No changes found during synchronizing tasks.
[2022-07-29 15:37:47.363] [settingssync] [info] GlobalState: No changes found during synchronizing ui state.
[2022-07-29 15:37:47.527] [settingssync] [info] Extensions: No changes found during synchronizing extensions.
[2022-07-29 15:37:47.529] [settingssync] [info] Sync done. Took 203ms
[2022-07-29 15:42:47.530] [settingssync] [info] Auto Sync: Triggered by Interval
[2022-07-29 15:42:47.769] [settingssync] [info] Settings: No changes found during synchronizing settings.
[2022-07-29 15:42:47.773] [settingssync] [info] Keybindings: No changes found during synchronizing keybindings.
[2022-07-29 15:42:47.776] [settingssync] [info] Snippets: No changes found during synchronizing snippets.
[2022-07-29 15:42:47.778] [settingssync] [info] Tasks: No changes found during synchronizing tasks.
[2022-07-29 15:42:47.782] [settingssync] [info] GlobalState: No changes found during synchronizing ui state.
[2022-07-29 15:42:47.867] [settingssync] [info] Extensions: No changes found during synchronizing extensions.
[2022-07-29 15:42:47.868] [settingssync] [info] Sync done. Took 111ms
[2022-07-29 15:47:47.870] [settingssync] [info] Auto Sync: Triggered by Interval
[2022-07-29 15:47:49.212] [settingssync] [info] Settings: No changes found during synchronizing settings.
[2022-07-29 15:47:49.215] [settingssync] [info] Keybindings: No changes found during synchronizing keybindings.
[2022-07-29 15:47:49.219] [settingssync] [info] Snippets: No changes found during synchronizing snippets.
[2022-07-29 15:47:49.221] [settingssync] [info] Tasks: No changes found during synchronizing tasks.
[2022-07-29 15:47:49.226] [settingssync] [info] GlobalState: No changes found during synchronizing ui state.
[2022-07-29 15:47:49.289] [settingssync] [info] Extensions: No changes found during synchronizing extensions.
[2022-07-29 15:47:49.290] [settingssync] [info] Sync done. Took 91ms
[2022-07-29 15:52:49.292] [settingssync] [info] Auto Sync: Triggered by Interval
[2022-07-29 15:52:49.582] [settingssync] [info] Settings: No changes found during synchronizing settings.
[2022-07-29 15:52:49.590] [settingssync] [info] Keybindings: No changes found during synchronizing keybindings.
[2022-07-29 15:52:49.594] [settingssync] [info] Snippets: No changes found during synchronizing snippets.
[2022-07-29 15:52:49.597] [settingssync] [info] Tasks: No changes found during synchronizing tasks.
[2022-07-29 15:52:49.601] [settingssync] [info] GlobalState: No changes found during synchronizing ui state.
[2022-07-29 15:52:49.682] [settingssync] [info] Extensions: No changes found during synchronizing extensions.
[2022-07-29 15:52:49.683] [settingssync] [info] Sync done. Took 129ms
[2022-07-29 15:57:49.685] [settingssync] [info] Auto Sync: Triggered by Interval
[2022-07-29 15:57:50.210] [settingssync] [info] Settings: No changes found during synchronizing settings.
[2022-07-29 15:57:50.219] [settingssync] [info] Keybindings: No changes found during synchronizing keybindings.
[2022-07-29 15:57:50.223] [settingssync] [info] Snippets: No changes found during synchronizing snippets.
[2022-07-29 15:57:50.227] [settingssync] [info] Tasks: No changes found during synchronizing tasks.
[2022-07-29 15:57:50.233] [settingssync] [info] GlobalState: No changes found during synchronizing ui state.
[2022-07-29 15:57:50.316] [settingssync] [info] Extensions: No changes found during synchronizing extensions.
[2022-07-29 15:57:50.317] [settingssync] [info] Sync done. Took 126ms
[2022-07-29 16:02:50.320] [settingssync] [info] Auto Sync: Triggered by Interval
[2022-07-29 16:02:50.589] [settingssync] [info] Settings: No changes found during synchronizing settings.
[2022-07-29 16:02:50.614] [settingssync] [info] Keybindings: No changes found during synchronizing keybindings.
[2022-07-29 16:02:50.632] [settingssync] [info] Snippets: No changes found during synchronizing snippets.
[2022-07-29 16:02:50.649] [settingssync] [info] Tasks: No changes found during synchronizing tasks.
[2022-07-29 16:02:50.672] [settingssync] [info] GlobalState: No changes found during synchronizing ui state.
[2022-07-29 16:02:50.948] [settingssync] [info] Extensions: No changes found during synchronizing extensions.
[2022-07-29 16:02:50.949] [settingssync] [info] Sync done. Took 389ms
[2022-07-29 16:07:50.952] [settingssync] [info] Auto Sync: Triggered by Interval
[2022-07-29 16:07:51.298] [settingssync] [info] Settings: No changes found during synchronizing settings.
[2022-07-29 16:07:51.304] [settingssync] [info] Keybindings: No changes found during synchronizing keybindings.
[2022-07-29 16:07:51.310] [settingssync] [info] Snippets: No changes found during synchronizing snippets.
[2022-07-29 16:07:51.315] [settingssync] [info] Tasks: No changes found during synchronizing tasks.
[2022-07-29 16:07:51.320] [settingssync] [info] GlobalState: No changes found during synchronizing ui state.
[2022-07-29 16:07:51.399] [settingssync] [info] Extensions: No changes found during synchronizing extensions.
[2022-07-29 16:07:51.400] [settingssync] [info] Sync done. Took 112ms
[2022-07-29 16:12:51.402] [settingssync] [info] Auto Sync: Triggered by Interval
[2022-07-29 16:12:51.696] [settingssync] [info] Settings: No changes found during synchronizing settings.
[2022-07-29 16:12:51.707] [settingssync] [info] Keybindings: No changes found during synchronizing keybindings.
[2022-07-29 16:12:51.718] [settingssync] [info] Snippets: No changes found during synchronizing snippets.
[2022-07-29 16:12:51.726] [settingssync] [info] Tasks: No changes found during synchronizing tasks.
[2022-07-29 16:12:51.742] [settingssync] [info] GlobalState: No changes found during synchronizing ui state.
[2022-07-29 16:12:51.840] [settingssync] [info] Extensions: No changes found during synchronizing extensions.
[2022-07-29 16:12:51.842] [settingssync] [info] Sync done. Took 170ms
[2022-07-29 16:17:51.844] [settingssync] [info] Auto Sync: Triggered by Interval
[2022-07-29 16:17:52.115] [settingssync] [info] Settings: No changes found during synchronizing settings.
[2022-07-29 16:17:52.127] [settingssync] [info] Keybindings: No changes found during synchronizing keybindings.
[2022-07-29 16:17:52.138] [settingssync] [info] Snippets: No changes found during synchronizing snippets.
[2022-07-29 16:17:52.146] [settingssync] [info] Tasks: No changes found during synchronizing tasks.
[2022-07-29 16:17:52.158] [settingssync] [info] GlobalState: No changes found during synchronizing ui state.
[2022-07-29 16:17:52.226] [settingssync] [info] Extensions: No changes found during synchronizing extensions.
[2022-07-29 16:17:52.227] [settingssync] [info] Sync done. Took 137ms
[2022-07-29 16:22:52.230] [settingssync] [info] Auto Sync: Triggered by Interval
[2022-07-29 16:22:52.480] [settingssync] [info] Settings: No changes found during synchronizing settings.
[2022-07-29 16:22:52.492] [settingssync] [info] Keybindings: No changes found during synchronizing keybindings.
[2022-07-29 16:22:52.505] [settingssync] [info] Snippets: No changes found during synchronizing snippets.
[2022-07-29 16:22:52.513] [settingssync] [info] Tasks: No changes found during synchronizing tasks.
[2022-07-29 16:22:52.528] [settingssync] [info] GlobalState: No changes found during synchronizing ui state.
[2022-07-29 16:22:52.604] [settingssync] [info] Extensions: No changes found during synchronizing extensions.
[2022-07-29 16:22:52.605] [settingssync] [info] Sync done. Took 152ms
[2022-07-29 16:27:52.608] [settingssync] [info] Auto Sync: Triggered by Interval
[2022-07-29 16:27:52.878] [settingssync] [info] Settings: No changes found during synchronizing settings.
[2022-07-29 16:27:52.891] [settingssync] [info] Keybindings: No changes found during synchronizing keybindings.
[2022-07-29 16:27:52.902] [settingssync] [info] Snippets: No changes found during synchronizing snippets.
[2022-07-29 16:27:52.910] [settingssync] [info] Tasks: No changes found during synchronizing tasks.
[2022-07-29 16:27:52.924] [settingssync] [info] GlobalState: No changes found during synchronizing ui state.
[2022-07-29 16:27:52.995] [settingssync] [info] Extensions: No changes found during synchronizing extensions.
[2022-07-29 16:27:52.996] [settingssync] [info] Sync done. Took 143ms
