[Info  - 15:34:20.902] Reading sessions from keychain...
[Info  - 15:34:21.274] Getting sessions for user:email...
[Info  - 15:34:21.389] Getting sessions for read:user...
[Trace  - 15:34:21.417] Token acquired from secret storage.
[Info  - 15:34:21.417] Got stored sessions!
[Trace  - 15:34:21.417] Read the following session from the keychain with the following scopes: user:email
[Trace  - 15:34:21.417] Read the following session from the keychain with the following scopes: read:user
[Info  - 15:34:21.417] Got 2 verified sessions.
[Info  - 15:34:21.417] Got 1 sessions for user:email...
[Info  - 15:34:21.417] Got 1 sessions for read:user...
[Info  - 15:34:22.369] Getting sessions for all scopes...
[Info  - 15:34:22.369] Got 2 sessions for ...
[Info  - 15:00:20.228] Getting sessions for read:user...
[Info  - 15:00:20.228] Got 1 sessions for read:user...
[Info  - 15:25:20.655] Getting sessions for read:user...
[Info  - 15:25:20.655] Got 1 sessions for read:user...
[Info  - 16:50:21.87] Getting sessions for read:user...
[Info  - 16:50:21.87] Got 1 sessions for read:user...
[Info  - 16:15:21.582] Getting sessions for read:user...
[Info  - 16:15:21.582] Got 1 sessions for read:user...
[Info  - 17:40:22.53] Getting sessions for read:user...
[Info  - 17:40:22.53] Got 1 sessions for read:user...
[Info  - 17:05:22.522] Getting sessions for read:user...
[Info  - 17:05:22.522] Got 1 sessions for read:user...
[Info  - 18:30:23.25] Getting sessions for read:user...
[Info  - 18:30:23.25] Got 1 sessions for read:user...
[Info  - 18:55:23.541] Getting sessions for read:user...
[Info  - 18:55:23.541] Got 1 sessions for read:user...
