[Info  - 07:30:49.157] Reading sessions from keychain...
[Info  - 07:30:49.256] Getting sessions for user:email...
[Trace  - 07:30:49.256] Token acquired from secret storage.
[Info  - 07:30:49.256] Got stored sessions!
[Trace  - 07:30:49.257] Read the following session from the keychain with the following scopes: user:email
[Trace  - 07:30:49.257] Read the following session from the keychain with the following scopes: read:user
[Info  - 07:30:49.257] Got 2 verified sessions.
[Info  - 07:30:49.257] Got 1 sessions for user:email...
[Info  - 07:30:49.304] Getting sessions for read:user...
[Info  - 07:30:49.304] Got 1 sessions for read:user...
[Info  - 07:30:50.717] Getting sessions for all scopes...
[Info  - 07:30:50.718] Got 2 sessions for ...
[Info  - 07:57:24.84] Getting sessions for read:user...
[Info  - 07:57:24.85] Got 1 sessions for read:user...
[Info  - 07:22:24.619] Getting sessions for read:user...
[Info  - 07:22:24.619] Got 1 sessions for read:user...
[Info  - 08:47:25.136] Getting sessions for read:user...
[Info  - 08:47:25.136] Got 1 sessions for read:user...
[Info  - 08:12:25.642] Getting sessions for read:user...
[Info  - 08:12:25.642] Got 1 sessions for read:user...
[Info  - 09:37:26.135] Getting sessions for read:user...
[Info  - 09:37:26.135] Got 1 sessions for read:user...
[Info  - 09:02:26.633] Getting sessions for read:user...
[Info  - 09:02:26.634] Got 1 sessions for read:user...
[Info  - 09:27:27.117] Getting sessions for read:user...
[Info  - 09:27:27.129] Got 1 sessions for read:user...
