[2022-08-02 20:33:08.533] [settingssync] [info] Using settings sync service https://vscode-sync.trafficmanager.net/
[2022-08-02 20:33:08.533] [settingssync] [info] Auto Sync is enabled.
[2022-08-02 20:33:08.533] [settingssync] [info] Auto Sync: Suspended until auth token is available.
[2022-08-02 20:33:12.090] [settingssync] [info] Auto Sync: Started
[2022-08-02 20:33:12.095] [settingssync] [info] Auto Sync: Triggered by Interval
[2022-08-02 20:33:12.663] [settingssync] [info] Settings: No changes found during synchronizing settings.
[2022-08-02 20:33:12.694] [settingssync] [info] Keybindings: No changes found during synchronizing keybindings.
[2022-08-02 20:33:12.712] [settingssync] [info] Snippets: No changes found during synchronizing snippets.
[2022-08-02 20:33:12.718] [settingssync] [info] Tasks: No changes found during synchronizing tasks.
[2022-08-02 20:33:12.738] [settingssync] [info] GlobalState: No changes found during synchronizing ui state.
[2022-08-02 20:33:12.870] [settingssync] [info] Extensions: No changes found during synchronizing extensions.
[2022-08-02 20:33:12.875] [settingssync] [info] Sync done. Took 308ms
[2022-08-02 20:33:26.482] [settingssync] [info] Auto Sync: Triggered by Activity
[2022-08-02 20:33:26.598] [settingssync] [info] Settings: No changes found during synchronizing settings.
[2022-08-02 20:33:26.602] [settingssync] [info] Keybindings: No changes found during synchronizing keybindings.
[2022-08-02 20:33:26.606] [settingssync] [info] Snippets: No changes found during synchronizing snippets.
[2022-08-02 20:33:26.608] [settingssync] [info] Tasks: No changes found during synchronizing tasks.
[2022-08-02 20:33:26.613] [settingssync] [info] GlobalState: No changes found during synchronizing ui state.
[2022-08-02 20:33:26.673] [settingssync] [info] Extensions: No changes found during synchronizing extensions.
[2022-08-02 20:33:26.674] [settingssync] [info] Sync done. Took 88ms
[2022-08-02 20:33:35.882] [settingssync] [info] Auto Sync: Triggered by Activity
[2022-08-02 20:33:35.993] [settingssync] [info] Settings: No changes found during synchronizing settings.
[2022-08-02 20:33:35.996] [settingssync] [info] Keybindings: No changes found during synchronizing keybindings.
[2022-08-02 20:33:36.000] [settingssync] [info] Snippets: No changes found during synchronizing snippets.
[2022-08-02 20:33:36.005] [settingssync] [info] Tasks: No changes found during synchronizing tasks.
[2022-08-02 20:33:36.008] [settingssync] [info] GlobalState: No changes found during synchronizing ui state.
[2022-08-02 20:33:36.251] [settingssync] [info] Extensions: Updated remote extensions. Removed: ["bitwisecook.tcl"].
[2022-08-02 20:33:36.255] [settingssync] [info] Extensions: Updated last synchronized extensions. Skipped: ["coenraads.bracket-pair-colorizer"].
[2022-08-02 20:33:36.258] [settingssync] [info] Sync done. Took 273ms
[2022-08-02 20:33:43.064] [settingssync] [info] Auto Sync: Triggered by Activity
[2022-08-02 20:33:43.166] [settingssync] [info] Settings: No changes found during synchronizing settings.
[2022-08-02 20:33:43.169] [settingssync] [info] Keybindings: No changes found during synchronizing keybindings.
[2022-08-02 20:33:43.172] [settingssync] [info] Snippets: No changes found during synchronizing snippets.
[2022-08-02 20:33:43.174] [settingssync] [info] Tasks: No changes found during synchronizing tasks.
[2022-08-02 20:33:43.178] [settingssync] [info] GlobalState: No changes found during synchronizing ui state.
[2022-08-02 20:33:43.440] [settingssync] [info] Extensions: Updated remote extensions. Removed: ["ms-vscode.makefile-tools"].
[2022-08-02 20:33:43.460] [settingssync] [info] Extensions: Updated last synchronized extensions. Skipped: ["coenraads.bracket-pair-colorizer"].
[2022-08-02 20:33:43.466] [settingssync] [info] Sync done. Took 307ms
[2022-08-02 20:33:51.622] [settingssync] [info] Auto Sync: Triggered by Activity
[2022-08-02 20:33:51.728] [settingssync] [info] Settings: No changes found during synchronizing settings.
[2022-08-02 20:33:51.731] [settingssync] [info] Keybindings: No changes found during synchronizing keybindings.
[2022-08-02 20:33:51.741] [settingssync] [info] Snippets: No changes found during synchronizing snippets.
[2022-08-02 20:33:51.746] [settingssync] [info] Tasks: No changes found during synchronizing tasks.
[2022-08-02 20:33:51.751] [settingssync] [info] GlobalState: No changes found during synchronizing ui state.
[2022-08-02 20:33:52.041] [settingssync] [info] Extensions: Updated remote extensions. Removed: ["cschlosser.doxdocgen"].
[2022-08-02 20:33:52.047] [settingssync] [info] Extensions: Updated last synchronized extensions. Skipped: ["coenraads.bracket-pair-colorizer"].
[2022-08-02 20:33:52.048] [settingssync] [info] Sync done. Took 331ms
[2022-08-02 20:33:58.387] [settingssync] [info] Auto Sync: Triggered by Activity
[2022-08-02 20:33:58.576] [settingssync] [info] Settings: No changes found during synchronizing settings.
[2022-08-02 20:33:58.580] [settingssync] [info] Keybindings: No changes found during synchronizing keybindings.
[2022-08-02 20:33:58.585] [settingssync] [info] Snippets: No changes found during synchronizing snippets.
[2022-08-02 20:33:58.588] [settingssync] [info] Tasks: No changes found during synchronizing tasks.
[2022-08-02 20:33:58.593] [settingssync] [info] GlobalState: No changes found during synchronizing ui state.
[2022-08-02 20:33:58.847] [settingssync] [info] Extensions: Updated remote extensions. Removed: ["ms-vscode.cmake-tools","twxs.cmake"].
[2022-08-02 20:33:58.852] [settingssync] [info] Extensions: Updated last synchronized extensions. Skipped: ["coenraads.bracket-pair-colorizer"].
[2022-08-02 20:33:58.853] [settingssync] [info] Sync done. Took 285ms
[2022-08-02 20:34:07.194] [settingssync] [info] Auto Sync: Triggered by Activity
[2022-08-02 20:34:07.326] [settingssync] [info] Settings: No changes found during synchronizing settings.
[2022-08-02 20:34:07.335] [settingssync] [info] Keybindings: No changes found during synchronizing keybindings.
[2022-08-02 20:34:07.363] [settingssync] [info] Snippets: No changes found during synchronizing snippets.
[2022-08-02 20:34:07.367] [settingssync] [info] Tasks: No changes found during synchronizing tasks.
[2022-08-02 20:34:07.374] [settingssync] [info] GlobalState: No changes found during synchronizing ui state.
[2022-08-02 20:34:07.674] [settingssync] [info] Extensions: Updated remote extensions. Removed: ["jeff-hykin.better-cpp-syntax","ms-vscode.cpptools","ms-vscode.cpptools-extension-pack","ms-vscode.cpptools-themes"].
[2022-08-02 20:34:07.684] [settingssync] [info] Extensions: Updated last synchronized extensions. Skipped: ["coenraads.bracket-pair-colorizer"].
[2022-08-02 20:34:07.688] [settingssync] [info] Sync done. Took 393ms
