[Info  - 04:25:06.972] Reading sessions from keychain...
[Info  - 04:25:06.989] Getting sessions for user:email...
[Info  - 04:25:08.272] Getting sessions for all scopes...
[Info  - 04:25:08.379] Getting sessions for read:user...
[Trace  - 04:26:45.16] Token acquired from secret storage.
[Info  - 04:26:45.42] Got stored sessions!
[Trace  - 04:26:45.42] Read the following session from the keychain with the following scopes: user:email
[Trace  - 04:26:45.42] Read the following session from the keychain with the following scopes: read:user
[Info  - 04:26:45.292] Got 2 verified sessions.
[Info  - 04:26:45.292] Got 1 sessions for user:email...
[Info  - 04:26:45.292] Got 2 sessions for ...
[Info  - 04:26:45.292] Got 1 sessions for read:user...
[Info  - 05:51:46.876] Getting sessions for read:user...
[Info  - 05:51:46.876] Got 1 sessions for read:user...
[Info  - 05:16:47.298] Getting sessions for read:user...
[Info  - 05:16:47.298] Got 1 sessions for read:user...
[Info  - 06:41:47.707] Getting sessions for read:user...
[Info  - 06:41:47.708] Got 1 sessions for read:user...
[Info  - 06:06:48.182] Getting sessions for read:user...
[Info  - 06:06:48.212] Got 1 sessions for read:user...
[Info  - 07:31:48.698] Getting sessions for read:user...
[Info  - 07:31:48.699] Got 1 sessions for read:user...
[Info  - 07:56:49.111] Getting sessions for read:user...
[Info  - 07:56:49.111] Got 1 sessions for read:user...
[Info  - 07:21:49.540] Getting sessions for read:user...
[Info  - 07:21:49.541] Got 1 sessions for read:user...
[Info  - 08:46:49.982] Getting sessions for read:user...
[Info  - 08:46:49.983] Got 1 sessions for read:user...
[Info  - 08:11:50.419] Getting sessions for read:user...
[Info  - 08:11:50.419] Got 1 sessions for read:user...
[Info  - 09:36:50.983] Getting sessions for read:user...
[Info  - 09:36:50.983] Got 1 sessions for read:user...
[Info  - 09:01:51.444] Getting sessions for read:user...
[Info  - 09:01:51.444] Got 1 sessions for read:user...
