[2022-08-02T15:03:11.572Z] Log level: Info
[2022-08-02T15:03:11.573Z] [info] Validating found git in: git
[2022-08-02T15:03:11.647Z] [info] Using git 2.37.1 from git
[2022-08-02T15:03:11.660Z] > git rev-parse --show-toplevel [2ms]
[2022-08-02T15:03:11.665Z] > git rev-parse --git-dir --git-common-dir [1ms]
[2022-08-02T15:03:11.668Z] [info] Open repository: /home/karthik/incore/crypto-accel
[2022-08-02T15:03:11.685Z] > git status -z -uall [5ms]
[2022-08-02T15:03:11.689Z] > git symbolic-ref --short HEAD [1ms]
[2022-08-02T15:03:11.693Z] > git for-each-ref --format=%(refname)%00%(upstream:short)%00%(objectname)%00%(upstream:track)%00%(upstream:remotename)%00%(upstream:remoteref) refs/heads/2-add-rsa-accelerator refs/remotes/2-add-rsa-accelerator [1ms]
[2022-08-02T15:03:11.711Z] > git remote --verbose [12ms]
[2022-08-02T15:03:11.711Z] > git for-each-ref --sort -committerdate --format %(refname) %(objectname) %(*objectname) [15ms]
[2022-08-02T15:03:11.717Z] > git config --get commit.template [1ms]
[2022-08-02T15:03:12.350Z] > git check-ignore -v -z --stdin [90ms]
[2022-08-02T15:03:12.351Z] > git show --textconv :rsa/hw/source/multiplier.bsv [50ms]
[2022-08-02T15:03:12.351Z] > git show --textconv :rsa/hw/src/bigadd_updated.bsv [36ms]
[2022-08-02T15:03:12.424Z] > git ls-files --stage -- /home/karthik/incore/crypto-accel/rsa/hw/src/bigadd_updated.bsv [91ms]
[2022-08-02T15:03:12.434Z] > git ls-files --stage -- /home/karthik/incore/crypto-accel/rsa/hw/source/multiplier.bsv [109ms]
[2022-08-02T15:03:12.450Z] > git cat-file -s 97e99b845b95705a71d28c189077a06ff713aca4 [16ms]
[2022-08-02T15:03:13.448Z] > git ls-files --stage -- /home/karthik/incore/crypto-accel/rsa/hw/src/bigadd_updated.bsv [130ms]
[2022-08-02T15:03:13.455Z] > git ls-files --stage -- /home/karthik/incore/crypto-accel/rsa/hw/source/multiplier.bsv [147ms]
[2022-08-02T15:03:13.470Z] > git cat-file -s 97e99b845b95705a71d28c189077a06ff713aca4 [15ms]
[2022-08-02T15:03:14.170Z] > git show --textconv :rsa/hw/source/multiplier.bsv [638ms]
[2022-08-02T15:03:14.170Z] > git show --textconv :rsa/hw/src/bigadd_updated.bsv [622ms]
[2022-08-02T15:03:14.319Z] > git show --textconv :rsa/hw/source/adder.bsv [34ms]
[2022-08-02T15:03:14.639Z] > git ls-files --stage -- /home/karthik/incore/crypto-accel/rsa/hw/source/adder.bsv [344ms]
[2022-08-02T15:03:29.581Z] > git fetch [17906ms]
[2022-08-02T15:03:43.647Z] > git status -z -uall [14058ms]
[2022-08-02T15:03:52.639Z] > git symbolic-ref --short HEAD [8983ms]
[2022-08-02T15:04:03.255Z] > git for-each-ref --format=%(refname)%00%(upstream:short)%00%(objectname)%00%(upstream:track)%00%(upstream:remotename)%00%(upstream:remoteref) refs/heads/2-add-rsa-accelerator refs/remotes/2-add-rsa-accelerator [10604ms]
[2022-08-02T15:04:18.179Z] > git remote --verbose [14895ms]
[2022-08-02T15:04:18.180Z] > git for-each-ref --sort -committerdate --format %(refname) %(objectname) %(*objectname) [14909ms]
